{
  "stats": {
    "suites": 3,
    "tests": 27,
    "passes": 22,
    "pending": 0,
    "failures": 5,
    "start": "2021-11-20T14:42:05.423Z",
    "end": "2021-11-20T14:45:35.005Z",
    "duration": 176009,
    "testsRegistered": 27,
    "passPercent": 81.48148148148148,
    "pendingPercent": 0,
    "other": 0,
    "hasOther": false,
    "skipped": 0,
    "hasSkipped": false
  },
  "results": [
    {
      "uuid": "5ab66283-3f83-4d0f-a05d-6fcc42846dcb",
      "title": "",
      "fullFile": "cypress/integration/TumblrX/post.spec.js",
      "file": "cypress/integration/TumblrX/post.spec.js",
      "beforeHooks": [],
      "afterHooks": [],
      "tests": [],
      "suites": [
        {
          "uuid": "42e9653c-a92b-4df3-af35-a933ce38d6f6",
          "title": "Post Create Edit",
          "fullFile": "",
          "file": "",
          "beforeHooks": [],
          "afterHooks": [],
          "tests": [
            {
              "title": "sign in",
              "fullTitle": "Post Create Edit sign in",
              "timedOut": null,
              "duration": 5832,
              "state": "passed",
              "speed": "medium",
              "pass": true,
              "fail": false,
              "pending": false,
              "context": null,
              "code": "(0, _settings_func.signIn)(_post_mapping_var.POST_VARIABLES.password, _post_mapping_var.POST_VARIABLES.email);",
              "err": {},
              "uuid": "31638c9c-16ee-4390-9739-4755b72d8eac",
              "parentUUID": "42e9653c-a92b-4df3-af35-a933ce38d6f6",
              "isHook": false,
              "skipped": false
            },
            {
              "title": "get posts",
              "fullTitle": "Post Create Edit get posts",
              "timedOut": null,
              "duration": 14295,
              "state": "passed",
              "speed": "slow",
              "pass": true,
              "fail": false,
              "pending": false,
              "context": null,
              "code": "(0, _post_func.getPosts)();",
              "err": {},
              "uuid": "857690e0-f0df-47a5-bbcc-fa945bd285b4",
              "parentUUID": "42e9653c-a92b-4df3-af35-a933ce38d6f6",
              "isHook": false,
              "skipped": false
            },
            {
              "title": "count posts",
              "fullTitle": "Post Create Edit count posts",
              "timedOut": null,
              "duration": 1282,
              "state": "passed",
              "speed": "fast",
              "pass": true,
              "fail": false,
              "pending": false,
              "context": null,
              "code": "(0, _post_func.countPosts)(2);",
              "err": {},
              "uuid": "174b704e-198c-45fb-b2f4-f086a58ae278",
              "parentUUID": "42e9653c-a92b-4df3-af35-a933ce38d6f6",
              "isHook": false,
              "skipped": false
            },
            {
              "title": "Find post",
              "fullTitle": "Post Create Edit Find post",
              "timedOut": null,
              "duration": 1286,
              "state": "passed",
              "speed": "fast",
              "pass": true,
              "fail": false,
              "pending": false,
              "context": null,
              "code": "(0, _post_func.findPost)(_post_mapping_var.POST_VARIABLES.POST_ID, 'second post');",
              "err": {},
              "uuid": "cd054548-242a-4e46-bea3-61b0d7b4ec53",
              "parentUUID": "42e9653c-a92b-4df3-af35-a933ce38d6f6",
              "isHook": false,
              "skipped": false
            },
            {
              "title": "delete post",
              "fullTitle": "Post Create Edit delete post",
              "timedOut": null,
              "duration": 509,
              "state": "passed",
              "speed": "fast",
              "pass": true,
              "fail": false,
              "pending": false,
              "context": null,
              "code": "(0, _post_func.deletePost)(_post_mapping_var.POST_VARIABLES.POST_ID);\n(0, _post_func.countPosts)(1);",
              "err": {},
              "uuid": "90af171b-bb6f-4148-bca6-0773962554bc",
              "parentUUID": "42e9653c-a92b-4df3-af35-a933ce38d6f6",
              "isHook": false,
              "skipped": false
            }
          ],
          "suites": [],
          "passes": [
            "31638c9c-16ee-4390-9739-4755b72d8eac",
            "857690e0-f0df-47a5-bbcc-fa945bd285b4",
            "174b704e-198c-45fb-b2f4-f086a58ae278",
            "cd054548-242a-4e46-bea3-61b0d7b4ec53",
            "90af171b-bb6f-4148-bca6-0773962554bc"
          ],
          "failures": [],
          "pending": [],
          "skipped": [],
          "duration": 23204,
          "root": false,
          "rootEmpty": false,
          "_timeout": 2000
        }
      ],
      "passes": [],
      "failures": [],
      "pending": [],
      "skipped": [],
      "duration": 0,
      "root": true,
      "rootEmpty": true,
      "_timeout": 2000
    },
    {
      "uuid": "c33e32cb-b30c-4d28-9a58-43febce23b19",
      "title": "",
      "fullFile": "cypress/integration/TumblrX/settings.spec.js",
      "file": "cypress/integration/TumblrX/settings.spec.js",
      "beforeHooks": [],
      "afterHooks": [],
      "tests": [],
      "suites": [
        {
          "uuid": "7df64687-3ae4-457d-bb7e-7a022a3cc865",
          "title": "change settings",
          "fullFile": "",
          "file": "",
          "beforeHooks": [],
          "afterHooks": [],
          "tests": [
            {
              "title": "sign in",
              "fullTitle": "change settings sign in",
              "timedOut": null,
              "duration": 7327,
              "state": "passed",
              "speed": "medium",
              "pass": true,
              "fail": false,
              "pending": false,
              "context": null,
              "code": "(0, _settings_func.signIn)(SETTINGS_VARIABLES.oldPassword, SETTINGS_VARIABLES.email);",
              "err": {},
              "uuid": "0a76b283-bcf1-4912-8c60-016d0b919d03",
              "parentUUID": "7df64687-3ae4-457d-bb7e-7a022a3cc865",
              "isHook": false,
              "skipped": false
            },
            {
              "title": "get settings icon clicked",
              "fullTitle": "change settings get settings icon clicked",
              "timedOut": null,
              "duration": 5665,
              "state": "passed",
              "speed": "medium",
              "pass": true,
              "fail": false,
              "pending": false,
              "context": null,
              "code": "(0, _settings_func.settingsIconClicked)();",
              "err": {},
              "uuid": "b10f1855-849f-4da0-87e3-5639bee076f0",
              "parentUUID": "7df64687-3ae4-457d-bb7e-7a022a3cc865",
              "isHook": false,
              "skipped": false
            },
            {
              "title": "Passwords don't match",
              "fullTitle": "change settings Passwords don't match",
              "timedOut": null,
              "duration": 9440,
              "state": "passed",
              "speed": "medium",
              "pass": true,
              "fail": false,
              "pending": false,
              "context": null,
              "code": "(0, _settings_func.doesntMatchPasswords)(SETTINGS_VARIABLES.oldPassword, SETTINGS_VARIABLES.weakPassword, SETTINGS_VARIABLES.ALERT_NOMATCH_MESSAGE);",
              "err": {},
              "uuid": "dfdb92cc-e275-46dd-8908-b2df841d9b5b",
              "parentUUID": "7df64687-3ae4-457d-bb7e-7a022a3cc865",
              "isHook": false,
              "skipped": false
            },
            {
              "title": "Empty password and doesn't match",
              "fullTitle": "change settings Empty password and doesn't match",
              "timedOut": null,
              "duration": 7822,
              "state": "passed",
              "speed": "medium",
              "pass": true,
              "fail": false,
              "pending": false,
              "context": null,
              "code": "(0, _settings_func.EmptyPasswordAndNoMatch)(SETTINGS_VARIABLES.oldPassword, SETTINGS_VARIABLES.newPassword, SETTINGS_VARIABLES.ALERT_NOMATCH_MESSAGE, SETTINGS_VARIABLES.ALERT_EMPTY_MESSAGE);",
              "err": {},
              "uuid": "28b60047-d3bb-4bbd-9860-7e1971ef9c56",
              "parentUUID": "7df64687-3ae4-457d-bb7e-7a022a3cc865",
              "isHook": false,
              "skipped": false
            },
            {
              "title": "same password",
              "fullTitle": "change settings same password",
              "timedOut": null,
              "duration": 13869,
              "state": "failed",
              "speed": null,
              "pass": false,
              "fail": true,
              "pending": false,
              "context": null,
              "code": "(0, _settings_func.samePassword)(SETTINGS_VARIABLES.oldPassword, SETTINGS_VARIABLES.oldPassword, SETTINGS_VARIABLES.ALERT_SAMEPASSWORD_MESSAGE);",
              "err": {
                "message": "AssertionError: Timed out retrying after 4000ms: Expected to find element: `#root > #base-container > .D5eCV > .gPQR5 > .lSyOz > main:nth-child(1) > div:nth-child(1) > div:nth-child(1) > section:nth-child(4) > div:nth-child(2) > div:nth-child(1) > .QseG4 > form > div:nth-child(2) > .LPUrm`, but never found it.",
                "estack": "AssertionError: Timed out retrying after 4000ms: Expected to find element: `#root > #base-container > .D5eCV > .gPQR5 > .lSyOz > main:nth-child(1) > div:nth-child(1) > div:nth-child(1) > section:nth-child(4) > div:nth-child(2) > div:nth-child(1) > .QseG4 > form > div:nth-child(2) > .LPUrm`, but never found it.\n    at samePassword (https://www.tumblr.com/__cypress/tests?p=cypress/integration/TumblrX/settings.spec.js:257:6)\n    at Context.eval (https://www.tumblr.com/__cypress/tests?p=cypress/integration/TumblrX/settings.spec.js:125:37)",
                "diff": null
              },
              "uuid": "f4e4d107-67eb-43ba-8865-c5b63e5b6b21",
              "parentUUID": "7df64687-3ae4-457d-bb7e-7a022a3cc865",
              "isHook": false,
              "skipped": false
            },
            {
              "title": "Easy to guess passwords",
              "fullTitle": "change settings Easy to guess passwords",
              "timedOut": null,
              "duration": 13808,
              "state": "failed",
              "speed": null,
              "pass": false,
              "fail": true,
              "pending": false,
              "context": null,
              "code": "(0, _settings_func.easyGuessed)(SETTINGS_VARIABLES.oldPassword, SETTINGS_VARIABLES.easyPassword, SETTINGS_VARIABLES.ALERT_EASYGUESS_MESSAGE);",
              "err": {
                "message": "AssertionError: Timed out retrying after 4000ms: Expected to find element: `#root > #base-container > .D5eCV > .gPQR5 > .lSyOz > main:nth-child(1) > div:nth-child(1) > div:nth-child(1) > section:nth-child(4) > div:nth-child(2) > div:nth-child(1) > .QseG4 > form > div:nth-child(2) > .LPUrm`, but never found it.",
                "estack": "AssertionError: Timed out retrying after 4000ms: Expected to find element: `#root > #base-container > .D5eCV > .gPQR5 > .lSyOz > main:nth-child(1) > div:nth-child(1) > div:nth-child(1) > section:nth-child(4) > div:nth-child(2) > div:nth-child(1) > .QseG4 > form > div:nth-child(2) > .LPUrm`, but never found it.\n    at easyGuessed (https://www.tumblr.com/__cypress/tests?p=cypress/integration/TumblrX/settings.spec.js:278:6)\n    at Context.eval (https://www.tumblr.com/__cypress/tests?p=cypress/integration/TumblrX/settings.spec.js:129:36)",
                "diff": null
              },
              "uuid": "58206a3a-54b9-4363-bc9f-300556f6a332",
              "parentUUID": "7df64687-3ae4-457d-bb7e-7a022a3cc865",
              "isHook": false,
              "skipped": false
            },
            {
              "title": "Weak password",
              "fullTitle": "change settings Weak password",
              "timedOut": null,
              "duration": 13638,
              "state": "failed",
              "speed": null,
              "pass": false,
              "fail": true,
              "pending": false,
              "context": null,
              "code": "(0, _settings_func.weakPassword)(SETTINGS_VARIABLES.oldPassword, SETTINGS_VARIABLES.weakPassword, SETTINGS_VARIABLES.ALERT_WEAK_MESSAGE);",
              "err": {
                "message": "AssertionError: Timed out retrying after 4000ms: Expected to find element: `#root > #base-container > .D5eCV > .gPQR5 > .lSyOz > main:nth-child(1) > div:nth-child(1) > div:nth-child(1) > section:nth-child(4) > div:nth-child(2) > div:nth-child(1) > .QseG4 > form > div:nth-child(2) > .LPUrm`, but never found it.",
                "estack": "AssertionError: Timed out retrying after 4000ms: Expected to find element: `#root > #base-container > .D5eCV > .gPQR5 > .lSyOz > main:nth-child(1) > div:nth-child(1) > div:nth-child(1) > section:nth-child(4) > div:nth-child(2) > div:nth-child(1) > .QseG4 > form > div:nth-child(2) > .LPUrm`, but never found it.\n    at weakPassword (https://www.tumblr.com/__cypress/tests?p=cypress/integration/TumblrX/settings.spec.js:299:6)\n    at Context.eval (https://www.tumblr.com/__cypress/tests?p=cypress/integration/TumblrX/settings.spec.js:133:37)",
                "diff": null
              },
              "uuid": "11a5b99d-4304-4feb-90bc-86dcd2da7e26",
              "parentUUID": "7df64687-3ae4-457d-bb7e-7a022a3cc865",
              "isHook": false,
              "skipped": false
            },
            {
              "title": "successful change password",
              "fullTitle": "change settings successful change password",
              "timedOut": null,
              "duration": 7865,
              "state": "passed",
              "speed": "medium",
              "pass": true,
              "fail": false,
              "pending": false,
              "context": null,
              "code": "(0, _settings_func.successfulChange)(SETTINGS_VARIABLES.oldPassword, SETTINGS_VARIABLES.newPassword);",
              "err": {},
              "uuid": "6e785dde-9e2e-4317-a7b3-ea0863e4f055",
              "parentUUID": "7df64687-3ae4-457d-bb7e-7a022a3cc865",
              "isHook": false,
              "skipped": false
            }
          ],
          "suites": [],
          "passes": [
            "0a76b283-bcf1-4912-8c60-016d0b919d03",
            "b10f1855-849f-4da0-87e3-5639bee076f0",
            "dfdb92cc-e275-46dd-8908-b2df841d9b5b",
            "28b60047-d3bb-4bbd-9860-7e1971ef9c56",
            "6e785dde-9e2e-4317-a7b3-ea0863e4f055"
          ],
          "failures": [
            "f4e4d107-67eb-43ba-8865-c5b63e5b6b21",
            "58206a3a-54b9-4363-bc9f-300556f6a332",
            "11a5b99d-4304-4feb-90bc-86dcd2da7e26"
          ],
          "pending": [],
          "skipped": [],
          "duration": 79434,
          "root": false,
          "rootEmpty": false,
          "_timeout": 2000
        }
      ],
      "passes": [],
      "failures": [],
      "pending": [],
      "skipped": [],
      "duration": 0,
      "root": true,
      "rootEmpty": true,
      "_timeout": 2000
    },
    {
      "uuid": "37d4fdc7-e2dc-4c50-b8f3-445b7a07b7ca",
      "title": "",
      "fullFile": "cypress/integration/TumblrX/sign_up.spec.js",
      "file": "cypress/integration/TumblrX/sign_up.spec.js",
      "beforeHooks": [],
      "afterHooks": [],
      "tests": [],
      "suites": [
        {
          "uuid": "f35c42f6-b3e3-4613-946d-cd7726e52f36",
          "title": "Sign Up",
          "fullFile": "",
          "file": "",
          "beforeHooks": [],
          "afterHooks": [],
          "tests": [
            {
              "title": "invalid email sign up",
              "fullTitle": "Sign Up invalid email sign up",
              "timedOut": null,
              "duration": 3020,
              "state": "passed",
              "speed": "fast",
              "pass": true,
              "fail": false,
              "pending": false,
              "context": null,
              "code": "(0, _sign_up_func.invalidEmailSignUp)(\"nadaelsayed163@ex\", 'That\\'s not a valid email address. Please try again.');",
              "err": {},
              "uuid": "ae5d8783-b067-4ad4-ae09-368939a9e902",
              "parentUUID": "f35c42f6-b3e3-4613-946d-cd7726e52f36",
              "isHook": false,
              "skipped": false
            },
            {
              "title": "empty email sign up",
              "fullTitle": "Sign Up empty email sign up",
              "timedOut": null,
              "duration": 3141,
              "state": "passed",
              "speed": "fast",
              "pass": true,
              "fail": false,
              "pending": false,
              "context": null,
              "code": "(0, _sign_up_func.invalidEmailSignUp)(\"\", 'You forgot to enter your email!');",
              "err": {},
              "uuid": "7450c78c-c25e-4b47-a993-3ce0d69e9913",
              "parentUUID": "f35c42f6-b3e3-4613-946d-cd7726e52f36",
              "isHook": false,
              "skipped": false
            },
            {
              "title": "space in email sign up",
              "fullTitle": "Sign Up space in email sign up",
              "timedOut": null,
              "duration": 3009,
              "state": "passed",
              "speed": "fast",
              "pass": true,
              "fail": false,
              "pending": false,
              "context": null,
              "code": "(0, _sign_up_func.invalidEmailSignUp)(\" \", 'Oops. There was an error. Try again.');",
              "err": {},
              "uuid": "73f26021-7c7c-4106-bf01-828c9722265a",
              "parentUUID": "f35c42f6-b3e3-4613-946d-cd7726e52f36",
              "isHook": false,
              "skipped": false
            },
            {
              "title": "taken email sign up",
              "fullTitle": "Sign Up taken email sign up",
              "timedOut": null,
              "duration": 3661,
              "state": "passed",
              "speed": "fast",
              "pass": true,
              "fail": false,
              "pending": false,
              "context": null,
              "code": "(0, _sign_up_func.invalidEmailSignUp)(\"nada.elsayed01@eng-st.cu.edu.eg\", 'This email address is already in use.');",
              "err": {},
              "uuid": "71bb7ab5-e93e-4ba1-96f9-03b558435925",
              "parentUUID": "f35c42f6-b3e3-4613-946d-cd7726e52f36",
              "isHook": false,
              "skipped": false
            },
            {
              "title": "small password sign up",
              "fullTitle": "Sign Up small password sign up",
              "timedOut": null,
              "duration": 3242,
              "state": "passed",
              "speed": "fast",
              "pass": true,
              "fail": false,
              "pending": false,
              "context": null,
              "code": "(0, _sign_up_func.invalidPasswordSignUp)(\"1234\", 'The password must be at least 8 characters.');",
              "err": {},
              "uuid": "b905d614-dea5-46d2-a1e6-235a9eefc5a1",
              "parentUUID": "f35c42f6-b3e3-4613-946d-cd7726e52f36",
              "isHook": false,
              "skipped": false
            },
            {
              "title": "empty password sign up",
              "fullTitle": "Sign Up empty password sign up",
              "timedOut": null,
              "duration": 4005,
              "state": "passed",
              "speed": "fast",
              "pass": true,
              "fail": false,
              "pending": false,
              "context": null,
              "code": "(0, _sign_up_func.invalidPasswordSignUp)(\"\", 'You forgot to enter your password!');",
              "err": {},
              "uuid": "058977d1-66e8-4843-947c-4b5a56cde735",
              "parentUUID": "f35c42f6-b3e3-4613-946d-cd7726e52f36",
              "isHook": false,
              "skipped": false
            },
            {
              "title": "working sign up",
              "fullTitle": "Sign Up working sign up",
              "timedOut": null,
              "duration": 5456,
              "state": "passed",
              "speed": "medium",
              "pass": true,
              "fail": false,
              "pending": false,
              "context": null,
              "code": "cy.workingSignUp();",
              "err": {},
              "uuid": "a73918c0-d654-428d-a11b-3a4590c623b7",
              "parentUUID": "f35c42f6-b3e3-4613-946d-cd7726e52f36",
              "isHook": false,
              "skipped": false
            },
            {
              "title": "big blog-name sign up",
              "fullTitle": "Sign Up big blog-name sign up",
              "timedOut": null,
              "duration": 4180,
              "state": "passed",
              "speed": "fast",
              "pass": true,
              "fail": false,
              "pending": false,
              "context": null,
              "code": "(0, _sign_up_func.invalidBlogNameSignUp)(\"111111111111111111111111111111111\", 'That\\'s not a valid blog name. Username is too long. Please enter 32 or fewer characters.');",
              "err": {},
              "uuid": "15c272a5-fd51-458a-9588-8c2082b00f4b",
              "parentUUID": "f35c42f6-b3e3-4613-946d-cd7726e52f36",
              "isHook": false,
              "skipped": false
            },
            {
              "title": "empty blog-name sign up",
              "fullTitle": "Sign Up empty blog-name sign up",
              "timedOut": null,
              "duration": 3642,
              "state": "passed",
              "speed": "fast",
              "pass": true,
              "fail": false,
              "pending": false,
              "context": null,
              "code": "(0, _sign_up_func.invalidBlogNameSignUp)(\"\", 'You forgot to enter your blog name!');",
              "err": {},
              "uuid": "9b21014c-3af8-47a1-9c78-f1fafa7b2189",
              "parentUUID": "f35c42f6-b3e3-4613-946d-cd7726e52f36",
              "isHook": false,
              "skipped": false
            },
            {
              "title": "space blog-name sign up",
              "fullTitle": "Sign Up space blog-name sign up",
              "timedOut": null,
              "duration": 5663,
              "state": "passed",
              "speed": "medium",
              "pass": true,
              "fail": false,
              "pending": false,
              "context": null,
              "code": "(0, _sign_up_func.invalidBlogNameSignUp)(\" \", 'Oops. There was an error. Try again.');",
              "err": {},
              "uuid": "4baaa5c6-a1fa-4baa-87d7-6cba7bc3d0e9",
              "parentUUID": "f35c42f6-b3e3-4613-946d-cd7726e52f36",
              "isHook": false,
              "skipped": false
            },
            {
              "title": "char in blog-name sign up",
              "fullTitle": "Sign Up char in blog-name sign up",
              "timedOut": null,
              "duration": 4940,
              "state": "passed",
              "speed": "fast",
              "pass": true,
              "fail": false,
              "pending": false,
              "context": null,
              "code": "(0, _sign_up_func.invalidBlogNameSignUp)(\"Nada Elsayed\", 'That\\'s not a valid blog name. Letters, numbers, and dashes only please.');",
              "err": {},
              "uuid": "a68ec141-915c-4d36-846a-0acb8ebd5582",
              "parentUUID": "f35c42f6-b3e3-4613-946d-cd7726e52f36",
              "isHook": false,
              "skipped": false
            },
            {
              "title": "taken blog-name sign up",
              "fullTitle": "Sign Up taken blog-name sign up",
              "timedOut": null,
              "duration": 8313,
              "state": "failed",
              "speed": null,
              "pass": false,
              "fail": true,
              "pending": false,
              "context": null,
              "code": "(0, _sign_up_func.invalidBlogNameSignUp)(\"Nada-Elsayed-CMP\", 'That\\'s not a valid blog name. Try something else, that one is spoken for.');\n/*That\\'s not a valid blog name. Someone beat you to that username. \n* That\\'s not a valid blog name. That\\'s a good one, but it\\'s taken.*/",
              "err": {
                "message": "AssertionError: Timed out retrying after 4000ms: Expected to find content: 'That's not a valid blog name. Try something else, that one is spoken for.' within the element: <div.oFCPF> but never did.",
                "estack": "AssertionError: Timed out retrying after 4000ms: Expected to find content: 'That's not a valid blog name. Try something else, that one is spoken for.' within the element: <div.oFCPF> but never did.\n    at invalidBlogNameSignUp (https://www.tumblr.com/__cypress/tests?p=cypress/integration/TumblrX/sign_up.spec.js:278:58)\n    at Context.eval (https://www.tumblr.com/__cypress/tests?p=cypress/integration/TumblrX/sign_up.spec.js:140:45)",
                "diff": null
              },
              "uuid": "0f6c9ce1-27af-45a5-abe0-55387c36f230",
              "parentUUID": "f35c42f6-b3e3-4613-946d-cd7726e52f36",
              "isHook": false,
              "skipped": false
            },
            {
              "title": "neg age sign up",
              "fullTitle": "Sign Up neg age sign up",
              "timedOut": null,
              "duration": 10270,
              "state": "failed",
              "speed": null,
              "pass": false,
              "fail": true,
              "pending": false,
              "context": null,
              "code": "(0, _sign_up_func.invalidAgeSignUp)(\"-1\", 'That\\'s not a valid age. Please try again.');",
              "err": {
                "message": "AssertionError: Timed out retrying after 4000ms: Expected to find element: `.Fygd5 .oFCPF`, but never found it.",
                "estack": "AssertionError: Timed out retrying after 4000ms: Expected to find element: `.Fygd5 .oFCPF`, but never found it.\n    at invalidAgeSignUp (https://www.tumblr.com/__cypress/tests?p=cypress/integration/TumblrX/sign_up.spec.js:311:6)\n    at Context.eval (https://www.tumblr.com/__cypress/tests?p=cypress/integration/TumblrX/sign_up.spec.js:145:40)",
                "diff": null
              },
              "uuid": "c95c9f8c-6c23-462e-afea-94bfde961b25",
              "parentUUID": "f35c42f6-b3e3-4613-946d-cd7726e52f36",
              "isHook": false,
              "skipped": false
            },
            {
              "title": "empty age sign up",
              "fullTitle": "Sign Up empty age sign up",
              "timedOut": null,
              "duration": 10829,
              "state": "passed",
              "speed": "slow",
              "pass": true,
              "fail": false,
              "pending": false,
              "context": null,
              "code": "(0, _sign_up_func.invalidAgeSignUp)(\" \", 'You forgot to enter your age!');",
              "err": {},
              "uuid": "3e28d00c-9baa-4fd7-adf9-5b67a970ef07",
              "parentUUID": "f35c42f6-b3e3-4613-946d-cd7726e52f36",
              "isHook": false,
              "skipped": false
            }
          ],
          "suites": [],
          "passes": [
            "ae5d8783-b067-4ad4-ae09-368939a9e902",
            "7450c78c-c25e-4b47-a993-3ce0d69e9913",
            "73f26021-7c7c-4106-bf01-828c9722265a",
            "71bb7ab5-e93e-4ba1-96f9-03b558435925",
            "b905d614-dea5-46d2-a1e6-235a9eefc5a1",
            "058977d1-66e8-4843-947c-4b5a56cde735",
            "a73918c0-d654-428d-a11b-3a4590c623b7",
            "15c272a5-fd51-458a-9588-8c2082b00f4b",
            "9b21014c-3af8-47a1-9c78-f1fafa7b2189",
            "4baaa5c6-a1fa-4baa-87d7-6cba7bc3d0e9",
            "a68ec141-915c-4d36-846a-0acb8ebd5582",
            "3e28d00c-9baa-4fd7-adf9-5b67a970ef07"
          ],
          "failures": [
            "0f6c9ce1-27af-45a5-abe0-55387c36f230",
            "c95c9f8c-6c23-462e-afea-94bfde961b25"
          ],
          "pending": [],
          "skipped": [],
          "duration": 73371,
          "root": false,
          "rootEmpty": false,
          "_timeout": 2000
        }
      ],
      "passes": [],
      "failures": [],
      "pending": [],
      "skipped": [],
      "duration": 0,
      "root": true,
      "rootEmpty": true,
      "_timeout": 2000
    }
  ],
  "meta": {
    "mocha": {
      "version": "7.0.1"
    },
    "mochawesome": {
      "options": {
        "quiet": false,
        "reportFilename": "mochawesome",
        "saveHtml": false,
        "saveJson": true,
        "consoleReporter": "spec",
        "useInlineDiffs": false,
        "code": true
      },
      "version": "7.0.1"
    },
    "marge": {
      "options": {
        "id": "default",
        "reportDir": "cypress/reports/mocha",
        "quite": true,
        "overwrite": false,
        "html": false,
        "json": true
      },
      "version": "6.0.1"
    }
  }
}