<?xml version="1.0" encoding="UTF-8"?>
<coverage generated="1641064100868" clover="3.2.0">
  <project timestamp="1641064100869" name="All files">
    <metrics statements="3037" coveredstatements="1278" conditionals="1126" coveredconditionals="373" methods="850" coveredmethods="329" elements="5013" coveredelements="1980" complexity="0" loc="3037" ncloc="3037" packages="85" files="208" classes="208"/>
    <package name="src">
      <metrics statements="17" coveredstatements="17" conditionals="4" coveredconditionals="4" methods="6" coveredmethods="6"/>
      <file name="App.js" path="/app/src/App.js">
        <metrics statements="8" coveredstatements="8" conditionals="4" coveredconditionals="4" methods="4" coveredmethods="4"/>
        <line num="38" count="274" type="stmt"/>
        <line num="39" count="440" type="stmt"/>
        <line num="43" count="4487" type="stmt"/>
        <line num="44" count="360" type="stmt"/>
        <line num="45" count="274" type="stmt"/>
        <line num="48" count="360" type="stmt"/>
        <line num="49" count="360" type="stmt"/>
        <line num="52" count="360" type="stmt"/>
      </file>
      <file name="UpdateNotifications.js" path="/app/src/UpdateNotifications.js">
        <metrics statements="8" coveredstatements="8" conditionals="0" coveredconditionals="0" methods="2" coveredmethods="2"/>
        <line num="5" count="274" type="stmt"/>
        <line num="6" count="360" type="stmt"/>
        <line num="7" count="360" type="stmt"/>
        <line num="8" count="360" type="stmt"/>
        <line num="17" count="360" type="stmt"/>
        <line num="18" count="360" type="stmt"/>
        <line num="19" count="6" type="stmt"/>
        <line num="20" count="6" type="stmt"/>
      </file>
      <file name="index.js" path="/app/src/index.js">
        <metrics statements="1" coveredstatements="1" conditionals="0" coveredconditionals="0" methods="0" coveredmethods="0"/>
        <line num="9" count="274" type="stmt"/>
      </file>
    </package>
    <package name="src.api">
      <metrics statements="9" coveredstatements="9" conditionals="6" coveredconditionals="6" methods="1" coveredmethods="1"/>
      <file name="api.js" path="/app/src/api/api.js">
        <metrics statements="9" coveredstatements="9" conditionals="6" coveredconditionals="6" methods="1" coveredmethods="1"/>
        <line num="4" count="274" type="stmt"/>
        <line num="13" count="1195" type="cond" truecount="2" falsecount="0"/>
        <line num="14" count="1" type="stmt"/>
        <line num="16" count="1194" type="stmt"/>
        <line num="18" count="1195" type="cond" truecount="2" falsecount="0"/>
        <line num="19" count="616" type="stmt"/>
        <line num="21" count="1195" type="cond" truecount="2" falsecount="0"/>
        <line num="22" count="1" type="stmt"/>
        <line num="24" count="1194" type="stmt"/>
      </file>
    </package>
    <package name="src.components.Account">
      <metrics statements="15" coveredstatements="8" conditionals="0" coveredconditionals="0" methods="4" coveredmethods="3"/>
      <file name="Account.jsx" path="/app/src/components/Account/Account.jsx">
        <metrics statements="3" coveredstatements="3" conditionals="0" coveredconditionals="0" methods="1" coveredmethods="1"/>
        <line num="17" count="274" type="stmt"/>
        <line num="18" count="28" type="stmt"/>
        <line num="19" count="14" type="stmt"/>
      </file>
      <file name="AccountServices.js" path="/app/src/components/Account/AccountServices.js">
        <metrics statements="12" coveredstatements="5" conditionals="0" coveredconditionals="0" methods="3" coveredmethods="2"/>
        <line num="10" count="274" type="stmt"/>
        <line num="11" count="14" type="stmt"/>
        <line num="12" count="14" type="stmt"/>
        <line num="13" count="14" type="stmt"/>
        <line num="20" count="0" type="stmt"/>
        <line num="21" count="0" type="stmt"/>
        <line num="23" count="0" type="stmt"/>
        <line num="24" count="0" type="stmt"/>
        <line num="25" count="0" type="stmt"/>
        <line num="29" count="0" type="stmt"/>
        <line num="31" count="0" type="stmt"/>
        <line num="36" count="12" type="stmt"/>
      </file>
    </package>
    <package name="src.components.Account.EmailSection">
      <metrics statements="70" coveredstatements="33" conditionals="21" coveredconditionals="6" methods="19" coveredmethods="8"/>
      <file name="EmailSection.jsx" path="/app/src/components/Account/EmailSection/EmailSection.jsx">
        <metrics statements="5" coveredstatements="5" conditionals="0" coveredconditionals="0" methods="4" coveredmethods="4"/>
        <line num="20" count="274" type="stmt"/>
        <line num="27" count="1338" type="stmt"/>
        <line num="29" count="14" type="stmt"/>
        <line num="74" count="40" type="stmt"/>
        <line num="83" count="42" type="stmt"/>
      </file>
      <file name="EmailSectionController.js" path="/app/src/components/Account/EmailSection/EmailSectionController.js">
        <metrics statements="54" coveredstatements="26" conditionals="21" coveredconditionals="6" methods="10" coveredmethods="4"/>
        <line num="16" count="274" type="stmt"/>
        <line num="20" count="40" type="stmt"/>
        <line num="21" count="200" type="stmt"/>
        <line num="22" count="200" type="stmt"/>
        <line num="28" count="40" type="stmt"/>
        <line num="29" count="40" type="cond" truecount="1" falsecount="1"/>
        <line num="30" count="40" type="stmt"/>
        <line num="36" count="40" type="stmt"/>
        <line num="39" count="40" type="stmt"/>
        <line num="43" count="40" type="stmt"/>
        <line num="48" count="40" type="stmt"/>
        <line num="49" count="160" type="stmt"/>
        <line num="51" count="40" type="stmt"/>
        <line num="54" count="40" type="stmt"/>
        <line num="60" count="40" type="stmt"/>
        <line num="69" count="274" type="stmt"/>
        <line num="70" count="0" type="stmt"/>
        <line num="71" count="0" type="stmt"/>
        <line num="80" count="0" type="stmt"/>
        <line num="81" count="0" type="cond" truecount="0" falsecount="4"/>
        <line num="82" count="0" type="stmt"/>
        <line num="85" count="0" type="stmt"/>
        <line num="89" count="0" type="stmt"/>
        <line num="91" count="0" type="stmt"/>
        <line num="94" count="0" type="stmt"/>
        <line num="103" count="0" type="stmt"/>
        <line num="106" count="0" type="stmt"/>
        <line num="107" count="0" type="stmt"/>
        <line num="108" count="0" type="stmt"/>
        <line num="109" count="0" type="stmt"/>
        <line num="111" count="0" type="stmt"/>
        <line num="112" count="0" type="stmt"/>
        <line num="122" count="274" type="stmt"/>
        <line num="123" count="0" type="stmt"/>
        <line num="125" count="0" type="stmt"/>
        <line num="127" count="0" type="cond" truecount="0" falsecount="2"/>
        <line num="128" count="0" type="stmt"/>
        <line num="129" count="0" type="cond" truecount="0" falsecount="2"/>
        <line num="130" count="0" type="stmt"/>
        <line num="132" count="0" type="stmt"/>
        <line num="135" count="0" type="stmt"/>
        <line num="136" count="0" type="stmt"/>
        <line num="148" count="274" type="stmt"/>
        <line num="149" count="42" type="stmt"/>
        <line num="155" count="42" type="stmt"/>
        <line num="158" count="42" type="cond" truecount="1" falsecount="1"/>
        <line num="159" count="42" type="cond" truecount="2" falsecount="3"/>
        <line num="160" count="42" type="stmt"/>
        <line num="163" count="42" type="stmt"/>
        <line num="164" count="42" type="cond" truecount="2" falsecount="2"/>
        <line num="165" count="42" type="stmt"/>
        <line num="167" count="0" type="stmt"/>
        <line num="174" count="0" type="stmt"/>
        <line num="178" count="0" type="stmt"/>
      </file>
      <file name="EmailSectionServices.js" path="/app/src/components/Account/EmailSection/EmailSectionServices.js">
        <metrics statements="11" coveredstatements="2" conditionals="0" coveredconditionals="0" methods="5" coveredmethods="0"/>
        <line num="11" count="274" type="stmt"/>
        <line num="12" count="0" type="stmt"/>
        <line num="13" count="0" type="stmt"/>
        <line num="18" count="0" type="stmt"/>
        <line num="21" count="0" type="stmt"/>
        <line num="24" count="0" type="stmt"/>
        <line num="30" count="274" type="stmt"/>
        <line num="31" count="0" type="stmt"/>
        <line num="32" count="0" type="stmt"/>
        <line num="37" count="0" type="stmt"/>
        <line num="38" count="0" type="stmt"/>
      </file>
    </package>
    <package name="src.components.Account.PasswordSection">
      <metrics statements="70" coveredstatements="67" conditionals="23" coveredconditionals="16" methods="19" coveredmethods="18"/>
      <file name="PasswordSection.jsx" path="/app/src/components/Account/PasswordSection/PasswordSection.jsx">
        <metrics statements="4" coveredstatements="4" conditionals="0" coveredconditionals="0" methods="3" coveredmethods="3"/>
        <line num="21" count="274" type="stmt"/>
        <line num="23" count="2582" type="stmt"/>
        <line num="25" count="1298" type="stmt"/>
        <line num="99" count="42" type="stmt"/>
      </file>
      <file name="PasswordSectionController.js" path="/app/src/components/Account/PasswordSection/PasswordSectionController.js">
        <metrics statements="61" coveredstatements="59" conditionals="23" coveredconditionals="16" methods="13" coveredmethods="13"/>
        <line num="16" count="274" type="stmt"/>
        <line num="17" count="1284" type="stmt"/>
        <line num="19" count="6420" type="stmt"/>
        <line num="21" count="1284" type="stmt"/>
        <line num="23" count="6420" type="stmt"/>
        <line num="25" count="1284" type="cond" truecount="2" falsecount="0"/>
        <line num="27" count="406" type="stmt"/>
        <line num="28" count="878" type="cond" truecount="2" falsecount="0"/>
        <line num="30" count="388" type="stmt"/>
        <line num="31" count="490" type="cond" truecount="1" falsecount="1"/>
        <line num="33" count="490" type="stmt"/>
        <line num="36" count="0" type="stmt"/>
        <line num="46" count="274" type="stmt"/>
        <line num="47" count="42" type="stmt"/>
        <line num="48" count="210" type="stmt"/>
        <line num="55" count="42" type="stmt"/>
        <line num="56" count="42" type="cond" truecount="1" falsecount="1"/>
        <line num="61" count="42" type="stmt"/>
        <line num="63" count="42" type="stmt"/>
        <line num="65" count="42" type="stmt"/>
        <line num="68" count="42" type="stmt"/>
        <line num="69" count="42" type="stmt"/>
        <line num="72" count="132" type="stmt"/>
        <line num="76" count="42" type="stmt"/>
        <line num="84" count="42" type="stmt"/>
        <line num="85" count="42" type="stmt"/>
        <line num="86" count="42" type="stmt"/>
        <line num="87" count="168" type="stmt"/>
        <line num="94" count="42" type="stmt"/>
        <line num="97" count="42" type="stmt"/>
        <line num="98" count="42" type="stmt"/>
        <line num="109" count="274" type="stmt"/>
        <line num="110" count="40" type="stmt"/>
        <line num="111" count="200" type="stmt"/>
        <line num="112" count="200" type="stmt"/>
        <line num="119" count="40" type="stmt"/>
        <line num="120" count="40" type="cond" truecount="1" falsecount="1"/>
        <line num="121" count="40" type="stmt"/>
        <line num="122" count="40" type="stmt"/>
        <line num="124" count="40" type="stmt"/>
        <line num="126" count="40" type="stmt"/>
        <line num="128" count="40" type="stmt"/>
        <line num="131" count="120" type="stmt"/>
        <line num="136" count="40" type="stmt"/>
        <line num="140" count="40" type="stmt"/>
        <line num="144" count="40" type="stmt"/>
        <line num="145" count="160" type="stmt"/>
        <line num="148" count="40" type="stmt"/>
        <line num="149" count="160" type="stmt"/>
        <line num="159" count="274" type="stmt"/>
        <line num="170" count="42" type="stmt"/>
        <line num="173" count="42" type="stmt"/>
        <line num="174" count="42" type="cond" truecount="1" falsecount="1"/>
        <line num="175" count="42" type="cond" truecount="2" falsecount="0"/>
        <line num="176" count="10" type="stmt"/>
        <line num="179" count="32" type="cond" truecount="4" falsecount="0"/>
        <line num="182" count="18" type="stmt"/>
        <line num="185" count="14" type="cond" truecount="1" falsecount="1"/>
        <line num="186" count="0" type="stmt"/>
        <line num="190" count="14" type="stmt"/>
        <line num="194" count="14" type="stmt"/>
      </file>
      <file name="PasswordSectionServices.js" path="/app/src/components/Account/PasswordSection/PasswordSectionServices.js">
        <metrics statements="5" coveredstatements="4" conditionals="0" coveredconditionals="0" methods="3" coveredmethods="2"/>
        <line num="4" count="274" type="stmt"/>
        <line num="5" count="14" type="stmt"/>
        <line num="6" count="14" type="stmt"/>
        <line num="13" count="0" type="stmt"/>
        <line num="16" count="12" type="stmt"/>
      </file>
    </package>
    <package name="src.components.Account.SecuritySection">
      <metrics statements="17" coveredstatements="6" conditionals="2" coveredconditionals="0" methods="7" coveredmethods="2"/>
      <file name="SecuritySection.jsx" path="/app/src/components/Account/SecuritySection/SecuritySection.jsx">
        <metrics statements="5" coveredstatements="4" conditionals="0" coveredconditionals="0" methods="3" coveredmethods="2"/>
        <line num="13" count="274" type="stmt"/>
        <line num="14" count="14" type="stmt"/>
        <line num="15" count="1338" type="stmt"/>
        <line num="18" count="14" type="stmt"/>
        <line num="48" count="0" type="stmt"/>
      </file>
      <file name="SecuritySectionController.js" path="/app/src/components/Account/SecuritySection/SecuritySectionController.js">
        <metrics statements="7" coveredstatements="1" conditionals="2" coveredconditionals="0" methods="1" coveredmethods="0"/>
        <line num="13" count="274" type="stmt"/>
        <line num="19" count="0" type="stmt"/>
        <line num="20" count="0" type="cond" truecount="0" falsecount="2"/>
        <line num="22" count="0" type="stmt"/>
        <line num="24" count="0" type="stmt"/>
        <line num="27" count="0" type="stmt"/>
        <line num="30" count="0" type="stmt"/>
      </file>
      <file name="SecuritySectionServices.js" path="/app/src/components/Account/SecuritySection/SecuritySectionServices.js">
        <metrics statements="5" coveredstatements="1" conditionals="0" coveredconditionals="0" methods="3" coveredmethods="0"/>
        <line num="2" count="274" type="stmt"/>
        <line num="3" count="0" type="stmt"/>
        <line num="4" count="0" type="stmt"/>
        <line num="9" count="0" type="stmt"/>
        <line num="15" count="0" type="stmt"/>
      </file>
    </package>
    <package name="src.components.Blog.BlockService">
      <metrics statements="23" coveredstatements="3" conditionals="6" coveredconditionals="0" methods="3" coveredmethods="0"/>
      <file name="blockService.js" path="/app/src/components/Blog/BlockService/blockService.js">
        <metrics statements="23" coveredstatements="3" conditionals="6" coveredconditionals="0" methods="3" coveredmethods="0"/>
        <line num="10" count="274" type="stmt"/>
        <line num="11" count="0" type="stmt"/>
        <line num="12" count="0" type="stmt"/>
        <line num="13" count="0" type="stmt"/>
        <line num="15" count="0" type="stmt"/>
        <line num="16" count="0" type="stmt"/>
        <line num="18" count="0" type="stmt"/>
        <line num="26" count="274" type="stmt"/>
        <line num="27" count="0" type="stmt"/>
        <line num="28" count="0" type="stmt"/>
        <line num="29" count="0" type="stmt"/>
        <line num="31" count="0" type="stmt"/>
        <line num="32" count="0" type="stmt"/>
        <line num="34" count="0" type="stmt"/>
        <line num="37" count="274" type="stmt"/>
        <line num="38" count="0" type="stmt"/>
        <line num="39" count="0" type="cond" truecount="0" falsecount="2"/>
        <line num="40" count="0" type="cond" truecount="0" falsecount="2"/>
        <line num="41" count="0" type="stmt"/>
        <line num="42" count="0" type="stmt"/>
        <line num="45" count="0" type="cond" truecount="0" falsecount="2"/>
        <line num="46" count="0" type="stmt"/>
        <line num="47" count="0" type="stmt"/>
      </file>
    </package>
    <package name="src.components.Blog.BlogSideNav">
      <metrics statements="3" coveredstatements="1" conditionals="2" coveredconditionals="0" methods="2" coveredmethods="0"/>
      <file name="BlogSideNav.jsx" path="/app/src/components/Blog/BlogSideNav/BlogSideNav.jsx">
        <metrics statements="3" coveredstatements="1" conditionals="2" coveredconditionals="0" methods="2" coveredmethods="0"/>
        <line num="18" count="274" type="stmt"/>
        <line num="20" count="0" type="stmt"/>
        <line num="21" count="0" type="stmt"/>
      </file>
    </package>
    <package name="src.components.Blog.Drafts">
      <metrics statements="30" coveredstatements="2" conditionals="19" coveredconditionals="0" methods="9" coveredmethods="0"/>
      <file name="Drafts.jsx" path="/app/src/components/Blog/Drafts/Drafts.jsx">
        <metrics statements="15" coveredstatements="1" conditionals="17" coveredconditionals="0" methods="7" coveredmethods="0"/>
        <line num="23" count="274" type="stmt"/>
        <line num="27" count="0" type="stmt"/>
        <line num="28" count="0" type="stmt"/>
        <line num="29" count="0" type="stmt"/>
        <line num="30" count="0" type="stmt"/>
        <line num="31" count="0" type="cond" truecount="0" falsecount="2"/>
        <line num="32" count="0" type="stmt"/>
        <line num="35" count="0" type="stmt"/>
        <line num="36" count="0" type="stmt"/>
        <line num="37" count="0" type="cond" truecount="0" falsecount="2"/>
        <line num="38" count="0" type="stmt"/>
        <line num="40" count="0" type="stmt"/>
        <line num="43" count="0" type="stmt"/>
        <line num="63" count="0" type="stmt"/>
        <line num="75" count="0" type="stmt"/>
      </file>
      <file name="DraftsService.js" path="/app/src/components/Blog/Drafts/DraftsService.js">
        <metrics statements="15" coveredstatements="1" conditionals="2" coveredconditionals="0" methods="2" coveredmethods="0"/>
        <line num="9" count="274" type="stmt"/>
        <line num="10" count="0" type="stmt"/>
        <line num="11" count="0" type="stmt"/>
        <line num="18" count="0" type="stmt"/>
        <line num="19" count="0" type="stmt"/>
        <line num="20" count="0" type="stmt"/>
        <line num="21" count="0" type="stmt"/>
        <line num="22" count="0" type="cond" truecount="0" falsecount="2"/>
        <line num="23" count="0" type="stmt"/>
        <line num="24" count="0" type="stmt"/>
        <line num="25" count="0" type="stmt"/>
        <line num="27" count="0" type="stmt"/>
        <line num="30" count="0" type="stmt"/>
        <line num="31" count="0" type="stmt"/>
        <line num="34" count="0" type="stmt"/>
      </file>
    </package>
    <package name="src.components.Blog.Followers">
      <metrics statements="45" coveredstatements="3" conditionals="18" coveredconditionals="0" methods="11" coveredmethods="0"/>
      <file name="Followers.js" path="/app/src/components/Blog/Followers/Followers.js">
        <metrics statements="9" coveredstatements="1" conditionals="8" coveredconditionals="0" methods="4" coveredmethods="0"/>
        <line num="14" count="274" type="stmt"/>
        <line num="17" count="0" type="stmt"/>
        <line num="18" count="0" type="stmt"/>
        <line num="21" count="0" type="stmt"/>
        <line num="22" count="0" type="stmt"/>
        <line num="23" count="0" type="stmt"/>
        <line num="24" count="0" type="cond" truecount="0" falsecount="2"/>
        <line num="25" count="0" type="stmt"/>
        <line num="28" count="0" type="stmt"/>
      </file>
      <file name="FollowersController.js" path="/app/src/components/Blog/Followers/FollowersController.js">
        <metrics statements="26" coveredstatements="1" conditionals="8" coveredconditionals="0" methods="6" coveredmethods="0"/>
        <line num="8" count="274" type="stmt"/>
        <line num="11" count="0" type="stmt"/>
        <line num="12" count="0" type="stmt"/>
        <line num="18" count="0" type="stmt"/>
        <line num="19" count="0" type="stmt"/>
        <line num="20" count="0" type="stmt"/>
        <line num="29" count="0" type="stmt"/>
        <line num="30" count="0" type="stmt"/>
        <line num="31" count="0" type="stmt"/>
        <line num="39" count="0" type="stmt"/>
        <line num="40" count="0" type="stmt"/>
        <line num="41" count="0" type="stmt"/>
        <line num="42" count="0" type="cond" truecount="0" falsecount="4"/>
        <line num="43" count="0" type="stmt"/>
        <line num="44" count="0" type="stmt"/>
        <line num="45" count="0" type="cond" truecount="0" falsecount="2"/>
        <line num="46" count="0" type="stmt"/>
        <line num="47" count="0" type="stmt"/>
        <line num="50" count="0" type="cond" truecount="0" falsecount="2"/>
        <line num="51" count="0" type="stmt"/>
        <line num="53" count="0" type="stmt"/>
        <line num="55" count="0" type="stmt"/>
        <line num="56" count="0" type="stmt"/>
        <line num="57" count="0" type="stmt"/>
        <line num="58" count="0" type="stmt"/>
        <line num="61" count="0" type="stmt"/>
      </file>
      <file name="FollowersService.js" path="/app/src/components/Blog/Followers/FollowersService.js">
        <metrics statements="10" coveredstatements="1" conditionals="2" coveredconditionals="0" methods="1" coveredmethods="0"/>
        <line num="9" count="274" type="stmt"/>
        <line num="10" count="0" type="stmt"/>
        <line num="11" count="0" type="stmt"/>
        <line num="12" count="0" type="stmt"/>
        <line num="13" count="0" type="stmt"/>
        <line num="14" count="0" type="stmt"/>
        <line num="15" count="0" type="cond" truecount="0" falsecount="2"/>
        <line num="16" count="0" type="stmt"/>
        <line num="18" count="0" type="stmt"/>
        <line num="20" count="0" type="stmt"/>
      </file>
    </package>
    <package name="src.components.Blog.Followers.followerSection">
      <metrics statements="31" coveredstatements="4" conditionals="12" coveredconditionals="0" methods="8" coveredmethods="0"/>
      <file name="FollowerSecionController.js" path="/app/src/components/Blog/Followers/followerSection/FollowerSecionController.js">
        <metrics statements="13" coveredstatements="1" conditionals="4" coveredconditionals="0" methods="3" coveredmethods="0"/>
        <line num="4" count="274" type="stmt"/>
        <line num="5" count="0" type="stmt"/>
        <line num="7" count="0" type="stmt"/>
        <line num="8" count="0" type="cond" truecount="0" falsecount="2"/>
        <line num="9" count="0" type="stmt"/>
        <line num="10" count="0" type="stmt"/>
        <line num="11" count="0" type="cond" truecount="0" falsecount="2"/>
        <line num="12" count="0" type="stmt"/>
        <line num="17" count="0" type="stmt"/>
        <line num="18" count="0" type="stmt"/>
        <line num="19" count="0" type="stmt"/>
        <line num="20" count="0" type="stmt"/>
        <line num="22" count="0" type="stmt"/>
      </file>
      <file name="FollowerSection.js" path="/app/src/components/Blog/Followers/followerSection/FollowerSection.js">
        <metrics statements="6" coveredstatements="1" conditionals="8" coveredconditionals="0" methods="3" coveredmethods="0"/>
        <line num="7" count="274" type="stmt"/>
        <line num="10" count="0" type="stmt"/>
        <line num="11" count="0" type="stmt"/>
        <line num="12" count="0" type="stmt"/>
        <line num="59" count="0" type="stmt"/>
        <line num="89" count="0" type="stmt"/>
      </file>
      <file name="followservice.js" path="/app/src/components/Blog/Followers/followerSection/followservice.js">
        <metrics statements="12" coveredstatements="2" conditionals="0" coveredconditionals="0" methods="2" coveredmethods="0"/>
        <line num="10" count="274" type="stmt"/>
        <line num="11" count="0" type="stmt"/>
        <line num="12" count="0" type="stmt"/>
        <line num="13" count="0" type="stmt"/>
        <line num="14" count="0" type="stmt"/>
        <line num="16" count="0" type="stmt"/>
        <line num="25" count="274" type="stmt"/>
        <line num="26" count="0" type="stmt"/>
        <line num="27" count="0" type="stmt"/>
        <line num="28" count="0" type="stmt"/>
        <line num="29" count="0" type="stmt"/>
        <line num="31" count="0" type="stmt"/>
      </file>
    </package>
    <package name="src.components.Blog.Loading">
      <metrics statements="2" coveredstatements="2" conditionals="0" coveredconditionals="0" methods="1" coveredmethods="1"/>
      <file name="Loading.jsx" path="/app/src/components/Blog/Loading/Loading.jsx">
        <metrics statements="2" coveredstatements="2" conditionals="0" coveredconditionals="0" methods="1" coveredmethods="1"/>
        <line num="12" count="274" type="stmt"/>
        <line num="13" count="870" type="stmt"/>
      </file>
    </package>
    <package name="src.components.Blog.Posts">
      <metrics statements="38" coveredstatements="3" conditionals="25" coveredconditionals="0" methods="11" coveredmethods="0"/>
      <file name="Posts.jsx" path="/app/src/components/Blog/Posts/Posts.jsx">
        <metrics statements="15" coveredstatements="1" conditionals="17" coveredconditionals="0" methods="7" coveredmethods="0"/>
        <line num="25" count="274" type="stmt"/>
        <line num="29" count="0" type="stmt"/>
        <line num="30" count="0" type="stmt"/>
        <line num="31" count="0" type="stmt"/>
        <line num="32" count="0" type="stmt"/>
        <line num="33" count="0" type="cond" truecount="0" falsecount="2"/>
        <line num="34" count="0" type="stmt"/>
        <line num="38" count="0" type="stmt"/>
        <line num="39" count="0" type="stmt"/>
        <line num="40" count="0" type="cond" truecount="0" falsecount="2"/>
        <line num="41" count="0" type="stmt"/>
        <line num="43" count="0" type="stmt"/>
        <line num="46" count="0" type="stmt"/>
        <line num="73" count="0" type="stmt"/>
        <line num="85" count="0" type="stmt"/>
      </file>
      <file name="PostsControllers.js" path="/app/src/components/Blog/Posts/PostsControllers.js">
        <metrics statements="8" coveredstatements="1" conditionals="6" coveredconditionals="0" methods="2" coveredmethods="0"/>
        <line num="15" count="274" type="stmt"/>
        <line num="18" count="0" type="cond" truecount="0" falsecount="2"/>
        <line num="19" count="0" type="stmt"/>
        <line num="20" count="0" type="stmt"/>
        <line num="22" count="0" type="stmt"/>
        <line num="23" count="0" type="stmt"/>
        <line num="25" count="0" type="stmt"/>
        <line num="28" count="0" type="stmt"/>
      </file>
      <file name="PostsService.js" path="/app/src/components/Blog/Posts/PostsService.js">
        <metrics statements="15" coveredstatements="1" conditionals="2" coveredconditionals="0" methods="2" coveredmethods="0"/>
        <line num="9" count="274" type="stmt"/>
        <line num="10" count="0" type="stmt"/>
        <line num="11" count="0" type="stmt"/>
        <line num="18" count="0" type="stmt"/>
        <line num="19" count="0" type="stmt"/>
        <line num="20" count="0" type="stmt"/>
        <line num="21" count="0" type="stmt"/>
        <line num="22" count="0" type="cond" truecount="0" falsecount="2"/>
        <line num="23" count="0" type="stmt"/>
        <line num="24" count="0" type="stmt"/>
        <line num="25" count="0" type="stmt"/>
        <line num="27" count="0" type="stmt"/>
        <line num="30" count="0" type="stmt"/>
        <line num="31" count="0" type="stmt"/>
        <line num="34" count="0" type="stmt"/>
      </file>
    </package>
    <package name="src.components.Blog.RadarService">
      <metrics statements="4" coveredstatements="1" conditionals="2" coveredconditionals="0" methods="1" coveredmethods="0"/>
      <file name="RadarService.js" path="/app/src/components/Blog/RadarService/RadarService.js">
        <metrics statements="4" coveredstatements="1" conditionals="2" coveredconditionals="0" methods="1" coveredmethods="0"/>
        <line num="4" count="274" type="stmt"/>
        <line num="5" count="0" type="stmt"/>
        <line num="6" count="0" type="cond" truecount="0" falsecount="2"/>
        <line num="7" count="0" type="stmt"/>
      </file>
    </package>
    <package name="src.components.Blog.nothingAvailable">
      <metrics statements="1" coveredstatements="0" conditionals="0" coveredconditionals="0" methods="1" coveredmethods="0"/>
      <file name="nothingAvailable.jsx" path="/app/src/components/Blog/nothingAvailable/nothingAvailable.jsx">
        <metrics statements="1" coveredstatements="0" conditionals="0" coveredconditionals="0" methods="1" coveredmethods="0"/>
        <line num="6" count="0" type="stmt"/>
      </file>
    </package>
    <package name="src.components.Dashboard">
      <metrics statements="12" coveredstatements="2" conditionals="0" coveredconditionals="0" methods="4" coveredmethods="0"/>
      <file name="Dashboard.jsx" path="/app/src/components/Dashboard/Dashboard.jsx">
        <metrics statements="3" coveredstatements="1" conditionals="0" coveredconditionals="0" methods="1" coveredmethods="0"/>
        <line num="10" count="274" type="stmt"/>
        <line num="11" count="0" type="stmt"/>
        <line num="12" count="0" type="stmt"/>
      </file>
      <file name="DashboardServices.js" path="/app/src/components/Dashboard/DashboardServices.js">
        <metrics statements="9" coveredstatements="1" conditionals="0" coveredconditionals="0" methods="3" coveredmethods="0"/>
        <line num="3" count="274" type="stmt"/>
        <line num="4" count="0" type="stmt"/>
        <line num="5" count="0" type="stmt"/>
        <line num="6" count="0" type="stmt"/>
        <line num="14" count="0" type="stmt"/>
        <line num="15" count="0" type="stmt"/>
        <line num="18" count="0" type="stmt"/>
        <line num="22" count="0" type="stmt"/>
        <line num="25" count="0" type="stmt"/>
      </file>
    </package>
    <package name="src.components.Dashboard.Chat">
      <metrics statements="101" coveredstatements="53" conditionals="38" coveredconditionals="16" methods="33" coveredmethods="19"/>
      <file name="Chat.js" path="/app/src/components/Dashboard/Chat/Chat.js">
        <metrics statements="6" coveredstatements="5" conditionals="0" coveredconditionals="0" methods="4" coveredmethods="3"/>
        <line num="16" count="274" type="stmt"/>
        <line num="17" count="147" type="stmt"/>
        <line num="18" count="80" type="stmt"/>
        <line num="20" count="80" type="stmt"/>
        <line num="21" count="80" type="stmt"/>
        <line num="31" count="0" type="stmt"/>
      </file>
      <file name="ChatContent.js" path="/app/src/components/Dashboard/Chat/ChatContent.js">
        <metrics statements="6" coveredstatements="6" conditionals="22" coveredconditionals="11" methods="4" coveredmethods="4"/>
        <line num="14" count="274" type="stmt"/>
        <line num="15" count="156" type="stmt"/>
        <line num="16" count="89" type="stmt"/>
        <line num="17" count="89" type="stmt"/>
        <line num="19" count="89" type="stmt"/>
        <line num="39" count="372" type="cond" truecount="3" falsecount="1"/>
      </file>
      <file name="ChatController.js" path="/app/src/components/Dashboard/Chat/ChatController.js">
        <metrics statements="42" coveredstatements="27" conditionals="8" coveredconditionals="4" methods="11" coveredmethods="5"/>
        <line num="7" count="274" type="stmt"/>
        <line num="8" count="0" type="stmt"/>
        <line num="9" count="0" type="stmt"/>
        <line num="11" count="274" type="stmt"/>
        <line num="12" count="0" type="stmt"/>
        <line num="13" count="0" type="stmt"/>
        <line num="14" count="0" type="stmt"/>
        <line num="16" count="274" type="stmt"/>
        <line num="17" count="0" type="stmt"/>
        <line num="18" count="0" type="stmt"/>
        <line num="21" count="274" type="stmt"/>
        <line num="22" count="18" type="stmt"/>
        <line num="23" count="18" type="cond" truecount="1" falsecount="1"/>
        <line num="24" count="18" type="stmt"/>
        <line num="31" count="274" type="stmt"/>
        <line num="32" count="3" type="stmt"/>
        <line num="33" count="3" type="stmt"/>
        <line num="34" count="3" type="stmt"/>
        <line num="35" count="3" type="stmt"/>
        <line num="37" count="274" type="stmt"/>
        <line num="38" count="4" type="cond" truecount="1" falsecount="1"/>
        <line num="39" count="4" type="stmt"/>
        <line num="45" count="4" type="stmt"/>
        <line num="47" count="4" type="stmt"/>
        <line num="50" count="274" type="stmt"/>
        <line num="51" count="60" type="cond" truecount="2" falsecount="0"/>
        <line num="52" count="4" type="stmt"/>
        <line num="53" count="4" type="stmt"/>
        <line num="57" count="274" type="stmt"/>
        <line num="58" count="0" type="stmt"/>
        <line num="59" count="0" type="stmt"/>
        <line num="62" count="274" type="stmt"/>
        <line num="63" count="0" type="stmt"/>
        <line num="64" count="0" type="stmt"/>
        <line num="65" count="0" type="cond" truecount="0" falsecount="2"/>
        <line num="66" count="0" type="stmt"/>
        <line num="70" count="274" type="stmt"/>
        <line num="71" count="0" type="stmt"/>
        <line num="72" count="0" type="stmt"/>
        <line num="79" count="274" type="stmt"/>
        <line num="80" count="4" type="stmt"/>
        <line num="81" count="4" type="stmt"/>
      </file>
      <file name="ChatFooter.js" path="/app/src/components/Dashboard/Chat/ChatFooter.js">
        <metrics statements="7" coveredstatements="6" conditionals="0" coveredconditionals="0" methods="5" coveredmethods="4"/>
        <line num="11" count="274" type="stmt"/>
        <line num="12" count="147" type="stmt"/>
        <line num="13" count="80" type="stmt"/>
        <line num="15" count="80" type="stmt"/>
        <line num="23" count="56" type="stmt"/>
        <line num="25" count="60" type="stmt"/>
        <line num="35" count="0" type="stmt"/>
      </file>
      <file name="ChatHeader.js" path="/app/src/components/Dashboard/Chat/ChatHeader.js">
        <metrics statements="7" coveredstatements="3" conditionals="2" coveredconditionals="1" methods="6" coveredmethods="2"/>
        <line num="11" count="274" type="stmt"/>
        <line num="12" count="147" type="stmt"/>
        <line num="13" count="80" type="stmt"/>
        <line num="25" count="0" type="stmt"/>
        <line num="26" count="0" type="stmt"/>
        <line num="31" count="0" type="stmt"/>
        <line num="37" count="0" type="stmt"/>
      </file>
      <file name="ChatServices.js" path="/app/src/components/Dashboard/Chat/ChatServices.js">
        <metrics statements="33" coveredstatements="6" conditionals="6" coveredconditionals="0" methods="3" coveredmethods="1"/>
        <line num="6" count="274" type="stmt"/>
        <line num="7" count="0" type="stmt"/>
        <line num="8" count="0" type="stmt"/>
        <line num="12" count="0" type="stmt"/>
        <line num="14" count="0" type="cond" truecount="0" falsecount="2"/>
        <line num="16" count="0" type="stmt"/>
        <line num="17" count="0" type="stmt"/>
        <line num="18" count="0" type="stmt"/>
        <line num="20" count="0" type="stmt"/>
        <line num="22" count="0" type="stmt"/>
        <line num="26" count="274" type="stmt"/>
        <line num="27" count="4" type="stmt"/>
        <line num="28" count="4" type="stmt"/>
        <line num="29" count="4" type="stmt"/>
        <line num="31" count="0" type="cond" truecount="0" falsecount="2"/>
        <line num="33" count="0" type="stmt"/>
        <line num="34" count="0" type="stmt"/>
        <line num="35" count="0" type="stmt"/>
        <line num="37" count="0" type="stmt"/>
        <line num="39" count="0" type="stmt"/>
        <line num="44" count="274" type="stmt"/>
        <line num="45" count="0" type="stmt"/>
        <line num="46" count="0" type="stmt"/>
        <line num="47" count="0" type="stmt"/>
        <line num="49" count="0" type="stmt"/>
        <line num="50" count="0" type="stmt"/>
        <line num="52" count="0" type="cond" truecount="0" falsecount="2"/>
        <line num="54" count="0" type="stmt"/>
        <line num="55" count="0" type="stmt"/>
        <line num="56" count="0" type="stmt"/>
        <line num="58" count="0" type="stmt"/>
        <line num="60" count="0" type="stmt"/>
        <line num="61" count="0" type="stmt"/>
      </file>
    </package>
    <package name="src.components.Dashboard.Interface">
      <metrics statements="11" coveredstatements="2" conditionals="0" coveredconditionals="0" methods="5" coveredmethods="0"/>
      <file name="Interface.jsx" path="/app/src/components/Dashboard/Interface/Interface.jsx">
        <metrics statements="4" coveredstatements="1" conditionals="0" coveredconditionals="0" methods="2" coveredmethods="0"/>
        <line num="13" count="274" type="stmt"/>
        <line num="14" count="0" type="stmt"/>
        <line num="23" count="0" type="stmt"/>
        <line num="28" count="0" type="stmt"/>
      </file>
      <file name="InterfaceServices.js" path="/app/src/components/Dashboard/Interface/InterfaceServices.js">
        <metrics statements="7" coveredstatements="1" conditionals="0" coveredconditionals="0" methods="3" coveredmethods="0"/>
        <line num="3" count="274" type="stmt"/>
        <line num="4" count="0" type="stmt"/>
        <line num="5" count="0" type="stmt"/>
        <line num="6" count="0" type="stmt"/>
        <line num="11" count="0" type="stmt"/>
        <line num="14" count="0" type="stmt"/>
        <line num="16" count="0" type="stmt"/>
      </file>
    </package>
    <package name="src.components.Dashboard.Main UI">
      <metrics statements="6" coveredstatements="4" conditionals="8" coveredconditionals="5" methods="4" coveredmethods="2"/>
      <file name="NavigateButtons.js" path="/app/src/components/Dashboard/Main UI/NavigateButtons.js">
        <metrics statements="6" coveredstatements="4" conditionals="8" coveredconditionals="5" methods="4" coveredmethods="2"/>
        <line num="9" count="274" type="stmt"/>
        <line num="10" count="971" type="stmt"/>
        <line num="11" count="429" type="stmt"/>
        <line num="13" count="429" type="stmt"/>
        <line num="20" count="0" type="stmt"/>
        <line num="32" count="0" type="stmt"/>
      </file>
    </package>
    <package name="src.components.Dashboard.NewPost">
      <metrics statements="2" coveredstatements="2" conditionals="6" coveredconditionals="6" methods="1" coveredmethods="1"/>
      <file name="Newpost.js" path="/app/src/components/Dashboard/NewPost/Newpost.js">
        <metrics statements="2" coveredstatements="2" conditionals="6" coveredconditionals="6" methods="1" coveredmethods="1"/>
        <line num="22" count="274" type="stmt"/>
        <line num="23" count="429" type="stmt"/>
      </file>
    </package>
    <package name="src.components.Dashboard.Preferences">
      <metrics statements="13" coveredstatements="1" conditionals="6" coveredconditionals="0" methods="6" coveredmethods="0"/>
      <file name="Preferences.jsx" path="/app/src/components/Dashboard/Preferences/Preferences.jsx">
        <metrics statements="13" coveredstatements="1" conditionals="6" coveredconditionals="0" methods="6" coveredmethods="0"/>
        <line num="13" count="274" type="stmt"/>
        <line num="14" count="0" type="stmt"/>
        <line num="29" count="0" type="stmt"/>
        <line num="34" count="0" type="stmt"/>
        <line num="35" count="0" type="stmt"/>
        <line num="36" count="0" type="cond" truecount="0" falsecount="2"/>
        <line num="37" count="0" type="stmt"/>
        <line num="41" count="0" type="cond" truecount="0" falsecount="2"/>
        <line num="42" count="0" type="stmt"/>
        <line num="46" count="0" type="cond" truecount="0" falsecount="2"/>
        <line num="47" count="0" type="stmt"/>
        <line num="52" count="0" type="stmt"/>
        <line num="117" count="0" type="stmt"/>
      </file>
    </package>
    <package name="src.components.Dashboard.Sounds">
      <metrics statements="10" coveredstatements="2" conditionals="0" coveredconditionals="0" methods="5" coveredmethods="0"/>
      <file name="Sounds.jsx" path="/app/src/components/Dashboard/Sounds/Sounds.jsx">
        <metrics statements="4" coveredstatements="1" conditionals="0" coveredconditionals="0" methods="2" coveredmethods="0"/>
        <line num="15" count="274" type="stmt"/>
        <line num="16" count="0" type="stmt"/>
        <line num="25" count="0" type="stmt"/>
        <line num="30" count="0" type="stmt"/>
      </file>
      <file name="SoundsServices.js" path="/app/src/components/Dashboard/Sounds/SoundsServices.js">
        <metrics statements="6" coveredstatements="1" conditionals="0" coveredconditionals="0" methods="3" coveredmethods="0"/>
        <line num="3" count="274" type="stmt"/>
        <line num="4" count="0" type="stmt"/>
        <line num="5" count="0" type="stmt"/>
        <line num="10" count="0" type="stmt"/>
        <line num="13" count="0" type="stmt"/>
        <line num="15" count="0" type="stmt"/>
      </file>
    </package>
    <package name="src.components.ExploreAside">
      <metrics statements="30" coveredstatements="13" conditionals="6" coveredconditionals="0" methods="13" coveredmethods="7"/>
      <file name="CheckBlog.jsx" path="/app/src/components/ExploreAside/CheckBlog.jsx">
        <metrics statements="6" coveredstatements="6" conditionals="0" coveredconditionals="0" methods="4" coveredmethods="4"/>
        <line num="9" count="192" type="stmt"/>
        <line num="10" count="53" type="stmt"/>
        <line num="11" count="53" type="stmt"/>
        <line num="18" count="64" type="stmt"/>
        <line num="31" count="22" type="stmt"/>
        <line num="32" count="22" type="stmt"/>
      </file>
      <file name="CheckBlogController.js" path="/app/src/components/ExploreAside/CheckBlogController.js">
        <metrics statements="14" coveredstatements="2" conditionals="4" coveredconditionals="0" methods="2" coveredmethods="0"/>
        <line num="12" count="274" type="stmt"/>
        <line num="13" count="0" type="stmt"/>
        <line num="14" count="0" type="stmt"/>
        <line num="15" count="0" type="cond" truecount="0" falsecount="2"/>
        <line num="16" count="0" type="stmt"/>
        <line num="19" count="0" type="stmt"/>
        <line num="22" count="274" type="stmt"/>
        <line num="23" count="0" type="stmt"/>
        <line num="24" count="0" type="stmt"/>
        <line num="25" count="0" type="cond" truecount="0" falsecount="2"/>
        <line num="26" count="0" type="stmt"/>
        <line num="29" count="0" type="stmt"/>
        <line num="31" count="0" type="stmt"/>
        <line num="32" count="0" type="stmt"/>
      </file>
      <file name="CheckBlogServices.js" path="/app/src/components/ExploreAside/CheckBlogServices.js">
        <metrics statements="9" coveredstatements="4" conditionals="2" coveredconditionals="0" methods="6" coveredmethods="2"/>
        <line num="10" count="274" type="stmt"/>
        <line num="11" count="21" type="stmt"/>
        <line num="14" count="13" type="stmt"/>
        <line num="26" count="274" type="stmt"/>
        <line num="27" count="0" type="stmt"/>
        <line num="30" count="0" type="cond" truecount="0" falsecount="2"/>
        <line num="33" count="0" type="stmt"/>
        <line num="34" count="0" type="stmt"/>
        <line num="36" count="0" type="stmt"/>
      </file>
      <file name="ExploreAside.jsx" path="/app/src/components/ExploreAside/ExploreAside.jsx">
        <metrics statements="1" coveredstatements="1" conditionals="0" coveredconditionals="0" methods="1" coveredmethods="1"/>
        <line num="14" count="21" type="stmt"/>
      </file>
    </package>
    <package name="src.components.ExploreSection">
      <metrics statements="103" coveredstatements="38" conditionals="56" coveredconditionals="10" methods="23" coveredmethods="9"/>
      <file name="ExploreSection.jsx" path="/app/src/components/ExploreSection/ExploreSection.jsx">
        <metrics statements="2" coveredstatements="2" conditionals="0" coveredconditionals="0" methods="1" coveredmethods="1"/>
        <line num="30" count="12" type="stmt"/>
        <line num="32" count="8" type="stmt"/>
      </file>
      <file name="ExploreSectionController.js" path="/app/src/components/ExploreSection/ExploreSectionController.js">
        <metrics statements="22" coveredstatements="13" conditionals="10" coveredconditionals="3" methods="4" coveredmethods="2"/>
        <line num="13" count="274" type="stmt"/>
        <line num="14" count="16" type="stmt"/>
        <line num="17" count="16" type="cond" truecount="1" falsecount="1"/>
        <line num="18" count="0" type="stmt"/>
        <line num="22" count="16" type="cond" truecount="1" falsecount="1"/>
        <line num="23" count="0" type="stmt"/>
        <line num="24" count="16" type="cond" truecount="1" falsecount="1"/>
        <line num="25" count="16" type="stmt"/>
        <line num="26" count="0" type="cond" truecount="0" falsecount="2"/>
        <line num="27" count="0" type="stmt"/>
        <line num="29" count="0" type="stmt"/>
        <line num="39" count="274" type="stmt"/>
        <line num="40" count="0" type="cond" truecount="0" falsecount="2"/>
        <line num="41" count="0" type="stmt"/>
        <line num="43" count="0" type="stmt"/>
        <line num="55" count="274" type="stmt"/>
        <line num="56" count="16" type="stmt"/>
        <line num="57" count="16" type="stmt"/>
        <line num="58" count="16" type="stmt"/>
        <line num="59" count="16" type="stmt"/>
        <line num="61" count="16" type="stmt"/>
        <line num="62" count="0" type="stmt"/>
      </file>
      <file name="ExploreSectionServices.js" path="/app/src/components/ExploreSection/ExploreSectionServices.js">
        <metrics statements="50" coveredstatements="15" conditionals="28" coveredconditionals="3" methods="3" coveredmethods="2"/>
        <line num="30" count="274" type="stmt"/>
        <line num="31" count="16" type="stmt"/>
        <line num="32" count="16" type="stmt"/>
        <line num="37" count="16" type="stmt"/>
        <line num="38" count="16" type="stmt"/>
        <line num="39" count="16" type="stmt"/>
        <line num="40" count="16" type="cond" truecount="1" falsecount="1"/>
        <line num="41" count="0" type="stmt"/>
        <line num="42" count="0" type="stmt"/>
        <line num="43" count="16" type="cond" truecount="1" falsecount="1"/>
        <line num="44" count="16" type="stmt"/>
        <line num="45" count="16" type="stmt"/>
        <line num="46" count="0" type="cond" truecount="0" falsecount="2"/>
        <line num="47" count="0" type="stmt"/>
        <line num="48" count="0" type="stmt"/>
        <line num="49" count="0" type="cond" truecount="0" falsecount="2"/>
        <line num="50" count="0" type="stmt"/>
        <line num="51" count="0" type="stmt"/>
        <line num="52" count="0" type="cond" truecount="0" falsecount="2"/>
        <line num="53" count="0" type="stmt"/>
        <line num="54" count="0" type="stmt"/>
        <line num="55" count="0" type="cond" truecount="0" falsecount="2"/>
        <line num="56" count="0" type="stmt"/>
        <line num="57" count="0" type="stmt"/>
        <line num="58" count="0" type="cond" truecount="0" falsecount="2"/>
        <line num="59" count="0" type="stmt"/>
        <line num="60" count="0" type="stmt"/>
        <line num="63" count="16" type="stmt"/>
        <line num="66" count="8" type="cond" truecount="1" falsecount="1"/>
        <line num="67" count="8" type="stmt"/>
        <line num="68" count="8" type="stmt"/>
        <line num="71" count="0" type="cond" truecount="0" falsecount="2"/>
        <line num="72" count="0" type="stmt"/>
        <line num="73" count="0" type="stmt"/>
        <line num="76" count="0" type="cond" truecount="0" falsecount="2"/>
        <line num="77" count="0" type="stmt"/>
        <line num="78" count="0" type="stmt"/>
        <line num="81" count="0" type="cond" truecount="0" falsecount="2"/>
        <line num="82" count="0" type="stmt"/>
        <line num="83" count="0" type="stmt"/>
        <line num="84" count="0" type="cond" truecount="0" falsecount="2"/>
        <line num="85" count="0" type="stmt"/>
        <line num="86" count="0" type="stmt"/>
        <line num="89" count="0" type="cond" truecount="0" falsecount="2"/>
        <line num="90" count="0" type="stmt"/>
        <line num="91" count="0" type="stmt"/>
        <line num="94" count="0" type="cond" truecount="0" falsecount="2"/>
        <line num="95" count="0" type="stmt"/>
        <line num="96" count="0" type="stmt"/>
        <line num="98" count="8" type="stmt"/>
      </file>
      <file name="FourFlexData.jsx" path="/app/src/components/ExploreSection/FourFlexData.jsx">
        <metrics statements="10" coveredstatements="2" conditionals="8" coveredconditionals="0" methods="5" coveredmethods="1"/>
        <line num="13" count="8" type="stmt"/>
        <line num="14" count="8" type="stmt"/>
        <line num="18" count="0" type="cond" truecount="0" falsecount="2"/>
        <line num="19" count="0" type="stmt"/>
        <line num="29" count="0" type="cond" truecount="0" falsecount="2"/>
        <line num="30" count="0" type="stmt"/>
        <line num="40" count="0" type="cond" truecount="0" falsecount="2"/>
        <line num="41" count="0" type="stmt"/>
        <line num="51" count="0" type="cond" truecount="0" falsecount="2"/>
        <line num="52" count="0" type="stmt"/>
      </file>
      <file name="OneFlexData.jsx" path="/app/src/components/ExploreSection/OneFlexData.jsx">
        <metrics statements="5" coveredstatements="0" conditionals="0" coveredconditionals="0" methods="3" coveredmethods="0"/>
        <line num="12" count="0" type="stmt"/>
        <line num="13" count="0" type="stmt"/>
        <line num="17" count="0" type="stmt"/>
        <line num="24" count="0" type="stmt"/>
        <line num="25" count="0" type="stmt"/>
      </file>
      <file name="ThreeFlexesData.jsx" path="/app/src/components/ExploreSection/ThreeFlexesData.jsx">
        <metrics statements="8" coveredstatements="0" conditionals="6" coveredconditionals="0" methods="4" coveredmethods="0"/>
        <line num="12" count="0" type="stmt"/>
        <line num="13" count="0" type="stmt"/>
        <line num="17" count="0" type="cond" truecount="0" falsecount="2"/>
        <line num="18" count="0" type="stmt"/>
        <line num="28" count="0" type="cond" truecount="0" falsecount="2"/>
        <line num="29" count="0" type="stmt"/>
        <line num="39" count="0" type="cond" truecount="0" falsecount="2"/>
        <line num="40" count="0" type="stmt"/>
      </file>
      <file name="TwoFlexesData.jsx" path="/app/src/components/ExploreSection/TwoFlexesData.jsx">
        <metrics statements="6" coveredstatements="6" conditionals="4" coveredconditionals="4" methods="3" coveredmethods="3"/>
        <line num="12" count="57" type="stmt"/>
        <line num="13" count="51" type="stmt"/>
        <line num="17" count="228" type="cond" truecount="2" falsecount="0"/>
        <line num="18" count="115" type="stmt"/>
        <line num="28" count="228" type="cond" truecount="2" falsecount="0"/>
        <line num="29" count="113" type="stmt"/>
      </file>
    </package>
    <package name="src.components.ExploreSection.Asks">
      <metrics statements="3" coveredstatements="0" conditionals="6" coveredconditionals="0" methods="2" coveredmethods="0"/>
      <file name="Asks.jsx" path="/app/src/components/ExploreSection/Asks/Asks.jsx">
        <metrics statements="3" coveredstatements="0" conditionals="6" coveredconditionals="0" methods="2" coveredmethods="0"/>
        <line num="10" count="0" type="stmt"/>
        <line num="11" count="0" type="stmt"/>
        <line num="12" count="0" type="stmt"/>
      </file>
    </package>
    <package name="src.components.ExploreSection.Audio">
      <metrics statements="3" coveredstatements="0" conditionals="6" coveredconditionals="0" methods="2" coveredmethods="0"/>
      <file name="Audio.jsx" path="/app/src/components/ExploreSection/Audio/Audio.jsx">
        <metrics statements="3" coveredstatements="0" conditionals="6" coveredconditionals="0" methods="2" coveredmethods="0"/>
        <line num="11" count="0" type="stmt"/>
        <line num="12" count="0" type="stmt"/>
        <line num="13" count="0" type="stmt"/>
      </file>
    </package>
    <package name="src.components.ExploreSection.ExploreNavbar">
      <metrics statements="74" coveredstatements="24" conditionals="14" coveredconditionals="3" methods="10" coveredmethods="6"/>
      <file name="ExploreNavBarController.js" path="/app/src/components/ExploreSection/ExploreNavbar/ExploreNavBarController.js">
        <metrics statements="72" coveredstatements="22" conditionals="14" coveredconditionals="3" methods="9" coveredmethods="5"/>
        <line num="17" count="274" type="stmt"/>
        <line num="18" count="0" type="stmt"/>
        <line num="19" count="0" type="cond" truecount="0" falsecount="2"/>
        <line num="20" count="0" type="stmt"/>
        <line num="23" count="0" type="stmt"/>
        <line num="28" count="274" type="stmt"/>
        <line num="29" count="2" type="stmt"/>
        <line num="30" count="2" type="cond" truecount="1" falsecount="1"/>
        <line num="31" count="2" type="stmt"/>
        <line num="42" count="274" type="stmt"/>
        <line num="43" count="21" type="stmt"/>
        <line num="46" count="21" type="stmt"/>
        <line num="49" count="92" type="stmt"/>
        <line num="50" count="0" type="stmt"/>
        <line num="56" count="21" type="stmt"/>
        <line num="59" count="21" type="cond" truecount="2" falsecount="0"/>
        <line num="67" count="13" type="stmt"/>
        <line num="68" count="13" type="stmt"/>
        <line num="69" count="13" type="stmt"/>
        <line num="70" count="13" type="stmt"/>
        <line num="71" count="25" type="stmt"/>
        <line num="72" count="13" type="stmt"/>
        <line num="73" count="17" type="stmt"/>
        <line num="75" count="13" type="stmt"/>
        <line num="76" count="13" type="stmt"/>
        <line num="78" count="21" type="stmt"/>
        <line num="79" count="0" type="stmt"/>
        <line num="83" count="274" type="stmt"/>
        <line num="84" count="0" type="stmt"/>
        <line num="86" count="0" type="stmt"/>
        <line num="87" count="0" type="stmt"/>
        <line num="88" count="0" type="stmt"/>
        <line num="89" count="0" type="stmt"/>
        <line num="90" count="0" type="stmt"/>
        <line num="91" count="0" type="cond" truecount="0" falsecount="2"/>
        <line num="92" count="0" type="stmt"/>
        <line num="93" count="0" type="stmt"/>
        <line num="94" count="0" type="stmt"/>
        <line num="97" count="0" type="stmt"/>
        <line num="98" count="0" type="stmt"/>
        <line num="101" count="0" type="stmt"/>
        <line num="102" count="0" type="stmt"/>
        <line num="105" count="0" type="stmt"/>
        <line num="106" count="0" type="stmt"/>
        <line num="109" count="0" type="stmt"/>
        <line num="110" count="0" type="stmt"/>
        <line num="111" count="0" type="stmt"/>
        <line num="113" count="0" type="stmt"/>
        <line num="114" count="0" type="stmt"/>
        <line num="115" count="0" type="stmt"/>
        <line num="116" count="0" type="stmt"/>
        <line num="118" count="0" type="stmt"/>
        <line num="119" count="0" type="stmt"/>
        <line num="120" count="0" type="stmt"/>
        <line num="123" count="0" type="stmt"/>
        <line num="124" count="0" type="stmt"/>
        <line num="127" count="0" type="stmt"/>
        <line num="128" count="0" type="stmt"/>
        <line num="131" count="0" type="stmt"/>
        <line num="132" count="0" type="stmt"/>
        <line num="136" count="0" type="stmt"/>
        <line num="139" count="0" type="stmt"/>
        <line num="140" count="0" type="stmt"/>
        <line num="144" count="0" type="stmt"/>
        <line num="145" count="0" type="stmt"/>
        <line num="146" count="0" type="cond" truecount="0" falsecount="2"/>
        <line num="147" count="0" type="stmt"/>
        <line num="148" count="0" type="cond" truecount="0" falsecount="2"/>
        <line num="149" count="0" type="stmt"/>
        <line num="150" count="0" type="cond" truecount="0" falsecount="2"/>
        <line num="151" count="0" type="stmt"/>
        <line num="153" count="0" type="stmt"/>
      </file>
      <file name="ExploreNavbar.jsx" path="/app/src/components/ExploreSection/ExploreNavbar/ExploreNavbar.jsx">
        <metrics statements="2" coveredstatements="2" conditionals="0" coveredconditionals="0" methods="1" coveredmethods="1"/>
        <line num="14" count="8" type="stmt"/>
        <line num="15" count="8" type="stmt"/>
      </file>
    </package>
    <package name="src.components.ExploreSection.ExploreSuggestionList">
      <metrics statements="53" coveredstatements="27" conditionals="12" coveredconditionals="7" methods="19" coveredmethods="10"/>
      <file name="ExploreSuggestionList.jsx" path="/app/src/components/ExploreSection/ExploreSuggestionList/ExploreSuggestionList.jsx">
        <metrics statements="10" coveredstatements="10" conditionals="4" coveredconditionals="3" methods="3" coveredmethods="3"/>
        <line num="18" count="96" type="stmt"/>
        <line num="19" count="45" type="stmt"/>
        <line num="20" count="45" type="stmt"/>
        <line num="31" count="45" type="stmt"/>
        <line num="42" count="45" type="stmt"/>
        <line num="44" count="45" type="stmt"/>
        <line num="50" count="486" type="cond" truecount="1" falsecount="1"/>
        <line num="51" count="486" type="cond" truecount="2" falsecount="0"/>
        <line num="52" count="216" type="stmt"/>
        <line num="63" count="270" type="stmt"/>
      </file>
      <file name="ExploreSuggestionListCard.jsx" path="/app/src/components/ExploreSection/ExploreSuggestionList/ExploreSuggestionListCard.jsx">
        <metrics statements="6" coveredstatements="6" conditionals="4" coveredconditionals="4" methods="4" coveredmethods="4"/>
        <line num="15" count="990" type="stmt"/>
        <line num="16" count="486" type="stmt"/>
        <line num="27" count="6" type="stmt"/>
        <line num="28" count="6" type="stmt"/>
        <line num="35" count="2" type="stmt"/>
        <line num="36" count="2" type="stmt"/>
      </file>
      <file name="ExploreSuggestionListServices.js" path="/app/src/components/ExploreSection/ExploreSuggestionList/ExploreSuggestionListServices.js">
        <metrics statements="37" coveredstatements="11" conditionals="4" coveredconditionals="0" methods="12" coveredmethods="3"/>
        <line num="11" count="274" type="stmt"/>
        <line num="12" count="8" type="stmt"/>
        <line num="13" count="8" type="stmt"/>
        <line num="18" count="8" type="stmt"/>
        <line num="21" count="5" type="stmt"/>
        <line num="22" count="5" type="stmt"/>
        <line num="23" count="5" type="stmt"/>
        <line num="26" count="4" type="stmt"/>
        <line num="31" count="0" type="stmt"/>
        <line num="34" count="8" type="stmt"/>
        <line num="35" count="0" type="stmt"/>
        <line num="39" count="274" type="stmt"/>
        <line num="40" count="0" type="stmt"/>
        <line num="41" count="0" type="stmt"/>
        <line num="42" count="0" type="stmt"/>
        <line num="43" count="0" type="stmt"/>
        <line num="44" count="0" type="stmt"/>
        <line num="45" count="0" type="cond" truecount="0" falsecount="2"/>
        <line num="46" count="0" type="stmt"/>
        <line num="48" count="0" type="stmt"/>
        <line num="49" count="0" type="stmt"/>
        <line num="54" count="0" type="stmt"/>
        <line num="57" count="0" type="stmt"/>
        <line num="59" count="0" type="stmt"/>
        <line num="61" count="0" type="stmt"/>
        <line num="62" count="0" type="stmt"/>
        <line num="63" count="0" type="stmt"/>
        <line num="64" count="0" type="stmt"/>
        <line num="69" count="0" type="stmt"/>
        <line num="72" count="0" type="stmt"/>
        <line num="74" count="0" type="stmt"/>
        <line num="86" count="274" type="stmt"/>
        <line num="87" count="0" type="stmt"/>
        <line num="88" count="0" type="stmt"/>
        <line num="90" count="0" type="cond" truecount="0" falsecount="2"/>
        <line num="91" count="0" type="stmt"/>
        <line num="93" count="0" type="stmt"/>
      </file>
    </package>
    <package name="src.components.ExploreSection.ForYou">
      <metrics statements="3" coveredstatements="3" conditionals="6" coveredconditionals="4" methods="2" coveredmethods="2"/>
      <file name="ForYou.jsx" path="/app/src/components/ExploreSection/ForYou/ForYou.jsx">
        <metrics statements="3" coveredstatements="3" conditionals="6" coveredconditionals="4" methods="2" coveredmethods="2"/>
        <line num="11" count="74" type="stmt"/>
        <line num="12" count="31" type="stmt"/>
        <line num="13" count="31" type="stmt"/>
      </file>
    </package>
    <package name="src.components.ExploreSection.Image">
      <metrics statements="3" coveredstatements="0" conditionals="6" coveredconditionals="0" methods="2" coveredmethods="0"/>
      <file name="Image.jsx" path="/app/src/components/ExploreSection/Image/Image.jsx">
        <metrics statements="3" coveredstatements="0" conditionals="6" coveredconditionals="0" methods="2" coveredmethods="0"/>
        <line num="11" count="0" type="stmt"/>
        <line num="12" count="0" type="stmt"/>
        <line num="13" count="0" type="stmt"/>
      </file>
    </package>
    <package name="src.components.ExploreSection.Text">
      <metrics statements="3" coveredstatements="0" conditionals="6" coveredconditionals="0" methods="2" coveredmethods="0"/>
      <file name="Text.jsx" path="/app/src/components/ExploreSection/Text/Text.jsx">
        <metrics statements="3" coveredstatements="0" conditionals="6" coveredconditionals="0" methods="2" coveredmethods="0"/>
        <line num="10" count="0" type="stmt"/>
        <line num="11" count="0" type="stmt"/>
        <line num="12" count="0" type="stmt"/>
      </file>
    </package>
    <package name="src.components.ExploreSection.Trending">
      <metrics statements="3" coveredstatements="0" conditionals="6" coveredconditionals="0" methods="2" coveredmethods="0"/>
      <file name="Trending.jsx" path="/app/src/components/ExploreSection/Trending/Trending.jsx">
        <metrics statements="3" coveredstatements="0" conditionals="6" coveredconditionals="0" methods="2" coveredmethods="0"/>
        <line num="11" count="0" type="stmt"/>
        <line num="12" count="0" type="stmt"/>
        <line num="13" count="0" type="stmt"/>
      </file>
    </package>
    <package name="src.components.ExploreSection.TrendingList">
      <metrics statements="13" coveredstatements="0" conditionals="8" coveredconditionals="0" methods="6" coveredmethods="0"/>
      <file name="TrendCard.jsx" path="/app/src/components/ExploreSection/TrendingList/TrendCard.jsx">
        <metrics statements="3" coveredstatements="0" conditionals="0" coveredconditionals="0" methods="2" coveredmethods="0"/>
        <line num="6" count="0" type="stmt"/>
        <line num="16" count="0" type="stmt"/>
        <line num="17" count="0" type="stmt"/>
      </file>
      <file name="TrendingList.jsx" path="/app/src/components/ExploreSection/TrendingList/TrendingList.jsx">
        <metrics statements="10" coveredstatements="0" conditionals="8" coveredconditionals="0" methods="4" coveredmethods="0"/>
        <line num="8" count="0" type="stmt"/>
        <line num="9" count="0" type="stmt"/>
        <line num="10" count="0" type="stmt"/>
        <line num="22" count="0" type="stmt"/>
        <line num="27" count="0" type="cond" truecount="0" falsecount="2"/>
        <line num="28" count="0" type="cond" truecount="0" falsecount="2"/>
        <line num="29" count="0" type="stmt"/>
        <line num="41" count="0" type="cond" truecount="0" falsecount="2"/>
        <line num="42" count="0" type="cond" truecount="0" falsecount="2"/>
        <line num="43" count="0" type="stmt"/>
      </file>
    </package>
    <package name="src.components.ExploreSection.Videos">
      <metrics statements="3" coveredstatements="0" conditionals="6" coveredconditionals="0" methods="2" coveredmethods="0"/>
      <file name="Videos.jsx" path="/app/src/components/ExploreSection/Videos/Videos.jsx">
        <metrics statements="3" coveredstatements="0" conditionals="6" coveredconditionals="0" methods="2" coveredmethods="0"/>
        <line num="11" count="0" type="stmt"/>
        <line num="12" count="0" type="stmt"/>
        <line num="13" count="0" type="stmt"/>
      </file>
    </package>
    <package name="src.components.Following.FollowingMain">
      <metrics statements="51" coveredstatements="4" conditionals="12" coveredconditionals="0" methods="11" coveredmethods="0"/>
      <file name="FollowingController.js" path="/app/src/components/Following/FollowingMain/FollowingController.js">
        <metrics statements="28" coveredstatements="1" conditionals="6" coveredconditionals="0" methods="6" coveredmethods="0"/>
        <line num="9" count="274" type="stmt"/>
        <line num="12" count="0" type="stmt"/>
        <line num="13" count="0" type="stmt"/>
        <line num="19" count="0" type="stmt"/>
        <line num="20" count="0" type="stmt"/>
        <line num="21" count="0" type="stmt"/>
        <line num="30" count="0" type="stmt"/>
        <line num="31" count="0" type="stmt"/>
        <line num="32" count="0" type="stmt"/>
        <line num="33" count="0" type="cond" truecount="0" falsecount="2"/>
        <line num="34" count="0" type="stmt"/>
        <line num="35" count="0" type="stmt"/>
        <line num="37" count="0" type="stmt"/>
        <line num="38" count="0" type="stmt"/>
        <line num="47" count="0" type="stmt"/>
        <line num="48" count="0" type="stmt"/>
        <line num="49" count="0" type="stmt"/>
        <line num="50" count="0" type="cond" truecount="0" falsecount="2"/>
        <line num="51" count="0" type="stmt"/>
        <line num="52" count="0" type="stmt"/>
        <line num="53" count="0" type="cond" truecount="0" falsecount="2"/>
        <line num="54" count="0" type="stmt"/>
        <line num="56" count="0" type="stmt"/>
        <line num="58" count="0" type="stmt"/>
        <line num="59" count="0" type="stmt"/>
        <line num="60" count="0" type="stmt"/>
        <line num="61" count="0" type="stmt"/>
        <line num="64" count="0" type="stmt"/>
      </file>
      <file name="FollowingMain.jsx" path="/app/src/components/Following/FollowingMain/FollowingMain.jsx">
        <metrics statements="6" coveredstatements="1" conditionals="4" coveredconditionals="0" methods="3" coveredmethods="0"/>
        <line num="9" count="274" type="stmt"/>
        <line num="12" count="0" type="stmt"/>
        <line num="16" count="0" type="stmt"/>
        <line num="17" count="0" type="stmt"/>
        <line num="18" count="0" type="stmt"/>
        <line num="20" count="0" type="stmt"/>
      </file>
      <file name="FollowingServices.js" path="/app/src/components/Following/FollowingMain/FollowingServices.js">
        <metrics statements="17" coveredstatements="2" conditionals="2" coveredconditionals="0" methods="2" coveredmethods="0"/>
        <line num="10" count="274" type="stmt"/>
        <line num="11" count="0" type="stmt"/>
        <line num="12" count="0" type="stmt"/>
        <line num="13" count="0" type="stmt"/>
        <line num="14" count="0" type="stmt"/>
        <line num="15" count="0" type="stmt"/>
        <line num="16" count="0" type="cond" truecount="0" falsecount="2"/>
        <line num="17" count="0" type="stmt"/>
        <line num="19" count="0" type="stmt"/>
        <line num="21" count="0" type="stmt"/>
        <line num="31" count="274" type="stmt"/>
        <line num="32" count="0" type="stmt"/>
        <line num="33" count="0" type="stmt"/>
        <line num="34" count="0" type="stmt"/>
        <line num="35" count="0" type="stmt"/>
        <line num="36" count="0" type="stmt"/>
        <line num="38" count="0" type="stmt"/>
      </file>
    </package>
    <package name="src.components.Following.FollowingMain.FollowingSection">
      <metrics statements="22" coveredstatements="2" conditionals="12" coveredconditionals="0" methods="6" coveredmethods="0"/>
      <file name="FollowingSection.js" path="/app/src/components/Following/FollowingMain/FollowingSection/FollowingSection.js">
        <metrics statements="6" coveredstatements="1" conditionals="6" coveredconditionals="0" methods="3" coveredmethods="0"/>
        <line num="6" count="274" type="stmt"/>
        <line num="9" count="0" type="stmt"/>
        <line num="10" count="0" type="stmt"/>
        <line num="11" count="0" type="stmt"/>
        <line num="58" count="0" type="stmt"/>
        <line num="87" count="0" type="stmt"/>
      </file>
      <file name="FollowingSectionController.js" path="/app/src/components/Following/FollowingMain/FollowingSection/FollowingSectionController.js">
        <metrics statements="16" coveredstatements="1" conditionals="6" coveredconditionals="0" methods="3" coveredmethods="0"/>
        <line num="6" count="274" type="stmt"/>
        <line num="7" count="0" type="stmt"/>
        <line num="8" count="0" type="stmt"/>
        <line num="9" count="0" type="stmt"/>
        <line num="10" count="0" type="cond" truecount="0" falsecount="2"/>
        <line num="11" count="0" type="stmt"/>
        <line num="12" count="0" type="stmt"/>
        <line num="13" count="0" type="cond" truecount="0" falsecount="2"/>
        <line num="14" count="0" type="stmt"/>
        <line num="18" count="0" type="stmt"/>
        <line num="19" count="0" type="cond" truecount="0" falsecount="2"/>
        <line num="20" count="0" type="stmt"/>
        <line num="21" count="0" type="stmt"/>
        <line num="24" count="0" type="stmt"/>
        <line num="25" count="0" type="stmt"/>
        <line num="28" count="0" type="stmt"/>
      </file>
    </package>
    <package name="src.components.Following.FollowingSide">
      <metrics statements="2" coveredstatements="1" conditionals="0" coveredconditionals="0" methods="1" coveredmethods="0"/>
      <file name="FollowingSide.jsx" path="/app/src/components/Following/FollowingSide/FollowingSide.jsx">
        <metrics statements="2" coveredstatements="1" conditionals="0" coveredconditionals="0" methods="1" coveredmethods="0"/>
        <line num="7" count="274" type="stmt"/>
        <line num="8" count="0" type="stmt"/>
      </file>
    </package>
    <package name="src.components.Layouts">
      <metrics statements="0" coveredstatements="0" conditionals="0" coveredconditionals="0" methods="0" coveredmethods="0"/>
      <file name="Layouts.js" path="/app/src/components/Layouts/Layouts.js">
        <metrics statements="0" coveredstatements="0" conditionals="0" coveredconditionals="0" methods="0" coveredmethods="0"/>
      </file>
    </package>
    <package name="src.components.Layouts.Explore">
      <metrics statements="2" coveredstatements="1" conditionals="0" coveredconditionals="0" methods="1" coveredmethods="0"/>
      <file name="Explore.js" path="/app/src/components/Layouts/Explore/Explore.js">
        <metrics statements="2" coveredstatements="1" conditionals="0" coveredconditionals="0" methods="1" coveredmethods="0"/>
        <line num="6" count="274" type="stmt"/>
        <line num="7" count="0" type="stmt"/>
      </file>
    </package>
    <package name="src.components.Layouts.NavBar">
      <metrics statements="184" coveredstatements="119" conditionals="84" coveredconditionals="55" methods="55" coveredmethods="32"/>
      <file name="DropDownActivity.js" path="/app/src/components/Layouts/NavBar/DropDownActivity.js">
        <metrics statements="4" coveredstatements="1" conditionals="6" coveredconditionals="0" methods="3" coveredmethods="0"/>
        <line num="7" count="274" type="stmt"/>
        <line num="10" count="0" type="stmt"/>
        <line num="11" count="0" type="stmt"/>
        <line num="21" count="0" type="stmt"/>
      </file>
      <file name="DropDownInbox.js" path="/app/src/components/Layouts/NavBar/DropDownInbox.js">
        <metrics statements="10" coveredstatements="10" conditionals="28" coveredconditionals="25" methods="10" coveredmethods="10"/>
        <line num="12" count="274" type="stmt"/>
        <line num="13" count="352" type="stmt"/>
        <line num="14" count="72" type="stmt"/>
        <line num="15" count="72" type="stmt"/>
        <line num="16" count="72" type="stmt"/>
        <line num="22" count="4" type="stmt"/>
        <line num="33" count="28" type="stmt"/>
        <line num="37" count="4" type="stmt"/>
        <line num="50" count="8" type="stmt"/>
        <line num="74" count="39" type="stmt"/>
      </file>
      <file name="DropDownInboxController.js" path="/app/src/components/Layouts/NavBar/DropDownInboxController.js">
        <metrics statements="28" coveredstatements="26" conditionals="8" coveredconditionals="5" methods="5" coveredmethods="5"/>
        <line num="7" count="274" type="stmt"/>
        <line num="8" count="4" type="stmt"/>
        <line num="9" count="4" type="stmt"/>
        <line num="10" count="4" type="cond" truecount="1" falsecount="1"/>
        <line num="11" count="4" type="stmt"/>
        <line num="13" count="0" type="stmt"/>
        <line num="14" count="0" type="stmt"/>
        <line num="18" count="274" type="stmt"/>
        <line num="19" count="4" type="stmt"/>
        <line num="20" count="4" type="cond" truecount="1" falsecount="1"/>
        <line num="21" count="4" type="stmt"/>
        <line num="22" count="4" type="stmt"/>
        <line num="23" count="4" type="stmt"/>
        <line num="25" count="4" type="stmt"/>
        <line num="27" count="4" type="stmt"/>
        <line num="30" count="274" type="stmt"/>
        <line num="31" count="13" type="stmt"/>
        <line num="32" count="13" type="stmt"/>
        <line num="33" count="13" type="cond" truecount="2" falsecount="0"/>
        <line num="34" count="4" type="stmt"/>
        <line num="36" count="9" type="stmt"/>
        <line num="38" count="13" type="stmt"/>
        <line num="40" count="13" type="stmt"/>
        <line num="41" count="13" type="stmt"/>
        <line num="44" count="274" type="stmt"/>
        <line num="45" count="13" type="stmt"/>
        <line num="46" count="13" type="cond" truecount="1" falsecount="1"/>
        <line num="47" count="13" type="stmt"/>
      </file>
      <file name="DropDownInboxService.js" path="/app/src/components/Layouts/NavBar/DropDownInboxService.js">
        <metrics statements="20" coveredstatements="8" conditionals="4" coveredconditionals="0" methods="2" coveredmethods="2"/>
        <line num="4" count="274" type="stmt"/>
        <line num="5" count="13" type="stmt"/>
        <line num="6" count="13" type="stmt"/>
        <line num="7" count="13" type="stmt"/>
        <line num="9" count="0" type="cond" truecount="0" falsecount="2"/>
        <line num="11" count="0" type="stmt"/>
        <line num="12" count="0" type="stmt"/>
        <line num="13" count="0" type="stmt"/>
        <line num="15" count="0" type="stmt"/>
        <line num="17" count="0" type="stmt"/>
        <line num="21" count="274" type="stmt"/>
        <line num="22" count="4" type="stmt"/>
        <line num="23" count="4" type="stmt"/>
        <line num="24" count="4" type="stmt"/>
        <line num="26" count="0" type="cond" truecount="0" falsecount="2"/>
        <line num="28" count="0" type="stmt"/>
        <line num="29" count="0" type="stmt"/>
        <line num="30" count="0" type="stmt"/>
        <line num="32" count="0" type="stmt"/>
        <line num="34" count="0" type="stmt"/>
      </file>
      <file name="DropDownProfile.js" path="/app/src/components/Layouts/NavBar/DropDownProfile.js">
        <metrics statements="14" coveredstatements="5" conditionals="4" coveredconditionals="3" methods="4" coveredmethods="2"/>
        <line num="17" count="274" type="stmt"/>
        <line num="19" count="27" type="stmt"/>
        <line num="20" count="27" type="stmt"/>
        <line num="21" count="27" type="stmt"/>
        <line num="22" count="0" type="stmt"/>
        <line num="23" count="0" type="stmt"/>
        <line num="24" count="0" type="stmt"/>
        <line num="25" count="0" type="stmt"/>
        <line num="26" count="0" type="stmt"/>
        <line num="27" count="0" type="stmt"/>
        <line num="28" count="0" type="stmt"/>
        <line num="29" count="0" type="stmt"/>
        <line num="31" count="27" type="stmt"/>
        <line num="97" count="0" type="stmt"/>
      </file>
      <file name="DropDownProfileService.js" path="/app/src/components/Layouts/NavBar/DropDownProfileService.js">
        <metrics statements="10" coveredstatements="9" conditionals="2" coveredconditionals="1" methods="1" coveredmethods="1"/>
        <line num="4" count="274" type="stmt"/>
        <line num="5" count="120" type="stmt"/>
        <line num="6" count="120" type="stmt"/>
        <line num="7" count="96" type="stmt"/>
        <line num="10" count="12" type="cond" truecount="1" falsecount="1"/>
        <line num="12" count="12" type="stmt"/>
        <line num="13" count="12" type="stmt"/>
        <line num="14" count="12" type="stmt"/>
        <line num="16" count="0" type="stmt"/>
        <line num="18" count="12" type="stmt"/>
      </file>
      <file name="HomePageNavBar.js" path="/app/src/components/Layouts/NavBar/HomePageNavBar.js">
        <metrics statements="7" coveredstatements="5" conditionals="2" coveredconditionals="1" methods="4" coveredmethods="1"/>
        <line num="9" count="274" type="stmt"/>
        <line num="10" count="89" type="stmt"/>
        <line num="11" count="89" type="stmt"/>
        <line num="12" count="89" type="stmt"/>
        <line num="13" count="0" type="stmt"/>
        <line num="16" count="89" type="stmt"/>
        <line num="28" count="0" type="stmt"/>
      </file>
      <file name="List.js" path="/app/src/components/Layouts/NavBar/List.js">
        <metrics statements="7" coveredstatements="1" conditionals="0" coveredconditionals="0" methods="3" coveredmethods="0"/>
        <line num="15" count="274" type="stmt"/>
        <line num="16" count="0" type="stmt"/>
[...]
        <line num="5" count="274" type="stmt"/>
        <line num="27" count="3" type="stmt"/>
        <line num="30" count="13" type="stmt"/>
        <line num="34" count="0" type="stmt"/>
        <line num="35" count="0" type="stmt"/>
        <line num="38" count="40" type="stmt"/>
        <line num="41" count="41" type="stmt"/>
        <line num="42" count="410" type="stmt"/>
        <line num="46" count="0" type="stmt"/>
        <line num="49" count="265" type="stmt"/>
        <line num="52" count="265" type="stmt"/>
        <line num="55" count="265" type="stmt"/>
        <line num="58" count="0" type="stmt"/>
        <line num="59" count="0" type="stmt"/>
        <line num="62" count="0" type="stmt"/>
        <line num="63" count="0" type="stmt"/>
        <line num="66" count="0" type="stmt"/>
        <line num="67" count="0" type="stmt"/>
        <line num="70" count="0" type="stmt"/>
        <line num="73" count="0" type="stmt"/>
        <line num="76" count="39" type="stmt"/>
        <line num="79" count="0" type="stmt"/>
        <line num="82" count="40" type="stmt"/>
        <line num="85" count="0" type="stmt"/>
        <line num="88" count="79" type="stmt"/>
        <line num="91" count="0" type="stmt"/>
        <line num="94" count="1" type="stmt"/>
        <line num="95" count="1" type="stmt"/>
        <line num="96" count="0" type="stmt"/>
        <line num="108" count="274" type="stmt"/>
        <line num="109" count="274" type="stmt"/>
      </file>
      <file name="DropDownInbox.js" path="/app/src/redux/DropDownInbox.js">
        <metrics statements="10" coveredstatements="10" conditionals="0" coveredconditionals="0" methods="5" coveredmethods="5"/>
        <line num="3" count="274" type="stmt"/>
        <line num="13" count="13" type="stmt"/>
        <line num="14" count="13" type="stmt"/>
        <line num="15" count="13" type="stmt"/>
        <line num="16" count="13" type="stmt"/>
        <line num="19" count="13" type="stmt"/>
        <line num="22" count="4" type="stmt"/>
        <line num="25" count="4" type="stmt"/>
        <line num="28" count="32" type="stmt"/>
        <line num="33" count="274" type="stmt"/>
      </file>
      <file name="EmailSection.js" path="/app/src/redux/EmailSection.js">
        <metrics statements="7" coveredstatements="3" conditionals="0" coveredconditionals="0" methods="5" coveredmethods="1"/>
        <line num="4" count="274" type="stmt"/>
        <line num="15" count="0" type="stmt"/>
        <line num="18" count="40" type="stmt"/>
        <line num="21" count="0" type="stmt"/>
        <line num="24" count="0" type="stmt"/>
        <line num="27" count="0" type="stmt"/>
        <line num="39" count="274" type="stmt"/>
      </file>
      <file name="ExploreRecuder.js" path="/app/src/redux/ExploreRecuder.js">
        <metrics statements="28" coveredstatements="8" conditionals="0" coveredconditionals="0" methods="18" coveredmethods="4"/>
        <line num="3" count="274" type="stmt"/>
        <line num="25" count="0" type="stmt"/>
        <line num="26" count="0" type="stmt"/>
        <line num="30" count="8" type="stmt"/>
        <line num="31" count="70" type="stmt"/>
        <line num="35" count="0" type="stmt"/>
        <line num="36" count="0" type="stmt"/>
        <line num="40" count="0" type="stmt"/>
        <line num="41" count="0" type="stmt"/>
        <line num="45" count="0" type="stmt"/>
        <line num="46" count="0" type="stmt"/>
        <line num="50" count="13" type="stmt"/>
        <line num="51" count="13" type="stmt"/>
        <line num="54" count="0" type="stmt"/>
        <line num="57" count="0" type="stmt"/>
        <line num="60" count="0" type="stmt"/>
        <line num="61" count="0" type="stmt"/>
        <line num="65" count="0" type="stmt"/>
        <line num="66" count="0" type="stmt"/>
        <line num="70" count="16" type="stmt"/>
        <line num="73" count="0" type="stmt"/>
        <line num="76" count="8" type="stmt"/>
        <line num="79" count="0" type="stmt"/>
        <line num="82" count="0" type="stmt"/>
        <line num="85" count="0" type="stmt"/>
        <line num="88" count="0" type="stmt"/>
        <line num="91" count="0" type="stmt"/>
        <line num="115" count="274" type="stmt"/>
      </file>
      <file name="Likes.js" path="/app/src/redux/Likes.js">
        <metrics statements="11" coveredstatements="2" conditionals="0" coveredconditionals="0" methods="8" coveredmethods="0"/>
        <line num="4" count="274" type="stmt"/>
        <line num="15" count="0" type="stmt"/>
        <line num="18" count="0" type="stmt"/>
        <line num="21" count="0" type="stmt"/>
        <line num="24" count="0" type="stmt"/>
        <line num="27" count="0" type="stmt"/>
        <line num="30" count="0" type="stmt"/>
        <line num="31" count="0" type="stmt"/>
        <line num="32" count="0" type="stmt"/>
        <line num="35" count="0" type="stmt"/>
        <line num="43" count="274" type="stmt"/>
      </file>
      <file name="NavNotifications.js" path="/app/src/redux/NavNotifications.js">
        <metrics statements="4" coveredstatements="3" conditionals="0" coveredconditionals="0" methods="2" coveredmethods="1"/>
        <line num="4" count="274" type="stmt"/>
        <line num="11" count="0" type="stmt"/>
        <line num="14" count="6" type="stmt"/>
        <line num="21" count="274" type="stmt"/>
      </file>
      <file name="Notifications.js" path="/app/src/redux/Notifications.js">
        <metrics statements="9" coveredstatements="2" conditionals="0" coveredconditionals="0" methods="6" coveredmethods="0"/>
        <line num="4" count="274" type="stmt"/>
        <line num="16" count="0" type="stmt"/>
        <line num="19" count="0" type="stmt"/>
        <line num="22" count="0" type="stmt"/>
        <line num="25" count="0" type="stmt"/>
        <line num="26" count="0" type="stmt"/>
        <line num="29" count="0" type="stmt"/>
        <line num="32" count="0" type="stmt"/>
        <line num="44" count="274" type="stmt"/>
      </file>
      <file name="PasswordSection.js" path="/app/src/redux/PasswordSection.js">
        <metrics statements="6" coveredstatements="5" conditionals="0" coveredconditionals="0" methods="4" coveredmethods="3"/>
        <line num="4" count="274" type="stmt"/>
        <line num="14" count="0" type="stmt"/>
        <line num="17" count="406" type="stmt"/>
        <line num="20" count="388" type="stmt"/>
        <line num="23" count="490" type="stmt"/>
        <line num="34" count="274" type="stmt"/>
      </file>
      <file name="SearchReducer.js" path="/app/src/redux/SearchReducer.js">
        <metrics statements="30" coveredstatements="7" conditionals="0" coveredconditionals="0" methods="20" coveredmethods="4"/>
        <line num="3" count="274" type="stmt"/>
        <line num="27" count="13" type="stmt"/>
        <line num="30" count="21" type="stmt"/>
        <line num="33" count="0" type="stmt"/>
        <line num="34" count="0" type="stmt"/>
        <line num="38" count="21" type="stmt"/>
        <line num="39" count="22" type="stmt"/>
        <line num="43" count="0" type="stmt"/>
        <line num="44" count="0" type="stmt"/>
        <line num="48" count="0" type="stmt"/>
        <line num="49" count="0" type="stmt"/>
        <line num="53" count="0" type="stmt"/>
        <line num="54" count="0" type="stmt"/>
        <line num="58" count="0" type="stmt"/>
        <line num="59" count="0" type="stmt"/>
        <line num="62" count="0" type="stmt"/>
        <line num="65" count="0" type="stmt"/>
        <line num="68" count="0" type="stmt"/>
        <line num="69" count="0" type="stmt"/>
        <line num="73" count="0" type="stmt"/>
        <line num="74" count="0" type="stmt"/>
        <line num="78" count="26" type="stmt"/>
        <line num="81" count="0" type="stmt"/>
        <line num="84" count="0" type="stmt"/>
        <line num="87" count="0" type="stmt"/>
        <line num="90" count="0" type="stmt"/>
        <line num="93" count="0" type="stmt"/>
        <line num="96" count="0" type="stmt"/>
        <line num="99" count="0" type="stmt"/>
        <line num="125" count="274" type="stmt"/>
      </file>
      <file name="SecuritySection.js" path="/app/src/redux/SecuritySection.js">
        <metrics statements="4" coveredstatements="2" conditionals="0" coveredconditionals="0" methods="2" coveredmethods="0"/>
        <line num="4" count="274" type="stmt"/>
        <line num="12" count="0" type="stmt"/>
        <line num="15" count="0" type="stmt"/>
        <line num="24" count="274" type="stmt"/>
      </file>
      <file name="UserInfo.js" path="/app/src/redux/UserInfo.js">
        <metrics statements="3" coveredstatements="3" conditionals="0" coveredconditionals="0" methods="1" coveredmethods="1"/>
        <line num="4" count="274" type="stmt"/>
        <line num="11" count="86" type="stmt"/>
        <line num="18" count="274" type="stmt"/>
      </file>
      <file name="blog.js" path="/app/src/redux/blog.js">
        <metrics statements="12" coveredstatements="2" conditionals="0" coveredconditionals="0" methods="10" coveredmethods="0"/>
        <line num="4" count="274" type="stmt"/>
        <line num="20" count="0" type="stmt"/>
        <line num="23" count="0" type="stmt"/>
        <line num="26" count="0" type="stmt"/>
        <line num="29" count="0" type="stmt"/>
        <line num="32" count="0" type="stmt"/>
        <line num="35" count="0" type="stmt"/>
        <line num="38" count="0" type="stmt"/>
        <line num="41" count="0" type="stmt"/>
        <line num="44" count="0" type="stmt"/>
        <line num="47" count="0" type="stmt"/>
        <line num="55" count="274" type="stmt"/>
      </file>
      <file name="blogDrafts.js" path="/app/src/redux/blogDrafts.js">
        <metrics statements="12" coveredstatements="3" conditionals="0" coveredconditionals="0" methods="8" coveredmethods="0"/>
        <line num="4" count="274" type="stmt"/>
        <line num="15" count="0" type="stmt"/>
        <line num="18" count="0" type="stmt"/>
        <line num="21" count="0" type="stmt"/>
        <line num="24" count="0" type="stmt"/>
        <line num="27" count="0" type="stmt"/>
        <line num="30" count="0" type="stmt"/>
        <line num="31" count="0" type="stmt"/>
        <line num="32" count="0" type="stmt"/>
        <line num="35" count="0" type="stmt"/>
        <line num="43" count="274" type="stmt"/>
        <line num="44" count="274" type="stmt"/>
      </file>
      <file name="blogFollowers.js" path="/app/src/redux/blogFollowers.js">
        <metrics statements="9" coveredstatements="2" conditionals="0" coveredconditionals="0" methods="7" coveredmethods="0"/>
        <line num="4" count="274" type="stmt"/>
        <line num="17" count="0" type="stmt"/>
        <line num="20" count="0" type="stmt"/>
        <line num="23" count="0" type="stmt"/>
        <line num="26" count="0" type="stmt"/>
        <line num="29" count="0" type="stmt"/>
        <line num="32" count="0" type="stmt"/>
        <line num="35" count="0" type="stmt"/>
        <line num="43" count="274" type="stmt"/>
      </file>
      <file name="blogPosts.js" path="/app/src/redux/blogPosts.js">
        <metrics statements="13" coveredstatements="3" conditionals="0" coveredconditionals="0" methods="8" coveredmethods="0"/>
        <line num="4" count="274" type="stmt"/>
        <line num="15" count="0" type="stmt"/>
        <line num="18" count="0" type="stmt"/>
        <line num="21" count="0" type="stmt"/>
        <line num="24" count="0" type="stmt"/>
        <line num="27" count="0" type="stmt"/>
        <line num="30" count="0" type="stmt"/>
        <line num="31" count="0" type="stmt"/>
        <line num="32" count="0" type="stmt"/>
        <line num="33" count="0" type="stmt"/>
        <line num="36" count="0" type="stmt"/>
        <line num="44" count="274" type="stmt"/>
        <line num="45" count="274" type="stmt"/>
      </file>
      <file name="blogview.js" path="/app/src/redux/blogview.js">
        <metrics statements="18" coveredstatements="3" conditionals="0" coveredconditionals="0" methods="14" coveredmethods="0"/>
        <line num="5" count="274" type="stmt"/>
        <line num="21" count="0" type="stmt"/>
        <line num="24" count="0" type="stmt"/>
        <line num="27" count="0" type="stmt"/>
        <line num="30" count="0" type="stmt"/>
        <line num="33" count="0" type="stmt"/>
        <line num="36" count="0" type="stmt"/>
        <line num="39" count="0" type="stmt"/>
        <line num="42" count="0" type="stmt"/>
        <line num="45" count="0" type="stmt"/>
        <line num="48" count="0" type="stmt"/>
        <line num="51" count="0" type="stmt"/>
        <line num="54" count="0" type="stmt"/>
        <line num="57" count="0" type="stmt"/>
        <line num="58" count="0" type="stmt"/>
        <line num="59" count="0" type="stmt"/>
        <line num="69" count="274" type="stmt"/>
        <line num="70" count="274" type="stmt"/>
      </file>
      <file name="createBlog.js" path="/app/src/redux/createBlog.js">
        <metrics statements="6" coveredstatements="2" conditionals="0" coveredconditionals="0" methods="4" coveredmethods="0"/>
        <line num="3" count="274" type="stmt"/>
        <line num="13" count="0" type="stmt"/>
        <line num="16" count="0" type="stmt"/>
        <line num="19" count="0" type="stmt"/>
        <line num="22" count="0" type="stmt"/>
        <line num="29" count="274" type="stmt"/>
      </file>
      <file name="forgetPassword.js" path="/app/src/redux/forgetPassword.js">
        <metrics statements="6" coveredstatements="2" conditionals="0" coveredconditionals="0" methods="4" coveredmethods="0"/>
        <line num="4" count="274" type="stmt"/>
        <line num="14" count="0" type="stmt"/>
        <line num="17" count="0" type="stmt"/>
        <line num="20" count="0" type="stmt"/>
        <line num="23" count="0" type="stmt"/>
        <line num="30" count="274" type="stmt"/>
      </file>
      <file name="login.js" path="/app/src/redux/login.js">
        <metrics statements="19" coveredstatements="15" conditionals="0" coveredconditionals="0" methods="5" coveredmethods="4"/>
        <line num="4" count="274" type="stmt"/>
        <line num="15" count="0" type="stmt"/>
        <line num="16" count="0" type="stmt"/>
        <line num="17" count="0" type="stmt"/>
        <line num="18" count="0" type="stmt"/>
        <line num="21" count="4" type="stmt"/>
        <line num="22" count="4" type="stmt"/>
        <line num="23" count="4" type="stmt"/>
        <line num="24" count="4" type="stmt"/>
        <line num="27" count="4" type="stmt"/>
        <line num="28" count="4" type="stmt"/>
        <line num="29" count="4" type="stmt"/>
        <line num="30" count="4" type="stmt"/>
        <line num="33" count="12" type="stmt"/>
        <line num="34" count="12" type="stmt"/>
        <line num="35" count="12" type="stmt"/>
        <line num="36" count="12" type="stmt"/>
        <line num="39" count="167" type="stmt"/>
        <line num="46" count="274" type="stmt"/>
      </file>
      <file name="mainPage.js" path="/app/src/redux/mainPage.js">
        <metrics statements="3" coveredstatements="3" conditionals="0" coveredconditionals="0" methods="1" coveredmethods="1"/>
        <line num="4" count="274" type="stmt"/>
        <line num="12" count="6" type="stmt"/>
        <line num="19" count="274" type="stmt"/>
      </file>
      <file name="newTextPost-slice.js" path="/app/src/redux/newTextPost-slice.js">
        <metrics statements="12" coveredstatements="7" conditionals="0" coveredconditionals="0" methods="9" coveredmethods="5"/>
        <line num="3" count="274" type="stmt"/>
        <line num="17" count="357" type="stmt"/>
        <line num="20" count="0" type="stmt"/>
        <line num="23" count="116" type="stmt"/>
        <line num="26" count="116" type="stmt"/>
        <line num="29" count="0" type="stmt"/>
        <line num="32" count="488" type="stmt"/>
        <line num="35" count="0" type="stmt"/>
        <line num="38" count="1" type="stmt"/>
        <line num="41" count="0" type="stmt"/>
        <line num="42" count="0" type="stmt"/>
        <line num="47" count="274" type="stmt"/>
      </file>
      <file name="register.js" path="/app/src/redux/register.js">
        <metrics statements="4" coveredstatements="4" conditionals="0" coveredconditionals="0" methods="2" coveredmethods="2"/>
        <line num="4" count="274" type="stmt"/>
        <line num="40" count="42" type="stmt"/>
        <line num="43" count="6" type="stmt"/>
        <line num="50" count="274" type="stmt"/>
      </file>
      <file name="store.js" path="/app/src/redux/store.js">
        <metrics statements="1" coveredstatements="1" conditionals="0" coveredconditionals="0" methods="1" coveredmethods="1"/>
        <line num="61" count="274" type="stmt"/>
      </file>
      <file name="suggestList.js" path="/app/src/redux/suggestList.js">
        <metrics statements="9" coveredstatements="8" conditionals="0" coveredconditionals="0" methods="4" coveredmethods="3"/>
        <line num="4" count="274" type="stmt"/>
        <line num="13" count="5" type="stmt"/>
        <line num="14" count="90" type="stmt"/>
        <line num="17" count="5" type="stmt"/>
        <line num="18" count="5" type="stmt"/>
        <line num="19" count="5" type="stmt"/>
        <line num="22" count="4" type="stmt"/>
        <line num="25" count="0" type="stmt"/>
        <line num="31" count="274" type="stmt"/>
      </file>
      <file name="userBlogs-actions.js" path="/app/src/redux/userBlogs-actions.js">
        <metrics statements="9" coveredstatements="8" conditionals="2" coveredconditionals="1" methods="3" coveredmethods="3"/>
        <line num="5" count="274" type="stmt"/>
        <line num="6" count="289" type="stmt"/>
        <line num="7" count="289" type="stmt"/>
        <line num="8" count="289" type="stmt"/>
        <line num="10" count="52" type="stmt"/>
        <line num="12" count="16" type="stmt"/>
        <line num="14" count="265" type="cond" truecount="1" falsecount="1"/>
        <line num="15" count="265" type="stmt"/>
        <line num="17" count="0" type="stmt"/>
      </file>
      <file name="userBlogs-slice.js" path="/app/src/redux/userBlogs-slice.js">
        <metrics statements="5" coveredstatements="4" conditionals="0" coveredconditionals="0" methods="3" coveredmethods="2"/>
        <line num="3" count="274" type="stmt"/>
        <line num="8" count="16" type="stmt"/>
        <line num="9" count="16" type="stmt"/>
        <line num="12" count="0" type="stmt"/>
        <line num="16" count="274" type="stmt"/>
      </file>
      <file name="userFollowing.js" path="/app/src/redux/userFollowing.js">
        <metrics statements="18" coveredstatements="2" conditionals="2" coveredconditionals="0" methods="12" coveredmethods="0"/>
        <line num="4" count="274" type="stmt"/>
        <line num="20" count="0" type="stmt"/>
        <line num="23" count="0" type="stmt"/>
        <line num="24" count="0" type="stmt"/>
        <line num="25" count="0" type="stmt"/>
        <line num="28" count="0" type="stmt"/>
        <line num="31" count="0" type="stmt"/>
        <line num="34" count="0" type="stmt"/>
        <line num="37" count="0" type="stmt"/>
        <line num="40" count="0" type="stmt"/>
        <line num="43" count="0" type="stmt"/>
        <line num="44" count="0" type="stmt"/>
        <line num="45" count="0" type="cond" truecount="0" falsecount="2"/>
        <line num="46" count="0" type="stmt"/>
        <line num="51" count="0" type="stmt"/>
        <line num="54" count="0" type="stmt"/>
        <line num="57" count="0" type="stmt"/>
        <line num="66" count="274" type="stmt"/>
      </file>
    </package>
  </project>
</coverage>
