{"total": {"lines":{"total":3037,"covered":1278,"skipped":0,"pct":42.08},"statements":{"total":3201,"covered":1337,"skipped":0,"pct":41.77},"functions":{"total":850,"covered":329,"skipped":0,"pct":38.71},"branches":{"total":1126,"covered":373,"skipped":0,"pct":33.13}}
,"/app/src/App.js": {"lines":{"total":8,"covered":8,"skipped":0,"pct":100},"functions":{"total":4,"covered":4,"skipped":0,"pct":100},"statements":{"total":9,"covered":9,"skipped":0,"pct":100},"branches":{"total":4,"covered":4,"skipped":0,"pct":100}}
,"/app/src/UpdateNotifications.js": {"lines":{"total":8,"covered":8,"skipped":0,"pct":100},"functions":{"total":2,"covered":2,"skipped":0,"pct":100},"statements":{"total":8,"covered":8,"skipped":0,"pct":100},"branches":{"total":0,"covered":0,"skipped":0,"pct":100}}
,"/app/src/index.js": {"lines":{"total":1,"covered":1,"skipped":0,"pct":100},"functions":{"total":0,"covered":0,"skipped":0,"pct":100},"statements":{"total":1,"covered":1,"skipped":0,"pct":100},"branches":{"total":0,"covered":0,"skipped":0,"pct":100}}
,"/app/src/api/api.js": {"lines":{"total":9,"covered":9,"skipped":0,"pct":100},"functions":{"total":1,"covered":1,"skipped":0,"pct":100},"statements":{"total":9,"covered":9,"skipped":0,"pct":100},"branches":{"total":6,"covered":6,"skipped":0,"pct":100}}
,"/app/src/components/Account/Account.jsx": {"lines":{"total":3,"covered":3,"skipped":0,"pct":100},"functions":{"total":1,"covered":1,"skipped":0,"pct":100},"statements":{"total":3,"covered":3,"skipped":0,"pct":100},"branches":{"total":0,"covered":0,"skipped":0,"pct":100}}
,"/app/src/components/Account/AccountServices.js": {"lines":{"total":12,"covered":5,"skipped":0,"pct":41.67},"functions":{"total":3,"covered":2,"skipped":0,"pct":66.67},"statements":{"total":12,"covered":5,"skipped":0,"pct":41.67},"branches":{"total":0,"covered":0,"skipped":0,"pct":100}}
,"/app/src/components/Account/EmailSection/EmailSection.jsx": {"lines":{"total":5,"covered":5,"skipped":0,"pct":100},"functions":{"total":4,"covered":4,"skipped":0,"pct":100},"statements":{"total":6,"covered":6,"skipped":0,"pct":100},"branches":{"total":0,"covered":0,"skipped":0,"pct":100}}
,"/app/src/components/Account/EmailSection/EmailSectionController.js": {"lines":{"total":54,"covered":26,"skipped":0,"pct":48.15},"functions":{"total":10,"covered":4,"skipped":0,"pct":40},"statements":{"total":54,"covered":26,"skipped":0,"pct":48.15},"branches":{"total":21,"covered":6,"skipped":0,"pct":28.57}}
,"/app/src/components/Account/EmailSection/EmailSectionServices.js": {"lines":{"total":11,"covered":2,"skipped":0,"pct":18.18},"functions":{"total":5,"covered":0,"skipped":0,"pct":0},"statements":{"total":11,"covered":2,"skipped":0,"pct":18.18},"branches":{"total":0,"covered":0,"skipped":0,"pct":100}}
,"/app/src/components/Account/PasswordSection/PasswordSection.jsx": {"lines":{"total":4,"covered":4,"skipped":0,"pct":100},"functions":{"total":3,"covered":3,"skipped":0,"pct":100},"statements":{"total":5,"covered":5,"skipped":0,"pct":100},"branches":{"total":0,"covered":0,"skipped":0,"pct":100}}
,"/app/src/components/Account/PasswordSection/PasswordSectionController.js": {"lines":{"total":61,"covered":59,"skipped":0,"pct":96.72},"functions":{"total":13,"covered":13,"skipped":0,"pct":100},"statements":{"total":61,"covered":59,"skipped":0,"pct":96.72},"branches":{"total":23,"covered":16,"skipped":0,"pct":69.57}}
,"/app/src/components/Account/PasswordSection/PasswordSectionServices.js": {"lines":{"total":5,"covered":4,"skipped":0,"pct":80},"functions":{"total":3,"covered":2,"skipped":0,"pct":66.67},"statements":{"total":5,"covered":4,"skipped":0,"pct":80},"branches":{"total":0,"covered":0,"skipped":0,"pct":100}}
,"/app/src/components/Account/SecuritySection/SecuritySection.jsx": {"lines":{"total":5,"covered":4,"skipped":0,"pct":80},"functions":{"total":3,"covered":2,"skipped":0,"pct":66.67},"statements":{"total":5,"covered":4,"skipped":0,"pct":80},"branches":{"total":0,"covered":0,"skipped":0,"pct":100}}
,"/app/src/components/Account/SecuritySection/SecuritySectionController.js": {"lines":{"total":7,"covered":1,"skipped":0,"pct":14.29},"functions":{"total":1,"covered":0,"skipped":0,"pct":0},"statements":{"total":7,"covered":1,"skipped":0,"pct":14.29},"branches":{"total":2,"covered":0,"skipped":0,"pct":0}}
,"/app/src/components/Account/SecuritySection/SecuritySectionServices.js": {"lines":{"total":5,"covered":1,"skipped":0,"pct":20},"functions":{"total":3,"covered":0,"skipped":0,"pct":0},"statements":{"total":5,"covered":1,"skipped":0,"pct":20},"branches":{"total":0,"covered":0,"skipped":0,"pct":100}}
,"/app/src/components/Blog/BlockService/blockService.js": {"lines":{"total":23,"covered":3,"skipped":0,"pct":13.04},"functions":{"total":3,"covered":0,"skipped":0,"pct":0},"statements":{"total":23,"covered":3,"skipped":0,"pct":13.04},"branches":{"total":6,"covered":0,"skipped":0,"pct":0}}
,"/app/src/components/Blog/BlogSideNav/BlogSideNav.jsx": {"lines":{"total":3,"covered":1,"skipped":0,"pct":33.33},"functions":{"total":2,"covered":0,"skipped":0,"pct":0},"statements":{"total":4,"covered":1,"skipped":0,"pct":25},"branches":{"total":2,"covered":0,"skipped":0,"pct":0}}
,"/app/src/components/Blog/Drafts/Drafts.jsx": {"lines":{"total":15,"covered":1,"skipped":0,"pct":6.67},"functions":{"total":7,"covered":0,"skipped":0,"pct":0},"statements":{"total":17,"covered":1,"skipped":0,"pct":5.88},"branches":{"total":17,"covered":0,"skipped":0,"pct":0}}
,"/app/src/components/Blog/Drafts/DraftsService.js": {"lines":{"total":15,"covered":1,"skipped":0,"pct":6.67},"functions":{"total":2,"covered":0,"skipped":0,"pct":0},"statements":{"total":15,"covered":1,"skipped":0,"pct":6.67},"branches":{"total":2,"covered":0,"skipped":0,"pct":0}}
,"/app/src/components/Blog/Followers/Followers.js": {"lines":{"total":9,"covered":1,"skipped":0,"pct":11.11},"functions":{"total":4,"covered":0,"skipped":0,"pct":0},"statements":{"total":11,"covered":1,"skipped":0,"pct":9.09},"branches":{"total":8,"covered":0,"skipped":0,"pct":0}}
,"/app/src/components/Blog/Followers/FollowersController.js": {"lines":{"total":26,"covered":1,"skipped":0,"pct":3.85},"functions":{"total":6,"covered":0,"skipped":0,"pct":0},"statements":{"total":28,"covered":1,"skipped":0,"pct":3.57},"branches":{"total":8,"covered":0,"skipped":0,"pct":0}}
,"/app/src/components/Blog/Followers/FollowersService.js": {"lines":{"total":10,"covered":1,"skipped":0,"pct":10},"functions":{"total":1,"covered":0,"skipped":0,"pct":0},"statements":{"total":10,"covered":1,"skipped":0,"pct":10},"branches":{"total":2,"covered":0,"skipped":0,"pct":0}}
,"/app/src/components/Blog/Followers/followerSection/FollowerSecionController.js": {"lines":{"total":13,"covered":1,"skipped":0,"pct":7.69},"functions":{"total":3,"covered":0,"skipped":0,"pct":0},"statements":{"total":16,"covered":1,"skipped":0,"pct":6.25},"branches":{"total":4,"covered":0,"skipped":0,"pct":0}}
,"/app/src/components/Blog/Followers/followerSection/FollowerSection.js": {"lines":{"total":6,"covered":1,"skipped":0,"pct":16.67},"functions":{"total":3,"covered":0,"skipped":0,"pct":0},"statements":{"total":6,"covered":1,"skipped":0,"pct":16.67},"branches":{"total":8,"covered":0,"skipped":0,"pct":0}}
,"/app/src/components/Blog/Followers/followerSection/followservice.js": {"lines":{"total":12,"covered":2,"skipped":0,"pct":16.67},"functions":{"total":2,"covered":0,"skipped":0,"pct":0},"statements":{"total":12,"covered":2,"skipped":0,"pct":16.67},"branches":{"total":0,"covered":0,"skipped":0,"pct":100}}
,"/app/src/components/Blog/Loading/Loading.jsx": {"lines":{"total":2,"covered":2,"skipped":0,"pct":100},"functions":{"total":1,"covered":1,"skipped":0,"pct":100},"statements":{"total":2,"covered":2,"skipped":0,"pct":100},"branches":{"total":0,"covered":0,"skipped":0,"pct":100}}
,"/app/src/components/Blog/Posts/Posts.jsx": {"lines":{"total":15,"covered":1,"skipped":0,"pct":6.67},"functions":{"total":7,"covered":0,"skipped":0,"pct":0},"statements":{"total":17,"covered":1,"skipped":0,"pct":5.88},"branches":{"total":17,"covered":0,"skipped":0,"pct":0}}
,"/app/src/components/Blog/Posts/PostsControllers.js": {"lines":{"total":8,"covered":1,"skipped":0,"pct":12.5},"functions":{"total":2,"covered":0,"skipped":0,"pct":0},"statements":{"total":8,"covered":1,"skipped":0,"pct":12.5},"branches":{"total":6,"covered":0,"skipped":0,"pct":0}}
,"/app/src/components/Blog/Posts/PostsService.js": {"lines":{"total":15,"covered":1,"skipped":0,"pct":6.67},"functions":{"total":2,"covered":0,"skipped":0,"pct":0},"statements":{"total":15,"covered":1,"skipped":0,"pct":6.67},"branches":{"total":2,"covered":0,"skipped":0,"pct":0}}
,"/app/src/components/Blog/RadarService/RadarService.js": {"lines":{"total":4,"covered":1,"skipped":0,"pct":25},"functions":{"total":1,"covered":0,"skipped":0,"pct":0},"statements":{"total":4,"covered":1,"skipped":0,"pct":25},"branches":{"total":2,"covered":0,"skipped":0,"pct":0}}
,"/app/src/components/Blog/nothingAvailable/nothingAvailable.jsx": {"lines":{"total":1,"covered":0,"skipped":0,"pct":0},"functions":{"total":1,"covered":0,"skipped":0,"pct":0},"statements":{"total":1,"covered":0,"skipped":0,"pct":0},"branches":{"total":0,"covered":0,"skipped":0,"pct":100}}
,"/app/src/components/Dashboard/Dashboard.jsx": {"lines":{"total":3,"covered":1,"skipped":0,"pct":33.33},"functions":{"total":1,"covered":0,"skipped":0,"pct":0},"statements":{"total":3,"covered":1,"skipped":0,"pct":33.33},"branches":{"total":0,"covered":0,"skipped":0,"pct":100}}
,"/app/src/components/Dashboard/DashboardServices.js": {"lines":{"total":9,"covered":1,"skipped":0,"pct":11.11},"functions":{"total":3,"covered":0,"skipped":0,"pct":0},"statements":{"total":9,"covered":1,"skipped":0,"pct":11.11},"branches":{"total":0,"covered":0,"skipped":0,"pct":100}}
,"/app/src/components/Dashboard/Chat/Chat.js": {"lines":{"total":6,"covered":5,"skipped":0,"pct":83.33},"functions":{"total":4,"covered":3,"skipped":0,"pct":75},"statements":{"total":8,"covered":7,"skipped":0,"pct":87.5},"branches":{"total":0,"covered":0,"skipped":0,"pct":100}}
,"/app/src/components/Dashboard/Chat/ChatContent.js": {"lines":{"total":6,"covered":6,"skipped":0,"pct":100},"functions":{"total":4,"covered":4,"skipped":0,"pct":100},"statements":{"total":8,"covered":8,"skipped":0,"pct":100},"branches":{"total":22,"covered":11,"skipped":0,"pct":50}}
,"/app/src/components/Dashboard/Chat/ChatController.js": {"lines":{"total":42,"covered":27,"skipped":0,"pct":64.29},"functions":{"total":11,"covered":5,"skipped":0,"pct":45.45},"statements":{"total":42,"covered":27,"skipped":0,"pct":64.29},"branches":{"total":8,"covered":4,"skipped":0,"pct":50}}
,"/app/src/components/Dashboard/Chat/ChatFooter.js": {"lines":{"total":7,"covered":6,"skipped":0,"pct":85.71},"functions":{"total":5,"covered":4,"skipped":0,"pct":80},"statements":{"total":8,"covered":7,"skipped":0,"pct":87.5},"branches":{"total":0,"covered":0,"skipped":0,"pct":100}}
,"/app/src/components/Dashboard/Chat/ChatHeader.js": {"lines":{"total":7,"covered":3,"skipped":0,"pct":42.86},"functions":{"total":6,"covered":2,"skipped":0,"pct":33.33},"statements":{"total":8,"covered":4,"skipped":0,"pct":50},"branches":{"total":2,"covered":1,"skipped":0,"pct":50}}
,"/app/src/components/Dashboard/Chat/ChatServices.js": {"lines":{"total":33,"covered":6,"skipped":0,"pct":18.18},"functions":{"total":3,"covered":1,"skipped":0,"pct":33.33},"statements":{"total":33,"covered":6,"skipped":0,"pct":18.18},"branches":{"total":6,"covered":0,"skipped":0,"pct":0}}
,"/app/src/components/Dashboard/Interface/Interface.jsx": {"lines":{"total":4,"covered":1,"skipped":0,"pct":25},"functions":{"total":2,"covered":0,"skipped":0,"pct":0},"statements":{"total":4,"covered":1,"skipped":0,"pct":25},"branches":{"total":0,"covered":0,"skipped":0,"pct":100}}
,"/app/src/components/Dashboard/Interface/InterfaceServices.js": {"lines":{"total":7,"covered":1,"skipped":0,"pct":14.29},"functions":{"total":3,"covered":0,"skipped":0,"pct":0},"statements":{"total":7,"covered":1,"skipped":0,"pct":14.29},"branches":{"total":0,"covered":0,"skipped":0,"pct":100}}
,"/app/src/components/Dashboard/Main UI/NavigateButtons.js": {"lines":{"total":6,"covered":4,"skipped":0,"pct":66.67},"functions":{"total":4,"covered":2,"skipped":0,"pct":50},"statements":{"total":8,"covered":5,"skipped":0,"pct":62.5},"branches":{"total":8,"covered":5,"skipped":0,"pct":62.5}}
,"/app/src/components/Dashboard/NewPost/Newpost.js": {"lines":{"total":2,"covered":2,"skipped":0,"pct":100},"functions":{"total":1,"covered":1,"skipped":0,"pct":100},"statements":{"total":2,"covered":2,"skipped":0,"pct":100},"branches":{"total":6,"covered":6,"skipped":0,"pct":100}}
,"/app/src/components/Dashboard/Preferences/Preferences.jsx": {"lines":{"total":13,"covered":1,"skipped":0,"pct":7.69},"functions":{"total":6,"covered":0,"skipped":0,"pct":0},"statements":{"total":17,"covered":1,"skipped":0,"pct":5.88},"branches":{"total":6,"covered":0,"skipped":0,"pct":0}}
,"/app/src/components/Dashboard/Sounds/Sounds.jsx": {"lines":{"total":4,"covered":1,"skipped":0,"pct":25},"functions":{"total":2,"covered":0,"skipped":0,"pct":0},"statements":{"total":4,"covered":1,"skipped":0,"pct":25},"branches":{"total":0,"covered":0,"skipped":0,"pct":100}}
,"/app/src/components/Dashboard/Sounds/SoundsServices.js": {"lines":{"total":6,"covered":1,"skipped":0,"pct":16.67},"functions":{"total":3,"covered":0,"skipped":0,"pct":0},"statements":{"total":6,"covered":1,"skipped":0,"pct":16.67},"branches":{"total":0,"covered":0,"skipped":0,"pct":100}}
,"/app/src/components/ExploreAside/CheckBlog.jsx": {"lines":{"total":6,"covered":6,"skipped":0,"pct":100},"functions":{"total":4,"covered":4,"skipped":0,"pct":100},"statements":{"total":7,"covered":7,"skipped":0,"pct":100},"branches":{"total":0,"covered":0,"skipped":0,"pct":100}}
,"/app/src/components/ExploreAside/CheckBlogController.js": {"lines":{"total":14,"covered":2,"skipped":0,"pct":14.29},"functions":{"total":2,"covered":0,"skipped":0,"pct":0},"statements":{"total":16,"covered":2,"skipped":0,"pct":12.5},"branches":{"total":4,"covered":0,"skipped":0,"pct":0}}
,"/app/src/components/ExploreAside/CheckBlogServices.js": {"lines":{"total":9,"covered":4,"skipped":0,"pct":44.44},"functions":{"total":6,"covered":2,"skipped":0,"pct":33.33},"statements":{"total":9,"covered":4,"skipped":0,"pct":44.44},"branches":{"total":2,"covered":0,"skipped":0,"pct":0}}
,"/app/src/components/ExploreAside/ExploreAside.jsx": {"lines":{"total":1,"covered":1,"skipped":0,"pct":100},"functions":{"total":1,"covered":1,"skipped":0,"pct":100},"statements":{"total":1,"covered":1,"skipped":0,"pct":100},"branches":{"total":0,"covered":0,"skipped":0,"pct":100}}
,"/app/src/components/ExploreSection/ExploreSection.jsx": {"lines":{"total":2,"covered":2,"skipped":0,"pct":100},"functions":{"total":1,"covered":1,"skipped":0,"pct":100},"statements":{"total":2,"covered":2,"skipped":0,"pct":100},"branches":{"total":0,"covered":0,"skipped":0,"pct":100}}
,"/app/src/components/ExploreSection/ExploreSectionController.js": {"lines":{"total":22,"covered":13,"skipped":0,"pct":59.09},"functions":{"total":4,"covered":2,"skipped":0,"pct":50},"statements":{"total":22,"covered":13,"skipped":0,"pct":59.09},"branches":{"total":10,"covered":3,"skipped":0,"pct":30}}
,"/app/src/components/ExploreSection/ExploreSectionServices.js": {"lines":{"total":50,"covered":15,"skipped":0,"pct":30},"functions":{"total":3,"covered":2,"skipped":0,"pct":66.67},"statements":{"total":50,"covered":15,"skipped":0,"pct":30},"branches":{"total":28,"covered":3,"skipped":0,"pct":10.71}}
,"/app/src/components/ExploreSection/FourFlexData.jsx": {"lines":{"total":10,"covered":2,"skipped":0,"pct":20},"functions":{"total":5,"covered":1,"skipped":0,"pct":20},"statements":{"total":10,"covered":2,"skipped":0,"pct":20},"branches":{"total":8,"covered":0,"skipped":0,"pct":0}}
,"/app/src/components/ExploreSection/OneFlexData.jsx": {"lines":{"total":5,"covered":0,"skipped":0,"pct":0},"functions":{"total":3,"covered":0,"skipped":0,"pct":0},"statements":{"total":5,"covered":0,"skipped":0,"pct":0},"branches":{"total":0,"covered":0,"skipped":0,"pct":100}}
,"/app/src/components/ExploreSection/ThreeFlexesData.jsx": {"lines":{"total":8,"covered":0,"skipped":0,"pct":0},"functions":{"total":4,"covered":0,"skipped":0,"pct":0},"statements":{"total":8,"covered":0,"skipped":0,"pct":0},"branches":{"total":6,"covered":0,"skipped":0,"pct":0}}
,"/app/src/components/ExploreSection/TwoFlexesData.jsx": {"lines":{"total":6,"covered":6,"skipped":0,"pct":100},"functions":{"total":3,"covered":3,"skipped":0,"pct":100},"statements":{"total":6,"covered":6,"skipped":0,"pct":100},"branches":{"total":4,"covered":4,"skipped":0,"pct":100}}
,"/app/src/components/ExploreSection/Asks/Asks.jsx": {"lines":{"total":3,"covered":0,"skipped":0,"pct":0},"functions":{"total":2,"covered":0,"skipped":0,"pct":0},"statements":{"total":4,"covered":0,"skipped":0,"pct":0},"branches":{"total":6,"covered":0,"skipped":0,"pct":0}}
,"/app/src/components/ExploreSection/Audio/Audio.jsx": {"lines":{"total":3,"covered":0,"skipped":0,"pct":0},"functions":{"total":2,"covered":0,"skipped":0,"pct":0},"statements":{"total":4,"covered":0,"skipped":0,"pct":0},"branches":{"total":6,"covered":0,"skipped":0,"pct":0}}
,"/app/src/components/ExploreSection/ExploreNavbar/ExploreNavBarController.js": {"lines":{"total":72,"covered":22,"skipped":0,"pct":30.56},"functions":{"total":9,"covered":5,"skipped":0,"pct":55.56},"statements":{"total":73,"covered":23,"skipped":0,"pct":31.51},"branches":{"total":14,"covered":3,"skipped":0,"pct":21.43}}
,"/app/src/components/ExploreSection/ExploreNavbar/ExploreNavbar.jsx": {"lines":{"total":2,"covered":2,"skipped":0,"pct":100},"functions":{"total":1,"covered":1,"skipped":0,"pct":100},"statements":{"total":2,"covered":2,"skipped":0,"pct":100},"branches":{"total":0,"covered":0,"skipped":0,"pct":100}}
,"/app/src/components/ExploreSection/ExploreSuggestionList/ExploreSuggestionList.jsx": {"lines":{"total":10,"covered":10,"skipped":0,"pct":100},"functions":{"total":3,"covered":3,"skipped":0,"pct":100},"statements":{"total":12,"covered":11,"skipped":0,"pct":91.67},"branches":{"total":4,"covered":3,"skipped":0,"pct":75}}
,"/app/src/components/ExploreSection/ExploreSuggestionList/ExploreSuggestionListCard.jsx": {"lines":{"total":6,"covered":6,"skipped":0,"pct":100},"functions":{"total":4,"covered":4,"skipped":0,"pct":100},"statements":{"total":7,"covered":7,"skipped":0,"pct":100},"branches":{"total":4,"covered":4,"skipped":0,"pct":100}}
,"/app/src/components/ExploreSection/ExploreSuggestionList/ExploreSuggestionListServices.js": {"lines":{"total":37,"covered":11,"skipped":0,"pct":29.73},"functions":{"total":12,"covered":3,"skipped":0,"pct":25},"statements":{"total":37,"covered":11,"skipped":0,"pct":29.73},"branches":{"total":4,"covered":0,"skipped":0,"pct":0}}
,"/app/src/components/ExploreSection/ForYou/ForYou.jsx": {"lines":{"total":3,"covered":3,"skipped":0,"pct":100},"functions":{"total":2,"covered":2,"skipped":0,"pct":100},"statements":{"total":4,"covered":4,"skipped":0,"pct":100},"branches":{"total":6,"covered":4,"skipped":0,"pct":66.67}}
,"/app/src/components/ExploreSection/Image/Image.jsx": {"lines":{"total":3,"covered":0,"skipped":0,"pct":0},"functions":{"total":2,"covered":0,"skipped":0,"pct":0},"statements":{"total":4,"covered":0,"skipped":0,"pct":0},"branches":{"total":6,"covered":0,"skipped":0,"pct":0}}
,"/app/src/components/ExploreSection/Text/Text.jsx": {"lines":{"total":3,"covered":0,"skipped":0,"pct":0},"functions":{"total":2,"covered":0,"skipped":0,"pct":0},"statements":{"total":4,"covered":0,"skipped":0,"pct":0},"branches":{"total":6,"covered":0,"skipped":0,"pct":0}}
,"/app/src/components/ExploreSection/Trending/Trending.jsx": {"lines":{"total":3,"covered":0,"skipped":0,"pct":0},"functions":{"total":2,"covered":0,"skipped":0,"pct":0},"statements":{"total":4,"covered":0,"skipped":0,"pct":0},"branches":{"total":6,"covered":0,"skipped":0,"pct":0}}
,"/app/src/components/ExploreSection/TrendingList/TrendCard.jsx": {"lines":{"total":3,"covered":0,"skipped":0,"pct":0},"functions":{"total":2,"covered":0,"skipped":0,"pct":0},"statements":{"total":3,"covered":0,"skipped":0,"pct":0},"branches":{"total":0,"covered":0,"skipped":0,"pct":100}}
,"/app/src/components/ExploreSection/TrendingList/TrendingList.jsx": {"lines":{"total":10,"covered":0,"skipped":0,"pct":0},"functions":{"total":4,"covered":0,"skipped":0,"pct":0},"statements":{"total":13,"covered":0,"skipped":0,"pct":0},"branches":{"total":8,"covered":0,"skipped":0,"pct":0}}
,"/app/src/components/ExploreSection/Videos/Videos.jsx": {"lines":{"total":3,"covered":0,"skipped":0,"pct":0},"functions":{"total":2,"covered":0,"skipped":0,"pct":0},"statements":{"total":4,"covered":0,"skipped":0,"pct":0},"branches":{"total":6,"covered":0,"skipped":0,"pct":0}}
,"/app/src/components/Following/FollowingMain/FollowingController.js": {"lines":{"total":28,"covered":1,"skipped":0,"pct":3.57},"functions":{"total":6,"covered":0,"skipped":0,"pct":0},"statements":{"total":29,"covered":1,"skipped":0,"pct":3.45},"branches":{"total":6,"covered":0,"skipped":0,"pct":0}}
,"/app/src/components/Following/FollowingMain/FollowingMain.jsx": {"lines":{"total":6,"covered":1,"skipped":0,"pct":16.67},"functions":{"total":3,"covered":0,"skipped":0,"pct":0},"statements":{"total":7,"covered":1,"skipped":0,"pct":14.29},"branches":{"total":4,"covered":0,"skipped":0,"pct":0}}
,"/app/src/components/Following/FollowingMain/FollowingServices.js": {"lines":{"total":17,"covered":2,"skipped":0,"pct":11.76},"functions":{"total":2,"covered":0,"skipped":0,"pct":0},"statements":{"total":17,"covered":2,"skipped":0,"pct":11.76},"branches":{"total":2,"covered":0,"skipped":0,"pct":0}}
,"/app/src/components/Following/FollowingMain/FollowingSection/FollowingSection.js": {"lines":{"total":6,"covered":1,"skipped":0,"pct":16.67},"functions":{"total":3,"covered":0,"skipped":0,"pct":0},"statements":{"total":6,"covered":1,"skipped":0,"pct":16.67},"branches":{"total":6,"covered":0,"skipped":0,"pct":0}}
,"/app/src/components/Following/FollowingMain/FollowingSection/FollowingSectionController.js": {"lines":{"total":16,"covered":1,"skipped":0,"pct":6.25},"functions":{"total":3,"covered":0,"skipped":0,"pct":0},"statements":{"total":19,"covered":1,"skipped":0,"pct":5.26},"branches":{"total":6,"covered":0,"skipped":0,"pct":0}}
,"/app/src/components/Following/FollowingSide/FollowingSide.jsx": {"lines":{"total":2,"covered":1,"skipped":0,"pct":50},"functions":{"total":1,"covered":0,"skipped":0,"pct":0},"statements":{"total":2,"covered":1,"skipped":0,"pct":50},"branches":{"total":0,"covered":0,"skipped":0,"pct":100}}
,"/app/src/components/Layouts/Layouts.js": {"lines":{"total":0,"covered":0,"skipped":0,"pct":0},"functions":{"total":0,"covered":0,"skipped":0,"pct":0},"statements":{"total":0,"covered":0,"skipped":0,"pct":0},"branches":{"total":0,"covered":0,"skipped":0,"pct":0}}
,"/app/src/components/Layouts/Explore/Explore.js": {"lines":{"total":2,"covered":1,"skipped":0,"pct":50},"functions":{"total":1,"covered":0,"skipped":0,"pct":0},"statements":{"total":2,"covered":1,"skipped":0,"pct":50},"branches":{"total":0,"covered":0,"skipped":0,"pct":100}}
,"/app/src/components/Layouts/NavBar/DropDownActivity.js": {"lines":{"total":4,"covered":1,"skipped":0,"pct":25},"functions":{"total":3,"covered":0,"skipped":0,"pct":0},"statements":{"total":5,"covered":1,"skipped":0,"pct":20},"branches":{"total":6,"covered":0,"skipped":0,"pct":0}}
,"/app/src/components/Layouts/NavBar/DropDownInbox.js": {"lines":{"total":10,"covered":10,"skipped":0,"pct":100},"functions":{"total":10,"covered":10,"skipped":0,"pct":100},"statements":{"total":14,"covered":14,"skipped":0,"pct":100},"branches":{"total":28,"covered":25,"skipped":0,"pct":89.29}}
,"/app/src/components/Layouts/NavBar/DropDownInboxController.js": {"lines":{"total":28,"covered":26,"skipped":0,"pct":92.86},"functions":{"total":5,"covered":5,"skipped":0,"pct":100},"statements":{"total":28,"covered":26,"skipped":0,"pct":92.86},"branches":{"total":8,"covered":5,"skipped":0,"pct":62.5}}
,"/app/src/components/Layouts/NavBar/DropDownInboxService.js": {"lines":{"total":20,"covered":8,"skipped":0,"pct":40},"functions":{"total":2,"covered":2,"skipped":0,"pct":100},"statements":{"total":20,"covered":8,"skipped":0,"pct":40},"branches":{"total":4,"covered":0,"skipped":0,"pct":0}}
,"/app/src/components/Layouts/NavBar/DropDownProfile.js": {"lines":{"total":14,"covered":5,"skipped":0,"pct":35.71},"functions":{"total":4,"covered":2,"skipped":0,"pct":50},"statements":{"total":15,"covered":6,"skipped":0,"pct":40},"branches":{"total":4,"covered":3,"skipped":0,"pct":75}}
,"/app/src/components/Layouts/NavBar/DropDownProfileService.js": {"lines":{"total":10,"covered":9,"skipped":0,"pct":90},"functions":{"total":1,"covered":1,"skipped":0,"pct":100},"statements":{"total":10,"covered":9,"skipped":0,"pct":90},"branches":{"total":2,"covered":1,"skipped":0,"pct":50}}
,"/app/src/components/Layouts/NavBar/HomePageNavBar.js": {"lines":{"total":7,"covered":5,"skipped":0,"pct":71.43},"functions":{"total":4,"covered":1,"skipped":0,"pct":25},"statements":{"total":8,"covered":5,"skipped":0,"pct":62.5},"branches":{"total":2,"covered":1,"skipped":0,"pct":50}}
,"/app/src/components/Layouts/NavBar/List.js": {"lines":{"total":7,"covered":1,"skipped":0,"pct":14.29},"functions":{"total":3,"covered":0,"skipped":0,"pct":0},"statements":{"total":7,"covered":1,"skipped":0,"pct":14.29},"branches":{"total":0,"covered":0,"skipped":0,"pct":100}}
,"/app/src/components/Layouts/NavBar/ListService.js": {"lines":{"total":10,"covered":1,"skipped":0,"pct":10},"functions":{"total":1,"covered":0,"skipped":0,"pct":0},"statements":{"total":10,"covered":1,"skipped":0,"pct":10},"branches":{"total":2,"covered":0,"skipped":0,"pct":0}}
,"/app/src/components/Layouts/NavBar/LogInNavBar.js": {"lines":{"total":8,"covered":5,"skipped":0,"pct":62.5},"functions":{"total":4,"covered":1,"skipped":0,"pct":25},"statements":{"total":8,"covered":5,"skipped":0,"pct":62.5},"branches":{"total":2,"covered":1,"skipped":0,"pct":50}}
,"/app/src/components/Layouts/NavBar/NavBar.js": {"lines":{"total":50,"covered":42,"skipped":0,"pct":84},"functions":{"total":13,"covered":9,"skipped":0,"pct":69.23},"statements":{"total":52,"covered":42,"skipped":0,"pct":80.77},"branches":{"total":24,"covered":18,"skipped":0,"pct":75}}
,"/app/src/components/Layouts/NavBar/NotificationsServce.js": {"lines":{"total":9,"covered":1,"skipped":0,"pct":11.11},"functions":{"total":1,"covered":0,"skipped":0,"pct":0},"statements":{"total":9,"covered":1,"skipped":0,"pct":11.11},"branches":{"total":0,"covered":0,"skipped":0,"pct":100}}
,"/app/src/components/Layouts/NavBar/SignUpNavBar.js": {"lines":{"total":7,"covered":5,"skipped":0,"pct":71.43},"functions":{"total":4,"covered":1,"skipped":0,"pct":25},"statements":{"total":8,"covered":5,"skipped":0,"pct":62.5},"branches":{"total":2,"covered":1,"skipped":0,"pct":50}}
,"/app/src/components/Likes/LikesMain/LikesMain.jsx": {"lines":{"total":13,"covered":1,"skipped":0,"pct":7.69},"functions":{"total":6,"covered":0,"skipped":0,"pct":0},"statements":{"total":14,"covered":1,"skipped":0,"pct":7.14},"branches":{"total":17,"covered":0,"skipped":0,"pct":0}}
,"/app/src/components/Likes/LikesMain/LikesService.js": {"lines":{"total":13,"covered":1,"skipped":0,"pct":7.69},"functions":{"total":2,"covered":0,"skipped":0,"pct":0},"statements":{"total":13,"covered":1,"skipped":0,"pct":7.69},"branches":{"total":0,"covered":0,"skipped":0,"pct":100}}
,"/app/src/components/Likes/LikesSide/LikesSide.jsx": {"lines":{"total":2,"covered":1,"skipped":0,"pct":50},"functions":{"total":1,"covered":0,"skipped":0,"pct":0},"statements":{"total":2,"covered":1,"skipped":0,"pct":50},"branches":{"total":0,"covered":0,"skipped":0,"pct":100}}
,"/app/src/components/NewPost/CloseButton.js": {"lines":{"total":5,"covered":4,"skipped":0,"pct":80},"functions":{"total":2,"covered":1,"skipped":0,"pct":50},"statements":{"total":5,"covered":4,"skipped":0,"pct":80},"branches":{"total":0,"covered":0,"skipped":0,"pct":100}}
,"/app/src/components/NewPost/FormCard.js": {"lines":{"total":14,"covered":9,"skipped":0,"pct":64.29},"functions":{"total":8,"covered":3,"skipped":0,"pct":37.5},"statements":{"total":18,"covered":11,"skipped":0,"pct":61.11},"branches":{"total":2,"covered":1,"skipped":0,"pct":50}}
,"/app/src/components/NewPost/ListItem.js": {"lines":{"total":2,"covered":1,"skipped":0,"pct":50},"functions":{"total":1,"covered":0,"skipped":0,"pct":0},"statements":{"total":2,"covered":1,"skipped":0,"pct":50},"branches":{"total":4,"covered":0,"skipped":0,"pct":0}}
,"/app/src/components/NewPost/PostButton.js": {"lines":{"total":12,"covered":10,"skipped":0,"pct":83.33},"functions":{"total":6,"covered":3,"skipped":0,"pct":50},"statements":{"total":14,"covered":11,"skipped":0,"pct":78.57},"branches":{"total":8,"covered":3,"skipped":0,"pct":37.5}}
,"/app/src/components/Notifications/Notifictions.jsx": {"lines":{"total":43,"covered":1,"skipped":0,"pct":2.33},"functions":{"total":7,"covered":0,"skipped":0,"pct":0},"statements":{"total":45,"covered":1,"skipped":0,"pct":2.22},"branches":{"total":16,"covered":0,"skipped":0,"pct":0}}
,"/app/src/components/Post/DeletePostService.js": {"lines":{"total":9,"covered":8,"skipped":0,"pct":88.89},"functions":{"total":1,"covered":1,"skipped":0,"pct":100},"statements":{"total":10,"covered":8,"skipped":0,"pct":80},"branches":{"total":4,"covered":2,"skipped":0,"pct":50}}
,"/app/src/components/Post/LikePostService.js": {"lines":{"total":9,"covered":7,"skipped":0,"pct":77.78},"functions":{"total":1,"covered":1,"skipped":0,"pct":100},"statements":{"total":10,"covered":7,"skipped":0,"pct":70},"branches":{"total":4,"covered":2,"skipped":0,"pct":50}}
,"/app/src/components/Post/Post.js": {"lines":{"total":50,"covered":47,"skipped":0,"pct":94},"functions":{"total":20,"covered":16,"skipped":0,"pct":80},"statements":{"total":56,"covered":51,"skipped":0,"pct":91.07},"branches":{"total":32,"covered":20,"skipped":0,"pct":62.5}}
,"/app/src/components/Post/PostContentToJsx.js": {"lines":{"total":40,"covered":33,"skipped":0,"pct":82.5},"functions":{"total":2,"covered":2,"skipped":0,"pct":100},"statements":{"total":42,"covered":34,"skipped":0,"pct":80.95},"branches":{"total":40,"covered":30,"skipped":0,"pct":75}}
,"/app/src/components/Post/PostController.js": {"lines":{"total":20,"covered":10,"skipped":0,"pct":50},"functions":{"total":8,"covered":4,"skipped":0,"pct":50},"statements":{"total":20,"covered":10,"skipped":0,"pct":50},"branches":{"total":14,"covered":4,"skipped":0,"pct":28.57}}
,"/app/src/components/Post/PostDraftService.js": {"lines":{"total":10,"covered":1,"skipped":0,"pct":10},"functions":{"total":1,"covered":0,"skipped":0,"pct":0},"statements":{"total":11,"covered":1,"skipped":0,"pct":9.09},"branches":{"total":4,"covered":0,"skipped":0,"pct":0}}
,"/app/src/components/Post/ReblogPostService.js": {"lines":{"total":12,"covered":6,"skipped":0,"pct":50},"functions":{"total":1,"covered":1,"skipped":0,"pct":100},"statements":{"total":13,"covered":6,"skipped":0,"pct":46.15},"branches":{"total":4,"covered":1,"skipped":0,"pct":25}}
,"/app/src/components/Post/UnlikePostService.js": {"lines":{"total":9,"covered":1,"skipped":0,"pct":11.11},"functions":{"total":1,"covered":0,"skipped":0,"pct":0},"statements":{"total":10,"covered":1,"skipped":0,"pct":10},"branches":{"total":4,"covered":0,"skipped":0,"pct":0}}
,"/app/src/components/Post/Notes/CommentService.js": {"lines":{"total":9,"covered":5,"skipped":0,"pct":55.56},"functions":{"total":1,"covered":1,"skipped":0,"pct":100},"statements":{"total":10,"covered":5,"skipped":0,"pct":50},"branches":{"total":4,"covered":1,"skipped":0,"pct":25}}
,"/app/src/components/Post/Notes/GetNotesService.js": {"lines":{"total":8,"covered":4,"skipped":0,"pct":50},"functions":{"total":1,"covered":1,"skipped":0,"pct":100},"statements":{"total":9,"covered":4,"skipped":0,"pct":44.44},"branches":{"total":4,"covered":1,"skipped":0,"pct":25}}
,"/app/src/components/Post/Notes/Notes.js": {"lines":{"total":29,"covered":24,"skipped":0,"pct":82.76},"functions":{"total":7,"covered":6,"skipped":0,"pct":85.71},"statements":{"total":29,"covered":24,"skipped":0,"pct":82.76},"branches":{"total":10,"covered":3,"skipped":0,"pct":30}}
,"/app/src/components/Post/Notes/NotesController.js": {"lines":{"total":5,"covered":4,"skipped":0,"pct":80},"functions":{"total":3,"covered":2,"skipped":0,"pct":66.67},"statements":{"total":5,"covered":4,"skipped":0,"pct":80},"branches":{"total":0,"covered":0,"skipped":0,"pct":100}}
,"/app/src/components/Post/Notes/deleteCommentService.js": {"lines":{"total":9,"covered":1,"skipped":0,"pct":11.11},"functions":{"total":1,"covered":0,"skipped":0,"pct":0},"statements":{"total":10,"covered":1,"skipped":0,"pct":10},"branches":{"total":4,"covered":0,"skipped":0,"pct":0}}
,"/app/src/components/Post/Notes/NoteItem/NoteItem.js": {"lines":{"total":4,"covered":4,"skipped":0,"pct":100},"functions":{"total":1,"covered":1,"skipped":0,"pct":100},"statements":{"total":4,"covered":4,"skipped":0,"pct":100},"branches":{"total":10,"covered":9,"skipped":0,"pct":90}}
,"/app/src/components/SearchSection/SearchSection.jsx": {"lines":{"total":3,"covered":3,"skipped":0,"pct":100},"functions":{"total":2,"covered":2,"skipped":0,"pct":100},"statements":{"total":4,"covered":4,"skipped":0,"pct":100},"branches":{"total":0,"covered":0,"skipped":0,"pct":100}}
,"/app/src/components/SearchSection/SearchSectionController.js": {"lines":{"total":69,"covered":18,"skipped":0,"pct":26.09},"functions":{"total":5,"covered":3,"skipped":0,"pct":60},"statements":{"total":69,"covered":18,"skipped":0,"pct":26.09},"branches":{"total":18,"covered":4,"skipped":0,"pct":22.22}}
,"/app/src/components/SearchSection/SearchSectionServices.js": {"lines":{"total":36,"covered":15,"skipped":0,"pct":41.67},"functions":{"total":3,"covered":2,"skipped":0,"pct":66.67},"statements":{"total":37,"covered":15,"skipped":0,"pct":40.54},"branches":{"total":22,"covered":3,"skipped":0,"pct":13.64}}
,"/app/src/components/SearchSection/AllPosts/AllPosts.jsx": {"lines":{"total":3,"covered":3,"skipped":0,"pct":100},"functions":{"total":2,"covered":2,"skipped":0,"pct":100},"statements":{"total":4,"covered":4,"skipped":0,"pct":100},"branches":{"total":6,"covered":3,"skipped":0,"pct":50}}
,"/app/src/components/SearchSection/Audio/AudioSearch.jsx": {"lines":{"total":3,"covered":0,"skipped":0,"pct":0},"functions":{"total":2,"covered":0,"skipped":0,"pct":0},"statements":{"total":4,"covered":0,"skipped":0,"pct":0},"branches":{"total":6,"covered":0,"skipped":0,"pct":0}}
,"/app/src/components/SearchSection/Image/ImageSearch.jsx": {"lines":{"total":3,"covered":0,"skipped":0,"pct":0},"functions":{"total":2,"covered":0,"skipped":0,"pct":0},"statements":{"total":4,"covered":0,"skipped":0,"pct":0},"branches":{"total":6,"covered":0,"skipped":0,"pct":0}}
,"/app/src/components/SearchSection/SearchNavBar/SearchNavBar.jsx": {"lines":{"total":3,"covered":3,"skipped":0,"pct":100},"functions":{"total":2,"covered":2,"skipped":0,"pct":100},"statements":{"total":4,"covered":4,"skipped":0,"pct":100},"branches":{"total":0,"covered":0,"skipped":0,"pct":100}}
,"/app/src/components/SearchSection/Text/TextSearch.jsx": {"lines":{"total":3,"covered":0,"skipped":0,"pct":0},"functions":{"total":2,"covered":0,"skipped":0,"pct":0},"statements":{"total":4,"covered":0,"skipped":0,"pct":0},"branches":{"total":6,"covered":0,"skipped":0,"pct":0}}
,"/app/src/components/SearchSection/Video/VideoSearch.jsx": {"lines":{"total":3,"covered":0,"skipped":0,"pct":0},"functions":{"total":2,"covered":0,"skipped":0,"pct":0},"statements":{"total":4,"covered":0,"skipped":0,"pct":0},"branches":{"total":6,"covered":0,"skipped":0,"pct":0}}
,"/app/src/components/SettingsNavbar/SettingsNavbar.jsx": {"lines":{"total":1,"covered":1,"skipped":0,"pct":100},"functions":{"total":1,"covered":1,"skipped":0,"pct":100},"statements":{"total":1,"covered":1,"skipped":0,"pct":100},"branches":{"total":0,"covered":0,"skipped":0,"pct":100}}
,"/app/src/components/TextEditor/TextEditor.js": {"lines":{"total":18,"covered":10,"skipped":0,"pct":55.56},"functions":{"total":8,"covered":4,"skipped":0,"pct":50},"statements":{"total":18,"covered":10,"skipped":0,"pct":55.56},"branches":{"total":2,"covered":0,"skipped":0,"pct":0}}
,"/app/src/helpers/getYoutubeVideoId.js": {"lines":{"total":4,"covered":1,"skipped":0,"pct":25},"functions":{"total":1,"covered":0,"skipped":0,"pct":0},"statements":{"total":4,"covered":1,"skipped":0,"pct":25},"branches":{"total":4,"covered":0,"skipped":0,"pct":0}}
,"/app/src/helpers/isValidHttpUrl.js": {"lines":{"total":5,"covered":1,"skipped":0,"pct":20},"functions":{"total":1,"covered":0,"skipped":0,"pct":0},"statements":{"total":5,"covered":1,"skipped":0,"pct":20},"branches":{"total":2,"covered":0,"skipped":0,"pct":0}}
,"/app/src/pages/pages.js": {"lines":{"total":0,"covered":0,"skipped":0,"pct":0},"functions":{"total":0,"covered":0,"skipped":0,"pct":0},"statements":{"total":0,"covered":0,"skipped":0,"pct":0},"branches":{"total":0,"covered":0,"skipped":0,"pct":0}}
,"/app/src/pages/Blog/Blog.jsx": {"lines":{"total":9,"covered":1,"skipped":0,"pct":11.11},"functions":{"total":4,"covered":0,"skipped":0,"pct":0},"statements":{"total":11,"covered":1,"skipped":0,"pct":9.09},"branches":{"total":0,"covered":0,"skipped":0,"pct":100}}
,"/app/src/pages/Blog/BlogService.js": {"lines":{"total":29,"covered":1,"skipped":0,"pct":3.45},"functions":{"total":3,"covered":0,"skipped":0,"pct":0},"statements":{"total":29,"covered":1,"skipped":0,"pct":3.45},"branches":{"total":4,"covered":0,"skipped":0,"pct":0}}
,"/app/src/pages/BlogView/BlogView.js": {"lines":{"total":11,"covered":0,"skipped":0,"pct":0},"functions":{"total":5,"covered":0,"skipped":0,"pct":0},"statements":{"total":12,"covered":0,"skipped":0,"pct":0},"branches":{"total":10,"covered":0,"skipped":0,"pct":0}}
,"/app/src/pages/BlogView/BlogViewController.js": {"lines":{"total":10,"covered":1,"skipped":0,"pct":10},"functions":{"total":6,"covered":0,"skipped":0,"pct":0},"statements":{"total":11,"covered":1,"skipped":0,"pct":9.09},"branches":{"total":0,"covered":0,"skipped":0,"pct":100}}
,"/app/src/pages/BlogView/BlogViewService.js": {"lines":{"total":34,"covered":1,"skipped":0,"pct":2.94},"functions":{"total":3,"covered":0,"skipped":0,"pct":0},"statements":{"total":34,"covered":1,"skipped":0,"pct":2.94},"branches":{"total":14,"covered":0,"skipped":0,"pct":0}}
,"/app/src/pages/CreateBlog/CreateBlog.jsx": {"lines":{"total":4,"covered":1,"skipped":0,"pct":25},"functions":{"total":2,"covered":0,"skipped":0,"pct":0},"statements":{"total":5,"covered":1,"skipped":0,"pct":20},"branches":{"total":4,"covered":0,"skipped":0,"pct":0}}
,"/app/src/pages/CreateBlog/CreateBlogController.js": {"lines":{"total":144,"covered":1,"skipped":0,"pct":0.69},"functions":{"total":12,"covered":0,"skipped":0,"pct":0},"statements":{"total":145,"covered":1,"skipped":0,"pct":0.69},"branches":{"total":54,"covered":0,"skipped":0,"pct":0}}
,"/app/src/pages/CreateBlog/CreateBlogService.js": {"lines":{"total":12,"covered":1,"skipped":0,"pct":8.33},"functions":{"total":1,"covered":0,"skipped":0,"pct":0},"statements":{"total":12,"covered":1,"skipped":0,"pct":8.33},"branches":{"total":2,"covered":0,"skipped":0,"pct":0}}
,"/app/src/pages/Customize/Customize.jsx": {"lines":{"total":7,"covered":7,"skipped":0,"pct":100},"functions":{"total":3,"covered":3,"skipped":0,"pct":100},"statements":{"total":7,"covered":7,"skipped":0,"pct":100},"branches":{"total":0,"covered":0,"skipped":0,"pct":100}}
,"/app/src/pages/Customize/CustomizeController.js": {"lines":{"total":193,"covered":52,"skipped":0,"pct":26.94},"functions":{"total":26,"covered":11,"skipped":0,"pct":42.31},"statements":{"total":195,"covered":53,"skipped":0,"pct":27.18},"branches":{"total":56,"covered":6,"skipped":0,"pct":10.71}}
,"/app/src/pages/Customize/CustomizeService.js": {"lines":{"total":5,"covered":1,"skipped":0,"pct":20},"functions":{"total":1,"covered":0,"skipped":0,"pct":0},"statements":{"total":5,"covered":1,"skipped":0,"pct":20},"branches":{"total":0,"covered":0,"skipped":0,"pct":100}}
,"/app/src/pages/Customize/GetSettingsServce.js": {"lines":{"total":9,"covered":9,"skipped":0,"pct":100},"functions":{"total":1,"covered":1,"skipped":0,"pct":100},"statements":{"total":9,"covered":9,"skipped":0,"pct":100},"branches":{"total":0,"covered":0,"skipped":0,"pct":100}}
,"/app/src/pages/Customize/Body/Body.jsx": {"lines":{"total":3,"covered":3,"skipped":0,"pct":100},"functions":{"total":2,"covered":2,"skipped":0,"pct":100},"statements":{"total":4,"covered":4,"skipped":0,"pct":100},"branches":{"total":0,"covered":0,"skipped":0,"pct":100}}
,"/app/src/pages/Customize/Sidebar/SideBar.jsx": {"lines":{"total":34,"covered":34,"skipped":0,"pct":100},"functions":{"total":3,"covered":3,"skipped":0,"pct":100},"statements":{"total":35,"covered":35,"skipped":0,"pct":100},"branches":{"total":0,"covered":0,"skipped":0,"pct":100}}
,"/app/src/pages/Dashboard/DashBoardController.js": {"lines":{"total":42,"covered":39,"skipped":0,"pct":92.86},"functions":{"total":11,"covered":8,"skipped":0,"pct":72.73},"statements":{"total":42,"covered":39,"skipped":0,"pct":92.86},"branches":{"total":20,"covered":17,"skipped":0,"pct":85}}
,"/app/src/pages/Dashboard/DashBoardService.js": {"lines":{"total":56,"covered":29,"skipped":0,"pct":51.79},"functions":{"total":7,"covered":4,"skipped":0,"pct":57.14},"statements":{"total":56,"covered":29,"skipped":0,"pct":51.79},"branches":{"total":16,"covered":4,"skipped":0,"pct":25}}
,"/app/src/pages/Dashboard/Dashboard.js": {"lines":{"total":34,"covered":34,"skipped":0,"pct":100},"functions":{"total":9,"covered":9,"skipped":0,"pct":100},"statements":{"total":36,"covered":36,"skipped":0,"pct":100},"branches":{"total":24,"covered":21,"skipped":0,"pct":87.5}}
,"/app/src/pages/Explore/Explore.jsx": {"lines":{"total":2,"covered":2,"skipped":0,"pct":100},"functions":{"total":1,"covered":1,"skipped":0,"pct":100},"statements":{"total":2,"covered":2,"skipped":0,"pct":100},"branches":{"total":0,"covered":0,"skipped":0,"pct":100}}
,"/app/src/pages/Following/Following.jsx": {"lines":{"total":2,"covered":1,"skipped":0,"pct":50},"functions":{"total":1,"covered":0,"skipped":0,"pct":0},"statements":{"total":2,"covered":1,"skipped":0,"pct":50},"branches":{"total":0,"covered":0,"skipped":0,"pct":100}}
,"/app/src/pages/ForgetPassword/ForgetPassowrdController.js": {"lines":{"total":15,"covered":1,"skipped":0,"pct":6.67},"functions":{"total":2,"covered":0,"skipped":0,"pct":0},"statements":{"total":15,"covered":1,"skipped":0,"pct":6.67},"branches":{"total":6,"covered":0,"skipped":0,"pct":0}}
,"/app/src/pages/ForgetPassword/ForgetPassword.js": {"lines":{"total":4,"covered":0,"skipped":0,"pct":0},"functions":{"total":3,"covered":0,"skipped":0,"pct":0},"statements":{"total":5,"covered":0,"skipped":0,"pct":0},"branches":{"total":8,"covered":0,"skipped":0,"pct":0}}
,"/app/src/pages/ForgetPassword/forgetPasswordService.js": {"lines":{"total":6,"covered":1,"skipped":0,"pct":16.67},"functions":{"total":1,"covered":0,"skipped":0,"pct":0},"statements":{"total":6,"covered":1,"skipped":0,"pct":16.67},"branches":{"total":0,"covered":0,"skipped":0,"pct":100}}
,"/app/src/pages/Inbox/Inbox.js": {"lines":{"total":2,"covered":1,"skipped":0,"pct":50},"functions":{"total":1,"covered":0,"skipped":0,"pct":0},"statements":{"total":2,"covered":1,"skipped":0,"pct":50},"branches":{"total":0,"covered":0,"skipped":0,"pct":100}}
,"/app/src/pages/Likes/Likes.jsx": {"lines":{"total":2,"covered":1,"skipped":0,"pct":50},"functions":{"total":1,"covered":0,"skipped":0,"pct":0},"statements":{"total":2,"covered":1,"skipped":0,"pct":50},"branches":{"total":0,"covered":0,"skipped":0,"pct":100}}
,"/app/src/pages/LoginPage/GoogleService.js": {"lines":{"total":14,"covered":2,"skipped":0,"pct":14.29},"functions":{"total":2,"covered":0,"skipped":0,"pct":0},"statements":{"total":14,"covered":2,"skipped":0,"pct":14.29},"branches":{"total":2,"covered":0,"skipped":0,"pct":0}}
,"/app/src/pages/LoginPage/LoginController.js": {"lines":{"total":25,"covered":23,"skipped":0,"pct":92},"functions":{"total":2,"covered":2,"skipped":0,"pct":100},"statements":{"total":25,"covered":23,"skipped":0,"pct":92},"branches":{"total":13,"covered":12,"skipped":0,"pct":92.31}}
,"/app/src/pages/LoginPage/LoginPage.js": {"lines":{"total":7,"covered":7,"skipped":0,"pct":100},"functions":{"total":3,"covered":3,"skipped":0,"pct":100},"statements":{"total":9,"covered":9,"skipped":0,"pct":100},"branches":{"total":12,"covered":11,"skipped":0,"pct":91.67}}
,"/app/src/pages/LoginPage/LoginService.js": {"lines":{"total":12,"covered":12,"skipped":0,"pct":100},"functions":{"total":1,"covered":1,"skipped":0,"pct":100},"statements":{"total":12,"covered":12,"skipped":0,"pct":100},"branches":{"total":0,"covered":0,"skipped":0,"pct":100}}
,"/app/src/pages/LoginPage/UserInfoService.js": {"lines":{"total":6,"covered":6,"skipped":0,"pct":100},"functions":{"total":1,"covered":1,"skipped":0,"pct":100},"statements":{"total":6,"covered":6,"skipped":0,"pct":100},"branches":{"total":0,"covered":0,"skipped":0,"pct":100}}
,"/app/src/pages/MainPage/MainPage.js": {"lines":{"total":5,"covered":5,"skipped":0,"pct":100},"functions":{"total":3,"covered":3,"skipped":0,"pct":100},"statements":{"total":7,"covered":7,"skipped":0,"pct":100},"branches":{"total":4,"covered":4,"skipped":0,"pct":100}}
,"/app/src/pages/New/New.js": {"lines":{"total":5,"covered":4,"skipped":0,"pct":80},"functions":{"total":2,"covered":1,"skipped":0,"pct":50},"statements":{"total":5,"covered":4,"skipped":0,"pct":80},"branches":{"total":0,"covered":0,"skipped":0,"pct":100}}
,"/app/src/pages/New/Audio/Audio.js": {"lines":{"total":29,"covered":1,"skipped":0,"pct":3.45},"functions":{"total":5,"covered":0,"skipped":0,"pct":0},"statements":{"total":31,"covered":1,"skipped":0,"pct":3.23},"branches":{"total":10,"covered":0,"skipped":0,"pct":0}}
,"/app/src/pages/New/Chat/Chat.js": {"lines":{"total":27,"covered":1,"skipped":0,"pct":3.7},"functions":{"total":6,"covered":0,"skipped":0,"pct":0},"statements":{"total":29,"covered":1,"skipped":0,"pct":3.45},"branches":{"total":6,"covered":0,"skipped":0,"pct":0}}
,"/app/src/pages/New/Link/Link.js": {"lines":{"total":18,"covered":1,"skipped":0,"pct":5.56},"functions":{"total":4,"covered":0,"skipped":0,"pct":0},"statements":{"total":20,"covered":1,"skipped":0,"pct":5},"branches":{"total":6,"covered":0,"skipped":0,"pct":0}}
,"/app/src/pages/New/Photo/Photo.js": {"lines":{"total":31,"covered":1,"skipped":0,"pct":3.23},"functions":{"total":7,"covered":0,"skipped":0,"pct":0},"statements":{"total":34,"covered":1,"skipped":0,"pct":2.94},"branches":{"total":12,"covered":0,"skipped":0,"pct":0}}
,"/app/src/pages/New/Quote/Quote.js": {"lines":{"total":26,"covered":1,"skipped":0,"pct":3.85},"functions":{"total":6,"covered":0,"skipped":0,"pct":0},"statements":{"total":28,"covered":1,"skipped":0,"pct":3.57},"branches":{"total":8,"covered":0,"skipped":0,"pct":0}}
,"/app/src/pages/New/Text/SubmitPostService.js": {"lines":{"total":10,"covered":8,"skipped":0,"pct":80},"functions":{"total":1,"covered":1,"skipped":0,"pct":100},"statements":{"total":11,"covered":8,"skipped":0,"pct":72.73},"branches":{"total":4,"covered":2,"skipped":0,"pct":50}}
,"/app/src/pages/New/Text/Text.js": {"lines":{"total":15,"covered":15,"skipped":0,"pct":100},"functions":{"total":7,"covered":7,"skipped":0,"pct":100},"statements":{"total":19,"covered":19,"skipped":0,"pct":100},"branches":{"total":8,"covered":8,"skipped":0,"pct":100}}
,"/app/src/pages/New/Text/TextController.js": {"lines":{"total":96,"covered":47,"skipped":0,"pct":48.96},"functions":{"total":14,"covered":10,"skipped":0,"pct":71.43},"statements":{"total":106,"covered":54,"skipped":0,"pct":50.94},"branches":{"total":40,"covered":14,"skipped":0,"pct":35}}
,"/app/src/pages/New/Video/Video.js": {"lines":{"total":32,"covered":1,"skipped":0,"pct":3.13},"functions":{"total":7,"covered":0,"skipped":0,"pct":0},"statements":{"total":35,"covered":1,"skipped":0,"pct":2.86},"branches":{"total":12,"covered":0,"skipped":0,"pct":0}}
,"/app/src/pages/NotFound/NotFound.js": {"lines":{"total":2,"covered":1,"skipped":0,"pct":50},"functions":{"total":1,"covered":0,"skipped":0,"pct":0},"statements":{"total":2,"covered":1,"skipped":0,"pct":50},"branches":{"total":0,"covered":0,"skipped":0,"pct":100}}
,"/app/src/pages/NotFound/ServerError.js": {"lines":{"total":3,"covered":2,"skipped":0,"pct":66.67},"functions":{"total":1,"covered":0,"skipped":0,"pct":0},"statements":{"total":3,"covered":2,"skipped":0,"pct":66.67},"branches":{"total":0,"covered":0,"skipped":0,"pct":100}}
,"/app/src/pages/Register/CheckNonEmptyFieldsService.js": {"lines":{"total":10,"covered":9,"skipped":0,"pct":90},"functions":{"total":1,"covered":1,"skipped":0,"pct":100},"statements":{"total":10,"covered":9,"skipped":0,"pct":90},"branches":{"total":14,"covered":12,"skipped":0,"pct":85.71}}
,"/app/src/pages/Register/CheckValidBlogName.js": {"lines":{"total":11,"covered":11,"skipped":0,"pct":100},"functions":{"total":1,"covered":1,"skipped":0,"pct":100},"statements":{"total":11,"covered":11,"skipped":0,"pct":100},"branches":{"total":6,"covered":6,"skipped":0,"pct":100}}
,"/app/src/pages/Register/CheckValidEmailService.js": {"lines":{"total":3,"covered":3,"skipped":0,"pct":100},"functions":{"total":1,"covered":1,"skipped":0,"pct":100},"statements":{"total":3,"covered":3,"skipped":0,"pct":100},"branches":{"total":0,"covered":0,"skipped":0,"pct":100}}
,"/app/src/pages/Register/CheckValidPasswordService.js": {"lines":{"total":3,"covered":3,"skipped":0,"pct":100},"functions":{"total":1,"covered":1,"skipped":0,"pct":100},"statements":{"total":3,"covered":3,"skipped":0,"pct":100},"branches":{"total":0,"covered":0,"skipped":0,"pct":100}}
,"/app/src/pages/Register/Register.js": {"lines":{"total":7,"covered":7,"skipped":0,"pct":100},"functions":{"total":3,"covered":3,"skipped":0,"pct":100},"statements":{"total":9,"covered":8,"skipped":0,"pct":88.89},"branches":{"total":6,"covered":4,"skipped":0,"pct":66.67}}
,"/app/src/pages/Register/RegisterController.js": {"lines":{"total":52,"covered":39,"skipped":0,"pct":75},"functions":{"total":3,"covered":3,"skipped":0,"pct":100},"statements":{"total":53,"covered":40,"skipped":0,"pct":75.47},"branches":{"total":32,"covered":26,"skipped":0,"pct":81.25}}
,"/app/src/pages/Register/RegisterService.js": {"lines":{"total":11,"covered":2,"skipped":0,"pct":18.18},"functions":{"total":1,"covered":1,"skipped":0,"pct":100},"statements":{"total":11,"covered":2,"skipped":0,"pct":18.18},"branches":{"total":2,"covered":0,"skipped":0,"pct":0}}
,"/app/src/pages/Search/Search.jsx": {"lines":{"total":1,"covered":1,"skipped":0,"pct":100},"functions":{"total":1,"covered":1,"skipped":0,"pct":100},"statements":{"total":1,"covered":1,"skipped":0,"pct":100},"branches":{"total":0,"covered":0,"skipped":0,"pct":100}}
,"/app/src/pages/Settings/Settings.jsx": {"lines":{"total":2,"covered":2,"skipped":0,"pct":100},"functions":{"total":1,"covered":1,"skipped":0,"pct":100},"statements":{"total":2,"covered":2,"skipped":0,"pct":100},"branches":{"total":0,"covered":0,"skipped":0,"pct":100}}
,"/app/src/redux/ChatReducer.js": {"lines":{"total":17,"covered":11,"skipped":0,"pct":64.71},"functions":{"total":11,"covered":5,"skipped":0,"pct":45.45},"statements":{"total":17,"covered":11,"skipped":0,"pct":64.71},"branches":{"total":0,"covered":0,"skipped":0,"pct":100}}
,"/app/src/redux/Customize.js": {"lines":{"total":23,"covered":5,"skipped":0,"pct":21.74},"functions":{"total":21,"covered":3,"skipped":0,"pct":14.29},"statements":{"total":23,"covered":5,"skipped":0,"pct":21.74},"branches":{"total":0,"covered":0,"skipped":0,"pct":100}}
,"/app/src/redux/DashBoardReducer.js": {"lines":{"total":31,"covered":16,"skipped":0,"pct":51.61},"functions":{"total":22,"covered":11,"skipped":0,"pct":50},"statements":{"total":32,"covered":17,"skipped":0,"pct":53.13},"branches":{"total":0,"covered":0,"skipped":0,"pct":100}}
,"/app/src/redux/DropDownInbox.js": {"lines":{"total":10,"covered":10,"skipped":0,"pct":100},"functions":{"total":5,"covered":5,"skipped":0,"pct":100},"statements":{"total":10,"covered":10,"skipped":0,"pct":100},"branches":{"total":0,"covered":0,"skipped":0,"pct":100}}
,"/app/src/redux/EmailSection.js": {"lines":{"total":7,"covered":3,"skipped":0,"pct":42.86},"functions":{"total":5,"covered":1,"skipped":0,"pct":20},"statements":{"total":7,"covered":3,"skipped":0,"pct":42.86},"branches":{"total":0,"covered":0,"skipped":0,"pct":100}}
,"/app/src/redux/ExploreRecuder.js": {"lines":{"total":28,"covered":8,"skipped":0,"pct":28.57},"functions":{"total":18,"covered":4,"skipped":0,"pct":22.22},"statements":{"total":35,"covered":9,"skipped":0,"pct":25.71},"branches":{"total":0,"covered":0,"skipped":0,"pct":100}}
,"/app/src/redux/Likes.js": {"lines":{"total":11,"covered":2,"skipped":0,"pct":18.18},"functions":{"total":8,"covered":0,"skipped":0,"pct":0},"statements":{"total":12,"covered":2,"skipped":0,"pct":16.67},"branches":{"total":0,"covered":0,"skipped":0,"pct":100}}
,"/app/src/redux/NavNotifications.js": {"lines":{"total":4,"covered":3,"skipped":0,"pct":75},"functions":{"total":2,"covered":1,"skipped":0,"pct":50},"statements":{"total":4,"covered":3,"skipped":0,"pct":75},"branches":{"total":0,"covered":0,"skipped":0,"pct":100}}
,"/app/src/redux/Notifications.js": {"lines":{"total":9,"covered":2,"skipped":0,"pct":22.22},"functions":{"total":6,"covered":0,"skipped":0,"pct":0},"statements":{"total":9,"covered":2,"skipped":0,"pct":22.22},"branches":{"total":0,"covered":0,"skipped":0,"pct":100}}
,"/app/src/redux/PasswordSection.js": {"lines":{"total":6,"covered":5,"skipped":0,"pct":83.33},"functions":{"total":4,"covered":3,"skipped":0,"pct":75},"statements":{"total":6,"covered":5,"skipped":0,"pct":83.33},"branches":{"total":0,"covered":0,"skipped":0,"pct":100}}
,"/app/src/redux/SearchReducer.js": {"lines":{"total":30,"covered":7,"skipped":0,"pct":23.33},"functions":{"total":20,"covered":4,"skipped":0,"pct":20},"statements":{"total":37,"covered":8,"skipped":0,"pct":21.62},"branches":{"total":0,"covered":0,"skipped":0,"pct":100}}
,"/app/src/redux/SecuritySection.js": {"lines":{"total":4,"covered":2,"skipped":0,"pct":50},"functions":{"total":2,"covered":0,"skipped":0,"pct":0},"statements":{"total":4,"covered":2,"skipped":0,"pct":50},"branches":{"total":0,"covered":0,"skipped":0,"pct":100}}
,"/app/src/redux/UserInfo.js": {"lines":{"total":3,"covered":3,"skipped":0,"pct":100},"functions":{"total":1,"covered":1,"skipped":0,"pct":100},"statements":{"total":3,"covered":3,"skipped":0,"pct":100},"branches":{"total":0,"covered":0,"skipped":0,"pct":100}}
,"/app/src/redux/blog.js": {"lines":{"total":12,"covered":2,"skipped":0,"pct":16.67},"functions":{"total":10,"covered":0,"skipped":0,"pct":0},"statements":{"total":12,"covered":2,"skipped":0,"pct":16.67},"branches":{"total":0,"covered":0,"skipped":0,"pct":100}}
,"/app/src/redux/blogDrafts.js": {"lines":{"total":12,"covered":3,"skipped":0,"pct":25},"functions":{"total":8,"covered":0,"skipped":0,"pct":0},"statements":{"total":13,"covered":3,"skipped":0,"pct":23.08},"branches":{"total":0,"covered":0,"skipped":0,"pct":100}}
,"/app/src/redux/blogFollowers.js": {"lines":{"total":9,"covered":2,"skipped":0,"pct":22.22},"functions":{"total":7,"covered":0,"skipped":0,"pct":0},"statements":{"total":9,"covered":2,"skipped":0,"pct":22.22},"branches":{"total":0,"covered":0,"skipped":0,"pct":100}}
,"/app/src/redux/blogPosts.js": {"lines":{"total":13,"covered":3,"skipped":0,"pct":23.08},"functions":{"total":8,"covered":0,"skipped":0,"pct":0},"statements":{"total":14,"covered":3,"skipped":0,"pct":21.43},"branches":{"total":0,"covered":0,"skipped":0,"pct":100}}
,"/app/src/redux/blogview.js": {"lines":{"total":18,"covered":3,"skipped":0,"pct":16.67},"functions":{"total":14,"covered":0,"skipped":0,"pct":0},"statements":{"total":18,"covered":3,"skipped":0,"pct":16.67},"branches":{"total":0,"covered":0,"skipped":0,"pct":100}}
,"/app/src/redux/createBlog.js": {"lines":{"total":6,"covered":2,"skipped":0,"pct":33.33},"functions":{"total":4,"covered":0,"skipped":0,"pct":0},"statements":{"total":6,"covered":2,"skipped":0,"pct":33.33},"branches":{"total":0,"covered":0,"skipped":0,"pct":100}}
,"/app/src/redux/forgetPassword.js": {"lines":{"total":6,"covered":2,"skipped":0,"pct":33.33},"functions":{"total":4,"covered":0,"skipped":0,"pct":0},"statements":{"total":6,"covered":2,"skipped":0,"pct":33.33},"branches":{"total":0,"covered":0,"skipped":0,"pct":100}}
,"/app/src/redux/login.js": {"lines":{"total":19,"covered":15,"skipped":0,"pct":78.95},"functions":{"total":5,"covered":4,"skipped":0,"pct":80},"statements":{"total":19,"covered":15,"skipped":0,"pct":78.95},"branches":{"total":0,"covered":0,"skipped":0,"pct":100}}
,"/app/src/redux/mainPage.js": {"lines":{"total":3,"covered":3,"skipped":0,"pct":100},"functions":{"total":1,"covered":1,"skipped":0,"pct":100},"statements":{"total":3,"covered":3,"skipped":0,"pct":100},"branches":{"total":0,"covered":0,"skipped":0,"pct":100}}
,"/app/src/redux/newTextPost-slice.js": {"lines":{"total":12,"covered":7,"skipped":0,"pct":58.33},"functions":{"total":9,"covered":5,"skipped":0,"pct":55.56},"statements":{"total":12,"covered":7,"skipped":0,"pct":58.33},"branches":{"total":0,"covered":0,"skipped":0,"pct":100}}
,"/app/src/redux/register.js": {"lines":{"total":4,"covered":4,"skipped":0,"pct":100},"functions":{"total":2,"covered":2,"skipped":0,"pct":100},"statements":{"total":4,"covered":4,"skipped":0,"pct":100},"branches":{"total":0,"covered":0,"skipped":0,"pct":100}}
,"/app/src/redux/store.js": {"lines":{"total":1,"covered":1,"skipped":0,"pct":100},"functions":{"total":1,"covered":1,"skipped":0,"pct":100},"statements":{"total":1,"covered":1,"skipped":0,"pct":100},"branches":{"total":0,"covered":0,"skipped":0,"pct":100}}
,"/app/src/redux/suggestList.js": {"lines":{"total":9,"covered":8,"skipped":0,"pct":88.89},"functions":{"total":4,"covered":3,"skipped":0,"pct":75},"statements":{"total":10,"covered":9,"skipped":0,"pct":90},"branches":{"total":0,"covered":0,"skipped":0,"pct":100}}
,"/app/src/redux/userBlogs-actions.js": {"lines":{"total":9,"covered":8,"skipped":0,"pct":88.89},"functions":{"total":3,"covered":3,"skipped":0,"pct":100},"statements":{"total":10,"covered":9,"skipped":0,"pct":90},"branches":{"total":2,"covered":1,"skipped":0,"pct":50}}
,"/app/src/redux/userBlogs-slice.js": {"lines":{"total":5,"covered":4,"skipped":0,"pct":80},"functions":{"total":3,"covered":2,"skipped":0,"pct":66.67},"statements":{"total":6,"covered":5,"skipped":0,"pct":83.33},"branches":{"total":0,"covered":0,"skipped":0,"pct":100}}
,"/app/src/redux/userFollowing.js": {"lines":{"total":18,"covered":2,"skipped":0,"pct":11.11},"functions":{"total":12,"covered":0,"skipped":0,"pct":0},"statements":{"total":20,"covered":2,"skipped":0,"pct":10},"branches":{"total":2,"covered":0,"skipped":0,"pct":0}}
}
