{"/app/src/App.js": {"path":"/app/src/App.js","statementMap":{"0":{"start":{"line":38,"column":12},"end":{"line":151,"column":1}},"1":{"start":{"line":39,"column":19},"end":{"line":39,"column":32}},"2":{"start":{"line":43,"column":6},"end":{"line":43,"column":44}},"3":{"start":{"line":43,"column":29},"end":{"line":43,"column":43}},"4":{"start":{"line":44,"column":2},"end":{"line":46,"column":17}},"5":{"start":{"line":45,"column":4},"end":{"line":45,"column":31}},"6":{"start":{"line":48,"column":2},"end":{"line":50,"column":20}},"7":{"start":{"line":49,"column":4},"end":{"line":49,"column":26}},"8":{"start":{"line":52,"column":2},"end":{"line":150,"column":4}}},"fnMap":{"0":{"name":"(anonymous_0)","decl":{"start":{"line":38,"column":12},"end":{"line":38,"column":13}},"loc":{"start":{"line":38,"column":24},"end":{"line":151,"column":1}},"line":38},"1":{"name":"(anonymous_1)","decl":{"start":{"line":43,"column":18},"end":{"line":43,"column":19}},"loc":{"start":{"line":43,"column":29},"end":{"line":43,"column":43}},"line":43},"2":{"name":"(anonymous_2)","decl":{"start":{"line":44,"column":12},"end":{"line":44,"column":13}},"loc":{"start":{"line":44,"column":18},"end":{"line":46,"column":3}},"line":44},"3":{"name":"(anonymous_3)","decl":{"start":{"line":48,"column":12},"end":{"line":48,"column":13}},"loc":{"start":{"line":48,"column":18},"end":{"line":50,"column":3}},"line":48}},"branchMap":{"0":{"loc":{"start":{"line":54,"column":5},"end":{"line":126,"column":5}},"type":"binary-expr","locations":[{"start":{"line":54,"column":5},"end":{"line":54,"column":34}},{"start":{"line":55,"column":6},"end":{"line":125,"column":13}}],"line":54},"1":{"loc":{"start":{"line":127,"column":5},"end":{"line":148,"column":5}},"type":"binary-expr","locations":[{"start":{"line":127,"column":5},"end":{"line":127,"column":35}},{"start":{"line":128,"column":6},"end":{"line":147,"column":13}}],"line":127}},"s":{"0":274,"1":440,"2":360,"3":4487,"4":360,"5":274,"6":360,"7":360,"8":360},"f":{"0":440,"1":4487,"2":274,"3":360},"b":{"0":[360,105],"1":[360,255]},"_coverageSchema":"1a1c01bbd47fc00a2c39e90264f33305004495a9","hash":"0cabf502418758b33d1eb791b4919b50fa433384"}
,"/app/src/UpdateNotifications.js": {"path":"/app/src/UpdateNotifications.js","statementMap":{"0":{"start":{"line":5,"column":28},"end":{"line":22,"column":1}},"1":{"start":{"line":6,"column":16},"end":{"line":6,"column":45}},"2":{"start":{"line":7,"column":4},"end":{"line":7,"column":22}},"3":{"start":{"line":8,"column":17},"end":{"line":16,"column":6}},"4":{"start":{"line":17,"column":18},"end":{"line":17,"column":79}},"5":{"start":{"line":18,"column":4},"end":{"line":21,"column":7}},"6":{"start":{"line":19,"column":8},"end":{"line":19,"column":56}},"7":{"start":{"line":20,"column":8},"end":{"line":20,"column":26}}},"fnMap":{"0":{"name":"(anonymous_0)","decl":{"start":{"line":5,"column":28},"end":{"line":5,"column":29}},"loc":{"start":{"line":5,"column":34},"end":{"line":22,"column":1}},"line":5},"1":{"name":"(anonymous_1)","decl":{"start":{"line":18,"column":33},"end":{"line":18,"column":34}},"loc":{"start":{"line":18,"column":49},"end":{"line":21,"column":5}},"line":18}},"branchMap":{},"s":{"0":274,"1":360,"2":360,"3":360,"4":360,"5":360,"6":6,"7":6},"f":{"0":360,"1":6},"b":{},"_coverageSchema":"1a1c01bbd47fc00a2c39e90264f33305004495a9","hash":"d717b0e81df7ee2fac53aae16cdda4e4b36528ef"}
,"/app/src/index.js": {"path":"/app/src/index.js","statementMap":{"0":{"start":{"line":9,"column":0},"end":{"line":16,"column":2}}},"fnMap":{},"branchMap":{},"s":{"0":274},"f":{},"b":{},"_coverageSchema":"1a1c01bbd47fc00a2c39e90264f33305004495a9","hash":"ae6b7b5c4dc4d2ac598ca76598db9f6be1daeb6e"}
,"/app/src/api/api.js": {"path":"/app/src/api/api.js","statementMap":{"0":{"start":{"line":4,"column":16},"end":{"line":4,"column":45}},"1":{"start":{"line":13,"column":4},"end":{"line":17,"column":5}},"2":{"start":{"line":14,"column":6},"end":{"line":14,"column":52}},"3":{"start":{"line":16,"column":6},"end":{"line":16,"column":49}},"4":{"start":{"line":18,"column":4},"end":{"line":19,"column":67}},"5":{"start":{"line":19,"column":6},"end":{"line":19,"column":67}},"6":{"start":{"line":21,"column":4},"end":{"line":23,"column":5}},"7":{"start":{"line":22,"column":6},"end":{"line":22,"column":18}},"8":{"start":{"line":24,"column":4},"end":{"line":24,"column":32}}},"fnMap":{"0":{"name":"(anonymous_0)","decl":{"start":{"line":12,"column":21},"end":{"line":12,"column":22}},"loc":{"start":{"line":12,"column":46},"end":{"line":25,"column":3}},"line":12}},"branchMap":{"0":{"loc":{"start":{"line":13,"column":4},"end":{"line":17,"column":5}},"type":"if","locations":[{"start":{"line":13,"column":4},"end":{"line":17,"column":5}},{"start":{"line":13,"column":4},"end":{"line":17,"column":5}}],"line":13},"1":{"loc":{"start":{"line":18,"column":4},"end":{"line":19,"column":67}},"type":"if","locations":[{"start":{"line":18,"column":4},"end":{"line":19,"column":67}},{"start":{"line":18,"column":4},"end":{"line":19,"column":67}}],"line":18},"2":{"loc":{"start":{"line":21,"column":4},"end":{"line":23,"column":5}},"type":"if","locations":[{"start":{"line":21,"column":4},"end":{"line":23,"column":5}},{"start":{"line":21,"column":4},"end":{"line":23,"column":5}}],"line":21}},"s":{"0":274,"1":1195,"2":1,"3":1194,"4":1195,"5":616,"6":1195,"7":1,"8":1194},"f":{"0":1195},"b":{"0":[1,1194],"1":[616,579],"2":[1,1194]},"_coverageSchema":"1a1c01bbd47fc00a2c39e90264f33305004495a9","hash":"a0573e69a52c60ce89cab74686995ffcdb53acab"}
,"/app/src/components/Account/Account.jsx": {"path":"/app/src/components/Account/Account.jsx","statementMap":{"0":{"start":{"line":17,"column":16},"end":{"line":43,"column":1}},"1":{"start":{"line":18,"column":2},"end":{"line":18,"column":29}},"2":{"start":{"line":19,"column":2},"end":{"line":42,"column":4}}},"fnMap":{"0":{"name":"(anonymous_0)","decl":{"start":{"line":17,"column":16},"end":{"line":17,"column":17}},"loc":{"start":{"line":17,"column":28},"end":{"line":43,"column":1}},"line":17}},"branchMap":{},"s":{"0":274,"1":28,"2":14},"f":{"0":28},"b":{},"_coverageSchema":"1a1c01bbd47fc00a2c39e90264f33305004495a9","hash":"d48f16eaa51430180b3709fcf60064a95dc4f1d5"}
,"/app/src/components/Account/AccountServices.js": {"path":"/app/src/components/Account/AccountServices.js","statementMap":{"0":{"start":{"line":10,"column":20},"end":{"line":38,"column":1}},"1":{"start":{"line":11,"column":14},"end":{"line":11,"column":43}},"2":{"start":{"line":12,"column":2},"end":{"line":12,"column":21}},"3":{"start":{"line":13,"column":2},"end":{"line":37,"column":7}},"4":{"start":{"line":20,"column":6},"end":{"line":20,"column":75}},"5":{"start":{"line":21,"column":6},"end":{"line":22,"column":45}},"6":{"start":{"line":23,"column":6},"end":{"line":23,"column":64}},"7":{"start":{"line":24,"column":6},"end":{"line":24,"column":68}},"8":{"start":{"line":25,"column":6},"end":{"line":27,"column":8}},"9":{"start":{"line":29,"column":6},"end":{"line":30,"column":44}},"10":{"start":{"line":31,"column":6},"end":{"line":33,"column":8}},"11":{"start":{"line":36,"column":6},"end":{"line":36,"column":25}}},"fnMap":{"0":{"name":"(anonymous_0)","decl":{"start":{"line":10,"column":20},"end":{"line":10,"column":21}},"loc":{"start":{"line":10,"column":32},"end":{"line":38,"column":1}},"line":10},"1":{"name":"(anonymous_1)","decl":{"start":{"line":19,"column":10},"end":{"line":19,"column":11}},"loc":{"start":{"line":19,"column":24},"end":{"line":34,"column":5}},"line":19},"2":{"name":"(anonymous_2)","decl":{"start":{"line":35,"column":11},"end":{"line":35,"column":12}},"loc":{"start":{"line":35,"column":22},"end":{"line":37,"column":5}},"line":35}},"branchMap":{},"s":{"0":274,"1":14,"2":14,"3":14,"4":0,"5":0,"6":0,"7":0,"8":0,"9":0,"10":0,"11":12},"f":{"0":14,"1":0,"2":12},"b":{},"_coverageSchema":"1a1c01bbd47fc00a2c39e90264f33305004495a9","hash":"f00b33653d5cb5d5238aa547fa5bc1f8ff1a9a36"}
,"/app/src/components/Account/EmailSection/EmailSection.jsx": {"path":"/app/src/components/Account/EmailSection/EmailSection.jsx","statementMap":{"0":{"start":{"line":20,"column":21},"end":{"line":120,"column":1}},"1":{"start":{"line":27,"column":6},"end":{"line":27,"column":45}},"2":{"start":{"line":27,"column":29},"end":{"line":27,"column":44}},"3":{"start":{"line":29,"column":2},"end":{"line":119,"column":4}},"4":{"start":{"line":74,"column":34},"end":{"line":74,"column":73}},"5":{"start":{"line":83,"column":16},"end":{"line":83,"column":74}}},"fnMap":{"0":{"name":"(anonymous_0)","decl":{"start":{"line":20,"column":21},"end":{"line":20,"column":22}},"loc":{"start":{"line":20,"column":33},"end":{"line":120,"column":1}},"line":20},"1":{"name":"(anonymous_1)","decl":{"start":{"line":27,"column":18},"end":{"line":27,"column":19}},"loc":{"start":{"line":27,"column":29},"end":{"line":27,"column":44}},"line":27},"2":{"name":"(anonymous_2)","decl":{"start":{"line":74,"column":23},"end":{"line":74,"column":24}},"loc":{"start":{"line":74,"column":34},"end":{"line":74,"column":73}},"line":74},"3":{"name":"(anonymous_3)","decl":{"start":{"line":82,"column":23},"end":{"line":82,"column":24}},"loc":{"start":{"line":83,"column":16},"end":{"line":83,"column":74}},"line":83}},"branchMap":{},"s":{"0":274,"1":28,"2":1338,"3":14,"4":40,"5":42},"f":{"0":28,"1":1338,"2":40,"3":42},"b":{},"_coverageSchema":"1a1c01bbd47fc00a2c39e90264f33305004495a9","hash":"e8651d8705235654d516360e854728a98778c517"}
,"/app/src/components/Account/EmailSection/EmailSectionController.js": {"path":"/app/src/components/Account/EmailSection/EmailSectionController.js","statementMap":{"0":{"start":{"line":16,"column":26},"end":{"line":61,"column":1}},"1":{"start":{"line":20,"column":2},"end":{"line":23,"column":5}},"2":{"start":{"line":21,"column":4},"end":{"line":21,"column":40}},"3":{"start":{"line":22,"column":4},"end":{"line":22,"column":38}},"4":{"start":{"line":28,"column":21},"end":{"line":28,"column":77}},"5":{"start":{"line":29,"column":2},"end":{"line":47,"column":3}},"6":{"start":{"line":30,"column":4},"end":{"line":34,"column":44}},"7":{"start":{"line":36,"column":4},"end":{"line":38,"column":61}},"8":{"start":{"line":39,"column":4},"end":{"line":41,"column":44}},"9":{"start":{"line":43,"column":4},"end":{"line":45,"column":44}},"10":{"start":{"line":48,"column":2},"end":{"line":50,"column":5}},"11":{"start":{"line":49,"column":4},"end":{"line":49,"column":32}},"12":{"start":{"line":51,"column":2},"end":{"line":51,"column":84}},"13":{"start":{"line":54,"column":2},"end":{"line":54,"column":67}},"14":{"start":{"line":60,"column":2},"end":{"line":60,"column":54}},"15":{"start":{"line":69,"column":18},"end":{"line":114,"column":1}},"16":{"start":{"line":70,"column":2},"end":{"line":72,"column":5}},"17":{"start":{"line":71,"column":4},"end":{"line":71,"column":49}},"18":{"start":{"line":80,"column":15},"end":{"line":80,"column":68}},"19":{"start":{"line":81,"column":2},"end":{"line":113,"column":3}},"20":{"start":{"line":82,"column":4},"end":{"line":88,"column":9}},"21":{"start":{"line":85,"column":8},"end":{"line":85,"column":53}},"22":{"start":{"line":89,"column":6},"end":{"line":89,"column":88}},"23":{"start":{"line":91,"column":4},"end":{"line":93,"column":61}},"24":{"start":{"line":94,"column":4},"end":{"line":96,"column":44}},"25":{"start":{"line":103,"column":31},"end":{"line":105,"column":8}},"26":{"start":{"line":106,"column":23},"end":{"line":106,"column":63}},"27":{"start":{"line":107,"column":4},"end":{"line":107,"column":44}},"28":{"start":{"line":108,"column":4},"end":{"line":110,"column":7}},"29":{"start":{"line":109,"column":6},"end":{"line":109,"column":36}},"30":{"start":{"line":111,"column":4},"end":{"line":111,"column":51}},"31":{"start":{"line":112,"column":4},"end":{"line":112,"column":43}},"32":{"start":{"line":122,"column":20},"end":{"line":140,"column":1}},"33":{"start":{"line":123,"column":2},"end":{"line":126,"column":5}},"34":{"start":{"line":125,"column":4},"end":{"line":125,"column":40}},"35":{"start":{"line":127,"column":2},"end":{"line":139,"column":3}},"36":{"start":{"line":128,"column":4},"end":{"line":128,"column":61}},"37":{"start":{"line":129,"column":9},"end":{"line":139,"column":3}},"38":{"start":{"line":130,"column":4},"end":{"line":130,"column":73}},"39":{"start":{"line":132,"column":21},"end":{"line":134,"column":5}},"40":{"start":{"line":135,"column":4},"end":{"line":135,"column":34}},"41":{"start":{"line":136,"column":4},"end":{"line":138,"column":6}},"42":{"start":{"line":148,"column":19},"end":{"line":181,"column":1}},"43":{"start":{"line":149,"column":21},"end":{"line":149,"column":79}},"44":{"start":{"line":155,"column":22},"end":{"line":157,"column":3}},"45":{"start":{"line":158,"column":2},"end":{"line":180,"column":3}},"46":{"start":{"line":159,"column":4},"end":{"line":179,"column":5}},"47":{"start":{"line":160,"column":26},"end":{"line":162,"column":10}},"48":{"start":{"line":163,"column":6},"end":{"line":163,"column":47}},"49":{"start":{"line":164,"column":6},"end":{"line":168,"column":7}},"50":{"start":{"line":165,"column":8},"end":{"line":165,"column":63}},"51":{"start":{"line":167,"column":8},"end":{"line":167,"column":70}},"52":{"start":{"line":174,"column":23},"end":{"line":177,"column":7}},"53":{"start":{"line":178,"column":6},"end":{"line":178,"column":28}}},"fnMap":{"0":{"name":"(anonymous_0)","decl":{"start":{"line":16,"column":26},"end":{"line":16,"column":27}},"loc":{"start":{"line":16,"column":52},"end":{"line":61,"column":1}},"line":16},"1":{"name":"(anonymous_1)","decl":{"start":{"line":20,"column":54},"end":{"line":20,"column":55}},"loc":{"start":{"line":20,"column":67},"end":{"line":23,"column":3}},"line":20},"2":{"name":"(anonymous_2)","decl":{"start":{"line":48,"column":49},"end":{"line":48,"column":50}},"loc":{"start":{"line":48,"column":62},"end":{"line":50,"column":3}},"line":48},"3":{"name":"(anonymous_3)","decl":{"start":{"line":69,"column":18},"end":{"line":69,"column":19}},"loc":{"start":{"line":69,"column":29},"end":{"line":114,"column":1}},"line":69},"4":{"name":"(anonymous_4)","decl":{"start":{"line":70,"column":54},"end":{"line":70,"column":55}},"loc":{"start":{"line":70,"column":67},"end":{"line":72,"column":3}},"line":70},"5":{"name":"(anonymous_5)","decl":{"start":{"line":84,"column":15},"end":{"line":84,"column":16}},"loc":{"start":{"line":84,"column":28},"end":{"line":88,"column":7}},"line":84},"6":{"name":"(anonymous_6)","decl":{"start":{"line":108,"column":51},"end":{"line":108,"column":52}},"loc":{"start":{"line":108,"column":64},"end":{"line":110,"column":5}},"line":108},"7":{"name":"(anonymous_7)","decl":{"start":{"line":122,"column":20},"end":{"line":122,"column":21}},"loc":{"start":{"line":122,"column":31},"end":{"line":140,"column":1}},"line":122},"8":{"name":"(anonymous_8)","decl":{"start":{"line":123,"column":54},"end":{"line":123,"column":55}},"loc":{"start":{"line":123,"column":67},"end":{"line":126,"column":3}},"line":123},"9":{"name":"(anonymous_9)","decl":{"start":{"line":148,"column":19},"end":{"line":148,"column":20}},"loc":{"start":{"line":148,"column":71},"end":{"line":181,"column":1}},"line":148}},"branchMap":{"0":{"loc":{"start":{"line":29,"column":2},"end":{"line":47,"column":3}},"type":"if","locations":[{"start":{"line":29,"column":2},"end":{"line":47,"column":3}},{"start":{"line":29,"column":2},"end":{"line":47,"column":3}}],"line":29},"1":{"loc":{"start":{"line":81,"column":2},"end":{"line":113,"column":3}},"type":"if","locations":[{"start":{"line":81,"column":2},"end":{"line":113,"column":3}},{"start":{"line":81,"column":2},"end":{"line":113,"column":3}}],"line":81},"2":{"loc":{"start":{"line":81,"column":6},"end":{"line":81,"column":65}},"type":"binary-expr","locations":[{"start":{"line":81,"column":6},"end":{"line":81,"column":37}},{"start":{"line":81,"column":41},"end":{"line":81,"column":65}}],"line":81},"3":{"loc":{"start":{"line":127,"column":2},"end":{"line":139,"column":3}},"type":"if","locations":[{"start":{"line":127,"column":2},"end":{"line":139,"column":3}},{"start":{"line":127,"column":2},"end":{"line":139,"column":3}}],"line":127},"4":{"loc":{"start":{"line":129,"column":9},"end":{"line":139,"column":3}},"type":"if","locations":[{"start":{"line":129,"column":9},"end":{"line":139,"column":3}},{"start":{"line":129,"column":9},"end":{"line":139,"column":3}}],"line":129},"5":{"loc":{"start":{"line":158,"column":2},"end":{"line":180,"column":3}},"type":"if","locations":[{"start":{"line":158,"column":2},"end":{"line":180,"column":3}},{"start":{"line":158,"column":2},"end":{"line":180,"column":3}}],"line":158},"6":{"loc":{"start":{"line":159,"column":4},"end":{"line":179,"column":5}},"type":"if","locations":[{"start":{"line":159,"column":4},"end":{"line":179,"column":5}},{"start":{"line":159,"column":4},"end":{"line":179,"column":5}}],"line":159},"7":{"loc":{"start":{"line":159,"column":8},"end":{"line":159,"column":74}},"type":"binary-expr","locations":[{"start":{"line":159,"column":8},"end":{"line":159,"column":31}},{"start":{"line":159,"column":35},"end":{"line":159,"column":47}},{"start":{"line":159,"column":51},"end":{"line":159,"column":74}}],"line":159},"8":{"loc":{"start":{"line":164,"column":6},"end":{"line":168,"column":7}},"type":"if","locations":[{"start":{"line":164,"column":6},"end":{"line":168,"column":7}},{"start":{"line":164,"column":6},"end":{"line":168,"column":7}}],"line":164},"9":{"loc":{"start":{"line":164,"column":10},"end":{"line":164,"column":49}},"type":"binary-expr","locations":[{"start":{"line":164,"column":10},"end":{"line":164,"column":33}},{"start":{"line":164,"column":37},"end":{"line":164,"column":49}}],"line":164}},"s":{"0":274,"1":40,"2":200,"3":200,"4":40,"5":40,"6":40,"7":40,"8":40,"9":40,"10":40,"11":160,"12":40,"13":40,"14":40,"15":274,"16":0,"17":0,"18":0,"19":0,"20":0,"21":0,"22":0,"23":0,"24":0,"25":0,"26":0,"27":0,"28":0,"29":0,"30":0,"31":0,"32":274,"33":0,"34":0,"35":0,"36":0,"37":0,"38":0,"39":0,"40":0,"41":0,"42":274,"43":42,"44":42,"45":42,"46":42,"47":42,"48":42,"49":42,"50":42,"51":0,"52":0,"53":0},"f":{"0":40,"1":200,"2":160,"3":0,"4":0,"5":0,"6":0,"7":0,"8":0,"9":42},"b":{"0":[40,0],"1":[0,0],"2":[0,0],"3":[0,0],"4":[0,0],"5":[42,0],"6":[42,0],"7":[42,0,0],"8":[42,0],"9":[42,0]},"_coverageSchema":"1a1c01bbd47fc00a2c39e90264f33305004495a9","hash":"172350c4da2022d24a71a1a778d48bbf70ff07e6"}
,"/app/src/components/Account/EmailSection/EmailSectionServices.js": {"path":"/app/src/components/Account/EmailSection/EmailSectionServices.js","statementMap":{"0":{"start":{"line":11,"column":20},"end":{"line":28,"column":1}},"1":{"start":{"line":12,"column":14},"end":{"line":12,"column":43}},"2":{"start":{"line":13,"column":15},"end":{"line":17,"column":3}},"3":{"start":{"line":18,"column":2},"end":{"line":27,"column":7}},"4":{"start":{"line":21,"column":6},"end":{"line":21,"column":31}},"5":{"start":{"line":24,"column":6},"end":{"line":26,"column":38}},"6":{"start":{"line":30,"column":28},"end":{"line":40,"column":1}},"7":{"start":{"line":31,"column":14},"end":{"line":31,"column":43}},"8":{"start":{"line":32,"column":15},"end":{"line":36,"column":3}},"9":{"start":{"line":37,"column":2},"end":{"line":39,"column":5}},"10":{"start":{"line":38,"column":4},"end":{"line":38,"column":25}}},"fnMap":{"0":{"name":"(anonymous_0)","decl":{"start":{"line":11,"column":20},"end":{"line":11,"column":21}},"loc":{"start":{"line":11,"column":40},"end":{"line":28,"column":1}},"line":11},"1":{"name":"(anonymous_1)","decl":{"start":{"line":20,"column":10},"end":{"line":20,"column":11}},"loc":{"start":{"line":20,"column":24},"end":{"line":22,"column":5}},"line":20},"2":{"name":"(anonymous_2)","decl":{"start":{"line":23,"column":11},"end":{"line":23,"column":12}},"loc":{"start":{"line":23,"column":22},"end":{"line":27,"column":5}},"line":23},"3":{"name":"(anonymous_3)","decl":{"start":{"line":30,"column":28},"end":{"line":30,"column":29}},"loc":{"start":{"line":30,"column":48},"end":{"line":40,"column":1}},"line":30},"4":{"name":"(anonymous_4)","decl":{"start":{"line":37,"column":61},"end":{"line":37,"column":62}},"loc":{"start":{"line":37,"column":74},"end":{"line":39,"column":3}},"line":37}},"branchMap":{},"s":{"0":274,"1":0,"2":0,"3":0,"4":0,"5":0,"6":274,"7":0,"8":0,"9":0,"10":0},"f":{"0":0,"1":0,"2":0,"3":0,"4":0},"b":{},"_coverageSchema":"1a1c01bbd47fc00a2c39e90264f33305004495a9","hash":"7d7fc3ed9470c0844697b24a1108ea72c29858c8"}
,"/app/src/components/Account/PasswordSection/PasswordSection.jsx": {"path":"/app/src/components/Account/PasswordSection/PasswordSection.jsx","statementMap":{"0":{"start":{"line":21,"column":24},"end":{"line":124,"column":1}},"1":{"start":{"line":23,"column":4},"end":{"line":23,"column":46}},"2":{"start":{"line":23,"column":27},"end":{"line":23,"column":45}},"3":{"start":{"line":25,"column":2},"end":{"line":123,"column":4}},"4":{"start":{"line":99,"column":16},"end":{"line":104,"column":17}}},"fnMap":{"0":{"name":"(anonymous_0)","decl":{"start":{"line":21,"column":24},"end":{"line":21,"column":25}},"loc":{"start":{"line":21,"column":41},"end":{"line":124,"column":1}},"line":21},"1":{"name":"(anonymous_1)","decl":{"start":{"line":23,"column":16},"end":{"line":23,"column":17}},"loc":{"start":{"line":23,"column":27},"end":{"line":23,"column":45}},"line":23},"2":{"name":"(anonymous_2)","decl":{"start":{"line":98,"column":23},"end":{"line":98,"column":24}},"loc":{"start":{"line":99,"column":16},"end":{"line":104,"column":17}},"line":99}},"branchMap":{},"s":{"0":274,"1":1298,"2":2582,"3":1298,"4":42},"f":{"0":1298,"1":2582,"2":42},"b":{},"_coverageSchema":"1a1c01bbd47fc00a2c39e90264f33305004495a9","hash":"65a34c0a60964652db259c97431ca1ab21e35ca2"}
,"/app/src/components/Account/PasswordSection/PasswordSectionController.js": {"path":"/app/src/components/Account/PasswordSection/PasswordSectionController.js","statementMap":{"0":{"start":{"line":16,"column":20},"end":{"line":38,"column":1}},"1":{"start":{"line":17,"column":2},"end":{"line":20,"column":5}},"2":{"start":{"line":19,"column":4},"end":{"line":19,"column":40}},"3":{"start":{"line":21,"column":2},"end":{"line":24,"column":5}},"4":{"start":{"line":23,"column":4},"end":{"line":23,"column":40}},"5":{"start":{"line":25,"column":2},"end":{"line":37,"column":3}},"6":{"start":{"line":27,"column":4},"end":{"line":27,"column":73}},"7":{"start":{"line":28,"column":9},"end":{"line":37,"column":3}},"8":{"start":{"line":30,"column":4},"end":{"line":30,"column":67}},"9":{"start":{"line":31,"column":9},"end":{"line":37,"column":3}},"10":{"start":{"line":33,"column":4},"end":{"line":33,"column":76}},"11":{"start":{"line":36,"column":4},"end":{"line":36,"column":73}},"12":{"start":{"line":46,"column":18},"end":{"line":100,"column":1}},"13":{"start":{"line":47,"column":2},"end":{"line":49,"column":5}},"14":{"start":{"line":48,"column":4},"end":{"line":48,"column":49}},"15":{"start":{"line":55,"column":15},"end":{"line":55,"column":68}},"16":{"start":{"line":56,"column":2},"end":{"line":99,"column":3}},"17":{"start":{"line":61,"column":4},"end":{"line":62,"column":13}},"18":{"start":{"line":63,"column":4},"end":{"line":63,"column":80}},"19":{"start":{"line":65,"column":4},"end":{"line":66,"column":13}},"20":{"start":{"line":68,"column":4},"end":{"line":68,"column":80}},"21":{"start":{"line":69,"column":4},"end":{"line":75,"column":9}},"22":{"start":{"line":72,"column":8},"end":{"line":72,"column":53}},"23":{"start":{"line":76,"column":4},"end":{"line":78,"column":44}},"24":{"start":{"line":84,"column":23},"end":{"line":84,"column":63}},"25":{"start":{"line":85,"column":4},"end":{"line":85,"column":44}},"26":{"start":{"line":86,"column":4},"end":{"line":88,"column":7}},"27":{"start":{"line":87,"column":6},"end":{"line":87,"column":36}},"28":{"start":{"line":94,"column":34},"end":{"line":96,"column":8}},"29":{"start":{"line":97,"column":4},"end":{"line":97,"column":54}},"30":{"start":{"line":98,"column":4},"end":{"line":98,"column":46}},"31":{"start":{"line":109,"column":26},"end":{"line":151,"column":1}},"32":{"start":{"line":110,"column":2},"end":{"line":113,"column":5}},"33":{"start":{"line":111,"column":4},"end":{"line":111,"column":40}},"34":{"start":{"line":112,"column":4},"end":{"line":112,"column":38}},"35":{"start":{"line":119,"column":21},"end":{"line":119,"column":77}},"36":{"start":{"line":120,"column":2},"end":{"line":143,"column":3}},"37":{"start":{"line":121,"column":4},"end":{"line":121,"column":69}},"38":{"start":{"line":122,"column":4},"end":{"line":122,"column":80}},"39":{"start":{"line":124,"column":4},"end":{"line":125,"column":13}},"40":{"start":{"line":126,"column":4},"end":{"line":127,"column":14}},"41":{"start":{"line":128,"column":4},"end":{"line":134,"column":9}},"42":{"start":{"line":131,"column":8},"end":{"line":131,"column":53}},"43":{"start":{"line":136,"column":4},"end":{"line":138,"column":44}},"44":{"start":{"line":140,"column":4},"end":{"line":142,"column":44}},"45":{"start":{"line":144,"column":2},"end":{"line":146,"column":5}},"46":{"start":{"line":145,"column":4},"end":{"line":145,"column":32}},"47":{"start":{"line":148,"column":2},"end":{"line":150,"column":5}},"48":{"start":{"line":149,"column":4},"end":{"line":149,"column":32}},"49":{"start":{"line":159,"column":19},"end":{"line":197,"column":1}},"50":{"start":{"line":170,"column":22},"end":{"line":172,"column":3}},"51":{"start":{"line":173,"column":15},"end":{"line":173,"column":26}},"52":{"start":{"line":174,"column":2},"end":{"line":196,"column":3}},"53":{"start":{"line":175,"column":4},"end":{"line":195,"column":5}},"54":{"start":{"line":176,"column":6},"end":{"line":178,"column":35}},"55":{"start":{"line":179,"column":11},"end":{"line":195,"column":5}},"56":{"start":{"line":182,"column":6},"end":{"line":184,"column":38}},"57":{"start":{"line":185,"column":11},"end":{"line":195,"column":5}},"58":{"start":{"line":186,"column":6},"end":{"line":188,"column":38}},"59":{"start":{"line":190,"column":23},"end":{"line":193,"column":7}},"60":{"start":{"line":194,"column":6},"end":{"line":194,"column":33}}},"fnMap":{"0":{"name":"(anonymous_0)","decl":{"start":{"line":16,"column":20},"end":{"line":16,"column":21}},"loc":{"start":{"line":16,"column":31},"end":{"line":38,"column":1}},"line":16},"1":{"name":"(anonymous_1)","decl":{"start":{"line":17,"column":54},"end":{"line":17,"column":55}},"loc":{"start":{"line":17,"column":67},"end":{"line":20,"column":3}},"line":17},"2":{"name":"(anonymous_2)","decl":{"start":{"line":21,"column":54},"end":{"line":21,"column":55}},"loc":{"start":{"line":21,"column":67},"end":{"line":24,"column":3}},"line":21},"3":{"name":"(anonymous_3)","decl":{"start":{"line":46,"column":18},"end":{"line":46,"column":19}},"loc":{"start":{"line":46,"column":29},"end":{"line":100,"column":1}},"line":46},"4":{"name":"(anonymous_4)","decl":{"start":{"line":47,"column":54},"end":{"line":47,"column":55}},"loc":{"start":{"line":47,"column":67},"end":{"line":49,"column":3}},"line":47},"5":{"name":"(anonymous_5)","decl":{"start":{"line":71,"column":15},"end":{"line":71,"column":16}},"loc":{"start":{"line":71,"column":28},"end":{"line":75,"column":7}},"line":71},"6":{"name":"(anonymous_6)","decl":{"start":{"line":86,"column":51},"end":{"line":86,"column":52}},"loc":{"start":{"line":86,"column":64},"end":{"line":88,"column":5}},"line":86},"7":{"name":"(anonymous_7)","decl":{"start":{"line":109,"column":26},"end":{"line":109,"column":27}},"loc":{"start":{"line":109,"column":37},"end":{"line":151,"column":1}},"line":109},"8":{"name":"(anonymous_8)","decl":{"start":{"line":110,"column":54},"end":{"line":110,"column":55}},"loc":{"start":{"line":110,"column":67},"end":{"line":113,"column":3}},"line":110},"9":{"name":"(anonymous_9)","decl":{"start":{"line":130,"column":15},"end":{"line":130,"column":16}},"loc":{"start":{"line":130,"column":28},"end":{"line":134,"column":7}},"line":130},"10":{"name":"(anonymous_10)","decl":{"start":{"line":144,"column":49},"end":{"line":144,"column":50}},"loc":{"start":{"line":144,"column":62},"end":{"line":146,"column":3}},"line":144},"11":{"name":"(anonymous_11)","decl":{"start":{"line":148,"column":49},"end":{"line":148,"column":50}},"loc":{"start":{"line":148,"column":62},"end":{"line":150,"column":3}},"line":148},"12":{"name":"(anonymous_12)","decl":{"start":{"line":159,"column":19},"end":{"line":159,"column":20}},"loc":{"start":{"line":164,"column":5},"end":{"line":197,"column":1}},"line":164}},"branchMap":{"0":{"loc":{"start":{"line":25,"column":2},"end":{"line":37,"column":3}},"type":"if","locations":[{"start":{"line":25,"column":2},"end":{"line":37,"column":3}},{"start":{"line":25,"column":2},"end":{"line":37,"column":3}}],"line":25},"1":{"loc":{"start":{"line":28,"column":9},"end":{"line":37,"column":3}},"type":"if","locations":[{"start":{"line":28,"column":9},"end":{"line":37,"column":3}},{"start":{"line":28,"column":9},"end":{"line":37,"column":3}}],"line":28},"2":{"loc":{"start":{"line":31,"column":9},"end":{"line":37,"column":3}},"type":"if","locations":[{"start":{"line":31,"column":9},"end":{"line":37,"column":3}},{"start":{"line":31,"column":9},"end":{"line":37,"column":3}}],"line":31},"3":{"loc":{"start":{"line":56,"column":2},"end":{"line":99,"column":3}},"type":"if","locations":[{"start":{"line":56,"column":2},"end":{"line":99,"column":3}},{"start":{"line":56,"column":2},"end":{"line":99,"column":3}}],"line":56},"4":{"loc":{"start":{"line":57,"column":4},"end":{"line":59,"column":61}},"type":"binary-expr","locations":[{"start":{"line":57,"column":4},"end":{"line":57,"column":28}},{"start":{"line":58,"column":4},"end":{"line":58,"column":47}},{"start":{"line":59,"column":4},"end":{"line":59,"column":61}}],"line":57},"5":{"loc":{"start":{"line":120,"column":2},"end":{"line":143,"column":3}},"type":"if","locations":[{"start":{"line":120,"column":2},"end":{"line":143,"column":3}},{"start":{"line":120,"column":2},"end":{"line":143,"column":3}}],"line":120},"6":{"loc":{"start":{"line":174,"column":2},"end":{"line":196,"column":3}},"type":"if","locations":[{"start":{"line":174,"column":2},"end":{"line":196,"column":3}},{"start":{"line":174,"column":2},"end":{"line":196,"column":3}}],"line":174},"7":{"loc":{"start":{"line":175,"column":4},"end":{"line":195,"column":5}},"type":"if","locations":[{"start":{"line":175,"column":4},"end":{"line":195,"column":5}},{"start":{"line":175,"column":4},"end":{"line":195,"column":5}}],"line":175},"8":{"loc":{"start":{"line":179,"column":11},"end":{"line":195,"column":5}},"type":"if","locations":[{"start":{"line":179,"column":11},"end":{"line":195,"column":5}},{"start":{"line":179,"column":11},"end":{"line":195,"column":5}}],"line":179},"9":{"loc":{"start":{"line":179,"column":15},"end":{"line":179,"column":67}},"type":"binary-expr","locations":[{"start":{"line":179,"column":15},"end":{"line":179,"column":38}},{"start":{"line":179,"column":42},"end":{"line":179,"column":67}}],"line":179},"10":{"loc":{"start":{"line":185,"column":11},"end":{"line":195,"column":5}},"type":"if","locations":[{"start":{"line":185,"column":11},"end":{"line":195,"column":5}},{"start":{"line":185,"column":11},"end":{"line":195,"column":5}}],"line":185}},"s":{"0":274,"1":1284,"2":6420,"3":1284,"4":6420,"5":1284,"6":406,"7":878,"8":388,"9":490,"10":490,"11":0,"12":274,"13":42,"14":210,"15":42,"16":42,"17":42,"18":42,"19":42,"20":42,"21":42,"22":132,"23":42,"24":42,"25":42,"26":42,"27":168,"28":42,"29":42,"30":42,"31":274,"32":40,"33":200,"34":200,"35":40,"36":40,"37":40,"38":40,"39":40,"40":40,"41":40,"42":120,"43":40,"44":40,"45":40,"46":160,"47":40,"48":160,"49":274,"50":42,"51":42,"52":42,"53":42,"54":10,"55":32,"56":18,"57":14,"58":0,"59":14,"60":14},"f":{"0":1284,"1":6420,"2":6420,"3":42,"4":210,"5":132,"6":168,"7":40,"8":200,"9":120,"10":160,"11":160,"12":42},"b":{"0":[406,878],"1":[388,490],"2":[490,0],"3":[42,0],"4":[42,0,0],"5":[40,0],"6":[42,0],"7":[10,32],"8":[18,14],"9":[32,20],"10":[0,14]},"_coverageSchema":"1a1c01bbd47fc00a2c39e90264f33305004495a9","hash":"2d25cfce0e5ddcf0b98fd2424a1e5c1482b3e845"}
,"/app/src/components/Account/PasswordSection/PasswordSectionServices.js": {"path":"/app/src/components/Account/PasswordSection/PasswordSectionServices.js","statementMap":{"0":{"start":{"line":4,"column":25},"end":{"line":18,"column":1}},"1":{"start":{"line":5,"column":14},"end":{"line":5,"column":43}},"2":{"start":{"line":6,"column":2},"end":{"line":17,"column":7}},"3":{"start":{"line":13,"column":6},"end":{"line":13,"column":31}},"4":{"start":{"line":16,"column":6},"end":{"line":16,"column":93}}},"fnMap":{"0":{"name":"(anonymous_0)","decl":{"start":{"line":4,"column":25},"end":{"line":4,"column":26}},"loc":{"start":{"line":4,"column":45},"end":{"line":18,"column":1}},"line":4},"1":{"name":"(anonymous_1)","decl":{"start":{"line":12,"column":10},"end":{"line":12,"column":11}},"loc":{"start":{"line":12,"column":19},"end":{"line":14,"column":5}},"line":12},"2":{"name":"(anonymous_2)","decl":{"start":{"line":15,"column":11},"end":{"line":15,"column":12}},"loc":{"start":{"line":15,"column":20},"end":{"line":17,"column":5}},"line":15}},"branchMap":{},"s":{"0":274,"1":14,"2":14,"3":0,"4":12},"f":{"0":14,"1":0,"2":12},"b":{},"_coverageSchema":"1a1c01bbd47fc00a2c39e90264f33305004495a9","hash":"800eb84d52f3690887c1fec8282014b2370c2f21"}
,"/app/src/components/Account/SecuritySection/SecuritySection.jsx": {"path":"/app/src/components/Account/SecuritySection/SecuritySection.jsx","statementMap":{"0":{"start":{"line":13,"column":24},"end":{"line":69,"column":1}},"1":{"start":{"line":14,"column":44},"end":{"line":16,"column":3}},"2":{"start":{"line":15,"column":15},"end":{"line":15,"column":33}},"3":{"start":{"line":18,"column":2},"end":{"line":68,"column":4}},"4":{"start":{"line":48,"column":14},"end":{"line":48,"column":65}}},"fnMap":{"0":{"name":"(anonymous_0)","decl":{"start":{"line":13,"column":24},"end":{"line":13,"column":25}},"loc":{"start":{"line":13,"column":36},"end":{"line":69,"column":1}},"line":13},"1":{"name":"(anonymous_1)","decl":{"start":{"line":15,"column":4},"end":{"line":15,"column":5}},"loc":{"start":{"line":15,"column":15},"end":{"line":15,"column":33}},"line":15},"2":{"name":"(anonymous_2)","decl":{"start":{"line":47,"column":21},"end":{"line":47,"column":22}},"loc":{"start":{"line":48,"column":14},"end":{"line":48,"column":65}},"line":48}},"branchMap":{},"s":{"0":274,"1":14,"2":1338,"3":14,"4":0},"f":{"0":14,"1":1338,"2":0},"b":{},"_coverageSchema":"1a1c01bbd47fc00a2c39e90264f33305004495a9","hash":"9318d6cd17748313cd4bea4e46d5072c7c447ed9"}
,"/app/src/components/Account/SecuritySection/SecuritySectionController.js": {"path":"/app/src/components/Account/SecuritySection/SecuritySectionController.js","statementMap":{"0":{"start":{"line":13,"column":22},"end":{"line":32,"column":1}},"1":{"start":{"line":19,"column":16},"end":{"line":19,"column":70}},"2":{"start":{"line":20,"column":2},"end":{"line":31,"column":3}},"3":{"start":{"line":22,"column":4},"end":{"line":22,"column":72}},"4":{"start":{"line":24,"column":21},"end":{"line":26,"column":5}},"5":{"start":{"line":27,"column":4},"end":{"line":27,"column":32}},"6":{"start":{"line":30,"column":4},"end":{"line":30,"column":71}}},"fnMap":{"0":{"name":"(anonymous_0)","decl":{"start":{"line":13,"column":22},"end":{"line":13,"column":23}},"loc":{"start":{"line":13,"column":64},"end":{"line":32,"column":1}},"line":13}},"branchMap":{"0":{"loc":{"start":{"line":20,"column":2},"end":{"line":31,"column":3}},"type":"if","locations":[{"start":{"line":20,"column":2},"end":{"line":31,"column":3}},{"start":{"line":20,"column":2},"end":{"line":31,"column":3}}],"line":20}},"s":{"0":274,"1":0,"2":0,"3":0,"4":0,"5":0,"6":0},"f":{"0":0},"b":{"0":[0,0]},"_coverageSchema":"1a1c01bbd47fc00a2c39e90264f33305004495a9","hash":"46a89392d8875109deb6d1ea06ff0dae6ee3a7a0"}
,"/app/src/components/Account/SecuritySection/SecuritySectionServices.js": {"path":"/app/src/components/Account/SecuritySection/SecuritySectionServices.js","statementMap":{"0":{"start":{"line":2,"column":26},"end":{"line":18,"column":1}},"1":{"start":{"line":3,"column":14},"end":{"line":3,"column":43}},"2":{"start":{"line":4,"column":15},"end":{"line":8,"column":3}},"3":{"start":{"line":9,"column":2},"end":{"line":17,"column":7}},"4":{"start":{"line":15,"column":6},"end":{"line":15,"column":23}}},"fnMap":{"0":{"name":"(anonymous_0)","decl":{"start":{"line":2,"column":26},"end":{"line":2,"column":27}},"loc":{"start":{"line":2,"column":46},"end":{"line":18,"column":1}},"line":2},"1":{"name":"(anonymous_1)","decl":{"start":{"line":11,"column":10},"end":{"line":11,"column":11}},"loc":{"start":{"line":11,"column":19},"end":{"line":13,"column":5}},"line":11},"2":{"name":"(anonymous_2)","decl":{"start":{"line":14,"column":11},"end":{"line":14,"column":12}},"loc":{"start":{"line":14,"column":20},"end":{"line":17,"column":5}},"line":14}},"branchMap":{},"s":{"0":274,"1":0,"2":0,"3":0,"4":0},"f":{"0":0,"1":0,"2":0},"b":{},"_coverageSchema":"1a1c01bbd47fc00a2c39e90264f33305004495a9","hash":"a63987f6cf54b498d3937ed09b4b8d058ab18041"}
,"/app/src/components/Blog/BlockService/blockService.js": {"path":"/app/src/components/Blog/BlockService/blockService.js","statementMap":{"0":{"start":{"line":10,"column":14},"end":{"line":19,"column":1}},"1":{"start":{"line":11,"column":4},"end":{"line":17,"column":5}},"2":{"start":{"line":12,"column":25},"end":{"line":12,"column":73}},"3":{"start":{"line":13,"column":8},"end":{"line":13,"column":31}},"4":{"start":{"line":15,"column":8},"end":{"line":15,"column":59}},"5":{"start":{"line":16,"column":8},"end":{"line":16,"column":21}},"6":{"start":{"line":18,"column":4},"end":{"line":18,"column":16}},"7":{"start":{"line":26,"column":16},"end":{"line":35,"column":1}},"8":{"start":{"line":27,"column":4},"end":{"line":33,"column":5}},"9":{"start":{"line":28,"column":25},"end":{"line":28,"column":86}},"10":{"start":{"line":29,"column":8},"end":{"line":29,"column":31}},"11":{"start":{"line":31,"column":8},"end":{"line":31,"column":59}},"12":{"start":{"line":32,"column":8},"end":{"line":32,"column":21}},"13":{"start":{"line":34,"column":4},"end":{"line":34,"column":16}},"14":{"start":{"line":37,"column":20},"end":{"line":50,"column":1}},"15":{"start":{"line":38,"column":17},"end":{"line":38,"column":57}},"16":{"start":{"line":39,"column":2},"end":{"line":49,"column":3}},"17":{"start":{"line":40,"column":4},"end":{"line":43,"column":5}},"18":{"start":{"line":41,"column":6},"end":{"line":41,"column":35}},"19":{"start":{"line":42,"column":6},"end":{"line":42,"column":34}},"20":{"start":{"line":45,"column":4},"end":{"line":48,"column":5}},"21":{"start":{"line":46,"column":6},"end":{"line":46,"column":33}},"22":{"start":{"line":47,"column":6},"end":{"line":47,"column":32}}},"fnMap":{"0":{"name":"(anonymous_0)","decl":{"start":{"line":10,"column":14},"end":{"line":10,"column":15}},"loc":{"start":{"line":10,"column":35},"end":{"line":19,"column":1}},"line":10},"1":{"name":"(anonymous_1)","decl":{"start":{"line":26,"column":16},"end":{"line":26,"column":17}},"loc":{"start":{"line":26,"column":37},"end":{"line":35,"column":1}},"line":26},"2":{"name":"(anonymous_2)","decl":{"start":{"line":37,"column":20},"end":{"line":37,"column":21}},"loc":{"start":{"line":37,"column":41},"end":{"line":50,"column":1}},"line":37}},"branchMap":{"0":{"loc":{"start":{"line":39,"column":2},"end":{"line":49,"column":3}},"type":"if","locations":[{"start":{"line":39,"column":2},"end":{"line":49,"column":3}},{"start":{"line":39,"column":2},"end":{"line":49,"column":3}}],"line":39},"1":{"loc":{"start":{"line":40,"column":4},"end":{"line":43,"column":5}},"type":"if","locations":[{"start":{"line":40,"column":4},"end":{"line":43,"column":5}},{"start":{"line":40,"column":4},"end":{"line":43,"column":5}}],"line":40},"2":{"loc":{"start":{"line":45,"column":4},"end":{"line":48,"column":5}},"type":"if","locations":[{"start":{"line":45,"column":4},"end":{"line":48,"column":5}},{"start":{"line":45,"column":4},"end":{"line":48,"column":5}}],"line":45}},"s":{"0":274,"1":0,"2":0,"3":0,"4":0,"5":0,"6":0,"7":274,"8":0,"9":0,"10":0,"11":0,"12":0,"13":0,"14":274,"15":0,"16":0,"17":0,"18":0,"19":0,"20":0,"21":0,"22":0},"f":{"0":0,"1":0,"2":0},"b":{"0":[0,0],"1":[0,0],"2":[0,0]},"_coverageSchema":"1a1c01bbd47fc00a2c39e90264f33305004495a9","hash":"caae79772d3dd451dd5aa7bb711c6b3a9deee5dc"}
,"/app/src/components/Blog/BlogSideNav/BlogSideNav.jsx": {"path":"/app/src/components/Blog/BlogSideNav/BlogSideNav.jsx","statementMap":{"0":{"start":{"line":18,"column":20},"end":{"line":71,"column":1}},"1":{"start":{"line":20,"column":59},"end":{"line":20,"column":93}},"2":{"start":{"line":20,"column":82},"end":{"line":20,"column":92}},"3":{"start":{"line":21,"column":2},"end":{"line":70,"column":4}}},"fnMap":{"0":{"name":"(anonymous_0)","decl":{"start":{"line":18,"column":20},"end":{"line":18,"column":21}},"loc":{"start":{"line":18,"column":32},"end":{"line":71,"column":1}},"line":18},"1":{"name":"(anonymous_1)","decl":{"start":{"line":20,"column":71},"end":{"line":20,"column":72}},"loc":{"start":{"line":20,"column":82},"end":{"line":20,"column":92}},"line":20}},"branchMap":{"0":{"loc":{"start":{"line":67,"column":8},"end":{"line":67,"column":55}},"type":"cond-expr","locations":[{"start":{"line":67,"column":25},"end":{"line":67,"column":42}},{"start":{"line":67,"column":45},"end":{"line":67,"column":55}}],"line":67}},"s":{"0":274,"1":0,"2":0,"3":0},"f":{"0":0,"1":0},"b":{"0":[0,0]},"_coverageSchema":"1a1c01bbd47fc00a2c39e90264f33305004495a9","hash":"c3d0d12c43f495c1d9632955af2101a16d718f0e"}
,"/app/src/components/Blog/Drafts/Drafts.jsx": {"path":"/app/src/components/Blog/Drafts/Drafts.jsx","statementMap":{"0":{"start":{"line":23,"column":15},"end":{"line":85,"column":1}},"1":{"start":{"line":27,"column":6},"end":{"line":27,"column":46}},"2":{"start":{"line":27,"column":29},"end":{"line":27,"column":45}},"3":{"start":{"line":28,"column":25},"end":{"line":28,"column":59}},"4":{"start":{"line":28,"column":48},"end":{"line":28,"column":58}},"5":{"start":{"line":29,"column":30},"end":{"line":29,"column":47}},"6":{"start":{"line":30,"column":2},"end":{"line":34,"column":11}},"7":{"start":{"line":31,"column":4},"end":{"line":33,"column":5}},"8":{"start":{"line":32,"column":6},"end":{"line":32,"column":26}},"9":{"start":{"line":35,"column":19},"end":{"line":35,"column":32}},"10":{"start":{"line":36,"column":2},"end":{"line":42,"column":41}},"11":{"start":{"line":37,"column":4},"end":{"line":41,"column":5}},"12":{"start":{"line":38,"column":4},"end":{"line":38,"column":33}},"13":{"start":{"line":40,"column":4},"end":{"line":40,"column":34}},"14":{"start":{"line":43,"column":2},"end":{"line":84,"column":4}},"15":{"start":{"line":63,"column":31},"end":{"line":63,"column":59}},"16":{"start":{"line":75,"column":35},"end":{"line":75,"column":64}}},"fnMap":{"0":{"name":"(anonymous_0)","decl":{"start":{"line":23,"column":15},"end":{"line":23,"column":16}},"loc":{"start":{"line":23,"column":27},"end":{"line":85,"column":1}},"line":23},"1":{"name":"(anonymous_1)","decl":{"start":{"line":27,"column":18},"end":{"line":27,"column":19}},"loc":{"start":{"line":27,"column":29},"end":{"line":27,"column":45}},"line":27},"2":{"name":"(anonymous_2)","decl":{"start":{"line":28,"column":37},"end":{"line":28,"column":38}},"loc":{"start":{"line":28,"column":48},"end":{"line":28,"column":58}},"line":28},"3":{"name":"(anonymous_3)","decl":{"start":{"line":30,"column":12},"end":{"line":30,"column":13}},"loc":{"start":{"line":30,"column":18},"end":{"line":34,"column":3}},"line":30},"4":{"name":"(anonymous_4)","decl":{"start":{"line":36,"column":12},"end":{"line":36,"column":13}},"loc":{"start":{"line":36,"column":18},"end":{"line":42,"column":3}},"line":36},"5":{"name":"(anonymous_5)","decl":{"start":{"line":63,"column":25},"end":{"line":63,"column":26}},"loc":{"start":{"line":63,"column":31},"end":{"line":63,"column":59}},"line":63},"6":{"name":"(anonymous_6)","decl":{"start":{"line":75,"column":27},"end":{"line":75,"column":28}},"loc":{"start":{"line":75,"column":33},"end":{"line":75,"column":66}},"line":75}},"branchMap":{"0":{"loc":{"start":{"line":31,"column":4},"end":{"line":33,"column":5}},"type":"if","locations":[{"start":{"line":31,"column":4},"end":{"line":33,"column":5}},{"start":{"line":31,"column":4},"end":{"line":33,"column":5}}],"line":31},"1":{"loc":{"start":{"line":37,"column":4},"end":{"line":41,"column":5}},"type":"if","locations":[{"start":{"line":37,"column":4},"end":{"line":41,"column":5}},{"start":{"line":37,"column":4},"end":{"line":41,"column":5}}],"line":37},"2":{"loc":{"start":{"line":47,"column":10},"end":{"line":56,"column":11}},"type":"cond-expr","locations":[{"start":{"line":48,"column":12},"end":{"line":48,"column":23}},{"start":{"line":49,"column":13},"end":{"line":55,"column":13}}],"line":47},"3":{"loc":{"start":{"line":49,"column":13},"end":{"line":55,"column":13}},"type":"cond-expr","locations":[{"start":{"line":51,"column":14},"end":{"line":51,"column":47}},{"start":{"line":54,"column":14},"end":{"line":54,"column":60}}],"line":49},"4":{"loc":{"start":{"line":59,"column":12},"end":{"line":67,"column":13}},"type":"binary-expr","locations":[{"start":{"line":59,"column":13},"end":{"line":59,"column":26}},{"start":{"line":59,"column":30},"end":{"line":59,"column":40}},{"start":{"line":59,"column":44},"end":{"line":59,"column":64}},{"start":{"line":61,"column":14},"end":{"line":66,"column":23}}],"line":59},"5":{"loc":{"start":{"line":70,"column":12},"end":{"line":79,"column":15}},"type":"binary-expr","locations":[{"start":{"line":70,"column":13},"end":{"line":70,"column":41}},{"start":{"line":70,"column":45},"end":{"line":70,"column":64}},{"start":{"line":71,"column":17},"end":{"line":71,"column":27}},{"start":{"line":71,"column":31},"end":{"line":71,"column":51}},{"start":{"line":73,"column":16},"end":{"line":78,"column":25}}],"line":70}},"s":{"0":274,"1":0,"2":0,"3":0,"4":0,"5":0,"6":0,"7":0,"8":0,"9":0,"10":0,"11":0,"12":0,"13":0,"14":0,"15":0,"16":0},"f":{"0":0,"1":0,"2":0,"3":0,"4":0,"5":0,"6":0},"b":{"0":[0,0],"1":[0,0],"2":[0,0],"3":[0,0],"4":[0,0,0,0],"5":[0,0,0,0,0]},"_coverageSchema":"1a1c01bbd47fc00a2c39e90264f33305004495a9","hash":"45a11c7d00abf135e1e9eb5bc3fa761b2fd116e0"}
,"/app/src/components/Blog/Drafts/DraftsService.js": {"path":"/app/src/components/Blog/Drafts/DraftsService.js","statementMap":{"0":{"start":{"line":9,"column":24},"end":{"line":37,"column":1}},"1":{"start":{"line":10,"column":19},"end":{"line":10,"column":32}},"2":{"start":{"line":11,"column":18},"end":{"line":11,"column":30}},"3":{"start":{"line":18,"column":26},"end":{"line":33,"column":3}},"4":{"start":{"line":19,"column":4},"end":{"line":32,"column":5}},"5":{"start":{"line":20,"column":23},"end":{"line":20,"column":70}},"6":{"start":{"line":21,"column":6},"end":{"line":21,"column":38}},"7":{"start":{"line":22,"column":6},"end":{"line":28,"column":7}},"8":{"start":{"line":23,"column":8},"end":{"line":23,"column":48}},"9":{"start":{"line":24,"column":8},"end":{"line":24,"column":60}},"10":{"start":{"line":25,"column":8},"end":{"line":25,"column":43}},"11":{"start":{"line":27,"column":8},"end":{"line":27,"column":34}},"12":{"start":{"line":30,"column":6},"end":{"line":30,"column":35}},"13":{"start":{"line":31,"column":6},"end":{"line":31,"column":43}},"14":{"start":{"line":34,"column":2},"end":{"line":36,"column":4}}},"fnMap":{"0":{"name":"(anonymous_0)","decl":{"start":{"line":9,"column":24},"end":{"line":9,"column":25}},"loc":{"start":{"line":9,"column":30},"end":{"line":37,"column":1}},"line":9},"1":{"name":"(anonymous_1)","decl":{"start":{"line":18,"column":26},"end":{"line":18,"column":27}},"loc":{"start":{"line":18,"column":44},"end":{"line":33,"column":3}},"line":18}},"branchMap":{"0":{"loc":{"start":{"line":22,"column":6},"end":{"line":28,"column":7}},"type":"if","locations":[{"start":{"line":22,"column":6},"end":{"line":28,"column":7}},{"start":{"line":22,"column":6},"end":{"line":28,"column":7}}],"line":22}},"s":{"0":274,"1":0,"2":0,"3":0,"4":0,"5":0,"6":0,"7":0,"8":0,"9":0,"10":0,"11":0,"12":0,"13":0,"14":0},"f":{"0":0,"1":0},"b":{"0":[0,0]},"_coverageSchema":"1a1c01bbd47fc00a2c39e90264f33305004495a9","hash":"c8390e33afae790676378be65908fd09e0acbaf1"}
,"/app/src/components/Blog/Followers/Followers.js": {"path":"/app/src/components/Blog/Followers/Followers.js","statementMap":{"0":{"start":{"line":14,"column":18},"end":{"line":77,"column":1}},"1":{"start":{"line":17,"column":6},"end":{"line":17,"column":18}},"2":{"start":{"line":18,"column":32},"end":{"line":18,"column":66}},"3":{"start":{"line":18,"column":55},"end":{"line":18,"column":65}},"4":{"start":{"line":21,"column":6},"end":{"line":21,"column":49}},"5":{"start":{"line":21,"column":29},"end":{"line":21,"column":48}},"6":{"start":{"line":22,"column":2},"end":{"line":27,"column":22}},"7":{"start":{"line":23,"column":4},"end":{"line":23,"column":29}},"8":{"start":{"line":24,"column":4},"end":{"line":26,"column":5}},"9":{"start":{"line":25,"column":6},"end":{"line":25,"column":25}},"10":{"start":{"line":28,"column":2},"end":{"line":76,"column":4}}},"fnMap":{"0":{"name":"(anonymous_0)","decl":{"start":{"line":14,"column":18},"end":{"line":14,"column":19}},"loc":{"start":{"line":14,"column":30},"end":{"line":77,"column":1}},"line":14},"1":{"name":"(anonymous_1)","decl":{"start":{"line":18,"column":44},"end":{"line":18,"column":45}},"loc":{"start":{"line":18,"column":55},"end":{"line":18,"column":65}},"line":18},"2":{"name":"(anonymous_2)","decl":{"start":{"line":21,"column":18},"end":{"line":21,"column":19}},"loc":{"start":{"line":21,"column":29},"end":{"line":21,"column":48}},"line":21},"3":{"name":"(anonymous_3)","decl":{"start":{"line":22,"column":12},"end":{"line":22,"column":13}},"loc":{"start":{"line":22,"column":18},"end":{"line":27,"column":3}},"line":22}},"branchMap":{"0":{"loc":{"start":{"line":24,"column":4},"end":{"line":26,"column":5}},"type":"if","locations":[{"start":{"line":24,"column":4},"end":{"line":26,"column":5}},{"start":{"line":24,"column":4},"end":{"line":26,"column":5}}],"line":24},"1":{"loc":{"start":{"line":37,"column":11},"end":{"line":49,"column":11}},"type":"binary-expr","locations":[{"start":{"line":37,"column":11},"end":{"line":37,"column":29}},{"start":{"line":39,"column":10},"end":{"line":48,"column":17}}],"line":37},"2":{"loc":{"start":{"line":61,"column":17},"end":{"line":61,"column":59}},"type":"cond-expr","locations":[{"start":{"line":61,"column":30},"end":{"line":61,"column":41}},{"start":{"line":61,"column":44},"end":{"line":61,"column":59}}],"line":61},"3":{"loc":{"start":{"line":72,"column":11},"end":{"line":72,"column":52}},"type":"cond-expr","locations":[{"start":{"line":72,"column":21},"end":{"line":72,"column":38}},{"start":{"line":72,"column":41},"end":{"line":72,"column":52}}],"line":72}},"s":{"0":274,"1":0,"2":0,"3":0,"4":0,"5":0,"6":0,"7":0,"8":0,"9":0,"10":0},"f":{"0":0,"1":0,"2":0,"3":0},"b":{"0":[0,0],"1":[0,0],"2":[0,0],"3":[0,0]},"_coverageSchema":"1a1c01bbd47fc00a2c39e90264f33305004495a9","hash":"0eea6f826101db2c2af95e4162bb19a5fedeca8e"}
,"/app/src/components/Blog/Followers/FollowersController.js": {"path":"/app/src/components/Blog/Followers/FollowersController.js","statementMap":{"0":{"start":{"line":8,"column":19},"end":{"line":66,"column":1}},"1":{"start":{"line":11,"column":6},"end":{"line":11,"column":49}},"2":{"start":{"line":11,"column":29},"end":{"line":11,"column":48}},"3":{"start":{"line":12,"column":19},"end":{"line":12,"column":32}},"4":{"start":{"line":18,"column":24},"end":{"line":22,"column":3}},"5":{"start":{"line":19,"column":4},"end":{"line":21,"column":6}},"6":{"start":{"line":20,"column":6},"end":{"line":20,"column":84}},"7":{"start":{"line":29,"column":23},"end":{"line":32,"column":3}},"8":{"start":{"line":30,"column":4},"end":{"line":30,"column":35}},"9":{"start":{"line":31,"column":4},"end":{"line":31,"column":49}},"10":{"start":{"line":39,"column":23},"end":{"line":60,"column":3}},"11":{"start":{"line":40,"column":4},"end":{"line":40,"column":27}},"12":{"start":{"line":41,"column":4},"end":{"line":41,"column":35}},"13":{"start":{"line":42,"column":4},"end":{"line":59,"column":5}},"14":{"start":{"line":43,"column":18},"end":{"line":43,"column":23}},"15":{"start":{"line":44,"column":6},"end":{"line":49,"column":7}},"16":{"start":{"line":44,"column":23},"end":{"line":44,"column":24}},"17":{"start":{"line":45,"column":8},"end":{"line":48,"column":9}},"18":{"start":{"line":46,"column":10},"end":{"line":46,"column":23}},"19":{"start":{"line":47,"column":10},"end":{"line":47,"column":16}},"20":{"start":{"line":50,"column":6},"end":{"line":54,"column":7}},"21":{"start":{"line":51,"column":8},"end":{"line":51,"column":45}},"22":{"start":{"line":53,"column":8},"end":{"line":53,"column":53}},"23":{"start":{"line":55,"column":6},"end":{"line":55,"column":36}},"24":{"start":{"line":56,"column":6},"end":{"line":56,"column":48}},"25":{"start":{"line":57,"column":28},"end":{"line":57,"column":68}},"26":{"start":{"line":58,"column":6},"end":{"line":58,"column":44}},"27":{"start":{"line":61,"column":2},"end":{"line":65,"column":4}}},"fnMap":{"0":{"name":"(anonymous_0)","decl":{"start":{"line":8,"column":19},"end":{"line":8,"column":20}},"loc":{"start":{"line":8,"column":25},"end":{"line":66,"column":1}},"line":8},"1":{"name":"(anonymous_1)","decl":{"start":{"line":11,"column":18},"end":{"line":11,"column":19}},"loc":{"start":{"line":11,"column":29},"end":{"line":11,"column":48}},"line":11},"2":{"name":"(anonymous_2)","decl":{"start":{"line":18,"column":24},"end":{"line":18,"column":25}},"loc":{"start":{"line":19,"column":4},"end":{"line":21,"column":6}},"line":19},"3":{"name":"(anonymous_3)","decl":{"start":{"line":19,"column":18},"end":{"line":19,"column":19}},"loc":{"start":{"line":20,"column":6},"end":{"line":20,"column":84}},"line":20},"4":{"name":"(anonymous_4)","decl":{"start":{"line":29,"column":23},"end":{"line":29,"column":24}},"loc":{"start":{"line":29,"column":34},"end":{"line":32,"column":3}},"line":29},"5":{"name":"(anonymous_5)","decl":{"start":{"line":39,"column":23},"end":{"line":39,"column":24}},"loc":{"start":{"line":39,"column":34},"end":{"line":60,"column":3}},"line":39}},"branchMap":{"0":{"loc":{"start":{"line":42,"column":4},"end":{"line":59,"column":5}},"type":"if","locations":[{"start":{"line":42,"column":4},"end":{"line":59,"column":5}},{"start":{"line":42,"column":4},"end":{"line":59,"column":5}}],"line":42},"1":{"loc":{"start":{"line":42,"column":8},"end":{"line":42,"column":41}},"type":"binary-expr","locations":[{"start":{"line":42,"column":8},"end":{"line":42,"column":15}},{"start":{"line":42,"column":19},"end":{"line":42,"column":41}}],"line":42},"2":{"loc":{"start":{"line":45,"column":8},"end":{"line":48,"column":9}},"type":"if","locations":[{"start":{"line":45,"column":8},"end":{"line":48,"column":9}},{"start":{"line":45,"column":8},"end":{"line":48,"column":9}}],"line":45},"3":{"loc":{"start":{"line":50,"column":6},"end":{"line":54,"column":7}},"type":"if","locations":[{"start":{"line":50,"column":6},"end":{"line":54,"column":7}},{"start":{"line":50,"column":6},"end":{"line":54,"column":7}}],"line":50}},"s":{"0":274,"1":0,"2":0,"3":0,"4":0,"5":0,"6":0,"7":0,"8":0,"9":0,"10":0,"11":0,"12":0,"13":0,"14":0,"15":0,"16":0,"17":0,"18":0,"19":0,"20":0,"21":0,"22":0,"23":0,"24":0,"25":0,"26":0,"27":0},"f":{"0":0,"1":0,"2":0,"3":0,"4":0,"5":0},"b":{"0":[0,0],"1":[0,0],"2":[0,0],"3":[0,0]},"_coverageSchema":"1a1c01bbd47fc00a2c39e90264f33305004495a9","hash":"0334609e6d025686623a5997ea5dd3a1921237e4"}
,"/app/src/components/Blog/Followers/FollowersService.js": {"path":"/app/src/components/Blog/Followers/FollowersService.js","statementMap":{"0":{"start":{"line":9,"column":23},"end":{"line":22,"column":1}},"1":{"start":{"line":10,"column":2},"end":{"line":21,"column":3}},"2":{"start":{"line":11,"column":21},"end":{"line":11,"column":67}},"3":{"start":{"line":12,"column":4},"end":{"line":12,"column":47}},"4":{"start":{"line":13,"column":4},"end":{"line":13,"column":80}},"5":{"start":{"line":14,"column":4},"end":{"line":14,"column":50}},"6":{"start":{"line":15,"column":4},"end":{"line":17,"column":5}},"7":{"start":{"line":16,"column":6},"end":{"line":16,"column":65}},"8":{"start":{"line":18,"column":4},"end":{"line":18,"column":46}},"9":{"start":{"line":20,"column":4},"end":{"line":20,"column":49}}},"fnMap":{"0":{"name":"(anonymous_0)","decl":{"start":{"line":9,"column":23},"end":{"line":9,"column":24}},"loc":{"start":{"line":9,"column":41},"end":{"line":22,"column":1}},"line":9}},"branchMap":{"0":{"loc":{"start":{"line":15,"column":4},"end":{"line":17,"column":5}},"type":"if","locations":[{"start":{"line":15,"column":4},"end":{"line":17,"column":5}},{"start":{"line":15,"column":4},"end":{"line":17,"column":5}}],"line":15}},"s":{"0":274,"1":0,"2":0,"3":0,"4":0,"5":0,"6":0,"7":0,"8":0,"9":0},"f":{"0":0},"b":{"0":[0,0]},"_coverageSchema":"1a1c01bbd47fc00a2c39e90264f33305004495a9","hash":"0defce4f505a7fdb9fb7ff3132df494171ffab69"}
,"/app/src/components/Blog/Followers/followerSection/FollowerSecionController.js": {"path":"/app/src/components/Blog/Followers/followerSection/FollowerSecionController.js","statementMap":{"0":{"start":{"line":4,"column":19},"end":{"line":26,"column":1}},"1":{"start":{"line":5,"column":26},"end":{"line":16,"column":3}},"2":{"start":{"line":7,"column":21},"end":{"line":7,"column":63}},"3":{"start":{"line":8,"column":4},"end":{"line":8,"column":122}},"4":{"start":{"line":8,"column":45},"end":{"line":8,"column":78}},"5":{"start":{"line":8,"column":88},"end":{"line":8,"column":120}},"6":{"start":{"line":9,"column":20},"end":{"line":9,"column":63}},"7":{"start":{"line":10,"column":4},"end":{"line":14,"column":5}},"8":{"start":{"line":10,"column":17},"end":{"line":10,"column":18}},"9":{"start":{"line":11,"column":6},"end":{"line":13,"column":7}},"10":{"start":{"line":12,"column":8},"end":{"line":12,"column":44}},"11":{"start":{"line":17,"column":22},"end":{"line":21,"column":3}},"12":{"start":{"line":18,"column":14},"end":{"line":18,"column":33}},"13":{"start":{"line":19,"column":4},"end":{"line":19,"column":29}},"14":{"start":{"line":20,"column":4},"end":{"line":20,"column":22}},"15":{"start":{"line":22,"column":2},"end":{"line":25,"column":4}}},"fnMap":{"0":{"name":"(anonymous_0)","decl":{"start":{"line":4,"column":19},"end":{"line":4,"column":20}},"loc":{"start":{"line":4,"column":25},"end":{"line":26,"column":1}},"line":4},"1":{"name":"(anonymous_1)","decl":{"start":{"line":5,"column":26},"end":{"line":5,"column":27}},"loc":{"start":{"line":5,"column":37},"end":{"line":16,"column":3}},"line":5},"2":{"name":"(anonymous_2)","decl":{"start":{"line":17,"column":22},"end":{"line":17,"column":23}},"loc":{"start":{"line":17,"column":37},"end":{"line":21,"column":3}},"line":17}},"branchMap":{"0":{"loc":{"start":{"line":8,"column":4},"end":{"line":8,"column":122}},"type":"if","locations":[{"start":{"line":8,"column":4},"end":{"line":8,"column":122}},{"start":{"line":8,"column":4},"end":{"line":8,"column":122}}],"line":8},"1":{"loc":{"start":{"line":11,"column":6},"end":{"line":13,"column":7}},"type":"if","locations":[{"start":{"line":11,"column":6},"end":{"line":13,"column":7}},{"start":{"line":11,"column":6},"end":{"line":13,"column":7}}],"line":11}},"s":{"0":274,"1":0,"2":0,"3":0,"4":0,"5":0,"6":0,"7":0,"8":0,"9":0,"10":0,"11":0,"12":0,"13":0,"14":0,"15":0},"f":{"0":0,"1":0,"2":0},"b":{"0":[0,0],"1":[0,0]},"_coverageSchema":"1a1c01bbd47fc00a2c39e90264f33305004495a9","hash":"698c614d4285992cc5dd152c00e28791a3292f74"}
,"/app/src/components/Blog/Followers/followerSection/FollowerSection.js": {"path":"/app/src/components/Blog/Followers/followerSection/FollowerSection.js","statementMap":{"0":{"start":{"line":7,"column":24},"end":{"line":100,"column":1}},"1":{"start":{"line":10,"column":6},"end":{"line":10,"column":10}},"2":{"start":{"line":11,"column":43},"end":{"line":11,"column":55}},"3":{"start":{"line":12,"column":2},"end":{"line":99,"column":4}},"4":{"start":{"line":59,"column":84},"end":{"line":59,"column":107}},"5":{"start":{"line":89,"column":87},"end":{"line":89,"column":116}}},"fnMap":{"0":{"name":"(anonymous_0)","decl":{"start":{"line":7,"column":24},"end":{"line":7,"column":25}},"loc":{"start":{"line":7,"column":59},"end":{"line":100,"column":1}},"line":7},"1":{"name":"(anonymous_1)","decl":{"start":{"line":59,"column":73},"end":{"line":59,"column":74}},"loc":{"start":{"line":59,"column":84},"end":{"line":59,"column":107}},"line":59},"2":{"name":"(anonymous_2)","decl":{"start":{"line":89,"column":81},"end":{"line":89,"column":82}},"loc":{"start":{"line":89,"column":87},"end":{"line":89,"column":116}},"line":89}},"branchMap":{"0":{"loc":{"start":{"line":26,"column":16},"end":{"line":32,"column":17}},"type":"cond-expr","locations":[{"start":{"line":27,"column":18},"end":{"line":27,"column":135}},{"start":{"line":28,"column":20},"end":{"line":32,"column":17}}],"line":26},"1":{"loc":{"start":{"line":28,"column":20},"end":{"line":32,"column":17}},"type":"cond-expr","locations":[{"start":{"line":29,"column":18},"end":{"line":29,"column":79}},{"start":{"line":31,"column":18},"end":{"line":31,"column":117}}],"line":28},"2":{"loc":{"start":{"line":39,"column":15},"end":{"line":50,"column":15}},"type":"binary-expr","locations":[{"start":{"line":39,"column":15},"end":{"line":39,"column":28}},{"start":{"line":40,"column":14},"end":{"line":49,"column":20}}],"line":39},"3":{"loc":{"start":{"line":58,"column":11},"end":{"line":64,"column":11}},"type":"binary-expr","locations":[{"start":{"line":58,"column":11},"end":{"line":58,"column":25}},{"start":{"line":59,"column":10},"end":{"line":63,"column":19}}],"line":58}},"s":{"0":274,"1":0,"2":0,"3":0,"4":0,"5":0},"f":{"0":0,"1":0,"2":0},"b":{"0":[0,0],"1":[0,0],"2":[0,0],"3":[0,0]},"_coverageSchema":"1a1c01bbd47fc00a2c39e90264f33305004495a9","hash":"49d76acc976762dc98a091c21dcf0a3800518c3f"}
,"/app/src/components/Blog/Followers/followerSection/followservice.js": {"path":"/app/src/components/Blog/Followers/followerSection/followservice.js","statementMap":{"0":{"start":{"line":10,"column":17},"end":{"line":18,"column":3}},"1":{"start":{"line":11,"column":4},"end":{"line":17,"column":5}},"2":{"start":{"line":12,"column":6},"end":{"line":12,"column":26}},"3":{"start":{"line":13,"column":23},"end":{"line":13,"column":65}},"4":{"start":{"line":14,"column":6},"end":{"line":14,"column":29}},"5":{"start":{"line":16,"column":6},"end":{"line":16,"column":57}},"6":{"start":{"line":25,"column":19},"end":{"line":33,"column":3}},"7":{"start":{"line":26,"column":4},"end":{"line":32,"column":5}},"8":{"start":{"line":27,"column":6},"end":{"line":27,"column":26}},"9":{"start":{"line":28,"column":23},"end":{"line":28,"column":79}},"10":{"start":{"line":29,"column":6},"end":{"line":29,"column":29}},"11":{"start":{"line":31,"column":6},"end":{"line":31,"column":57}}},"fnMap":{"0":{"name":"(anonymous_0)","decl":{"start":{"line":10,"column":17},"end":{"line":10,"column":18}},"loc":{"start":{"line":10,"column":35},"end":{"line":18,"column":3}},"line":10},"1":{"name":"(anonymous_1)","decl":{"start":{"line":25,"column":19},"end":{"line":25,"column":20}},"loc":{"start":{"line":25,"column":37},"end":{"line":33,"column":3}},"line":25}},"branchMap":{},"s":{"0":274,"1":0,"2":0,"3":0,"4":0,"5":0,"6":274,"7":0,"8":0,"9":0,"10":0,"11":0},"f":{"0":0,"1":0},"b":{},"_coverageSchema":"1a1c01bbd47fc00a2c39e90264f33305004495a9","hash":"d50b9a4227ed08624746475c4c9d99ef8ba1da3f"}
,"/app/src/components/Blog/Loading/Loading.jsx": {"path":"/app/src/components/Blog/Loading/Loading.jsx","statementMap":{"0":{"start":{"line":12,"column":16},"end":{"line":20,"column":1}},"1":{"start":{"line":13,"column":2},"end":{"line":19,"column":4}}},"fnMap":{"0":{"name":"(anonymous_0)","decl":{"start":{"line":12,"column":16},"end":{"line":12,"column":17}},"loc":{"start":{"line":12,"column":28},"end":{"line":20,"column":1}},"line":12}},"branchMap":{},"s":{"0":274,"1":870},"f":{"0":870},"b":{},"_coverageSchema":"1a1c01bbd47fc00a2c39e90264f33305004495a9","hash":"5d483c6700f340d2fa86c717e1a472ec58b97382"}
,"/app/src/components/Blog/Posts/Posts.jsx": {"path":"/app/src/components/Blog/Posts/Posts.jsx","statementMap":{"0":{"start":{"line":25,"column":14},"end":{"line":95,"column":1}},"1":{"start":{"line":29,"column":6},"end":{"line":29,"column":45}},"2":{"start":{"line":29,"column":29},"end":{"line":29,"column":44}},"3":{"start":{"line":30,"column":25},"end":{"line":30,"column":59}},"4":{"start":{"line":30,"column":48},"end":{"line":30,"column":58}},"5":{"start":{"line":31,"column":29},"end":{"line":31,"column":45}},"6":{"start":{"line":32,"column":2},"end":{"line":37,"column":11}},"7":{"start":{"line":33,"column":4},"end":{"line":36,"column":5}},"8":{"start":{"line":34,"column":6},"end":{"line":34,"column":25}},"9":{"start":{"line":38,"column":19},"end":{"line":38,"column":32}},"10":{"start":{"line":39,"column":2},"end":{"line":45,"column":41}},"11":{"start":{"line":40,"column":4},"end":{"line":44,"column":5}},"12":{"start":{"line":41,"column":4},"end":{"line":41,"column":33}},"13":{"start":{"line":43,"column":4},"end":{"line":43,"column":34}},"14":{"start":{"line":46,"column":2},"end":{"line":94,"column":4}},"15":{"start":{"line":73,"column":31},"end":{"line":73,"column":59}},"16":{"start":{"line":85,"column":35},"end":{"line":85,"column":64}}},"fnMap":{"0":{"name":"(anonymous_0)","decl":{"start":{"line":25,"column":14},"end":{"line":25,"column":15}},"loc":{"start":{"line":25,"column":26},"end":{"line":95,"column":1}},"line":25},"1":{"name":"(anonymous_1)","decl":{"start":{"line":29,"column":18},"end":{"line":29,"column":19}},"loc":{"start":{"line":29,"column":29},"end":{"line":29,"column":44}},"line":29},"2":{"name":"(anonymous_2)","decl":{"start":{"line":30,"column":37},"end":{"line":30,"column":38}},"loc":{"start":{"line":30,"column":48},"end":{"line":30,"column":58}},"line":30},"3":{"name":"(anonymous_3)","decl":{"start":{"line":32,"column":12},"end":{"line":32,"column":13}},"loc":{"start":{"line":32,"column":18},"end":{"line":37,"column":3}},"line":32},"4":{"name":"(anonymous_4)","decl":{"start":{"line":39,"column":12},"end":{"line":39,"column":13}},"loc":{"start":{"line":39,"column":18},"end":{"line":45,"column":3}},"line":39},"5":{"name":"(anonymous_5)","decl":{"start":{"line":73,"column":25},"end":{"line":73,"column":26}},"loc":{"start":{"line":73,"column":31},"end":{"line":73,"column":59}},"line":73},"6":{"name":"(anonymous_6)","decl":{"start":{"line":85,"column":27},"end":{"line":85,"column":28}},"loc":{"start":{"line":85,"column":33},"end":{"line":85,"column":66}},"line":85}},"branchMap":{"0":{"loc":{"start":{"line":33,"column":4},"end":{"line":36,"column":5}},"type":"if","locations":[{"start":{"line":33,"column":4},"end":{"line":36,"column":5}},{"start":{"line":33,"column":4},"end":{"line":36,"column":5}}],"line":33},"1":{"loc":{"start":{"line":40,"column":4},"end":{"line":44,"column":5}},"type":"if","locations":[{"start":{"line":40,"column":4},"end":{"line":44,"column":5}},{"start":{"line":40,"column":4},"end":{"line":44,"column":5}}],"line":40},"2":{"loc":{"start":{"line":50,"column":10},"end":{"line":66,"column":11}},"type":"cond-expr","locations":[{"start":{"line":51,"column":12},"end":{"line":51,"column":23}},{"start":{"line":52,"column":13},"end":{"line":65,"column":13}}],"line":50},"3":{"loc":{"start":{"line":52,"column":13},"end":{"line":65,"column":13}},"type":"cond-expr","locations":[{"start":{"line":54,"column":14},"end":{"line":54,"column":46}},{"start":{"line":64,"column":13},"end":{"line":64,"column":56}}],"line":52},"4":{"loc":{"start":{"line":69,"column":12},"end":{"line":77,"column":13}},"type":"binary-expr","locations":[{"start":{"line":69,"column":13},"end":{"line":69,"column":26}},{"start":{"line":69,"column":30},"end":{"line":69,"column":40}},{"start":{"line":69,"column":44},"end":{"line":69,"column":60}},{"start":{"line":71,"column":14},"end":{"line":76,"column":23}}],"line":69},"5":{"loc":{"start":{"line":80,"column":12},"end":{"line":89,"column":15}},"type":"binary-expr","locations":[{"start":{"line":80,"column":13},"end":{"line":80,"column":40}},{"start":{"line":80,"column":44},"end":{"line":80,"column":62}},{"start":{"line":81,"column":17},"end":{"line":81,"column":27}},{"start":{"line":81,"column":31},"end":{"line":81,"column":47}},{"start":{"line":83,"column":16},"end":{"line":88,"column":25}}],"line":80}},"s":{"0":274,"1":0,"2":0,"3":0,"4":0,"5":0,"6":0,"7":0,"8":0,"9":0,"10":0,"11":0,"12":0,"13":0,"14":0,"15":0,"16":0},"f":{"0":0,"1":0,"2":0,"3":0,"4":0,"5":0,"6":0},"b":{"0":[0,0],"1":[0,0],"2":[0,0],"3":[0,0],"4":[0,0,0,0],"5":[0,0,0,0,0]},"_coverageSchema":"1a1c01bbd47fc00a2c39e90264f33305004495a9","hash":"b6193ee1d0cf28c65a6e1cda65134bdeb48243af"}
,"/app/src/components/Blog/Posts/PostsControllers.js": {"path":"/app/src/components/Blog/Posts/PostsControllers.js","statementMap":{"0":{"start":{"line":15,"column":18},"end":{"line":46,"column":1}},"1":{"start":{"line":18,"column":2},"end":{"line":24,"column":3}},"2":{"start":{"line":19,"column":4},"end":{"line":19,"column":18}},"3":{"start":{"line":20,"column":4},"end":{"line":20,"column":28}},"4":{"start":{"line":22,"column":4},"end":{"line":22,"column":28}},"5":{"start":{"line":23,"column":4},"end":{"line":23,"column":30}},"6":{"start":{"line":25,"column":2},"end":{"line":45,"column":4}},"7":{"start":{"line":28,"column":6},"end":{"line":43,"column":12}}},"fnMap":{"0":{"name":"(anonymous_0)","decl":{"start":{"line":15,"column":18},"end":{"line":15,"column":19}},"loc":{"start":{"line":15,"column":56},"end":{"line":46,"column":1}},"line":15},"1":{"name":"(anonymous_1)","decl":{"start":{"line":27,"column":41},"end":{"line":27,"column":42}},"loc":{"start":{"line":28,"column":6},"end":{"line":43,"column":12}},"line":28}},"branchMap":{"0":{"loc":{"start":{"line":18,"column":2},"end":{"line":24,"column":3}},"type":"if","locations":[{"start":{"line":18,"column":2},"end":{"line":24,"column":3}},{"start":{"line":18,"column":2},"end":{"line":24,"column":3}}],"line":18},"1":{"loc":{"start":{"line":31,"column":10},"end":{"line":37,"column":11}},"type":"cond-expr","locations":[{"start":{"line":32,"column":12},"end":{"line":32,"column":130}},{"start":{"line":33,"column":14},"end":{"line":37,"column":11}}],"line":31},"2":{"loc":{"start":{"line":33,"column":14},"end":{"line":37,"column":11}},"type":"cond-expr","locations":[{"start":{"line":34,"column":12},"end":{"line":34,"column":95}},{"start":{"line":36,"column":12},"end":{"line":36,"column":133}}],"line":33}},"s":{"0":274,"1":0,"2":0,"3":0,"4":0,"5":0,"6":0,"7":0},"f":{"0":0,"1":0},"b":{"0":[0,0],"1":[0,0],"2":[0,0]},"_coverageSchema":"1a1c01bbd47fc00a2c39e90264f33305004495a9","hash":"47a8b9c879a022e0703a26990b45c5e56ee74377"}
,"/app/src/components/Blog/Posts/PostsService.js": {"path":"/app/src/components/Blog/Posts/PostsService.js","statementMap":{"0":{"start":{"line":9,"column":23},"end":{"line":37,"column":1}},"1":{"start":{"line":10,"column":19},"end":{"line":10,"column":32}},"2":{"start":{"line":11,"column":18},"end":{"line":11,"column":30}},"3":{"start":{"line":18,"column":25},"end":{"line":33,"column":3}},"4":{"start":{"line":19,"column":4},"end":{"line":32,"column":5}},"5":{"start":{"line":20,"column":23},"end":{"line":20,"column":64}},"6":{"start":{"line":21,"column":6},"end":{"line":21,"column":38}},"7":{"start":{"line":22,"column":6},"end":{"line":28,"column":7}},"8":{"start":{"line":23,"column":8},"end":{"line":23,"column":47}},"9":{"start":{"line":24,"column":8},"end":{"line":24,"column":59}},"10":{"start":{"line":25,"column":8},"end":{"line":25,"column":43}},"11":{"start":{"line":27,"column":8},"end":{"line":27,"column":34}},"12":{"start":{"line":30,"column":6},"end":{"line":30,"column":35}},"13":{"start":{"line":31,"column":6},"end":{"line":31,"column":57}},"14":{"start":{"line":34,"column":2},"end":{"line":36,"column":4}}},"fnMap":{"0":{"name":"(anonymous_0)","decl":{"start":{"line":9,"column":23},"end":{"line":9,"column":24}},"loc":{"start":{"line":9,"column":29},"end":{"line":37,"column":1}},"line":9},"1":{"name":"(anonymous_1)","decl":{"start":{"line":18,"column":25},"end":{"line":18,"column":26}},"loc":{"start":{"line":18,"column":43},"end":{"line":33,"column":3}},"line":18}},"branchMap":{"0":{"loc":{"start":{"line":22,"column":6},"end":{"line":28,"column":7}},"type":"if","locations":[{"start":{"line":22,"column":6},"end":{"line":28,"column":7}},{"start":{"line":22,"column":6},"end":{"line":28,"column":7}}],"line":22}},"s":{"0":274,"1":0,"2":0,"3":0,"4":0,"5":0,"6":0,"7":0,"8":0,"9":0,"10":0,"11":0,"12":0,"13":0,"14":0},"f":{"0":0,"1":0},"b":{"0":[0,0]},"_coverageSchema":"1a1c01bbd47fc00a2c39e90264f33305004495a9","hash":"9cdc505ca6722ae76080f4b125c4756442c2024a"}
,"/app/src/components/Blog/RadarService/RadarService.js": {"path":"/app/src/components/Blog/RadarService/RadarService.js","statementMap":{"0":{"start":{"line":4,"column":19},"end":{"line":15,"column":3}},"1":{"start":{"line":5,"column":17},"end":{"line":5,"column":25}},"2":{"start":{"line":6,"column":4},"end":{"line":14,"column":5}},"3":{"start":{"line":7,"column":6},"end":{"line":13,"column":8}}},"fnMap":{"0":{"name":"(anonymous_0)","decl":{"start":{"line":4,"column":19},"end":{"line":4,"column":20}},"loc":{"start":{"line":4,"column":30},"end":{"line":15,"column":3}},"line":4}},"branchMap":{"0":{"loc":{"start":{"line":6,"column":4},"end":{"line":14,"column":5}},"type":"if","locations":[{"start":{"line":6,"column":4},"end":{"line":14,"column":5}},{"start":{"line":6,"column":4},"end":{"line":14,"column":5}}],"line":6}},"s":{"0":274,"1":0,"2":0,"3":0},"f":{"0":0},"b":{"0":[0,0]},"_coverageSchema":"1a1c01bbd47fc00a2c39e90264f33305004495a9","hash":"d6ddd0a03d2396a3f86a1aba9557747e4c654fd8"}
,"/app/src/components/Blog/nothingAvailable/nothingAvailable.jsx": {"path":"/app/src/components/Blog/nothingAvailable/nothingAvailable.jsx","statementMap":{"0":{"start":{"line":6,"column":2},"end":{"line":34,"column":4}}},"fnMap":{"0":{"name":"nothingAvailable","decl":{"start":{"line":5,"column":9},"end":{"line":5,"column":25}},"loc":{"start":{"line":5,"column":36},"end":{"line":35,"column":1}},"line":5}},"branchMap":{},"s":{"0":0},"f":{"0":0},"b":{},"_coverageSchema":"1a1c01bbd47fc00a2c39e90264f33305004495a9","hash":"72a5fbe2766cba30add4fd671c3b76c66701a47f"}
,"/app/src/components/Dashboard/Dashboard.jsx": {"path":"/app/src/components/Dashboard/Dashboard.jsx","statementMap":{"0":{"start":{"line":10,"column":18},"end":{"line":23,"column":1}},"1":{"start":{"line":11,"column":2},"end":{"line":11,"column":28}},"2":{"start":{"line":12,"column":2},"end":{"line":22,"column":4}}},"fnMap":{"0":{"name":"(anonymous_0)","decl":{"start":{"line":10,"column":18},"end":{"line":10,"column":19}},"loc":{"start":{"line":10,"column":30},"end":{"line":23,"column":1}},"line":10}},"branchMap":{},"s":{"0":274,"1":0,"2":0},"f":{"0":0},"b":{},"_coverageSchema":"1a1c01bbd47fc00a2c39e90264f33305004495a9","hash":"19100c8a38cbfa19bad4dfa2f2fb3bedd0359dc6"}
,"/app/src/components/Dashboard/DashboardServices.js": {"path":"/app/src/components/Dashboard/DashboardServices.js","statementMap":{"0":{"start":{"line":3,"column":20},"end":{"line":28,"column":1}},"1":{"start":{"line":4,"column":14},"end":{"line":4,"column":43}},"2":{"start":{"line":5,"column":2},"end":{"line":5,"column":21}},"3":{"start":{"line":6,"column":2},"end":{"line":27,"column":26}},"4":{"start":{"line":14,"column":6},"end":{"line":14,"column":28}},"5":{"start":{"line":15,"column":6},"end":{"line":17,"column":68}},"6":{"start":{"line":18,"column":6},"end":{"line":21,"column":8}},"7":{"start":{"line":22,"column":6},"end":{"line":24,"column":57}},"8":{"start":{"line":25,"column":6},"end":{"line":25,"column":75}}},"fnMap":{"0":{"name":"(anonymous_0)","decl":{"start":{"line":3,"column":20},"end":{"line":3,"column":21}},"loc":{"start":{"line":3,"column":32},"end":{"line":28,"column":1}},"line":3},"1":{"name":"(anonymous_1)","decl":{"start":{"line":12,"column":10},"end":{"line":12,"column":11}},"loc":{"start":{"line":12,"column":24},"end":{"line":26,"column":5}},"line":12},"2":{"name":"(anonymous_2)","decl":{"start":{"line":27,"column":11},"end":{"line":27,"column":12}},"loc":{"start":{"line":27,"column":22},"end":{"line":27,"column":24}},"line":27}},"branchMap":{},"s":{"0":274,"1":0,"2":0,"3":0,"4":0,"5":0,"6":0,"7":0,"8":0},"f":{"0":0,"1":0,"2":0},"b":{},"_coverageSchema":"1a1c01bbd47fc00a2c39e90264f33305004495a9","hash":"3b2d543cf47ad225ae5f7c7d45693faaabcb4dc9"}
,"/app/src/components/Dashboard/Chat/Chat.js": {"path":"/app/src/components/Dashboard/Chat/Chat.js","statementMap":{"0":{"start":{"line":16,"column":13},"end":{"line":39,"column":1}},"1":{"start":{"line":17,"column":31},"end":{"line":17,"column":65}},"2":{"start":{"line":17,"column":54},"end":{"line":17,"column":64}},"3":{"start":{"line":18,"column":19},"end":{"line":18,"column":32}},"4":{"start":{"line":20,"column":2},"end":{"line":20,"column":42}},"5":{"start":{"line":20,"column":18},"end":{"line":20,"column":26}},"6":{"start":{"line":21,"column":2},"end":{"line":38,"column":4}},"7":{"start":{"line":31,"column":23},"end":{"line":31,"column":29}}},"fnMap":{"0":{"name":"(anonymous_0)","decl":{"start":{"line":16,"column":13},"end":{"line":16,"column":14}},"loc":{"start":{"line":16,"column":35},"end":{"line":39,"column":1}},"line":16},"1":{"name":"(anonymous_1)","decl":{"start":{"line":17,"column":43},"end":{"line":17,"column":44}},"loc":{"start":{"line":17,"column":54},"end":{"line":17,"column":64}},"line":17},"2":{"name":"(anonymous_2)","decl":{"start":{"line":20,"column":12},"end":{"line":20,"column":13}},"loc":{"start":{"line":20,"column":16},"end":{"line":20,"column":28}},"line":20},"3":{"name":"(anonymous_3)","decl":{"start":{"line":31,"column":17},"end":{"line":31,"column":18}},"loc":{"start":{"line":31,"column":23},"end":{"line":31,"column":29}},"line":31}},"branchMap":{},"s":{"0":274,"1":80,"2":147,"3":80,"4":80,"5":11,"6":80,"7":0},"f":{"0":80,"1":147,"2":11,"3":0},"b":{},"_coverageSchema":"1a1c01bbd47fc00a2c39e90264f33305004495a9","hash":"fd32b99a09154d4db8aca969e699fbf0382e94ee"}
[...]
,"/app/src/redux/createBlog.js": {"path":"/app/src/redux/createBlog.js","statementMap":{"0":{"start":{"line":3,"column":26},"end":{"line":25,"column":2}},"1":{"start":{"line":13,"column":6},"end":{"line":13,"column":40}},"2":{"start":{"line":16,"column":6},"end":{"line":16,"column":39}},"3":{"start":{"line":19,"column":6},"end":{"line":19,"column":43}},"4":{"start":{"line":22,"column":6},"end":{"line":22,"column":42}},"5":{"start":{"line":29,"column":4},"end":{"line":29,"column":22}}},"fnMap":{"0":{"name":"(anonymous_0)","decl":{"start":{"line":12,"column":19},"end":{"line":12,"column":20}},"loc":{"start":{"line":12,"column":38},"end":{"line":14,"column":5}},"line":12},"1":{"name":"(anonymous_1)","decl":{"start":{"line":15,"column":18},"end":{"line":15,"column":19}},"loc":{"start":{"line":15,"column":37},"end":{"line":17,"column":5}},"line":15},"2":{"name":"(anonymous_2)","decl":{"start":{"line":18,"column":20},"end":{"line":18,"column":21}},"loc":{"start":{"line":18,"column":39},"end":{"line":20,"column":5}},"line":18},"3":{"name":"(anonymous_3)","decl":{"start":{"line":21,"column":21},"end":{"line":21,"column":22}},"loc":{"start":{"line":21,"column":40},"end":{"line":23,"column":5}},"line":21}},"branchMap":{},"s":{"0":274,"1":0,"2":0,"3":0,"4":0,"5":274},"f":{"0":0,"1":0,"2":0,"3":0},"b":{},"_coverageSchema":"1a1c01bbd47fc00a2c39e90264f33305004495a9","hash":"9a293d94e58d6dd4edffac16d758ec8115777fa8"}
,"/app/src/redux/forgetPassword.js": {"path":"/app/src/redux/forgetPassword.js","statementMap":{"0":{"start":{"line":4,"column":37},"end":{"line":26,"column":2}},"1":{"start":{"line":14,"column":6},"end":{"line":14,"column":38}},"2":{"start":{"line":17,"column":6},"end":{"line":17,"column":41}},"3":{"start":{"line":20,"column":6},"end":{"line":20,"column":39}},"4":{"start":{"line":23,"column":6},"end":{"line":23,"column":44}},"5":{"start":{"line":30,"column":4},"end":{"line":30,"column":33}}},"fnMap":{"0":{"name":"(anonymous_0)","decl":{"start":{"line":13,"column":17},"end":{"line":13,"column":18}},"loc":{"start":{"line":13,"column":36},"end":{"line":15,"column":5}},"line":13},"1":{"name":"(anonymous_1)","decl":{"start":{"line":16,"column":20},"end":{"line":16,"column":21}},"loc":{"start":{"line":16,"column":39},"end":{"line":18,"column":5}},"line":16},"2":{"name":"(anonymous_2)","decl":{"start":{"line":19,"column":18},"end":{"line":19,"column":19}},"loc":{"start":{"line":19,"column":37},"end":{"line":21,"column":5}},"line":19},"3":{"name":"(anonymous_3)","decl":{"start":{"line":22,"column":23},"end":{"line":22,"column":24}},"loc":{"start":{"line":22,"column":42},"end":{"line":24,"column":5}},"line":22}},"branchMap":{},"s":{"0":274,"1":0,"2":0,"3":0,"4":0,"5":274},"f":{"0":0,"1":0,"2":0,"3":0},"b":{},"_coverageSchema":"1a1c01bbd47fc00a2c39e90264f33305004495a9","hash":"0fe0a3b4c38d3d99d930f4280f90a35446d6d5fb"}
,"/app/src/redux/login.js": {"path":"/app/src/redux/login.js","statementMap":{"0":{"start":{"line":4,"column":28},"end":{"line":42,"column":2}},"1":{"start":{"line":15,"column":6},"end":{"line":15,"column":33}},"2":{"start":{"line":16,"column":6},"end":{"line":16,"column":33}},"3":{"start":{"line":17,"column":6},"end":{"line":17,"column":36}},"4":{"start":{"line":18,"column":6},"end":{"line":18,"column":33}},"5":{"start":{"line":21,"column":6},"end":{"line":21,"column":32}},"6":{"start":{"line":22,"column":6},"end":{"line":22,"column":34}},"7":{"start":{"line":23,"column":6},"end":{"line":23,"column":36}},"8":{"start":{"line":24,"column":6},"end":{"line":24,"column":33}},"9":{"start":{"line":27,"column":6},"end":{"line":27,"column":32}},"10":{"start":{"line":28,"column":6},"end":{"line":28,"column":33}},"11":{"start":{"line":29,"column":6},"end":{"line":29,"column":37}},"12":{"start":{"line":30,"column":6},"end":{"line":30,"column":33}},"13":{"start":{"line":33,"column":6},"end":{"line":33,"column":32}},"14":{"start":{"line":34,"column":6},"end":{"line":34,"column":33}},"15":{"start":{"line":35,"column":6},"end":{"line":35,"column":36}},"16":{"start":{"line":36,"column":6},"end":{"line":36,"column":34}},"17":{"start":{"line":39,"column":6},"end":{"line":39,"column":29}},"18":{"start":{"line":46,"column":4},"end":{"line":46,"column":24}}},"fnMap":{"0":{"name":"(anonymous_0)","decl":{"start":{"line":14,"column":18},"end":{"line":14,"column":19}},"loc":{"start":{"line":14,"column":29},"end":{"line":19,"column":5}},"line":14},"1":{"name":"(anonymous_1)","decl":{"start":{"line":20,"column":19},"end":{"line":20,"column":20}},"loc":{"start":{"line":20,"column":30},"end":{"line":25,"column":5}},"line":20},"2":{"name":"(anonymous_2)","decl":{"start":{"line":26,"column":22},"end":{"line":26,"column":23}},"loc":{"start":{"line":26,"column":33},"end":{"line":31,"column":5}},"line":26},"3":{"name":"(anonymous_3)","decl":{"start":{"line":32,"column":19},"end":{"line":32,"column":20}},"loc":{"start":{"line":32,"column":30},"end":{"line":37,"column":5}},"line":32},"4":{"name":"(anonymous_4)","decl":{"start":{"line":38,"column":25},"end":{"line":38,"column":26}},"loc":{"start":{"line":38,"column":36},"end":{"line":40,"column":5}},"line":38}},"branchMap":{},"s":{"0":274,"1":0,"2":0,"3":0,"4":0,"5":4,"6":4,"7":4,"8":4,"9":4,"10":4,"11":4,"12":4,"13":12,"14":12,"15":12,"16":12,"17":167,"18":274},"f":{"0":0,"1":4,"2":4,"3":12,"4":167},"b":{},"_coverageSchema":"1a1c01bbd47fc00a2c39e90264f33305004495a9","hash":"e98f245aac85a44a9a2ecfe0c9a50e5efcf0f3ed"}
,"/app/src/redux/mainPage.js": {"path":"/app/src/redux/mainPage.js","statementMap":{"0":{"start":{"line":4,"column":31},"end":{"line":15,"column":2}},"1":{"start":{"line":12,"column":6},"end":{"line":12,"column":29}},"2":{"start":{"line":19,"column":4},"end":{"line":19,"column":27}}},"fnMap":{"0":{"name":"(anonymous_0)","decl":{"start":{"line":11,"column":25},"end":{"line":11,"column":26}},"loc":{"start":{"line":11,"column":36},"end":{"line":13,"column":5}},"line":11}},"branchMap":{},"s":{"0":274,"1":6,"2":274},"f":{"0":6},"b":{},"_coverageSchema":"1a1c01bbd47fc00a2c39e90264f33305004495a9","hash":"205b7a005941220ed2999377698149528c321218"}
,"/app/src/redux/newTextPost-slice.js": {"path":"/app/src/redux/newTextPost-slice.js","statementMap":{"0":{"start":{"line":3,"column":25},"end":{"line":45,"column":2}},"1":{"start":{"line":17,"column":6},"end":{"line":17,"column":28}},"2":{"start":{"line":20,"column":6},"end":{"line":20,"column":37}},"3":{"start":{"line":23,"column":6},"end":{"line":23,"column":29}},"4":{"start":{"line":26,"column":6},"end":{"line":26,"column":31}},"5":{"start":{"line":29,"column":6},"end":{"line":29,"column":27}},"6":{"start":{"line":32,"column":6},"end":{"line":32,"column":34}},"7":{"start":{"line":35,"column":6},"end":{"line":35,"column":32}},"8":{"start":{"line":38,"column":6},"end":{"line":38,"column":29}},"9":{"start":{"line":41,"column":6},"end":{"line":41,"column":27}},"10":{"start":{"line":42,"column":6},"end":{"line":42,"column":41}},"11":{"start":{"line":47,"column":34},"end":{"line":47,"column":58}}},"fnMap":{"0":{"name":"(anonymous_0)","decl":{"start":{"line":16,"column":14},"end":{"line":16,"column":15}},"loc":{"start":{"line":16,"column":38},"end":{"line":18,"column":5}},"line":16},"1":{"name":"(anonymous_1)","decl":{"start":{"line":19,"column":23},"end":{"line":19,"column":24}},"loc":{"start":{"line":19,"column":47},"end":{"line":21,"column":5}},"line":19},"2":{"name":"(anonymous_2)","decl":{"start":{"line":22,"column":15},"end":{"line":22,"column":16}},"loc":{"start":{"line":22,"column":39},"end":{"line":24,"column":5}},"line":22},"3":{"name":"(anonymous_3)","decl":{"start":{"line":25,"column":17},"end":{"line":25,"column":18}},"loc":{"start":{"line":25,"column":41},"end":{"line":27,"column":5}},"line":25},"4":{"name":"(anonymous_4)","decl":{"start":{"line":28,"column":13},"end":{"line":28,"column":14}},"loc":{"start":{"line":28,"column":37},"end":{"line":30,"column":5}},"line":28},"5":{"name":"(anonymous_5)","decl":{"start":{"line":31,"column":20},"end":{"line":31,"column":21}},"loc":{"start":{"line":31,"column":44},"end":{"line":33,"column":5}},"line":31},"6":{"name":"(anonymous_6)","decl":{"start":{"line":34,"column":18},"end":{"line":34,"column":19}},"loc":{"start":{"line":34,"column":42},"end":{"line":36,"column":5}},"line":34},"7":{"name":"(anonymous_7)","decl":{"start":{"line":37,"column":15},"end":{"line":37,"column":16}},"loc":{"start":{"line":37,"column":39},"end":{"line":39,"column":5}},"line":37},"8":{"name":"(anonymous_8)","decl":{"start":{"line":40,"column":14},"end":{"line":40,"column":15}},"loc":{"start":{"line":40,"column":38},"end":{"line":43,"column":5}},"line":40}},"branchMap":{},"s":{"0":274,"1":357,"2":0,"3":116,"4":116,"5":0,"6":488,"7":0,"8":1,"9":0,"10":0,"11":274},"f":{"0":357,"1":0,"2":116,"3":116,"4":0,"5":488,"6":0,"7":1,"8":0},"b":{},"_coverageSchema":"1a1c01bbd47fc00a2c39e90264f33305004495a9","hash":"855c2012afa19bd6bb37b31d01c09e70031f5f9c"}
,"/app/src/redux/register.js": {"path":"/app/src/redux/register.js","statementMap":{"0":{"start":{"line":4,"column":31},"end":{"line":46,"column":2}},"1":{"start":{"line":40,"column":6},"end":{"line":40,"column":42}},"2":{"start":{"line":43,"column":6},"end":{"line":43,"column":29}},"3":{"start":{"line":50,"column":4},"end":{"line":50,"column":27}}},"fnMap":{"0":{"name":"(anonymous_0)","decl":{"start":{"line":39,"column":21},"end":{"line":39,"column":22}},"loc":{"start":{"line":39,"column":40},"end":{"line":41,"column":5}},"line":39},"1":{"name":"(anonymous_1)","decl":{"start":{"line":42,"column":25},"end":{"line":42,"column":26}},"loc":{"start":{"line":42,"column":36},"end":{"line":44,"column":5}},"line":42}},"branchMap":{},"s":{"0":274,"1":42,"2":6,"3":274},"f":{"0":42,"1":6},"b":{},"_coverageSchema":"1a1c01bbd47fc00a2c39e90264f33305004495a9","hash":"53827d04703517938efc809e3303c52dcc49aad8"}
,"/app/src/redux/store.js": {"path":"/app/src/redux/store.js","statementMap":{"0":{"start":{"line":61,"column":4},"end":{"line":63,"column":6}}},"fnMap":{"0":{"name":"(anonymous_0)","decl":{"start":{"line":60,"column":14},"end":{"line":60,"column":15}},"loc":{"start":{"line":61,"column":4},"end":{"line":63,"column":6}},"line":61}},"branchMap":{},"s":{"0":274},"f":{"0":274},"b":{},"_coverageSchema":"1a1c01bbd47fc00a2c39e90264f33305004495a9","hash":"3f1cfe4a5a54fa3caffc1f637df7ea7b0b357dc4"}
,"/app/src/redux/suggestList.js": {"path":"/app/src/redux/suggestList.js","statementMap":{"0":{"start":{"line":4,"column":27},"end":{"line":28,"column":2}},"1":{"start":{"line":13,"column":6},"end":{"line":14,"column":44}},"2":{"start":{"line":13,"column":19},"end":{"line":13,"column":20}},"3":{"start":{"line":14,"column":8},"end":{"line":14,"column":44}},"4":{"start":{"line":17,"column":6},"end":{"line":17,"column":38}},"5":{"start":{"line":18,"column":6},"end":{"line":18,"column":34}},"6":{"start":{"line":19,"column":6},"end":{"line":19,"column":30}},"7":{"start":{"line":22,"column":6},"end":{"line":22,"column":43}},"8":{"start":{"line":25,"column":6},"end":{"line":25,"column":23}},"9":{"start":{"line":31,"column":2},"end":{"line":31,"column":21}}},"fnMap":{"0":{"name":"(anonymous_0)","decl":{"start":{"line":12,"column":18},"end":{"line":12,"column":19}},"loc":{"start":{"line":12,"column":37},"end":{"line":15,"column":5}},"line":12},"1":{"name":"(anonymous_1)","decl":{"start":{"line":16,"column":12},"end":{"line":16,"column":13}},"loc":{"start":{"line":16,"column":31},"end":{"line":20,"column":5}},"line":16},"2":{"name":"(anonymous_2)","decl":{"start":{"line":21,"column":22},"end":{"line":21,"column":23}},"loc":{"start":{"line":21,"column":41},"end":{"line":23,"column":5}},"line":21},"3":{"name":"(anonymous_3)","decl":{"start":{"line":24,"column":19},"end":{"line":24,"column":20}},"loc":{"start":{"line":24,"column":38},"end":{"line":26,"column":5}},"line":24}},"branchMap":{},"s":{"0":274,"1":5,"2":5,"3":90,"4":5,"5":5,"6":5,"7":4,"8":0,"9":274},"f":{"0":5,"1":5,"2":4,"3":0},"b":{},"_coverageSchema":"1a1c01bbd47fc00a2c39e90264f33305004495a9","hash":"13488dd5856abf9a1afe7aaafec0c0d9d430740d"}
,"/app/src/redux/userBlogs-actions.js": {"path":"/app/src/redux/userBlogs-actions.js","statementMap":{"0":{"start":{"line":5,"column":30},"end":{"line":21,"column":1}},"1":{"start":{"line":6,"column":2},"end":{"line":20,"column":4}},"2":{"start":{"line":7,"column":4},"end":{"line":19,"column":5}},"3":{"start":{"line":8,"column":23},"end":{"line":8,"column":59}},"4":{"start":{"line":10,"column":24},"end":{"line":10,"column":80}},"5":{"start":{"line":10,"column":53},"end":{"line":10,"column":78}},"6":{"start":{"line":12,"column":6},"end":{"line":12,"column":57}},"7":{"start":{"line":14,"column":6},"end":{"line":18,"column":7}},"8":{"start":{"line":15,"column":8},"end":{"line":15,"column":34}},"9":{"start":{"line":17,"column":8},"end":{"line":17,"column":25}}},"fnMap":{"0":{"name":"(anonymous_0)","decl":{"start":{"line":5,"column":30},"end":{"line":5,"column":31}},"loc":{"start":{"line":5,"column":42},"end":{"line":21,"column":1}},"line":5},"1":{"name":"(anonymous_1)","decl":{"start":{"line":6,"column":9},"end":{"line":6,"column":10}},"loc":{"start":{"line":6,"column":29},"end":{"line":20,"column":3}},"line":6},"2":{"name":"(anonymous_2)","decl":{"start":{"line":10,"column":42},"end":{"line":10,"column":43}},"loc":{"start":{"line":10,"column":53},"end":{"line":10,"column":78}},"line":10}},"branchMap":{"0":{"loc":{"start":{"line":14,"column":6},"end":{"line":18,"column":7}},"type":"if","locations":[{"start":{"line":14,"column":6},"end":{"line":18,"column":7}},{"start":{"line":14,"column":6},"end":{"line":18,"column":7}}],"line":14}},"s":{"0":274,"1":289,"2":289,"3":289,"4":16,"5":52,"6":16,"7":265,"8":265,"9":0},"f":{"0":289,"1":289,"2":52},"b":{"0":[265,0]},"_coverageSchema":"1a1c01bbd47fc00a2c39e90264f33305004495a9","hash":"df09ecdd34accdf7e865a1efd1797aa81afa51f3"}
,"/app/src/redux/userBlogs-slice.js": {"path":"/app/src/redux/userBlogs-slice.js","statementMap":{"0":{"start":{"line":3,"column":23},"end":{"line":15,"column":2}},"1":{"start":{"line":8,"column":6},"end":{"line":8,"column":32}},"2":{"start":{"line":9,"column":6},"end":{"line":9,"column":68}},"3":{"start":{"line":9,"column":48},"end":{"line":9,"column":66}},"4":{"start":{"line":12,"column":6},"end":{"line":12,"column":31}},"5":{"start":{"line":16,"column":32},"end":{"line":16,"column":54}}},"fnMap":{"0":{"name":"(anonymous_0)","decl":{"start":{"line":7,"column":18},"end":{"line":7,"column":19}},"loc":{"start":{"line":7,"column":42},"end":{"line":10,"column":5}},"line":7},"1":{"name":"(anonymous_1)","decl":{"start":{"line":9,"column":36},"end":{"line":9,"column":37}},"loc":{"start":{"line":9,"column":48},"end":{"line":9,"column":66}},"line":9},"2":{"name":"(anonymous_2)","decl":{"start":{"line":11,"column":17},"end":{"line":11,"column":18}},"loc":{"start":{"line":11,"column":41},"end":{"line":13,"column":5}},"line":11}},"branchMap":{},"s":{"0":274,"1":16,"2":16,"3":16,"4":0,"5":274},"f":{"0":16,"1":16,"2":0},"b":{},"_coverageSchema":"1a1c01bbd47fc00a2c39e90264f33305004495a9","hash":"c5b01c979b8db02714da354afa658dbf475b6cd5"}
,"/app/src/redux/userFollowing.js": {"path":"/app/src/redux/userFollowing.js","statementMap":{"0":{"start":{"line":4,"column":25},"end":{"line":60,"column":2}},"1":{"start":{"line":20,"column":6},"end":{"line":20,"column":44}},"2":{"start":{"line":23,"column":18},"end":{"line":23,"column":32}},"3":{"start":{"line":24,"column":6},"end":{"line":24,"column":67}},"4":{"start":{"line":24,"column":30},"end":{"line":24,"column":65}},"5":{"start":{"line":25,"column":6},"end":{"line":25,"column":28}},"6":{"start":{"line":28,"column":6},"end":{"line":28,"column":41}},"7":{"start":{"line":31,"column":6},"end":{"line":31,"column":42}},"8":{"start":{"line":34,"column":6},"end":{"line":34,"column":37}},"9":{"start":{"line":37,"column":6},"end":{"line":37,"column":40}},"10":{"start":{"line":40,"column":6},"end":{"line":40,"column":45}},"11":{"start":{"line":43,"column":19},"end":{"line":43,"column":36}},"12":{"start":{"line":44,"column":8},"end":{"line":48,"column":9}},"13":{"start":{"line":44,"column":25},"end":{"line":44,"column":26}},"14":{"start":{"line":45,"column":12},"end":{"line":47,"column":13}},"15":{"start":{"line":46,"column":16},"end":{"line":46,"column":77}},"16":{"start":{"line":51,"column":8},"end":{"line":51,"column":49}},"17":{"start":{"line":54,"column":8},"end":{"line":54,"column":39}},"18":{"start":{"line":57,"column":8},"end":{"line":57,"column":37}},"19":{"start":{"line":66,"column":4},"end":{"line":66,"column":21}}},"fnMap":{"0":{"name":"(anonymous_0)","decl":{"start":{"line":19,"column":23},"end":{"line":19,"column":24}},"loc":{"start":{"line":19,"column":42},"end":{"line":21,"column":5}},"line":19},"1":{"name":"(anonymous_1)","decl":{"start":{"line":22,"column":18},"end":{"line":22,"column":19}},"loc":{"start":{"line":22,"column":37},"end":{"line":26,"column":5}},"line":22},"2":{"name":"(anonymous_2)","decl":{"start":{"line":24,"column":20},"end":{"line":24,"column":21}},"loc":{"start":{"line":24,"column":30},"end":{"line":24,"column":65}},"line":24},"3":{"name":"(anonymous_3)","decl":{"start":{"line":27,"column":20},"end":{"line":27,"column":21}},"loc":{"start":{"line":27,"column":39},"end":{"line":29,"column":5}},"line":27},"4":{"name":"(anonymous_4)","decl":{"start":{"line":30,"column":21},"end":{"line":30,"column":22}},"loc":{"start":{"line":30,"column":40},"end":{"line":32,"column":5}},"line":30},"5":{"name":"(anonymous_5)","decl":{"start":{"line":33,"column":16},"end":{"line":33,"column":17}},"loc":{"start":{"line":33,"column":35},"end":{"line":35,"column":5}},"line":33},"6":{"name":"(anonymous_6)","decl":{"start":{"line":36,"column":19},"end":{"line":36,"column":20}},"loc":{"start":{"line":36,"column":38},"end":{"line":38,"column":5}},"line":36},"7":{"name":"(anonymous_7)","decl":{"start":{"line":39,"column":24},"end":{"line":39,"column":25}},"loc":{"start":{"line":39,"column":43},"end":{"line":41,"column":5}},"line":39},"8":{"name":"(anonymous_8)","decl":{"start":{"line":42,"column":24},"end":{"line":42,"column":25}},"loc":{"start":{"line":42,"column":43},"end":{"line":49,"column":5}},"line":42},"9":{"name":"(anonymous_9)","decl":{"start":{"line":50,"column":21},"end":{"line":50,"column":22}},"loc":{"start":{"line":50,"column":32},"end":{"line":52,"column":5}},"line":50},"10":{"name":"(anonymous_10)","decl":{"start":{"line":53,"column":20},"end":{"line":53,"column":21}},"loc":{"start":{"line":53,"column":39},"end":{"line":55,"column":5}},"line":53},"11":{"name":"(anonymous_11)","decl":{"start":{"line":56,"column":14},"end":{"line":56,"column":15}},"loc":{"start":{"line":56,"column":33},"end":{"line":58,"column":5}},"line":56}},"branchMap":{"0":{"loc":{"start":{"line":45,"column":12},"end":{"line":47,"column":13}},"type":"if","locations":[{"start":{"line":45,"column":12},"end":{"line":47,"column":13}},{"start":{"line":45,"column":12},"end":{"line":47,"column":13}}],"line":45}},"s":{"0":274,"1":0,"2":0,"3":0,"4":0,"5":0,"6":0,"7":0,"8":0,"9":0,"10":0,"11":0,"12":0,"13":0,"14":0,"15":0,"16":0,"17":0,"18":0,"19":274},"f":{"0":0,"1":0,"2":0,"3":0,"4":0,"5":0,"6":0,"7":0,"8":0,"9":0,"10":0,"11":0},"b":{"0":[0,0]},"_coverageSchema":"1a1c01bbd47fc00a2c39e90264f33305004495a9","hash":"8c39e377e15ce98911a8aa4970b3ef8ea1445334"}
}
