TN:
SF:../../../app/src/App.js
FN:38,(anonymous_0)
FN:43,(anonymous_1)
FN:44,(anonymous_2)
FN:48,(anonymous_3)
FNF:4
FNH:4
FNDA:440,(anonymous_0)
FNDA:4487,(anonymous_1)
FNDA:274,(anonymous_2)
FNDA:360,(anonymous_3)
DA:38,274
DA:39,440
DA:43,4487
DA:44,360
DA:45,274
DA:48,360
DA:49,360
DA:52,360
LF:8
LH:8
BRDA:54,0,0,360
BRDA:54,0,1,105
BRDA:127,1,0,360
BRDA:127,1,1,255
BRF:4
BRH:4
end_of_record
TN:
SF:../../../app/src/UpdateNotifications.js
FN:5,(anonymous_0)
FN:18,(anonymous_1)
FNF:2
FNH:2
FNDA:360,(anonymous_0)
FNDA:6,(anonymous_1)
DA:5,274
DA:6,360
DA:7,360
DA:8,360
DA:17,360
DA:18,360
DA:19,6
DA:20,6
LF:8
LH:8
BRF:0
BRH:0
end_of_record
TN:
SF:../../../app/src/index.js
FNF:0
FNH:0
DA:9,274
LF:1
LH:1
BRF:0
BRH:0
end_of_record
TN:
SF:../../../app/src/api/api.js
FN:12,(anonymous_0)
FNF:1
FNH:1
FNDA:1195,(anonymous_0)
DA:4,274
DA:13,1195
DA:14,1
DA:16,1194
DA:18,1195
DA:19,616
DA:21,1195
DA:22,1
DA:24,1194
LF:9
LH:9
BRDA:13,0,0,1
BRDA:13,0,1,1194
BRDA:18,1,0,616
BRDA:18,1,1,579
BRDA:21,2,0,1
BRDA:21,2,1,1194
BRF:6
BRH:6
end_of_record
TN:
SF:../../../app/src/components/Account/Account.jsx
FN:17,(anonymous_0)
FNF:1
FNH:1
FNDA:28,(anonymous_0)
DA:17,274
DA:18,28
DA:19,14
LF:3
LH:3
BRF:0
BRH:0
end_of_record
TN:
SF:../../../app/src/components/Account/AccountServices.js
FN:10,(anonymous_0)
FN:19,(anonymous_1)
FN:35,(anonymous_2)
FNF:3
FNH:2
FNDA:14,(anonymous_0)
FNDA:0,(anonymous_1)
FNDA:12,(anonymous_2)
DA:10,274
DA:11,14
DA:12,14
DA:13,14
DA:20,0
DA:21,0
DA:23,0
DA:24,0
DA:25,0
DA:29,0
DA:31,0
DA:36,12
LF:12
LH:5
BRF:0
BRH:0
end_of_record
TN:
SF:../../../app/src/components/Account/EmailSection/EmailSection.jsx
FN:20,(anonymous_0)
FN:27,(anonymous_1)
FN:74,(anonymous_2)
FN:82,(anonymous_3)
FNF:4
FNH:4
FNDA:28,(anonymous_0)
FNDA:1338,(anonymous_1)
FNDA:40,(anonymous_2)
FNDA:42,(anonymous_3)
DA:20,274
DA:27,1338
DA:29,14
DA:74,40
DA:83,42
LF:5
LH:5
BRF:0
BRH:0
end_of_record
TN:
SF:../../../app/src/components/Account/EmailSection/EmailSectionController.js
FN:16,(anonymous_0)
FN:20,(anonymous_1)
FN:48,(anonymous_2)
FN:69,(anonymous_3)
FN:70,(anonymous_4)
FN:84,(anonymous_5)
FN:108,(anonymous_6)
FN:122,(anonymous_7)
FN:123,(anonymous_8)
FN:148,(anonymous_9)
FNF:10
FNH:4
FNDA:40,(anonymous_0)
FNDA:200,(anonymous_1)
FNDA:160,(anonymous_2)
FNDA:0,(anonymous_3)
FNDA:0,(anonymous_4)
FNDA:0,(anonymous_5)
FNDA:0,(anonymous_6)
FNDA:0,(anonymous_7)
FNDA:0,(anonymous_8)
FNDA:42,(anonymous_9)
DA:16,274
DA:20,40
DA:21,200
DA:22,200
DA:28,40
DA:29,40
DA:30,40
DA:36,40
DA:39,40
DA:43,40
DA:48,40
DA:49,160
DA:51,40
DA:54,40
DA:60,40
DA:69,274
DA:70,0
DA:71,0
DA:80,0
DA:81,0
DA:82,0
DA:85,0
DA:89,0
DA:91,0
DA:94,0
DA:103,0
DA:106,0
DA:107,0
DA:108,0
DA:109,0
DA:111,0
DA:112,0
DA:122,274
DA:123,0
DA:125,0
DA:127,0
DA:128,0
DA:129,0
DA:130,0
DA:132,0
DA:135,0
DA:136,0
DA:148,274
DA:149,42
DA:155,42
DA:158,42
DA:159,42
DA:160,42
DA:163,42
DA:164,42
DA:165,42
DA:167,0
DA:174,0
DA:178,0
LF:54
LH:26
BRDA:29,0,0,40
BRDA:29,0,1,0
BRDA:81,1,0,0
BRDA:81,1,1,0
BRDA:81,2,0,0
BRDA:81,2,1,0
BRDA:127,3,0,0
BRDA:127,3,1,0
BRDA:129,4,0,0
BRDA:129,4,1,0
BRDA:158,5,0,42
BRDA:158,5,1,0
BRDA:159,6,0,42
BRDA:159,6,1,0
BRDA:159,7,0,42
BRDA:159,7,1,0
BRDA:159,7,2,0
BRDA:164,8,0,42
BRDA:164,8,1,0
BRDA:164,9,0,42
BRDA:164,9,1,0
BRF:21
BRH:6
end_of_record
TN:
SF:../../../app/src/components/Account/EmailSection/EmailSectionServices.js
FN:11,(anonymous_0)
FN:20,(anonymous_1)
FN:23,(anonymous_2)
FN:30,(anonymous_3)
FN:37,(anonymous_4)
FNF:5
FNH:0
FNDA:0,(anonymous_0)
FNDA:0,(anonymous_1)
FNDA:0,(anonymous_2)
FNDA:0,(anonymous_3)
FNDA:0,(anonymous_4)
DA:11,274
DA:12,0
DA:13,0
DA:18,0
DA:21,0
DA:24,0
DA:30,274
DA:31,0
DA:32,0
DA:37,0
DA:38,0
LF:11
LH:2
BRF:0
BRH:0
end_of_record
TN:
SF:../../../app/src/components/Account/PasswordSection/PasswordSection.jsx
FN:21,(anonymous_0)
FN:23,(anonymous_1)
FN:98,(anonymous_2)
FNF:3
FNH:3
FNDA:1298,(anonymous_0)
FNDA:2582,(anonymous_1)
FNDA:42,(anonymous_2)
DA:21,274
DA:23,2582
DA:25,1298
DA:99,42
LF:4
LH:4
BRF:0
BRH:0
end_of_record
TN:
SF:../../../app/src/components/Account/PasswordSection/PasswordSectionController.js
FN:16,(anonymous_0)
FN:17,(anonymous_1)
FN:21,(anonymous_2)
FN:46,(anonymous_3)
FN:47,(anonymous_4)
FN:71,(anonymous_5)
FN:86,(anonymous_6)
FN:109,(anonymous_7)
FN:110,(anonymous_8)
FN:130,(anonymous_9)
FN:144,(anonymous_10)
FN:148,(anonymous_11)
FN:159,(anonymous_12)
FNF:13
FNH:13
FNDA:1284,(anonymous_0)
FNDA:6420,(anonymous_1)
FNDA:6420,(anonymous_2)
FNDA:42,(anonymous_3)
FNDA:210,(anonymous_4)
FNDA:132,(anonymous_5)
FNDA:168,(anonymous_6)
FNDA:40,(anonymous_7)
FNDA:200,(anonymous_8)
FNDA:120,(anonymous_9)
FNDA:160,(anonymous_10)
FNDA:160,(anonymous_11)
FNDA:42,(anonymous_12)
DA:16,274
DA:17,1284
DA:19,6420
DA:21,1284
DA:23,6420
DA:25,1284
DA:27,406
DA:28,878
DA:30,388
DA:31,490
DA:33,490
DA:36,0
DA:46,274
DA:47,42
DA:48,210
DA:55,42
DA:56,42
DA:61,42
DA:63,42
DA:65,42
DA:68,42
DA:69,42
DA:72,132
DA:76,42
DA:84,42
DA:85,42
DA:86,42
DA:87,168
DA:94,42
DA:97,42
DA:98,42
DA:109,274
DA:110,40
DA:111,200
DA:112,200
DA:119,40
DA:120,40
DA:121,40
DA:122,40
DA:124,40
DA:126,40
DA:128,40
DA:131,120
DA:136,40
DA:140,40
DA:144,40
DA:145,160
DA:148,40
DA:149,160
DA:159,274
DA:170,42
DA:173,42
DA:174,42
DA:175,42
DA:176,10
DA:179,32
DA:182,18
DA:185,14
DA:186,0
DA:190,14
DA:194,14
LF:61
LH:59
BRDA:25,0,0,406
BRDA:25,0,1,878
BRDA:28,1,0,388
BRDA:28,1,1,490
BRDA:31,2,0,490
BRDA:31,2,1,0
BRDA:56,3,0,42
BRDA:56,3,1,0
BRDA:57,4,0,42
BRDA:57,4,1,0
BRDA:57,4,2,0
BRDA:120,5,0,40
BRDA:120,5,1,0
BRDA:174,6,0,42
BRDA:174,6,1,0
BRDA:175,7,0,10
BRDA:175,7,1,32
BRDA:179,8,0,18
BRDA:179,8,1,14
BRDA:179,9,0,32
BRDA:179,9,1,20
BRDA:185,10,0,0
BRDA:185,10,1,14
BRF:23
BRH:16
end_of_record
TN:
SF:../../../app/src/components/Account/PasswordSection/PasswordSectionServices.js
FN:4,(anonymous_0)
FN:12,(anonymous_1)
FN:15,(anonymous_2)
FNF:3
FNH:2
FNDA:14,(anonymous_0)
FNDA:0,(anonymous_1)
FNDA:12,(anonymous_2)
DA:4,274
DA:5,14
DA:6,14
DA:13,0
DA:16,12
LF:5
LH:4
BRF:0
BRH:0
end_of_record
TN:
SF:../../../app/src/components/Account/SecuritySection/SecuritySection.jsx
FN:13,(anonymous_0)
FN:15,(anonymous_1)
FN:47,(anonymous_2)
FNF:3
FNH:2
FNDA:14,(anonymous_0)
FNDA:1338,(anonymous_1)
FNDA:0,(anonymous_2)
DA:13,274
DA:14,14
DA:15,1338
DA:18,14
DA:48,0
LF:5
LH:4
BRF:0
BRH:0
end_of_record
TN:
SF:../../../app/src/components/Account/SecuritySection/SecuritySectionController.js
FN:13,(anonymous_0)
FNF:1
FNH:0
FNDA:0,(anonymous_0)
DA:13,274
DA:19,0
DA:20,0
DA:22,0
DA:24,0
DA:27,0
DA:30,0
LF:7
LH:1
BRDA:20,0,0,0
BRDA:20,0,1,0
BRF:2
BRH:0
end_of_record
TN:
SF:../../../app/src/components/Account/SecuritySection/SecuritySectionServices.js
FN:2,(anonymous_0)
FN:11,(anonymous_1)
FN:14,(anonymous_2)
FNF:3
FNH:0
FNDA:0,(anonymous_0)
FNDA:0,(anonymous_1)
FNDA:0,(anonymous_2)
DA:2,274
DA:3,0
DA:4,0
DA:9,0
DA:15,0
LF:5
LH:1
BRF:0
BRH:0
end_of_record
TN:
SF:../../../app/src/components/Blog/BlockService/blockService.js
FN:10,(anonymous_0)
FN:26,(anonymous_1)
FN:37,(anonymous_2)
FNF:3
FNH:0
FNDA:0,(anonymous_0)
FNDA:0,(anonymous_1)
FNDA:0,(anonymous_2)
DA:10,274
DA:11,0
DA:12,0
DA:13,0
DA:15,0
DA:16,0
DA:18,0
DA:26,274
DA:27,0
DA:28,0
DA:29,0
DA:31,0
DA:32,0
DA:34,0
DA:37,274
DA:38,0
DA:39,0
DA:40,0
DA:41,0
DA:42,0
DA:45,0
DA:46,0
DA:47,0
LF:23
LH:3
BRDA:39,0,0,0
BRDA:39,0,1,0
BRDA:40,1,0,0
BRDA:40,1,1,0
BRDA:45,2,0,0
BRDA:45,2,1,0
BRF:6
BRH:0
end_of_record
TN:
SF:../../../app/src/components/Blog/BlogSideNav/BlogSideNav.jsx
FN:18,(anonymous_0)
FN:20,(anonymous_1)
FNF:2
FNH:0
FNDA:0,(anonymous_0)
FNDA:0,(anonymous_1)
DA:18,274
DA:20,0
DA:21,0
LF:3
LH:1
BRDA:67,0,0,0
BRDA:67,0,1,0
BRF:2
BRH:0
end_of_record
TN:
SF:../../../app/src/components/Blog/Drafts/Drafts.jsx
FN:23,(anonymous_0)
FN:27,(anonymous_1)
FN:28,(anonymous_2)
FN:30,(anonymous_3)
FN:36,(anonymous_4)
FN:63,(anonymous_5)
FN:75,(anonymous_6)
FNF:7
FNH:0
FNDA:0,(anonymous_0)
FNDA:0,(anonymous_1)
FNDA:0,(anonymous_2)
FNDA:0,(anonymous_3)
FNDA:0,(anonymous_4)
FNDA:0,(anonymous_5)
FNDA:0,(anonymous_6)
DA:23,274
DA:27,0
DA:28,0
DA:29,0
DA:30,0
DA:31,0
DA:32,0
DA:35,0
DA:36,0
DA:37,0
DA:38,0
DA:40,0
DA:43,0
DA:63,0
DA:75,0
LF:15
LH:1
BRDA:31,0,0,0
BRDA:31,0,1,0
BRDA:37,1,0,0
BRDA:37,1,1,0
BRDA:47,2,0,0
BRDA:47,2,1,0
BRDA:49,3,0,0
BRDA:49,3,1,0
BRDA:59,4,0,0
BRDA:59,4,1,0
BRDA:59,4,2,0
BRDA:59,4,3,0
BRDA:70,5,0,0
BRDA:70,5,1,0
BRDA:70,5,2,0
BRDA:70,5,3,0
BRDA:70,5,4,0
BRF:17
BRH:0
end_of_record
TN:
SF:../../../app/src/components/Blog/Drafts/DraftsService.js
FN:9,(anonymous_0)
FN:18,(anonymous_1)
FNF:2
FNH:0
FNDA:0,(anonymous_0)
FNDA:0,(anonymous_1)
DA:9,274
DA:10,0
DA:11,0
DA:18,0
DA:19,0
DA:20,0
DA:21,0
DA:22,0
DA:23,0
DA:24,0
DA:25,0
DA:27,0
DA:30,0
DA:31,0
DA:34,0
LF:15
LH:1
BRDA:22,0,0,0
BRDA:22,0,1,0
BRF:2
BRH:0
end_of_record
TN:
SF:../../../app/src/components/Blog/Followers/Followers.js
FN:14,(anonymous_0)
FN:18,(anonymous_1)
FN:21,(anonymous_2)
FN:22,(anonymous_3)
FNF:4
FNH:0
FNDA:0,(anonymous_0)
FNDA:0,(anonymous_1)
FNDA:0,(anonymous_2)
FNDA:0,(anonymous_3)
DA:14,274
DA:17,0
DA:18,0
DA:21,0
DA:22,0
DA:23,0
DA:24,0
DA:25,0
DA:28,0
LF:9
LH:1
BRDA:24,0,0,0
BRDA:24,0,1,0
BRDA:37,1,0,0
BRDA:37,1,1,0
BRDA:61,2,0,0
BRDA:61,2,1,0
BRDA:72,3,0,0
BRDA:72,3,1,0
BRF:8
BRH:0
end_of_record
TN:
SF:../../../app/src/components/Blog/Followers/FollowersController.js
FN:8,(anonymous_0)
FN:11,(anonymous_1)
FN:18,(anonymous_2)
FN:19,(anonymous_3)
FN:29,(anonymous_4)
FN:39,(anonymous_5)
FNF:6
FNH:0
FNDA:0,(anonymous_0)
FNDA:0,(anonymous_1)
FNDA:0,(anonymous_2)
FNDA:0,(anonymous_3)
FNDA:0,(anonymous_4)
FNDA:0,(anonymous_5)
DA:8,274
DA:11,0
DA:12,0
DA:18,0
DA:19,0
DA:20,0
DA:29,0
DA:30,0
DA:31,0
DA:39,0
DA:40,0
DA:41,0
DA:42,0
DA:43,0
DA:44,0
DA:45,0
DA:46,0
DA:47,0
DA:50,0
DA:51,0
DA:53,0
DA:55,0
DA:56,0
DA:57,0
DA:58,0
DA:61,0
LF:26
LH:1
BRDA:42,0,0,0
BRDA:42,0,1,0
BRDA:42,1,0,0
BRDA:42,1,1,0
BRDA:45,2,0,0
BRDA:45,2,1,0
BRDA:50,3,0,0
BRDA:50,3,1,0
BRF:8
BRH:0
end_of_record
TN:
SF:../../../app/src/components/Blog/Followers/FollowersService.js
FN:9,(anonymous_0)
FNF:1
FNH:0
FNDA:0,(anonymous_0)
DA:9,274
DA:10,0
DA:11,0
DA:12,0
DA:13,0
DA:14,0
DA:15,0
DA:16,0
DA:18,0
DA:20,0
LF:10
LH:1
BRDA:15,0,0,0
BRDA:15,0,1,0
BRF:2
BRH:0
end_of_record
TN:
SF:../../../app/src/components/Blog/Followers/followerSection/FollowerSecionController.js
FN:4,(anonymous_0)
FN:5,(anonymous_1)
FN:17,(anonymous_2)
FNF:3
FNH:0
FNDA:0,(anonymous_0)
FNDA:0,(anonymous_1)
FNDA:0,(anonymous_2)
DA:4,274
DA:5,0
DA:7,0
DA:8,0
DA:9,0
DA:10,0
DA:11,0
DA:12,0
DA:17,0
DA:18,0
DA:19,0
DA:20,0
DA:22,0
LF:13
LH:1
BRDA:8,0,0,0
BRDA:8,0,1,0
BRDA:11,1,0,0
BRDA:11,1,1,0
BRF:4
BRH:0
end_of_record
TN:
SF:../../../app/src/components/Blog/Followers/followerSection/FollowerSection.js
FN:7,(anonymous_0)
FN:59,(anonymous_1)
FN:89,(anonymous_2)
FNF:3
FNH:0
FNDA:0,(anonymous_0)
FNDA:0,(anonymous_1)
FNDA:0,(anonymous_2)
DA:7,274
DA:10,0
DA:11,0
DA:12,0
DA:59,0
DA:89,0
LF:6
LH:1
BRDA:26,0,0,0
BRDA:26,0,1,0
BRDA:28,1,0,0
BRDA:28,1,1,0
BRDA:39,2,0,0
BRDA:39,2,1,0
BRDA:58,3,0,0
BRDA:58,3,1,0
BRF:8
BRH:0
end_of_record
TN:
SF:../../../app/src/components/Blog/Followers/followerSection/followservice.js
FN:10,(anonymous_0)
FN:25,(anonymous_1)
FNF:2
FNH:0
FNDA:0,(anonymous_0)
FNDA:0,(anonymous_1)
DA:10,274
DA:11,0
DA:12,0
DA:13,0
DA:14,0
DA:16,0
DA:25,274
DA:26,0
DA:27,0
DA:28,0
DA:29,0
DA:31,0
LF:12
LH:2
BRF:0
BRH:0
end_of_record
TN:
SF:../../../app/src/components/Blog/Loading/Loading.jsx
FN:12,(anonymous_0)
FNF:1
FNH:1
FNDA:870,(anonymous_0)
DA:12,274
DA:13,870
LF:2
LH:2
BRF:0
BRH:0
end_of_record
TN:
SF:../../../app/src/components/Blog/Posts/Posts.jsx
FN:25,(anonymous_0)
FN:29,(anonymous_1)
FN:30,(anonymous_2)
FN:32,(anonymous_3)
FN:39,(anonymous_4)
FN:73,(anonymous_5)
FN:85,(anonymous_6)
FNF:7
FNH:0
FNDA:0,(anonymous_0)
FNDA:0,(anonymous_1)
FNDA:0,(anonymous_2)
FNDA:0,(anonymous_3)
FNDA:0,(anonymous_4)
FNDA:0,(anonymous_5)
FNDA:0,(anonymous_6)
DA:25,274
DA:29,0
DA:30,0
DA:31,0
DA:32,0
DA:33,0
DA:34,0
DA:38,0
DA:39,0
DA:40,0
DA:41,0
DA:43,0
DA:46,0
DA:73,0
DA:85,0
LF:15
LH:1
BRDA:33,0,0,0
BRDA:33,0,1,0
BRDA:40,1,0,0
BRDA:40,1,1,0
BRDA:50,2,0,0
BRDA:50,2,1,0
BRDA:52,3,0,0
BRDA:52,3,1,0
BRDA:69,4,0,0
BRDA:69,4,1,0
BRDA:69,4,2,0
BRDA:69,4,3,0
BRDA:80,5,0,0
BRDA:80,5,1,0
BRDA:80,5,2,0
BRDA:80,5,3,0
BRDA:80,5,4,0
BRF:17
BRH:0
end_of_record
TN:
SF:../../../app/src/components/Blog/Posts/PostsControllers.js
FN:15,(anonymous_0)
FN:27,(anonymous_1)
FNF:2
FNH:0
FNDA:0,(anonymous_0)
FNDA:0,(anonymous_1)
DA:15,274
DA:18,0
DA:19,0
DA:20,0
DA:22,0
DA:23,0
DA:25,0
DA:28,0
LF:8
LH:1
BRDA:18,0,0,0
BRDA:18,0,1,0
BRDA:31,1,0,0
BRDA:31,1,1,0
BRDA:33,2,0,0
BRDA:33,2,1,0
BRF:6
BRH:0
end_of_record
TN:
SF:../../../app/src/components/Blog/Posts/PostsService.js
FN:9,(anonymous_0)
FN:18,(anonymous_1)
FNF:2
FNH:0
FNDA:0,(anonymous_0)
FNDA:0,(anonymous_1)
DA:9,274
DA:10,0
DA:11,0
DA:18,0
DA:19,0
DA:20,0
DA:21,0
DA:22,0
DA:23,0
DA:24,0
DA:25,0
DA:27,0
DA:30,0
DA:31,0
DA:34,0
LF:15
LH:1
BRDA:22,0,0,0
BRDA:22,0,1,0
BRF:2
BRH:0
end_of_record
TN:
SF:../../../app/src/components/Blog/RadarService/RadarService.js
FN:4,(anonymous_0)
FNF:1
FNH:0
FNDA:0,(anonymous_0)
DA:4,274
DA:5,0
DA:6,0
DA:7,0
LF:4
LH:1
BRDA:6,0,0,0
BRDA:6,0,1,0
BRF:2
BRH:0
end_of_record
TN:
SF:../../../app/src/components/Blog/nothingAvailable/nothingAvailable.jsx
FN:5,nothingAvailable
FNF:1
FNH:0
FNDA:0,nothingAvailable
DA:6,0
LF:1
LH:0
BRF:0
BRH:0
end_of_record
TN:
SF:../../../app/src/components/Dashboard/Dashboard.jsx
FN:10,(anonymous_0)
FNF:1
FNH:0
FNDA:0,(anonymous_0)
DA:10,274
DA:11,0
DA:12,0
LF:3
LH:1
BRF:0
BRH:0
end_of_record
TN:
SF:../../../app/src/components/Dashboard/DashboardServices.js
FN:3,(anonymous_0)
FN:12,(anonymous_1)
FN:27,(anonymous_2)
FNF:3
FNH:0
FNDA:0,(anonymous_0)
FNDA:0,(anonymous_1)
FNDA:0,(anonymous_2)
DA:3,274
DA:4,0
DA:5,0
DA:6,0
DA:14,0
DA:15,0
DA:18,0
DA:22,0
DA:25,0
LF:9
LH:1
BRF:0
BRH:0
end_of_record
TN:
SF:../../../app/src/components/Dashboard/Chat/Chat.js
FN:16,(anonymous_0)
FN:17,(anonymous_1)
FN:20,(anonymous_2)
FN:31,(anonymous_3)
FNF:4
FNH:3
FNDA:80,(anonymous_0)
FNDA:147,(anonymous_1)
FNDA:11,(anonymous_2)
FNDA:0,(anonymous_3)
DA:16,274
DA:17,147
DA:18,80
DA:20,80
DA:21,80
DA:31,0
LF:6
LH:5
BRF:0
BRH:0
end_of_record
TN:
SF:../../../app/src/components/Dashboard/Chat/ChatContent.js
FN:14,(anonymous_0)
FN:15,(anonymous_1)
FN:17,(anonymous_2)
FN:38,(anonymous_3)
FNF:4
FNH:4
FNDA:98,(anonymous_0)
FNDA:156,(anonymous_1)
FNDA:4,(anonymous_2)
FNDA:372,(anonymous_3)
DA:14,274
DA:15,156
DA:16,89
DA:17,89
DA:19,89
DA:39,372
LF:6
LH:6
BRDA:25,0,0,0
BRDA:25,0,1,89
BRDA:27,1,0,0
BRDA:27,1,1,71
BRDA:38,2,0,71
BRDA:38,2,1,67
BRDA:39,3,0,372
BRDA:39,3,1,0
BRDA:39,4,0,372
BRDA:39,4,1,372
BRDA:45,5,0,0
BRDA:45,5,1,372
BRDA:46,6,0,0
BRDA:46,6,1,0
BRDA:48,7,0,0
BRDA:48,7,1,0
BRDA:54,8,0,0
BRDA:54,8,1,372
BRDA:56,9,0,0
BRDA:56,9,1,372
BRDA:69,10,0,0
BRDA:69,10,1,372
BRF:22
BRH:11
end_of_record
TN:
SF:../../../app/src/components/Dashboard/Chat/ChatController.js
FN:7,(anonymous_0)
FN:11,(anonymous_1)
FN:16,(anonymous_2)
FN:21,(anonymous_3)
FN:31,(anonymous_4)
FN:37,(anonymous_5)
FN:50,(anonymous_6)
FN:57,(anonymous_7)
FN:62,(anonymous_8)
FN:70,(anonymous_9)
FN:79,(anonymous_10)
FNF:11
FNH:5
FNDA:0,(anonymous_0)
FNDA:0,(anonymous_1)
FNDA:0,(anonymous_2)
FNDA:18,(anonymous_3)
FNDA:3,(anonymous_4)
FNDA:4,(anonymous_5)
FNDA:60,(anonymous_6)
FNDA:0,(anonymous_7)
FNDA:0,(anonymous_8)
FNDA:0,(anonymous_9)
FNDA:4,(anonymous_10)
DA:7,274
DA:8,0
DA:9,0
DA:11,274
DA:12,0
DA:13,0
DA:14,0
DA:16,274
DA:17,0
DA:18,0
DA:21,274
DA:22,18
DA:23,18
DA:24,18
DA:31,274
DA:32,3
DA:33,3
DA:34,3
DA:35,3
DA:37,274
DA:38,4
DA:39,4
DA:45,4
DA:47,4
DA:50,274
DA:51,60
DA:52,4
DA:53,4
DA:57,274
DA:58,0
DA:59,0
DA:62,274
DA:63,0
DA:64,0
DA:65,0
DA:66,0
DA:70,274
DA:71,0
DA:72,0
DA:79,274
DA:80,4
DA:81,4
LF:42
LH:27
BRDA:23,0,0,18
BRDA:23,0,1,0
BRDA:38,1,0,4
BRDA:38,1,1,0
BRDA:51,2,0,4
BRDA:51,2,1,56
BRDA:65,3,0,0
BRDA:65,3,1,0
BRF:8
BRH:4
end_of_record
TN:
SF:../../../app/src/components/Dashboard/Chat/ChatFooter.js
FN:11,(anonymous_0)
FN:12,(anonymous_1)
FN:23,(anonymous_2)
FN:25,(anonymous_3)
FN:35,(anonymous_4)
FNF:5
FNH:4
FNDA:80,(anonymous_0)
FNDA:147,(anonymous_1)
FNDA:56,(anonymous_2)
FNDA:60,(anonymous_3)
FNDA:0,(anonymous_4)
DA:11,274
DA:12,147
DA:13,80
DA:15,80
DA:23,56
DA:25,60
DA:35,0
LF:7
LH:6
BRF:0
BRH:0
end_of_record
TN:
SF:../../../app/src/components/Dashboard/Chat/ChatHeader.js
FN:11,(anonymous_0)
FN:12,(anonymous_1)
FN:25,(anonymous_2)
FN:26,(anonymous_3)
FN:31,(anonymous_4)
FN:37,(anonymous_5)
FNF:6
FNH:2
FNDA:80,(anonymous_0)
FNDA:147,(anonymous_1)
FNDA:0,(anonymous_2)
FNDA:0,(anonymous_3)
FNDA:0,(anonymous_4)
FNDA:0,(anonymous_5)
DA:11,274
DA:12,147
DA:13,80
DA:25,0
DA:26,0
DA:31,0
DA:37,0
LF:7
LH:3
BRDA:15,0,0,80
BRDA:15,0,1,0
BRF:2
BRH:1
end_of_record
TN:
SF:../../../app/src/components/Dashboard/Chat/ChatServices.js
FN:6,(anonymous_0)
FN:26,(anonymous_1)
FN:44,(anonymous_2)
FNF:3
FNH:1
FNDA:0,(anonymous_0)
FNDA:4,(anonymous_1)
FNDA:0,(anonymous_2)
DA:6,274
DA:7,0
DA:8,0
DA:12,0
DA:14,0
DA:16,0
DA:17,0
DA:18,0
DA:20,0
DA:22,0
DA:26,274
DA:27,4
DA:28,4
DA:29,4
DA:31,0
DA:33,0
DA:34,0
DA:35,0
DA:37,0
DA:39,0
DA:44,274
DA:45,0
DA:46,0
DA:47,0
DA:49,0
DA:50,0
DA:52,0
DA:54,0
DA:55,0
DA:56,0
DA:58,0
DA:60,0
DA:61,0
LF:33
LH:6
BRDA:14,0,0,0
BRDA:14,0,1,0
BRDA:31,1,0,0
BRDA:31,1,1,0
BRDA:52,2,0,0
BRDA:52,2,1,0
BRF:6
BRH:0
end_of_record
TN:
SF:../../../app/src/components/Dashboard/Interface/Interface.jsx
FN:13,(anonymous_0)
FN:22,(anonymous_1)
FNF:2
FNH:0
FNDA:0,(anonymous_0)
FNDA:0,(anonymous_1)
DA:13,274
DA:14,0
DA:23,0
DA:28,0
LF:4
LH:1
BRF:0
BRH:0
end_of_record
TN:
SF:../../../app/src/components/Dashboard/Interface/InterfaceServices.js
FN:3,(anonymous_0)
FN:13,(anonymous_1)
FN:16,(anonymous_2)
FNF:3
FNH:0
FNDA:0,(anonymous_0)
FNDA:0,(anonymous_1)
FNDA:0,(anonymous_2)
DA:3,274
DA:4,0
DA:5,0
DA:6,0
DA:11,0
DA:14,0
DA:16,0
LF:7
LH:1
BRF:0
BRH:0
end_of_record
TN:
SF:../../../app/src/components/Dashboard/Main UI/NavigateButtons.js
FN:9,(anonymous_0)
FN:10,(anonymous_1)
FN:20,(anonymous_2)
FN:32,(anonymous_3)
FNF:4
FNH:2
FNDA:429,(anonymous_0)
FNDA:971,(anonymous_1)
FNDA:0,(anonymous_2)
FNDA:0,(anonymous_3)
DA:9,274
DA:10,971
DA:11,429
DA:13,429
DA:20,0
DA:32,0
LF:6
LH:4
BRDA:16,0,0,429
BRDA:16,0,1,0
BRDA:16,0,2,0
BRDA:27,1,0,429
BRDA:27,1,1,222
BRDA:27,1,2,79
BRDA:27,1,3,0
BRDA:27,1,4,79
BRF:8
BRH:5
end_of_record
TN:
SF:../../../app/src/components/Dashboard/NewPost/Newpost.js
FN:22,(anonymous_0)
FNF:1
FNH:1
FNDA:429,(anonymous_0)
DA:22,274
DA:23,429
LF:2
LH:2
BRDA:26,0,0,403
BRDA:26,0,1,26
BRDA:26,1,0,429
BRDA:26,1,1,425
BRDA:28,2,0,18
BRDA:28,2,1,8
BRF:6
BRH:6
end_of_record
TN:
SF:../../../app/src/components/Dashboard/Preferences/Preferences.jsx
FN:13,(anonymous_0)
FN:29,(anonymous_1)
FN:37,(anonymous_2)
FN:42,(anonymous_3)
FN:47,(anonymous_4)
FN:52,(anonymous_5)
FNF:6
FNH:0
FNDA:0,(anonymous_0)
FNDA:0,(anonymous_1)
FNDA:0,(anonymous_2)
FNDA:0,(anonymous_3)
FNDA:0,(anonymous_4)
FNDA:0,(anonymous_5)
DA:13,274
DA:14,0
DA:29,0
DA:34,0
DA:35,0
DA:36,0
DA:37,0
DA:41,0
DA:42,0
DA:46,0
DA:47,0
DA:52,0
DA:117,0
LF:13
LH:1
BRDA:36,0,0,0
BRDA:36,0,1,0
BRDA:41,1,0,0
BRDA:41,1,1,0
BRDA:46,2,0,0
BRDA:46,2,1,0
BRF:6
BRH:0
end_of_record
TN:
SF:../../../app/src/components/Dashboard/Sounds/Sounds.jsx
FN:15,(anonymous_0)
FN:24,(anonymous_1)
FNF:2
FNH:0
FNDA:0,(anonymous_0)
FNDA:0,(anonymous_1)
DA:15,274
DA:16,0
DA:25,0
DA:30,0
LF:4
LH:1
BRF:0
BRH:0
end_of_record
TN:
SF:../../../app/src/components/Dashboard/Sounds/SoundsServices.js
FN:3,(anonymous_0)
FN:12,(anonymous_1)
FN:15,(anonymous_2)
FNF:3
FNH:0
FNDA:0,(anonymous_0)
FNDA:0,(anonymous_1)
FNDA:0,(anonymous_2)
DA:3,274
DA:4,0
DA:5,0
DA:10,0
DA:13,0
DA:15,0
LF:6
LH:1
BRF:0
BRH:0
end_of_record
TN:
SF:../../../app/src/components/ExploreAside/CheckBlog.jsx
FN:8,CheckBlog
FN:9,(anonymous_1)
FN:17,(anonymous_2)
FN:30,(anonymous_3)
FNF:4
FNH:4
FNDA:53,CheckBlog
FNDA:192,(anonymous_1)
FNDA:64,(anonymous_2)
FNDA:22,(anonymous_3)
DA:9,192
DA:10,53
DA:11,53
DA:18,64
DA:31,22
DA:32,22
LF:6
LH:6
BRF:0
BRH:0
end_of_record
TN:
SF:../../../app/src/components/ExploreAside/CheckBlogController.js
FN:12,(anonymous_0)
FN:22,(anonymous_1)
FNF:2
FNH:0
FNDA:0,(anonymous_0)
FNDA:0,(anonymous_1)
DA:12,274
DA:13,0
DA:14,0
DA:15,0
DA:16,0
DA:19,0
DA:22,274
DA:23,0
DA:24,0
DA:25,0
DA:26,0
DA:29,0
DA:31,0
DA:32,0
LF:14
LH:2
BRDA:15,0,0,0
BRDA:15,0,1,0
BRDA:25,1,0,0
BRDA:25,1,1,0
BRF:4
BRH:0
end_of_record
TN:
SF:../../../app/src/components/ExploreAside/CheckBlogServices.js
FN:10,(anonymous_0)
FN:13,(anonymous_1)
FN:16,(anonymous_2)
FN:26,(anonymous_3)
FN:29,(anonymous_4)
FN:38,(anonymous_5)
FNF:6
FNH:2
FNDA:21,(anonymous_0)
FNDA:13,(anonymous_1)
FNDA:0,(anonymous_2)
FNDA:0,(anonymous_3)
FNDA:0,(anonymous_4)
FNDA:0,(anonymous_5)
DA:10,274
DA:11,21
DA:14,13
DA:26,274
DA:27,0
DA:30,0
DA:33,0
DA:34,0
DA:36,0
LF:9
LH:4
BRDA:30,0,0,0
BRDA:30,0,1,0
BRF:2
BRH:0
end_of_record
TN:
SF:../../../app/src/components/ExploreAside/ExploreAside.jsx
FN:13,ExploreAside
FNF:1
FNH:1
FNDA:21,ExploreAside
DA:14,21
LF:1
LH:1
BRF:0
BRH:0
end_of_record
TN:
SF:../../../app/src/components/ExploreSection/ExploreSection.jsx
FN:29,ExploreSection
FNF:1
FNH:1
FNDA:12,ExploreSection
DA:30,12
DA:32,8
LF:2
LH:2
BRF:0
BRH:0
end_of_record
TN:
SF:../../../app/src/components/ExploreSection/ExploreSectionController.js
FN:13,(anonymous_0)
FN:39,(anonymous_1)
FN:55,(anonymous_2)
FN:61,(anonymous_3)
FNF:4
FNH:2
FNDA:16,(anonymous_0)
FNDA:0,(anonymous_1)
FNDA:16,(anonymous_2)
FNDA:0,(anonymous_3)
DA:13,274
DA:14,16
DA:17,16
DA:18,0
DA:22,16
DA:23,0
DA:24,16
DA:25,16
DA:26,0
DA:27,0
DA:29,0
DA:39,274
DA:40,0
DA:41,0
DA:43,0
DA:55,274
DA:56,16
DA:57,16
DA:58,16
DA:59,16
DA:61,16
DA:62,0
LF:22
LH:13
BRDA:17,0,0,0
BRDA:17,0,1,16
BRDA:22,1,0,0
BRDA:22,1,1,16
BRDA:24,2,0,16
BRDA:24,2,1,0
BRDA:26,3,0,0
BRDA:26,3,1,0
BRDA:40,4,0,0
BRDA:40,4,1,0
BRF:10
BRH:3
end_of_record
TN:
SF:../../../app/src/components/ExploreSection/ExploreSectionServices.js
FN:30,(anonymous_0)
FN:65,(anonymous_1)
FN:100,(anonymous_2)
FNF:3
FNH:2
FNDA:16,(anonymous_0)
FNDA:8,(anonymous_1)
FNDA:0,(anonymous_2)
DA:30,274
DA:31,16
DA:32,16
DA:37,16
DA:38,16
DA:39,16
DA:40,16
DA:41,0
DA:42,0
DA:43,16
DA:44,16
DA:45,16
DA:46,0
DA:47,0
DA:48,0
DA:49,0
DA:50,0
DA:51,0
DA:52,0
DA:53,0
DA:54,0
DA:55,0
DA:56,0
DA:57,0
DA:58,0
DA:59,0
DA:60,0
DA:63,16
DA:66,8
DA:67,8
DA:68,8
DA:71,0
DA:72,0
DA:73,0
DA:76,0
DA:77,0
DA:78,0
DA:81,0
DA:82,0
DA:83,0
DA:84,0
DA:85,0
DA:86,0
DA:89,0
DA:90,0
DA:91,0
DA:94,0
DA:95,0
DA:96,0
DA:98,8
LF:50
LH:15
BRDA:40,0,0,0
BRDA:40,0,1,16
BRDA:43,1,0,16
BRDA:43,1,1,0
BRDA:46,2,0,0
BRDA:46,2,1,0
BRDA:49,3,0,0
BRDA:49,3,1,0
BRDA:52,4,0,0
BRDA:52,4,1,0
BRDA:55,5,0,0
BRDA:55,5,1,0
BRDA:58,6,0,0
BRDA:58,6,1,0
BRDA:66,7,0,8
BRDA:66,7,1,0
BRDA:71,8,0,0
BRDA:71,8,1,0
BRDA:76,9,0,0
BRDA:76,9,1,0
BRDA:81,10,0,0
BRDA:81,10,1,0
BRDA:84,11,0,0
BRDA:84,11,1,0
BRDA:89,12,0,0
BRDA:89,12,1,0
BRDA:94,13,0,0
BRDA:94,13,1,0
BRF:28
BRH:3
end_of_record
TN:
SF:../../../app/src/components/ExploreSection/FourFlexData.jsx
FN:12,FourFlexData
FN:17,(anonymous_1)
FN:28,(anonymous_2)
FN:39,(anonymous_3)
FN:50,(anonymous_4)
FNF:5
FNH:1
FNDA:8,FourFlexData
FNDA:0,(anonymous_1)
FNDA:0,(anonymous_2)
FNDA:0,(anonymous_3)
FNDA:0,(anonymous_4)
DA:13,8
DA:14,8
DA:18,0
DA:19,0
DA:29,0
DA:30,0
DA:40,0
DA:41,0
DA:51,0
DA:52,0
LF:10
LH:2
BRDA:18,0,0,0
BRDA:18,0,1,0
BRDA:29,1,0,0
BRDA:29,1,1,0
BRDA:40,2,0,0
BRDA:40,2,1,0
BRDA:51,3,0,0
BRDA:51,3,1,0
BRF:8
BRH:0
end_of_record
TN:
SF:../../../app/src/components/ExploreSection/OneFlexData.jsx
FN:11,OneFlexData
FN:16,(anonymous_1)
FN:23,(anonymous_2)
FNF:3
FNH:0
FNDA:0,OneFlexData
FNDA:0,(anonymous_1)
FNDA:0,(anonymous_2)
DA:12,0
DA:13,0
DA:17,0
DA:24,0
DA:25,0
LF:5
LH:0
BRF:0
BRH:0
end_of_record
TN:
SF:../../../app/src/components/ExploreSection/ThreeFlexesData.jsx
FN:11,ThreeFlexesData
FN:16,(anonymous_1)
FN:27,(anonymous_2)
FN:38,(anonymous_3)
FNF:4
FNH:0
FNDA:0,ThreeFlexesData
FNDA:0,(anonymous_1)
FNDA:0,(anonymous_2)
FNDA:0,(anonymous_3)
DA:12,0
DA:13,0
DA:17,0
DA:18,0
DA:28,0
DA:29,0
DA:39,0
DA:40,0
LF:8
LH:0
BRDA:17,0,0,0
BRDA:17,0,1,0
BRDA:28,1,0,0
BRDA:28,1,1,0
BRDA:39,2,0,0
BRDA:39,2,1,0
BRF:6
BRH:0
end_of_record
TN:
SF:../../../app/src/components/ExploreSection/TwoFlexesData.jsx
FN:11,TwoFlexesData
FN:16,(anonymous_1)
FN:27,(anonymous_2)
FNF:3
FNH:3
FNDA:57,TwoFlexesData
FNDA:228,(anonymous_1)
FNDA:228,(anonymous_2)
DA:12,57
DA:13,51
DA:17,228
DA:18,115
DA:28,228
DA:29,113
LF:6
LH:6
BRDA:17,0,0,115
BRDA:17,0,1,113
BRDA:28,1,0,113
BRDA:28,1,1,115
BRF:4
BRH:4
end_of_record
TN:
SF:../../../app/src/components/ExploreSection/Asks/Asks.jsx
FN:9,Asks
FN:10,(anonymous_1)
FNF:2
FNH:0
FNDA:0,Asks
FNDA:0,(anonymous_1)
DA:10,0
DA:11,0
DA:12,0
LF:3
LH:0
BRDA:15,0,0,0
BRDA:15,0,1,0
BRDA:17,1,0,0
BRDA:17,1,1,0
BRDA:19,2,0,0
BRDA:19,2,1,0
BRF:6
BRH:0
end_of_record
TN:
SF:../../../app/src/components/ExploreSection/Audio/Audio.jsx
FN:10,Audio
FN:11,(anonymous_1)
FNF:2
FNH:0
FNDA:0,Audio
FNDA:0,(anonymous_1)
DA:11,0
DA:12,0
DA:13,0
LF:3
LH:0
BRDA:16,0,0,0
BRDA:16,0,1,0
BRDA:18,1,0,0
BRDA:18,1,1,0
BRDA:20,2,0,0
BRDA:20,2,1,0
BRF:6
BRH:0
end_of_record
TN:
SF:../../../app/src/components/ExploreSection/ExploreNavbar/ExploreNavBarController.js
FN:17,(anonymous_0)
FN:28,(anonymous_1)
FN:42,(anonymous_2)
FN:48,(anonymous_3)
FN:49,(anonymous_4)
FN:71,(anonymous_5)
FN:72,(anonymous_6)
FN:78,(anonymous_7)
FN:83,(anonymous_8)
FNF:9
FNH:5
FNDA:0,(anonymous_0)
FNDA:2,(anonymous_1)
FNDA:21,(anonymous_2)
FNDA:92,(anonymous_3)
FNDA:0,(anonymous_4)
FNDA:25,(anonymous_5)
FNDA:17,(anonymous_6)
FNDA:0,(anonymous_7)
FNDA:0,(anonymous_8)
DA:17,274
DA:18,0
DA:19,0
DA:20,0
DA:23,0
DA:28,274
DA:29,2
DA:30,2
DA:31,2
DA:42,274
DA:43,21
DA:46,21
DA:49,92
DA:50,0
DA:56,21
DA:59,21
DA:67,13
DA:68,13
DA:69,13
DA:70,13
DA:71,25
DA:72,13
DA:73,17
DA:75,13
DA:76,13
DA:78,21
DA:79,0
DA:83,274
DA:84,0
DA:86,0
DA:87,0
DA:88,0
DA:89,0
DA:90,0
DA:91,0
DA:92,0
DA:93,0
DA:94,0
DA:97,0
DA:98,0
DA:101,0
DA:102,0
DA:105,0
DA:106,0
DA:109,0
DA:110,0
DA:111,0
DA:113,0
DA:114,0
DA:115,0
DA:116,0
DA:118,0
DA:119,0
DA:120,0
DA:123,0
DA:124,0
DA:127,0
DA:128,0
DA:131,0
DA:132,0
DA:136,0
DA:139,0
DA:140,0
DA:144,0
DA:145,0
DA:146,0
DA:147,0
DA:148,0
DA:149,0
DA:150,0
DA:151,0
DA:153,0
LF:72
LH:22
BRDA:19,0,0,0
BRDA:19,0,1,0
BRDA:30,1,0,2
BRDA:30,1,1,0
BRDA:59,2,0,13
BRDA:59,2,1,8
BRDA:91,3,0,0
BRDA:91,3,1,0
BRDA:146,4,0,0
BRDA:146,4,1,0
BRDA:148,5,0,0
BRDA:148,5,1,0
BRDA:150,6,0,0
BRDA:150,6,1,0
BRF:14
BRH:3
end_of_record
TN:
SF:../../../app/src/components/ExploreSection/ExploreNavbar/ExploreNavbar.jsx
FN:13,ExploreNavbar
FNF:1
FNH:1
FNDA:8,ExploreNavbar
DA:14,8
DA:15,8
LF:2
LH:2
BRF:0
BRH:0
end_of_record
TN:
SF:../../../app/src/components/ExploreSection/ExploreSuggestionList/ExploreSuggestionList.jsx
FN:17,ExploreSuggestionList
FN:18,(anonymous_1)
FN:49,(anonymous_2)
FNF:3
FNH:3
FNDA:45,ExploreSuggestionList
FNDA:96,(anonymous_1)
FNDA:486,(anonymous_2)
DA:18,96
DA:19,45
DA:20,45
DA:31,45
DA:42,45
DA:44,45
DA:50,486
DA:51,486
DA:52,216
DA:63,270
LF:10
LH:10
BRDA:50,0,0,0
BRDA:50,0,1,486
BRDA:51,1,0,216
BRDA:51,1,1,270
BRF:4
BRH:3
end_of_record
TN:
SF:../../../app/src/components/ExploreSection/ExploreSuggestionList/ExploreSuggestionListCard.jsx
FN:14,ExploreSuggestionListCard
FN:15,(anonymous_1)
FN:26,(anonymous_2)
FN:34,(anonymous_3)
FNF:4
FNH:4
FNDA:486,ExploreSuggestionListCard
FNDA:990,(anonymous_1)
FNDA:6,(anonymous_2)
FNDA:2,(anonymous_3)
DA:15,990
DA:16,486
DA:27,6
DA:28,6
DA:35,2
DA:36,2
LF:6
LH:6
BRDA:45,0,0,486
BRDA:45,0,1,32
BRDA:46,1,0,486
BRDA:46,1,1,454
BRF:4
BRH:4
end_of_record
TN:
SF:../../../app/src/components/ExploreSection/ExploreSuggestionList/ExploreSuggestionListServices.js
FN:11,(anonymous_0)
FN:20,(anonymous_1)
FN:25,(anonymous_2)
FN:28,(anonymous_3)
FN:30,(anonymous_4)
FN:34,(anonymous_5)
FN:39,(anonymous_6)
FN:56,(anonymous_7)
FN:59,(anonymous_8)
FN:71,(anonymous_9)
FN:74,(anonymous_10)
FN:86,(anonymous_11)
FNF:12
FNH:3
FNDA:8,(anonymous_0)
FNDA:5,(anonymous_1)
FNDA:4,(anonymous_2)
FNDA:0,(anonymous_3)
FNDA:0,(anonymous_4)
FNDA:0,(anonymous_5)
FNDA:0,(anonymous_6)
FNDA:0,(anonymous_7)
FNDA:0,(anonymous_8)
FNDA:0,(anonymous_9)
FNDA:0,(anonymous_10)
FNDA:0,(anonymous_11)
DA:11,274
DA:12,8
DA:13,8
DA:18,8
DA:21,5
DA:22,5
DA:23,5
DA:26,4
DA:31,0
DA:34,8
DA:35,0
DA:39,274
DA:40,0
DA:41,0
DA:42,0
DA:43,0
DA:44,0
DA:45,0
DA:46,0
DA:48,0
DA:49,0
DA:54,0
DA:57,0
DA:59,0
DA:61,0
DA:62,0
DA:63,0
DA:64,0
DA:69,0
DA:72,0
DA:74,0
DA:86,274
DA:87,0
DA:88,0
DA:90,0
DA:91,0
DA:93,0
LF:37
LH:11
BRDA:45,0,0,0
BRDA:45,0,1,0
BRDA:90,1,0,0
BRDA:90,1,1,0
BRF:4
BRH:0
end_of_record
TN:
SF:../../../app/src/components/ExploreSection/ForYou/ForYou.jsx
FN:10,ForYou
FN:11,(anonymous_1)
FNF:2
FNH:2
FNDA:35,ForYou
FNDA:74,(anonymous_1)
DA:11,74
DA:12,31
DA:13,31
LF:3
LH:3
BRDA:17,0,0,8
BRDA:17,0,1,23
BRDA:19,1,0,0
BRDA:19,1,1,23
BRDA:21,2,0,23
BRDA:21,2,1,0
BRF:6
BRH:4
end_of_record
TN:
SF:../../../app/src/components/ExploreSection/Image/Image.jsx
FN:10,Image
FN:11,(anonymous_1)
FNF:2
FNH:0
FNDA:0,Image
FNDA:0,(anonymous_1)
DA:11,0
DA:12,0
DA:13,0
LF:3
LH:0
BRDA:16,0,0,0
BRDA:16,0,1,0
BRDA:18,1,0,0
BRDA:18,1,1,0
BRDA:20,2,0,0
BRDA:20,2,1,0
BRF:6
BRH:0
end_of_record
TN:
SF:../../../app/src/components/ExploreSection/Text/Text.jsx
FN:9,Text
FN:10,(anonymous_1)
FNF:2
FNH:0
FNDA:0,Text
FNDA:0,(anonymous_1)
DA:10,0
DA:11,0
DA:12,0
LF:3
LH:0
BRDA:15,0,0,0
BRDA:15,0,1,0
BRDA:17,1,0,0
BRDA:17,1,1,0
BRDA:19,2,0,0
BRDA:19,2,1,0
BRF:6
BRH:0
end_of_record
TN:
SF:../../../app/src/components/ExploreSection/Trending/Trending.jsx
FN:10,Trending
FN:11,(anonymous_1)
FNF:2
FNH:0
FNDA:0,Trending
FNDA:0,(anonymous_1)
DA:11,0
DA:12,0
DA:13,0
LF:3
LH:0
BRDA:17,0,0,0
BRDA:17,0,1,0
BRDA:19,1,0,0
BRDA:19,1,1,0
BRDA:21,2,0,0
BRDA:21,2,1,0
BRF:6
BRH:0
end_of_record
TN:
SF:../../../app/src/components/ExploreSection/TrendingList/TrendCard.jsx
FN:5,TrendCard
FN:15,(anonymous_1)
FNF:2
FNH:0
FNDA:0,TrendCard
FNDA:0,(anonymous_1)
DA:6,0
DA:16,0
DA:17,0
LF:3
LH:0
BRF:0
BRH:0
end_of_record
TN:
SF:../../../app/src/components/ExploreSection/TrendingList/TrendingList.jsx
FN:7,TrendingList
FN:9,(anonymous_1)
FN:26,(anonymous_2)
FN:40,(anonymous_3)
FNF:4
FNH:0
FNDA:0,TrendingList
FNDA:0,(anonymous_1)
FNDA:0,(anonymous_2)
FNDA:0,(anonymous_3)
DA:8,0
DA:9,0
DA:10,0
DA:22,0
DA:27,0
DA:28,0
DA:29,0
DA:41,0
DA:42,0
DA:43,0
LF:10
LH:0
BRDA:27,0,0,0
BRDA:27,0,1,0
BRDA:28,1,0,0
BRDA:28,1,1,0
BRDA:41,2,0,0
BRDA:41,2,1,0
BRDA:42,3,0,0
BRDA:42,3,1,0
BRF:8
BRH:0
end_of_record
TN:
SF:../../../app/src/components/ExploreSection/Videos/Videos.jsx
FN:10,Videos
FN:11,(anonymous_1)
FNF:2
FNH:0
FNDA:0,Videos
FNDA:0,(anonymous_1)
DA:11,0
DA:12,0
DA:13,0
LF:3
LH:0
BRDA:16,0,0,0
BRDA:16,0,1,0
BRDA:18,1,0,0
BRDA:18,1,1,0
BRDA:20,2,0,0
BRDA:20,2,1,0
BRF:6
BRH:0
end_of_record
TN:
SF:../../../app/src/components/Following/FollowingMain/FollowingController.js
FN:9,(anonymous_0)
FN:12,(anonymous_1)
FN:19,(anonymous_2)
FN:20,(anonymous_3)
FN:30,(anonymous_4)
FN:47,(anonymous_5)
FNF:6
FNH:0
FNDA:0,(anonymous_0)
FNDA:0,(anonymous_1)
FNDA:0,(anonymous_2)
FNDA:0,(anonymous_3)
FNDA:0,(anonymous_4)
FNDA:0,(anonymous_5)
DA:9,274
DA:12,0
DA:13,0
DA:19,0
DA:20,0
DA:21,0
DA:30,0
DA:31,0
DA:32,0
DA:33,0
DA:34,0
DA:35,0
DA:37,0
DA:38,0
DA:47,0
DA:48,0
DA:49,0
DA:50,0
DA:51,0
DA:52,0
DA:53,0
DA:54,0
DA:56,0
DA:58,0
DA:59,0
DA:60,0
DA:61,0
DA:64,0
LF:28
LH:1
BRDA:33,0,0,0
BRDA:33,0,1,0
BRDA:50,1,0,0
BRDA:50,1,1,0
BRDA:53,2,0,0
BRDA:53,2,1,0
BRF:6
BRH:0
end_of_record
TN:
SF:../../../app/src/components/Following/FollowingMain/FollowingMain.jsx
FN:9,(anonymous_0)
FN:16,(anonymous_1)
FN:17,(anonymous_2)
FNF:3
FNH:0
FNDA:0,(anonymous_0)
FNDA:0,(anonymous_1)
FNDA:0,(anonymous_2)
DA:9,274
DA:12,0
DA:16,0
DA:17,0
DA:18,0
DA:20,0
LF:6
LH:1
BRDA:56,0,0,0
BRDA:56,0,1,0
BRDA:63,1,0,0
BRDA:63,1,1,0
BRF:4
BRH:0
end_of_record
TN:
SF:../../../app/src/components/Following/FollowingMain/FollowingServices.js
FN:10,(anonymous_0)
FN:31,(anonymous_1)
FNF:2
FNH:0
FNDA:0,(anonymous_0)
FNDA:0,(anonymous_1)
DA:10,274
DA:11,0
DA:12,0
DA:13,0
DA:14,0
DA:15,0
DA:16,0
DA:17,0
DA:19,0
DA:21,0
DA:31,274
DA:32,0
DA:33,0
DA:34,0
DA:35,0
DA:36,0
DA:38,0
LF:17
LH:2
BRDA:16,0,0,0
BRDA:16,0,1,0
BRF:2
BRH:0
end_of_record
TN:
SF:../../../app/src/components/Following/FollowingMain/FollowingSection/FollowingSection.js
FN:6,(anonymous_0)
FN:58,(anonymous_1)
FN:87,(anonymous_2)
FNF:3
FNH:0
FNDA:0,(anonymous_0)
FNDA:0,(anonymous_1)
FNDA:0,(anonymous_2)
DA:6,274
DA:9,0
DA:10,0
DA:11,0
DA:58,0
DA:87,0
LF:6
LH:1
BRDA:25,0,0,0
BRDA:25,0,1,0
BRDA:27,1,0,0
BRDA:27,1,1,0
BRDA:39,2,0,0
BRDA:39,2,1,0
BRF:6
BRH:0
end_of_record
TN:
SF:../../../app/src/components/Following/FollowingMain/FollowingSection/FollowingSectionController.js
FN:6,(anonymous_0)
FN:8,(anonymous_1)
FN:18,(anonymous_2)
FNF:3
FNH:0
FNDA:0,(anonymous_0)
FNDA:0,(anonymous_1)
FNDA:0,(anonymous_2)
DA:6,274
DA:7,0
DA:8,0
DA:9,0
DA:10,0
DA:11,0
DA:12,0
DA:13,0
DA:14,0
DA:18,0
DA:19,0
DA:20,0
DA:21,0
DA:24,0
DA:25,0
DA:28,0
LF:16
LH:1
BRDA:10,0,0,0
BRDA:10,0,1,0
BRDA:13,1,0,0
BRDA:13,1,1,0
BRDA:19,2,0,0
BRDA:19,2,1,0
BRF:6
BRH:0
end_of_record
TN:
SF:../../../app/src/components/Following/FollowingSide/FollowingSide.jsx
FN:7,(anonymous_0)
FNF:1
FNH:0
FNDA:0,(anonymous_0)
DA:7,274
DA:8,0
LF:2
LH:1
BRF:0
BRH:0
end_of_record
TN:
SF:../../../app/src/components/Layouts/Layouts.js
FNF:0
FNH:0
LF:0
LH:0
BRF:0
BRH:0
end_of_record
TN:
SF:../../../app/src/components/Layouts/Explore/Explore.js
FN:6,(anonymous_0)
FNF:1
FNH:0
FNDA:0,(anonymous_0)
DA:6,274
DA:7,0
LF:2
LH:1
BRF:0
BRH:0
end_of_record
TN:
SF:../../../app/src/components/Layouts/NavBar/DropDownActivity.js
FN:7,(anonymous_0)
FN:10,(anonymous_1)
FN:20,(anonymous_2)
FNF:3
FNH:0
FNDA:0,(anonymous_0)
FNDA:0,(anonymous_1)
FNDA:0,(anonymous_2)
DA:7,274
DA:10,0
DA:11,0
DA:21,0
LF:4
LH:1
BRDA:19,0,0,0
BRDA:19,0,1,0
BRDA:24,1,0,0
BRDA:24,1,1,0
BRDA:26,2,0,0
BRDA:26,2,1,0
BRF:6
BRH:0
end_of_record
TN:
SF:../../../app/src/components/Layouts/NavBar/DropDownInbox.js
FN:12,(anonymous_0)
FN:13,(anonymous_1)
FN:15,(anonymous_2)
FN:22,(anonymous_3)
FN:33,(anonymous_4)
FN:37,(anonymous_5)
FN:49,(anonymous_6)
FN:50,(anonymous_7)
FN:73,(anonymous_8)
FN:74,(anonymous_9)
FNF:10
FNH:10
FNDA:72,(anonymous_0)
FNDA:352,(anonymous_1)
FNDA:13,(anonymous_2)
FNDA:4,(anonymous_3)
FNDA:28,(anonymous_4)
FNDA:4,(anonymous_5)
FNDA:8,(anonymous_6)
FNDA:4,(anonymous_7)
FNDA:39,(anonymous_8)
FNDA:9,(anonymous_9)
DA:12,274
DA:13,352
DA:14,72
DA:15,72
DA:16,72
DA:22,4
DA:33,28
DA:37,4
DA:50,8
DA:74,39
LF:10
LH:10
BRDA:28,0,0,72
BRDA:28,0,1,40
BRDA:43,1,0,32
BRDA:43,1,1,40
BRDA:43,2,0,72
BRDA:43,2,1,40
BRDA:48,3,0,8
BRDA:48,3,1,32
BRDA:48,4,0,40
BRDA:48,4,1,8
BRDA:53,5,0,0
BRDA:53,5,1,8
BRDA:55,6,0,8
BRDA:55,6,1,0
BRDA:63,7,0,8
BRDA:63,7,1,8
BRDA:67,8,0,19
BRDA:67,8,1,13
BRDA:77,9,0,0
BRDA:77,9,1,39
BRDA:79,10,0,13
BRDA:79,10,1,26
BRDA:87,11,0,39
BRDA:87,11,1,39
BRDA:89,12,0,39
BRDA:89,12,1,39
BRDA:90,13,0,39
BRDA:90,13,1,39
BRF:28
BRH:25
end_of_record
TN:
SF:../../../app/src/components/Layouts/NavBar/DropDownInboxController.js
FN:7,(anonymous_0)
FN:18,(anonymous_1)
FN:22,(anonymous_2)
FN:30,(anonymous_3)
FN:44,(anonymous_4)
FNF:5
FNH:5
FNDA:4,(anonymous_0)
FNDA:4,(anonymous_1)
FNDA:4,(anonymous_2)
FNDA:13,(anonymous_3)
FNDA:13,(anonymous_4)
DA:7,274
DA:8,4
DA:9,4
DA:10,4
DA:11,4
DA:13,0
DA:14,0
DA:18,274
DA:19,4
DA:20,4
DA:21,4
DA:22,4
DA:23,4
DA:25,4
DA:27,4
DA:30,274
DA:31,13
DA:32,13
DA:33,13
DA:34,4
DA:36,9
DA:38,13
DA:40,13
DA:41,13
DA:44,274
DA:45,13
DA:46,13
DA:47,13
LF:28
LH:26
BRDA:10,0,0,4
BRDA:10,0,1,0
BRDA:20,1,0,4
BRDA:20,1,1,0
BRDA:33,2,0,4
BRDA:33,2,1,9
BRDA:46,3,0,13
BRDA:46,3,1,0
BRF:8
BRH:5
end_of_record
TN:
SF:../../../app/src/components/Layouts/NavBar/DropDownInboxService.js
FN:4,(anonymous_0)
FN:21,(anonymous_1)
FNF:2
FNH:2
FNDA:13,(anonymous_0)
FNDA:4,(anonymous_1)
DA:4,274
DA:5,13
DA:6,13
DA:7,13
DA:9,0
DA:11,0
DA:12,0
DA:13,0
DA:15,0
DA:17,0
DA:21,274
DA:22,4
DA:23,4
DA:24,4
DA:26,0
DA:28,0
DA:29,0
DA:30,0
DA:32,0
DA:34,0
LF:20
LH:8
BRDA:9,0,0,0
BRDA:9,0,1,0
BRDA:26,1,0,0
BRDA:26,1,1,0
BRF:4
BRH:0
end_of_record
TN:
SF:../../../app/src/components/Layouts/NavBar/DropDownProfile.js
FN:17,(anonymous_0)
FN:20,(anonymous_1)
FN:21,(anonymous_2)
FN:96,(anonymous_3)
FNF:4
FNH:2
FNDA:27,(anonymous_0)
FNDA:27,(anonymous_1)
FNDA:0,(anonymous_2)
FNDA:0,(anonymous_3)
DA:17,274
DA:19,27
DA:20,27
DA:21,27
DA:22,0
DA:23,0
DA:24,0
DA:25,0
DA:26,0
DA:27,0
DA:28,0
DA:29,0
DA:31,27
DA:97,0
LF:14
LH:5
BRDA:33,0,0,27
BRDA:33,0,1,0
BRDA:36,1,0,27
BRDA:36,1,1,27
BRF:4
BRH:3
end_of_record
TN:
SF:../../../app/src/components/Layouts/NavBar/DropDownProfileService.js
FN:4,(anonymous_0)
FNF:1
FNH:1
FNDA:120,(anonymous_0)
DA:4,274
DA:5,120
DA:6,120
DA:7,96
DA:10,12
DA:12,12
DA:13,12
DA:14,12
DA:16,0
DA:18,12
LF:10
LH:9
BRDA:10,0,0,12
BRDA:10,0,1,0
BRF:2
BRH:1
end_of_record
TN:
SF:../../../app/src/components/Layouts/NavBar/HomePageNavBar.js
FN:9,(anonymous_0)
FN:12,(anonymous_1)
FN:28,(anonymous_2)
FN:28,(anonymous_3)
FNF:4
FNH:1
FNDA:89,(anonymous_0)
FNDA:0,(anonymous_1)
FNDA:0,(anonymous_2)
FNDA:0,(anonymous_3)
DA:9,274
DA:10,89
DA:11,89
DA:12,89
DA:13,0
DA:16,89
DA:28,0
LF:7
LH:5
BRDA:26,0,0,0
BRDA:26,0,1,89
BRF:2
BRH:1
end_of_record
TN:
SF:../../../app/src/components/Layouts/NavBar/List.js
FN:15,(anonymous_0)
FN:17,(anonymous_1)
FN:18,(anonymous_2)
FNF:3
FNH:0
FNDA:0,(anonymous_0)
FNDA:0,(anonymous_1)
FNDA:0,(anonymous_2)
DA:15,274
DA:16,0
DA:17,0
DA:18,0
DA:19,0
DA:21,0
DA:23,0
LF:7
LH:1
BRF:0
BRH:0
end_of_record
TN:
SF:../../../app/src/components/Layouts/NavBar/ListService.js
FN:4,(anonymous_0)
FNF:1
FNH:0
FNDA:0,(anonymous_0)
DA:4,274
DA:5,0
DA:6,0
DA:7,0
DA:10,0
DA:12,0
DA:13,0
DA:14,0
DA:16,0
DA:18,0
LF:10
LH:1
BRDA:10,0,0,0
BRDA:10,0,1,0
BRF:2
BRH:0
end_of_record
TN:
SF:../../../app/src/components/Layouts/NavBar/LogInNavBar.js
FN:9,(anonymous_0)
FN:12,(anonymous_1)
FN:43,(anonymous_2)
FN:44,(anonymous_3)
FNF:4
FNH:1
FNDA:42,(anonymous_0)
FNDA:0,(anonymous_1)
FNDA:0,(anonymous_2)
FNDA:0,(anonymous_3)
DA:9,274
DA:10,42
DA:11,42
DA:12,42
DA:13,0
DA:16,42
DA:43,0
DA:44,0
LF:8
LH:5
BRDA:29,0,0,0
BRDA:29,0,1,42
BRF:2
BRH:1
end_of_record
TN:
SF:../../../app/src/components/Layouts/NavBar/NavBar.js
FN:27,(anonymous_0)
FN:39,(anonymous_1)
FN:40,(anonymous_2)
FN:45,(anonymous_3)
FN:65,(anonymous_4)
FN:71,(anonymous_5)
FN:72,(anonymous_6)
FN:73,(anonymous_7)
FN:81,(anonymous_8)
FN:89,(anonymous_9)
FN:95,(anonymous_10)
FN:134,(anonymous_11)
FN:135,(anonymous_12)
FNF:13
FNH:9
FNDA:334,(anonymous_0)
FNDA:120,(anonymous_1)
FNDA:120,(anonymous_2)
FNDA:66,(anonymous_3)
FNDA:66,(anonymous_4)
FNDA:0,(anonymous_5)
FNDA:0,(anonymous_6)
FNDA:13,(anonymous_7)
FNDA:0,(anonymous_8)
FNDA:27,(anonymous_9)
FNDA:55,(anonymous_10)
FNDA:11,(anonymous_11)
FNDA:0,(anonymous_12)
DA:27,274
DA:28,334
DA:29,328
DA:30,328
DA:31,328
DA:32,328
DA:33,328
DA:34,328
DA:35,328
DA:37,328
DA:39,328
DA:40,120
DA:41,120
DA:43,120
DA:44,120
DA:45,120
DA:47,66
DA:48,11
DA:49,11
DA:51,11
DA:52,11
DA:53,4
DA:57,7
DA:65,328
DA:66,66
DA:67,0
DA:71,328
DA:72,328
DA:73,328
DA:74,13
DA:75,13
DA:76,13
DA:77,13
DA:79,13
DA:81,328
DA:82,0
DA:83,0
DA:84,0
DA:85,0
DA:86,0
DA:87,0
DA:89,328
DA:90,27
DA:91,27
DA:92,27
DA:95,328
DA:96,55
DA:99,328
DA:134,11
DA:135,0
LF:50
LH:42
BRDA:47,0,0,11
BRDA:47,0,1,55
BRDA:52,1,0,4
BRDA:52,1,1,7
BRDA:66,2,0,0
BRDA:66,2,1,66
BRDA:105,3,0,0
BRDA:105,3,1,328
BRDA:108,4,0,0
BRDA:108,4,1,328
BRDA:111,5,0,328
BRDA:111,5,1,328
BRDA:120,6,0,73
BRDA:120,6,1,255
BRDA:139,7,0,328
BRDA:139,7,1,0
BRDA:172,8,0,328
BRDA:172,8,1,19
BRDA:175,9,0,328
BRDA:175,9,1,0
BRDA:178,10,0,328
BRDA:178,10,1,27
BRDA:189,11,0,328
BRDA:189,11,1,0
BRF:24
BRH:18
end_of_record
TN:
SF:../../../app/src/components/Layouts/NavBar/NotificationsServce.js
FN:3,(anonymous_0)
FNF:1
FNH:0
FNDA:0,(anonymous_0)
DA:3,274
DA:4,0
DA:6,0
DA:7,0
DA:8,0
DA:10,0
DA:11,0
DA:12,0
DA:14,0
LF:9
LH:1
BRF:0
BRH:0
end_of_record
TN:
SF:../../../app/src/components/Layouts/NavBar/SignUpNavBar.js
FN:9,(anonymous_0)
FN:12,(anonymous_1)
FN:28,(anonymous_2)
FN:28,(anonymous_3)
FNF:4
FNH:1
FNDA:213,(anonymous_0)
FNDA:0,(anonymous_1)
FNDA:0,(anonymous_2)
FNDA:0,(anonymous_3)
DA:9,274
DA:10,213
DA:11,213
DA:12,213
DA:13,0
DA:16,213
DA:28,0
LF:7
LH:5
BRDA:26,0,0,0
BRDA:26,0,1,213
BRF:2
BRH:1
end_of_record
TN:
SF:../../../app/src/components/Likes/LikesMain/LikesMain.jsx
FN:15,(anonymous_0)
FN:19,(anonymous_1)
FN:21,(anonymous_2)
FN:25,(anonymous_3)
FN:60,(anonymous_4)
FN:72,(anonymous_5)
FNF:6
FNH:0
FNDA:0,(anonymous_0)
FNDA:0,(anonymous_1)
FNDA:0,(anonymous_2)
FNDA:0,(anonymous_3)
FNDA:0,(anonymous_4)
FNDA:0,(anonymous_5)
DA:15,274
DA:19,0
DA:20,0
DA:21,0
DA:22,0
DA:24,0
DA:25,0
DA:26,0
DA:27,0
DA:29,0
DA:32,0
DA:60,0
DA:72,0
LF:13
LH:1
BRDA:26,0,0,0
BRDA:26,0,1,0
BRDA:36,1,0,0
BRDA:36,1,1,0
BRDA:44,2,0,0
BRDA:44,2,1,0
BRDA:46,3,0,0
BRDA:46,3,1,0
BRDA:56,4,0,0
BRDA:56,4,1,0
BRDA:56,4,2,0
BRDA:56,4,3,0
BRDA:67,5,0,0
BRDA:67,5,1,0
BRDA:67,5,2,0
BRDA:67,5,3,0
BRDA:67,5,4,0
BRF:17
BRH:0
end_of_record
TN:
SF:../../../app/src/components/Likes/LikesMain/LikesService.js
FN:9,(anonymous_0)
FN:17,(anonymous_1)
FNF:2
FNH:0
FNDA:0,(anonymous_0)
FNDA:0,(anonymous_1)
DA:9,274
DA:10,0
DA:11,0
DA:17,0
DA:18,0
DA:19,0
DA:20,0
DA:21,0
DA:22,0
DA:23,0
DA:25,0
DA:26,0
DA:29,0
LF:13
LH:1
BRF:0
BRH:0
end_of_record
TN:
SF:../../../app/src/components/Likes/LikesSide/LikesSide.jsx
FN:6,(anonymous_0)
FNF:1
FNH:0
FNDA:0,(anonymous_0)
DA:6,274
DA:7,0
LF:2
LH:1
BRF:0
BRH:0
end_of_record
TN:
SF:../../../app/src/components/NewPost/CloseButton.js
FN:12,(anonymous_0)
FN:14,(anonymous_1)
FNF:2
FNH:1
FNDA:505,(anonymous_0)
FNDA:0,(anonymous_1)
DA:12,274
DA:13,505
DA:14,505
DA:15,0
DA:17,505
LF:5
LH:4
BRF:0
BRH:0
end_of_record
TN:
SF:../../../app/src/components/NewPost/FormCard.js
FN:19,(anonymous_0)
FN:22,(anonymous_1)
FN:23,(anonymous_2)
FN:25,(anonymous_3)
FN:26,(anonymous_4)
FN:28,(anonymous_5)
FN:29,(anonymous_6)
FN:45,(anonymous_7)
FNF:8
FNH:3
FNDA:505,(anonymous_0)
FNDA:1115,(anonymous_1)
FNDA:1115,(anonymous_2)
FNDA:0,(anonymous_3)
FNDA:0,(anonymous_4)
FNDA:0,(anonymous_5)
FNDA:0,(anonymous_6)
FNDA:0,(anonymous_7)
DA:19,274
DA:20,505
DA:21,505
DA:22,1115
DA:23,1115
DA:24,505
DA:25,505
DA:26,0
DA:28,505
DA:29,0
DA:30,0
DA:31,0
DA:33,505
DA:45,0
LF:14
LH:9
BRDA:43,0,0,505
BRDA:43,0,1,0
BRF:2
BRH:1
end_of_record
TN:
SF:../../../app/src/components/NewPost/ListItem.js
FN:9,(anonymous_0)
FNF:1
FNH:0
FNDA:0,(anonymous_0)
DA:9,274
DA:10,0
LF:2
LH:1
BRDA:14,0,0,0
BRDA:14,0,1,0
BRDA:16,1,0,0
BRDA:16,1,1,0
BRF:4
BRH:0
end_of_record
TN:
SF:../../../app/src/components/NewPost/PostButton.js
FN:18,(anonymous_0)
FN:19,(anonymous_1)
FN:23,(anonymous_2)
FN:24,(anonymous_3)
FN:26,(anonymous_4)
FN:29,(anonymous_5)
FNF:6
FNH:3
FNDA:505,(anonymous_0)
FNDA:1114,(anonymous_1)
FNDA:0,(anonymous_2)
FNDA:0,(anonymous_3)
FNDA:0,(anonymous_4)
FNDA:1,(anonymous_5)
DA:18,274
DA:19,1114
DA:21,505
DA:22,505
DA:23,505
DA:24,0
DA:26,505
DA:27,0
DA:29,505
DA:30,1
DA:31,1
DA:34,505
LF:12
LH:10
BRDA:30,0,0,1
BRDA:30,0,1,0
BRDA:37,1,0,505
BRDA:37,1,1,0
BRDA:37,2,0,0
BRDA:37,2,1,0
BRDA:41,3,0,505
BRDA:41,3,1,0
BRF:8
BRH:3
end_of_record
TN:
SF:../../../app/src/components/Notifications/Notifictions.jsx
FN:26,(anonymous_0)
FN:34,(anonymous_1)
FN:45,(anonymous_2)
FN:116,(anonymous_3)
FN:133,(anonymous_4)
FN:151,(anonymous_5)
FN:239,(anonymous_6)
FNF:7
FNH:0
FNDA:0,(anonymous_0)
FNDA:0,(anonymous_1)
FNDA:0,(anonymous_2)
FNDA:0,(anonymous_3)
FNDA:0,(anonymous_4)
FNDA:0,(anonymous_5)
FNDA:0,(anonymous_6)
DA:26,274
DA:34,0
DA:35,0
DA:45,0
DA:51,0
DA:53,0
DA:58,0
DA:59,0
DA:60,0
DA:65,0
DA:66,0
DA:67,0
DA:72,0
DA:73,0
DA:78,0
DA:79,0
DA:85,0
DA:86,0
DA:88,0
DA:90,0
DA:91,0
DA:96,0
DA:98,0
DA:104,0
DA:105,0
DA:116,0
DA:117,0
DA:118,0
DA:119,0
DA:122,0
DA:133,0
DA:134,0
DA:135,0
DA:136,0
DA:139,0
DA:141,0
DA:151,0
DA:152,0
DA:153,0
DA:155,0
DA:239,0
DA:260,0
DA:262,0
LF:43
LH:1
BRDA:53,0,0,0
BRDA:53,0,1,0
BRDA:60,1,0,0
BRDA:60,1,1,0
BRDA:67,2,0,0
BRDA:67,2,1,0
BRDA:73,3,0,0
BRDA:73,3,1,0
BRDA:79,4,0,0
BRDA:79,4,1,0
BRDA:86,5,0,0
BRDA:86,5,1,0
BRDA:91,6,0,0
BRDA:91,6,1,0
BRDA:153,7,0,0
BRDA:153,7,1,0
BRF:16
BRH:0
end_of_record
TN:
SF:../../../app/src/components/Post/DeletePostService.js
FN:3,(anonymous_0)
FNF:1
FNH:1
FNDA:2,(anonymous_0)
DA:3,274
DA:4,2
DA:5,2
DA:6,2
DA:8,1
DA:9,1
DA:11,0
DA:13,1
DA:15,1
LF:9
LH:8
BRDA:4,0,0,0
BRDA:4,0,1,2
BRDA:8,1,0,1
BRDA:8,1,1,0
BRF:4
BRH:2
end_of_record
TN:
SF:../../../app/src/components/Post/LikePostService.js
FN:3,(anonymous_0)
FNF:1
FNH:1
FNDA:2,(anonymous_0)
DA:3,274
DA:4,2
DA:5,2
DA:6,2
DA:8,2
DA:9,2
DA:11,0
DA:13,2
DA:15,0
LF:9
LH:7
BRDA:4,0,0,0
BRDA:4,0,1,2
BRDA:8,1,0,2
BRDA:8,1,1,0
BRF:4
BRH:2
end_of_record
TN:
SF:../../../app/src/components/Post/Post.js
FN:29,(anonymous_0)
FN:34,(anonymous_1)
FN:36,(anonymous_2)
FN:39,(anonymous_3)
FN:41,(anonymous_4)
FN:43,(anonymous_5)
FN:48,(anonymous_6)
FN:50,(anonymous_7)
FN:52,(anonymous_8)
FN:55,(anonymous_9)
FN:60,(anonymous_10)
FN:61,(anonymous_11)
FN:63,(anonymous_12)
FN:64,(anonymous_13)
FN:81,(anonymous_14)
FN:118,(anonymous_15)
FN:147,(anonymous_16)
FN:165,(anonymous_17)
FN:187,(anonymous_18)
FN:227,(anonymous_19)
FNF:20
FNH:16
FNDA:2819,(anonymous_0)
FNDA:5598,(anonymous_1)
FNDA:893,(anonymous_2)
FNDA:2,(anonymous_3)
FNDA:0,(anonymous_4)
FNDA:2,(anonymous_5)
FNDA:2,(anonymous_6)
FNDA:2,(anonymous_7)
FNDA:24,(anonymous_8)
FNDA:8,(anonymous_9)
FNDA:8,(anonymous_10)
FNDA:8,(anonymous_11)
FNDA:0,(anonymous_12)
FNDA:0,(anonymous_13)
FNDA:210,(anonymous_14)
FNDA:899,(anonymous_15)
FNDA:555,(anonymous_16)
FNDA:90,(anonymous_17)
FNDA:0,(anonymous_18)
FNDA:245,(anonymous_19)
DA:29,274
DA:30,2819
DA:31,2819
DA:32,2819
DA:33,2819
DA:34,5598
DA:35,2819
DA:36,2819
DA:37,893
DA:39,2819
DA:40,2
DA:41,0
DA:43,2
DA:45,2
DA:46,2
DA:48,2819
DA:49,2
DA:50,2
DA:52,2819
DA:53,24
DA:55,2819
DA:56,8
DA:57,8
DA:58,8
DA:60,2819
DA:61,8
DA:63,2819
DA:64,0
DA:66,2819
DA:67,2819
DA:68,2308
DA:81,210
DA:118,899
DA:130,511
DA:132,511
DA:147,511
DA:148,555
DA:149,555
DA:150,511
DA:152,511
DA:161,511
DA:165,90
DA:168,511
DA:172,511
DA:174,129
DA:183,129
DA:187,0
DA:191,511
DA:227,245
DA:238,2819
LF:50
LH:47
BRDA:40,0,0,0
BRDA:40,0,1,2
BRDA:67,1,0,2308
BRDA:67,1,1,511
BRDA:83,2,0,0
BRDA:83,2,1,2308
BRDA:108,3,0,2308
BRDA:108,3,1,16
BRDA:113,4,0,164
BRDA:113,4,1,2144
BRDA:118,5,0,2308
BRDA:118,5,1,64
BRDA:119,6,0,0
BRDA:119,6,1,64
BRDA:119,7,0,0
BRDA:119,7,1,64
BRDA:149,8,0,511
BRDA:149,8,1,44
BRDA:172,9,0,129
BRDA:172,9,1,382
BRDA:191,10,0,0
BRDA:191,10,1,511
BRDA:217,11,0,511
BRDA:217,11,1,0
BRDA:222,12,0,0
BRDA:222,12,1,511
BRDA:227,13,0,511
BRDA:227,13,1,0
BRDA:228,14,0,0
BRDA:228,14,1,0
BRDA:228,15,0,0
BRDA:228,15,1,0
BRF:32
BRH:20
end_of_record
TN:
SF:../../../app/src/components/Post/PostContentToJsx.js
FN:4,(anonymous_0)
FN:6,(anonymous_1)
FNF:2
FNH:2
FNDA:2948,(anonymous_0)
FNDA:3525,(anonymous_1)
DA:4,274
DA:5,2948
DA:6,2948
DA:8,3525
DA:10,3420
DA:11,943
DA:13,3420
DA:14,2477
DA:36,2477
DA:38,2135
DA:40,342
DA:41,0
DA:43,342
DA:44,84
DA:46,258
DA:48,168
DA:49,84
DA:52,84
DA:53,0
DA:58,84
DA:59,0
DA:60,0
DA:63,84
DA:64,0
DA:69,84
DA:70,84
DA:77,943
DA:78,831
DA:90,112
DA:91,7
DA:102,105
DA:104,10
DA:105,0
DA:108,10
DA:117,10
DA:123,95
DA:125,95
DA:126,0
DA:129,95
DA:137,95
LF:40
LH:33
BRDA:5,0,0,0
BRDA:5,0,1,2948
BRDA:8,1,0,105
BRDA:8,1,1,3420
BRDA:10,2,0,943
BRDA:10,2,1,2477
BRDA:13,3,0,2477
BRDA:13,3,1,943
BRDA:36,4,0,2135
BRDA:36,4,1,342
BRDA:40,5,0,0
BRDA:40,5,1,342
BRDA:43,6,0,84
BRDA:43,6,1,258
BRDA:46,7,0,90
BRDA:46,7,1,168
BRDA:48,8,0,84
BRDA:48,8,1,84
BRDA:52,9,0,0
BRDA:52,9,1,84
BRDA:58,10,0,0
BRDA:58,10,1,84
BRDA:63,11,0,0
BRDA:63,11,1,84
BRDA:69,12,0,84
BRDA:69,12,1,0
BRDA:77,13,0,831
BRDA:77,13,1,112
BRDA:90,14,0,7
BRDA:90,14,1,105
BRDA:98,15,0,7
BRDA:98,15,1,0
BRDA:102,16,0,10
BRDA:102,16,1,95
BRDA:104,17,0,0
BRDA:104,17,1,10
BRDA:123,18,0,95
BRDA:123,18,1,0
BRDA:125,19,0,0
BRDA:125,19,1,95
BRF:40
BRH:30
end_of_record
TN:
SF:../../../app/src/components/Post/PostController.js
FN:20,(anonymous_0)
FN:23,(anonymous_1)
FN:30,(anonymous_2)
FN:37,(anonymous_3)
FN:43,(anonymous_4)
FN:49,(anonymous_5)
FN:55,(anonymous_6)
FN:61,(anonymous_7)
FNF:8
FNH:4
FNDA:2819,(anonymous_0)
FNDA:2,(anonymous_1)
FNDA:2,(anonymous_2)
FNDA:2,(anonymous_3)
FNDA:0,(anonymous_4)
FNDA:0,(anonymous_5)
FNDA:0,(anonymous_6)
FNDA:0,(anonymous_7)
DA:20,274
DA:21,2819
DA:22,2819
DA:24,2
DA:25,2
DA:26,2
DA:27,0
DA:31,2
DA:32,0
DA:34,2
DA:39,2
DA:40,1
DA:45,0
DA:46,0
DA:51,0
DA:52,0
DA:57,0
DA:58,0
DA:63,0
DA:64,0
LF:20
LH:10
BRDA:26,0,0,0
BRDA:26,0,1,1
BRDA:31,1,0,0
BRDA:31,1,1,2
BRDA:39,2,0,1
BRDA:39,2,1,1
BRDA:45,3,0,0
BRDA:45,3,1,0
BRDA:51,4,0,0
BRDA:51,4,1,0
BRDA:57,5,0,0
BRDA:57,5,1,0
BRDA:63,6,0,0
BRDA:63,6,1,0
BRF:14
BRH:4
end_of_record
TN:
SF:../../../app/src/components/Post/PostDraftService.js
FN:3,(anonymous_0)
FNF:1
FNH:0
FNDA:0,(anonymous_0)
DA:3,274
DA:4,0
DA:5,0
DA:6,0
DA:9,0
DA:11,0
DA:12,0
DA:14,0
DA:16,0
DA:18,0
LF:10
LH:1
BRDA:4,0,0,0
BRDA:4,0,1,0
BRDA:11,1,0,0
BRDA:11,1,1,0
BRF:4
BRH:0
end_of_record
TN:
SF:../../../app/src/components/Post/ReblogPostService.js
FN:4,(anonymous_0)
FNF:1
FNH:1
FNDA:2,(anonymous_0)
DA:4,274
DA:5,2
DA:6,2
DA:7,0
DA:8,0
DA:9,0
DA:10,0
DA:12,1
DA:13,1
DA:15,0
DA:17,1
DA:19,0
LF:12
LH:6
BRDA:8,0,0,0
BRDA:8,0,1,0
BRDA:12,1,0,1
BRDA:12,1,1,0
BRF:4
BRH:1
end_of_record
TN:
SF:../../../app/src/components/Post/UnlikePostService.js
FN:3,(anonymous_0)
FNF:1
FNH:0
FNDA:0,(anonymous_0)
DA:3,274
DA:4,0
DA:5,0
DA:6,0
DA:8,0
DA:9,0
DA:11,0
DA:13,0
DA:15,0
LF:9
LH:1
BRDA:4,0,0,0
BRDA:4,0,1,0
BRDA:8,1,0,0
BRDA:8,1,1,0
BRF:4
BRH:0
end_of_record
TN:
SF:../../../app/src/components/Post/Notes/CommentService.js
FN:3,(anonymous_0)
FNF:1
FNH:1
FNDA:8,(anonymous_0)
DA:3,274
DA:4,8
DA:5,8
DA:6,8
DA:8,0
DA:9,0
DA:11,0
DA:13,0
DA:15,8
LF:9
LH:5
BRDA:4,0,0,0
BRDA:4,0,1,8
BRDA:8,1,0,0
BRDA:8,1,1,0
BRF:4
BRH:1
end_of_record
TN:
SF:../../../app/src/components/Post/Notes/GetNotesService.js
FN:3,(anonymous_0)
FNF:1
FNH:1
FNDA:16,(anonymous_0)
DA:3,274
DA:4,16
DA:5,16
DA:6,16
DA:8,0
DA:9,0
DA:11,0
DA:13,0
LF:8
LH:4
BRDA:4,0,0,0
BRDA:4,0,1,16
BRDA:8,1,0,0
BRDA:8,1,1,0
BRF:4
BRH:1
end_of_record
TN:
SF:../../../app/src/components/Post/Notes/Notes.js
FN:14,(anonymous_0)
FN:18,(anonymous_1)
FN:19,(anonymous_2)
FN:27,(anonymous_3)
FN:40,(anonymous_4)
FN:63,(anonymous_5)
FN:68,(anonymous_6)
FNF:7
FNH:6
FNDA:432,(anonymous_0)
FNDA:8,(anonymous_1)
FNDA:8,(anonymous_2)
FNDA:8,(anonymous_3)
FNDA:0,(anonymous_4)
FNDA:697,(anonymous_5)
FNDA:392,(anonymous_6)
DA:14,274
DA:15,432
DA:16,432
DA:17,432
DA:18,432
DA:19,8
DA:20,8
DA:21,8
DA:22,8
DA:25,8
DA:27,432
DA:28,8
DA:29,8
DA:30,8
DA:31,8
DA:32,8
DA:33,8
DA:34,8
DA:35,8
DA:36,8
DA:40,432
DA:41,0
DA:42,0
DA:43,0
DA:44,0
DA:45,0
DA:49,432
DA:63,697
DA:68,392
LF:29
LH:24
BRDA:21,0,0,8
BRDA:21,0,1,0
BRDA:31,1,0,8
BRDA:31,1,1,0
BRDA:35,2,0,8
BRDA:35,2,1,0
BRDA:41,3,0,0
BRDA:41,3,1,0
BRDA:44,4,0,0
BRDA:44,4,1,0
BRF:10
BRH:3
end_of_record
TN:
SF:../../../app/src/components/Post/Notes/NotesController.js
FN:12,(anonymous_0)
FN:14,(anonymous_1)
FN:20,(anonymous_2)
FNF:3
FNH:2
FNDA:432,(anonymous_0)
FNDA:8,(anonymous_1)
FNDA:0,(anonymous_2)
DA:12,274
DA:13,432
DA:15,8
DA:18,8
DA:21,0
LF:5
LH:4
BRF:0
BRH:0
end_of_record
TN:
SF:../../../app/src/components/Post/Notes/deleteCommentService.js
FN:3,(anonymous_0)
FNF:1
FNH:0
FNDA:0,(anonymous_0)
DA:3,274
DA:4,0
DA:5,0
DA:6,0
DA:8,0
DA:9,0
DA:11,0
DA:13,0
DA:15,0
LF:9
LH:1
BRDA:4,0,0,0
BRDA:4,0,1,0
BRDA:8,1,0,0
BRDA:8,1,1,0
BRF:4
BRH:0
end_of_record
TN:
SF:../../../app/src/components/Post/Notes/NoteItem/NoteItem.js
FN:15,(anonymous_0)
FNF:1
FNH:1
FNDA:697,(anonymous_0)
DA:15,274
DA:16,697
DA:17,697
DA:18,697
LF:4
LH:4
BRDA:21,0,0,318
BRDA:21,0,1,379
BRDA:23,1,0,0
BRDA:23,1,1,697
BRDA:26,2,0,212
BRDA:26,2,1,485
BRDA:37,3,0,212
BRDA:37,3,1,485
BRDA:46,4,0,485
BRDA:46,4,1,379
BRF:10
BRH:9
end_of_record
TN:
SF:../../../app/src/components/SearchSection/SearchSection.jsx
FN:17,SearchSection
FN:18,(anonymous_1)
FNF:2
FNH:2
FNDA:43,SearchSection
FNDA:118,(anonymous_1)
DA:18,118
DA:20,41
DA:21,41
LF:3
LH:3
BRF:0
BRH:0
end_of_record
TN:
SF:../../../app/src/components/SearchSection/SearchSectionController.js
FN:16,(anonymous_0)
FN:41,(anonymous_1)
FN:57,(anonymous_2)
FN:66,(anonymous_3)
FN:72,(anonymous_4)
FNF:5
FNH:3
FNDA:26,(anonymous_0)
FNDA:2,(anonymous_1)
FNDA:26,(anonymous_2)
FNDA:0,(anonymous_3)
FNDA:0,(anonymous_4)
DA:16,274
DA:17,26
DA:20,26
DA:21,0
DA:24,26
DA:25,0
DA:26,26
DA:27,26
DA:28,0
DA:29,0
DA:31,0
DA:41,274
DA:42,2
DA:43,2
DA:45,2
DA:57,274
DA:58,26
DA:59,26
DA:60,26
DA:61,26
DA:62,26
DA:66,26
DA:67,0
DA:68,0
DA:72,274
DA:73,0
DA:75,0
DA:76,0
DA:77,0
DA:78,0
DA:79,0
DA:80,0
DA:81,0
DA:82,0
DA:83,0
DA:86,0
DA:87,0
DA:90,0
DA:91,0
DA:94,0
DA:95,0
DA:98,0
DA:99,0
DA:100,0
DA:102,0
DA:103,0
DA:104,0
DA:105,0
DA:107,0
DA:108,0
DA:109,0
DA:112,0
DA:113,0
DA:116,0
DA:117,0
DA:120,0
DA:121,0
DA:125,0
DA:128,0
DA:129,0
DA:133,0
DA:134,0
DA:135,0
DA:136,0
DA:137,0
DA:138,0
DA:139,0
DA:140,0
DA:142,0
LF:69
LH:18
BRDA:20,0,0,0
BRDA:20,0,1,26
BRDA:24,1,0,0
BRDA:24,1,1,26
BRDA:26,2,0,26
BRDA:26,2,1,0
BRDA:28,3,0,0
BRDA:28,3,1,0
BRDA:42,4,0,2
BRDA:42,4,1,0
BRDA:80,5,0,0
BRDA:80,5,1,0
BRDA:135,6,0,0
BRDA:135,6,1,0
BRDA:137,7,0,0
BRDA:137,7,1,0
BRDA:139,8,0,0
BRDA:139,8,1,0
BRF:18
BRH:4
end_of_record
TN:
SF:../../../app/src/components/SearchSection/SearchSectionServices.js
FN:28,(anonymous_0)
FN:52,(anonymous_1)
FN:79,(anonymous_2)
FNF:3
FNH:2
FNDA:28,(anonymous_0)
FNDA:21,(anonymous_1)
FNDA:0,(anonymous_2)
DA:28,274
DA:29,28
DA:31,28
DA:33,28
DA:34,28
DA:35,28
DA:36,28
DA:37,0
DA:38,0
DA:39,0
DA:40,0
DA:41,0
DA:42,0
DA:43,0
DA:44,0
DA:46,28
DA:48,28
DA:50,28
DA:53,21
DA:55,21
DA:56,21
DA:57,21
DA:60,0
DA:61,0
DA:62,0
DA:63,0
DA:64,0
DA:65,0
DA:68,0
DA:69,0
DA:70,0
DA:73,0
DA:74,0
DA:75,0
DA:77,21
DA:80,0
LF:36
LH:15
BRDA:35,0,0,28
BRDA:35,0,1,0
BRDA:37,1,0,0
BRDA:37,1,1,0
BRDA:39,2,0,0
BRDA:39,2,1,0
BRDA:41,3,0,0
BRDA:41,3,1,0
BRDA:43,4,0,0
BRDA:43,4,1,0
BRDA:46,5,0,0
BRDA:46,5,1,28
BRDA:55,6,0,21
BRDA:55,6,1,0
BRDA:60,7,0,0
BRDA:60,7,1,0
BRDA:63,8,0,0
BRDA:63,8,1,0
BRDA:68,9,0,0
BRDA:68,9,1,0
BRDA:73,10,0,0
BRDA:73,10,1,0
BRF:22
BRH:3
end_of_record
TN:
SF:../../../app/src/components/SearchSection/AllPosts/AllPosts.jsx
FN:9,AllPosts
FN:10,(anonymous_1)
FNF:2
FNH:2
FNDA:30,AllPosts
FNDA:79,(anonymous_1)
DA:10,79
DA:12,28
DA:13,28
LF:3
LH:3
BRDA:16,0,0,0
BRDA:16,0,1,28
BRDA:18,1,0,0
BRDA:18,1,1,28
BRDA:20,2,0,28
BRDA:20,2,1,0
BRF:6
BRH:3
end_of_record
TN:
SF:../../../app/src/components/SearchSection/Audio/AudioSearch.jsx
FN:9,AudioSearch
FN:10,(anonymous_1)
FNF:2
FNH:0
FNDA:0,AudioSearch
FNDA:0,(anonymous_1)
DA:10,0
DA:12,0
DA:13,0
LF:3
LH:0
BRDA:16,0,0,0
BRDA:16,0,1,0
BRDA:18,1,0,0
BRDA:18,1,1,0
BRDA:20,2,0,0
BRDA:20,2,1,0
BRF:6
BRH:0
end_of_record
TN:
SF:../../../app/src/components/SearchSection/Image/ImageSearch.jsx
FN:9,ImageSearch
FN:10,(anonymous_1)
FNF:2
FNH:0
FNDA:0,ImageSearch
FNDA:0,(anonymous_1)
DA:10,0
DA:12,0
DA:13,0
LF:3
LH:0
BRDA:16,0,0,0
BRDA:16,0,1,0
BRDA:18,1,0,0
BRDA:18,1,1,0
BRDA:20,2,0,0
BRDA:20,2,1,0
BRF:6
BRH:0
end_of_record
TN:
SF:../../../app/src/components/SearchSection/SearchNavBar/SearchNavBar.jsx
FN:14,SearchNavbar
FN:15,(anonymous_1)
FNF:2
FNH:2
FNDA:41,SearchNavbar
FNDA:118,(anonymous_1)
DA:15,118
DA:16,41
DA:17,41
LF:3
LH:3
BRF:0
BRH:0
end_of_record
TN:
SF:../../../app/src/components/SearchSection/Text/TextSearch.jsx
FN:9,TextSearch
FN:10,(anonymous_1)
FNF:2
FNH:0
FNDA:0,TextSearch
FNDA:0,(anonymous_1)
DA:10,0
DA:12,0
DA:13,0
LF:3
LH:0
BRDA:16,0,0,0
BRDA:16,0,1,0
BRDA:18,1,0,0
BRDA:18,1,1,0
BRDA:20,2,0,0
BRDA:20,2,1,0
BRF:6
BRH:0
end_of_record
TN:
SF:../../../app/src/components/SearchSection/Video/VideoSearch.jsx
FN:9,VideoSearch
FN:10,(anonymous_1)
FNF:2
FNH:0
FNDA:0,VideoSearch
FNDA:0,(anonymous_1)
DA:10,0
DA:12,0
DA:13,0
LF:3
LH:0
BRDA:16,0,0,0
BRDA:16,0,1,0
BRDA:18,1,0,0
BRDA:18,1,1,0
BRDA:20,2,0,0
BRDA:20,2,1,0
BRF:6
BRH:0
end_of_record
TN:
SF:../../../app/src/components/SettingsNavbar/SettingsNavbar.jsx
FN:19,(anonymous_0)
FNF:1
FNH:1
FNDA:14,(anonymous_0)
DA:20,14
LF:1
LH:1
BRF:0
BRH:0
end_of_record
TN:
SF:../../../app/src/components/TextEditor/TextEditor.js
FN:11,(anonymous_0)
FN:18,(anonymous_1)
FN:25,(anonymous_2)
FN:65,(anonymous_3)
FN:79,(anonymous_4)
FN:88,(anonymous_5)
FN:91,(anonymous_6)
FN:126,(anonymous_7)
FNF:8
FNH:4
FNDA:15,(anonymous_0)
FNDA:116,(anonymous_1)
FNDA:520,(anonymous_2)
FNDA:0,(anonymous_3)
FNDA:0,(anonymous_4)
FNDA:0,(anonymous_5)
FNDA:0,(anonymous_6)
FNDA:618,(anonymous_7)
DA:12,15
DA:13,15
DA:18,15
DA:19,116
DA:22,116
DA:26,520
DA:27,520
DA:66,0
DA:83,0
DA:88,0
DA:89,0
DA:90,0
DA:91,0
DA:92,0
DA:94,0
DA:126,274
DA:127,618
DA:131,274
LF:18
LH:10
BRDA:89,0,0,0
BRDA:89,0,1,0
BRF:2
BRH:0
end_of_record
TN:
SF:../../../app/src/helpers/getYoutubeVideoId.js
FN:1,(anonymous_0)
FNF:1
FNH:0
FNDA:0,(anonymous_0)
DA:1,274
DA:2,0
DA:3,0
DA:4,0
LF:4
LH:1
BRDA:4,0,0,0
BRDA:4,0,1,0
BRDA:4,1,0,0
BRDA:4,1,1,0
BRF:4
BRH:0
end_of_record
TN:
SF:../../../app/src/helpers/isValidHttpUrl.js
FN:1,(anonymous_0)
FNF:1
FNH:0
FNDA:0,(anonymous_0)
DA:1,274
DA:4,0
DA:5,0
DA:7,0
DA:10,0
LF:5
LH:1
BRDA:10,0,0,0
BRDA:10,0,1,0
BRF:2
BRH:0
end_of_record
TN:
SF:../../../app/src/pages/pages.js
FNF:0
FNH:0
LF:0
LH:0
BRF:0
BRH:0
end_of_record
TN:
SF:../../../app/src/pages/Blog/Blog.jsx
FN:19,(anonymous_0)
FN:22,(anonymous_1)
FN:23,(anonymous_2)
FN:24,(anonymous_3)
FNF:4
FNH:0
FNDA:0,(anonymous_0)
FNDA:0,(anonymous_1)
FNDA:0,(anonymous_2)
FNDA:0,(anonymous_3)
DA:19,274
DA:20,0
DA:21,0
DA:22,0
DA:23,0
DA:24,0
DA:25,0
DA:26,0
DA:28,0
LF:9
LH:1
BRF:0
BRH:0
end_of_record
TN:
SF:../../../app/src/pages/Blog/BlogService.js
FN:10,(anonymous_0)
FN:19,(anonymous_1)
FN:39,(anonymous_2)
FNF:3
FNH:0
FNDA:0,(anonymous_0)
FNDA:0,(anonymous_1)
FNDA:0,(anonymous_2)
DA:10,274
DA:11,0
DA:12,0
DA:19,0
DA:20,0
DA:21,0
DA:22,0
DA:23,0
DA:24,0
DA:25,0
DA:26,0
DA:27,0
DA:28,0
DA:29,0
DA:30,0
DA:32,0
DA:35,0
DA:36,0
DA:39,0
DA:40,0
DA:41,0
DA:42,0
DA:43,0
DA:45,0
DA:47,0
DA:48,0
DA:49,0
DA:51,0
DA:55,0
LF:29
LH:1
BRDA:22,0,0,0
BRDA:22,0,1,0
BRDA:45,1,0,0
BRDA:45,1,1,0
BRF:4
BRH:0
end_of_record
TN:
SF:../../../app/src/pages/BlogView/BlogView.js
FN:14,BlogView
FN:16,(anonymous_1)
FN:20,(anonymous_2)
FN:24,(anonymous_3)
FN:36,(anonymous_4)
FNF:5
FNH:0
FNDA:0,BlogView
FNDA:0,(anonymous_1)
FNDA:0,(anonymous_2)
FNDA:0,(anonymous_3)
FNDA:0,(anonymous_4)
DA:15,0
DA:16,0
DA:17,0
DA:18,0
DA:20,0
DA:21,0
DA:24,0
DA:25,0
DA:26,0
DA:30,0
DA:36,0
LF:11
LH:0
BRDA:25,0,0,0
BRDA:25,0,1,0
BRDA:32,1,0,0
BRDA:32,1,1,0
BRDA:44,2,0,0
BRDA:44,2,1,0
BRDA:54,3,0,0
BRDA:54,3,1,0
BRDA:67,4,0,0
BRDA:67,4,1,0
BRF:10
BRH:0
end_of_record
TN:
SF:../../../app/src/pages/BlogView/BlogViewController.js
FN:9,(anonymous_0)
FN:11,(anonymous_1)
FN:13,(anonymous_2)
FN:14,(anonymous_3)
FN:22,(anonymous_4)
FN:26,(anonymous_5)
FNF:6
FNH:0
FNDA:0,(anonymous_0)
FNDA:0,(anonymous_1)
FNDA:0,(anonymous_2)
FNDA:0,(anonymous_3)
FNDA:0,(anonymous_4)
FNDA:0,(anonymous_5)
DA:9,274
DA:10,0
DA:11,0
DA:12,0
DA:14,0
DA:15,0
DA:23,0
DA:24,0
DA:27,0
DA:28,0
LF:10
LH:1
BRF:0
BRH:0
end_of_record
TN:
SF:../../../app/src/pages/BlogView/BlogViewService.js
FN:5,(anonymous_0)
FN:6,(anonymous_1)
FN:9,(anonymous_2)
FNF:3
FNH:0
FNDA:0,(anonymous_0)
FNDA:0,(anonymous_1)
FNDA:0,(anonymous_2)
DA:5,274
DA:6,0
DA:7,0
DA:9,0
DA:10,0
DA:11,0
DA:12,0
DA:14,0
DA:16,0
DA:17,0
DA:19,0
DA:22,0
DA:24,0
DA:25,0
DA:27,0
DA:28,0
DA:30,0
DA:31,0
DA:34,0
DA:35,0
DA:36,0
DA:39,0
DA:40,0
DA:41,0
DA:43,0
DA:44,0
DA:47,0
DA:48,0
DA:49,0
DA:53,0
DA:55,0
DA:56,0
DA:57,0
DA:59,0
LF:34
LH:1
BRDA:16,0,0,0
BRDA:16,0,1,0
BRDA:24,1,0,0
BRDA:24,1,1,0
BRDA:25,2,0,0
BRDA:25,2,1,0
BRDA:27,3,0,0
BRDA:27,3,1,0
BRDA:39,4,0,0
BRDA:39,4,1,0
BRDA:40,5,0,0
BRDA:40,5,1,0
BRDA:53,6,0,0
BRDA:53,6,1,0
BRF:14
BRH:0
end_of_record
TN:
SF:../../../app/src/pages/CreateBlog/CreateBlog.jsx
FN:15,(anonymous_0)
FN:27,(anonymous_1)
FNF:2
FNH:0
FNDA:0,(anonymous_0)
FNDA:0,(anonymous_1)
DA:15,274
DA:24,0
DA:27,0
DA:28,0
LF:4
LH:1
BRDA:34,0,0,0
BRDA:34,0,1,0
BRDA:240,1,0,0
BRDA:240,1,1,0
BRF:4
BRH:0
end_of_record
TN:
SF:../../../app/src/pages/CreateBlog/CreateBlogController.js
FN:8,(anonymous_0)
FN:11,(anonymous_1)
FN:19,(anonymous_2)
FN:64,(anonymous_3)
FN:78,(anonymous_4)
FN:90,(anonymous_5)
FN:125,(anonymous_6)
FN:144,(anonymous_7)
FN:153,(anonymous_8)
FN:165,(anonymous_9)
FN:185,(anonymous_10)
FN:199,(anonymous_11)
FNF:12
FNH:0
FNDA:0,(anonymous_0)
FNDA:0,(anonymous_1)
FNDA:0,(anonymous_2)
FNDA:0,(anonymous_3)
FNDA:0,(anonymous_4)
FNDA:0,(anonymous_5)
FNDA:0,(anonymous_6)
FNDA:0,(anonymous_7)
FNDA:0,(anonymous_8)
FNDA:0,(anonymous_9)
FNDA:0,(anonymous_10)
FNDA:0,(anonymous_11)
DA:8,274
DA:11,0
DA:12,0
DA:13,0
DA:19,0
DA:20,0
DA:21,0
DA:22,0
DA:23,0
DA:24,0
DA:25,0
DA:26,0
DA:27,0
DA:28,0
DA:29,0
DA:30,0
DA:31,0
DA:33,0
DA:34,0
DA:36,0
DA:37,0
DA:39,0
DA:40,0
DA:42,0
DA:43,0
DA:45,0
DA:46,0
DA:48,0
DA:49,0
DA:51,0
DA:52,0
DA:54,0
DA:55,0
DA:64,0
DA:65,0
DA:66,0
DA:67,0
DA:69,0
DA:78,0
DA:79,0
DA:80,0
DA:90,0
DA:91,0
DA:92,0
DA:93,0
DA:94,0
DA:95,0
DA:96,0
DA:97,0
DA:98,0
DA:99,0
DA:100,0
DA:101,0
DA:102,0
DA:103,0
DA:104,0
DA:105,0
DA:106,0
DA:107,0
DA:109,0
DA:110,0
DA:111,0
DA:112,0
DA:114,0
DA:115,0
DA:116,0
DA:125,0
DA:126,0
DA:127,0
DA:128,0
DA:129,0
DA:130,0
DA:131,0
DA:132,0
DA:134,0
DA:135,0
DA:136,0
DA:144,0
DA:145,0
DA:153,0
DA:154,0
DA:155,0
DA:156,0
DA:165,0
DA:166,0
DA:167,0
DA:168,0
DA:169,0
DA:170,0
DA:171,0
DA:172,0
DA:173,0
DA:175,0
DA:176,0
DA:177,0
DA:185,0
DA:186,0
DA:187,0
DA:188,0
DA:189,0
DA:199,0
DA:200,0
DA:201,0
DA:202,0
DA:203,0
DA:204,0
DA:205,0
DA:206,0
DA:207,0
DA:208,0
DA:209,0
DA:210,0
DA:211,0
DA:212,0
DA:214,0
DA:215,0
DA:217,0
DA:218,0
DA:219,0
DA:220,0
DA:222,0
DA:223,0
DA:225,0
DA:226,0
DA:227,0
DA:228,0
DA:230,0
DA:231,0
DA:233,0
DA:234,0
DA:236,0
DA:237,0
DA:239,0
DA:240,0
DA:242,0
DA:243,0
DA:244,0
DA:245,0
DA:247,0
DA:248,0
DA:250,0
DA:251,0
DA:252,0
DA:264,0
LF:144
LH:1
BRDA:30,0,0,0
BRDA:30,0,1,0
BRDA:33,1,0,0
BRDA:33,1,1,0
BRDA:36,2,0,0
BRDA:36,2,1,0
BRDA:39,3,0,0
BRDA:39,3,1,0
BRDA:42,4,0,0
BRDA:42,4,1,0
BRDA:45,5,0,0
BRDA:45,5,1,0
BRDA:48,6,0,0
BRDA:48,6,1,0
BRDA:51,7,0,0
BRDA:51,7,1,0
BRDA:54,8,0,0
BRDA:54,8,1,0
BRDA:66,9,0,0
BRDA:66,9,1,0
BRDA:104,10,0,0
BRDA:104,10,1,0
BRDA:104,11,0,0
BRDA:104,11,1,0
BRDA:109,12,0,0
BRDA:109,12,1,0
BRDA:114,13,0,0
BRDA:114,13,1,0
BRDA:130,14,0,0
BRDA:130,14,1,0
BRDA:134,15,0,0
BRDA:134,15,1,0
BRDA:155,16,0,0
BRDA:155,16,1,0
BRDA:171,17,0,0
BRDA:171,17,1,0
BRDA:175,18,0,0
BRDA:175,18,1,0
BRDA:209,19,0,0
BRDA:209,19,1,0
BRDA:217,20,0,0
BRDA:217,20,1,0
BRDA:225,21,0,0
BRDA:225,21,1,0
BRDA:225,22,0,0
BRDA:225,22,1,0
BRDA:233,23,0,0
BRDA:233,23,1,0
BRDA:242,24,0,0
BRDA:242,24,1,0
BRDA:242,25,0,0
BRDA:242,25,1,0
BRDA:250,26,0,0
BRDA:250,26,1,0
BRF:54
BRH:0
end_of_record
TN:
SF:../../../app/src/pages/CreateBlog/CreateBlogService.js
FN:9,(anonymous_0)
FNF:1
FNH:0
FNDA:0,(anonymous_0)
DA:9,274
DA:10,0
DA:11,0
DA:12,0
DA:13,0
DA:14,0
DA:15,0
DA:16,0
DA:18,0
DA:19,0
DA:21,0
DA:23,0
LF:12
LH:1
BRDA:18,0,0,0
BRDA:18,0,1,0
BRF:2
BRH:0
end_of_record
TN:
SF:../../../app/src/pages/Customize/Customize.jsx
FN:7,(anonymous_0)
FN:11,(anonymous_1)
FN:12,(anonymous_2)
FNF:3
FNH:3
FNDA:26,(anonymous_0)
FNDA:13,(anonymous_1)
FNDA:13,(anonymous_2)
DA:7,274
DA:9,26
DA:11,13
DA:12,13
DA:13,13
DA:15,13
DA:18,13
LF:7
LH:7
BRF:0
BRH:0
end_of_record
TN:
SF:../../../app/src/pages/Customize/CustomizeController.js
FN:7,(anonymous_0)
FN:9,(anonymous_1)
FN:11,(anonymous_2)
FN:23,(anonymous_3)
FN:39,(anonymous_4)
FN:59,(anonymous_5)
FN:63,(anonymous_6)
FN:67,(anonymous_7)
FN:71,(anonymous_8)
FN:81,(anonymous_9)
FN:85,(anonymous_10)
FN:95,(anonymous_11)
FN:104,(anonymous_12)
FN:113,(anonymous_13)
FN:122,(anonymous_14)
FN:127,(anonymous_15)
FN:131,(anonymous_16)
FN:135,(anonymous_17)
FN:141,(anonymous_18)
FN:155,(anonymous_19)
FN:165,(anonymous_20)
FN:175,(anonymous_21)
FN:189,(anonymous_22)
FN:200,(anonymous_23)
FN:207,(anonymous_24)
FN:218,(anonymous_25)
FNF:26
FNH:11
FNDA:39,(anonymous_0)
FNDA:26,(anonymous_1)
FNDA:13,(anonymous_2)
FNDA:0,(anonymous_3)
FNDA:0,(anonymous_4)
FNDA:0,(anonymous_5)
FNDA:0,(anonymous_6)
FNDA:0,(anonymous_7)
FNDA:0,(anonymous_8)
FNDA:0,(anonymous_9)
FNDA:0,(anonymous_10)
FNDA:0,(anonymous_11)
FNDA:0,(anonymous_12)
FNDA:0,(anonymous_13)
FNDA:13,(anonymous_14)
FNDA:0,(anonymous_15)
FNDA:13,(anonymous_16)
FNDA:0,(anonymous_17)
FNDA:13,(anonymous_18)
FNDA:0,(anonymous_19)
FNDA:13,(anonymous_20)
FNDA:13,(anonymous_21)
FNDA:13,(anonymous_22)
FNDA:13,(anonymous_23)
FNDA:13,(anonymous_24)
FNDA:0,(anonymous_25)
DA:7,274
DA:9,39
DA:11,26
DA:12,13
DA:13,3
DA:14,0
DA:17,0
DA:18,0
DA:21,0
DA:23,26
DA:24,0
DA:25,0
DA:26,0
DA:29,0
DA:30,0
DA:31,0
DA:35,0
DA:39,26
DA:40,0
DA:41,0
DA:43,0
DA:44,0
DA:47,0
DA:50,0
DA:51,0
DA:52,0
DA:54,0
DA:56,0
DA:59,26
DA:60,0
DA:63,26
DA:64,0
DA:67,26
DA:68,0
DA:70,0
DA:71,0
DA:72,0
DA:73,0
DA:76,0
DA:77,0
DA:81,26
DA:82,0
DA:84,0
DA:85,0
DA:86,0
DA:87,0
DA:90,0
DA:91,0
DA:95,26
DA:96,0
DA:97,0
DA:98,0
DA:99,0
DA:100,0
DA:104,26
DA:105,0
DA:106,0
DA:107,0
DA:108,0
DA:109,0
DA:110,0
DA:113,26
DA:114,0
DA:115,0
DA:116,0
DA:117,0
DA:118,0
DA:119,0
DA:122,26
DA:123,13
DA:124,13
DA:127,26
DA:128,0
DA:129,0
DA:131,26
DA:132,13
DA:133,13
DA:135,26
DA:136,0
DA:137,0
DA:141,26
DA:143,13
DA:144,13
DA:145,13
DA:146,13
DA:148,0
DA:149,0
DA:150,0
DA:152,13
DA:155,26
DA:157,0
DA:158,0
DA:159,0
DA:161,0
DA:162,0
DA:165,26
DA:166,13
DA:167,13
DA:168,13
DA:170,0
DA:171,0
DA:175,26
DA:176,13
DA:177,13
DA:178,13
DA:179,13
DA:180,13
DA:182,0
DA:183,0
DA:184,0
DA:185,0
DA:189,26
DA:190,13
DA:191,13
DA:192,13
DA:193,13
DA:195,0
DA:196,0
DA:197,0
DA:200,26
DA:201,13
DA:202,13
DA:204,0
DA:207,26
DA:208,13
DA:209,13
DA:211,0
DA:218,26
DA:219,0
DA:220,0
DA:221,0
DA:222,0
DA:223,0
DA:224,0
DA:225,0
DA:227,0
DA:228,0
DA:229,0
DA:230,0
DA:231,0
DA:232,0
DA:234,0
DA:235,0
DA:236,0
DA:237,0
DA:238,0
DA:239,0
DA:241,0
DA:242,0
DA:243,0
DA:244,0
DA:245,0
DA:246,0
DA:248,0
DA:249,0
DA:250,0
DA:251,0
DA:252,0
DA:253,0
DA:255,0
DA:256,0
DA:257,0
DA:260,0
DA:261,0
DA:262,0
DA:263,0
DA:264,0
DA:265,0
DA:267,0
DA:268,0
DA:269,0
DA:270,0
DA:271,0
DA:272,0
DA:274,0
DA:275,0
DA:276,0
DA:277,0
DA:278,0
DA:279,0
DA:281,0
DA:282,0
DA:283,0
DA:284,0
DA:285,0
DA:286,0
DA:288,0
DA:289,0
DA:290,0
DA:291,0
DA:292,0
DA:293,0
DA:296,26
LF:193
LH:52
BRDA:13,0,0,0
BRDA:13,0,1,0
BRDA:17,1,0,0
BRDA:17,1,1,0
BRDA:24,2,0,0
BRDA:24,2,1,0
BRDA:29,3,0,0
BRDA:29,3,1,0
BRDA:43,4,0,0
BRDA:43,4,1,0
BRDA:43,5,0,0
BRDA:43,5,1,0
BRDA:68,6,0,0
BRDA:68,6,1,0
BRDA:72,7,0,0
BRDA:72,7,1,0
BRDA:82,8,0,0
BRDA:82,8,1,0
BRDA:86,9,0,0
BRDA:86,9,1,0
BRDA:143,10,0,13
BRDA:143,10,1,0
BRDA:157,11,0,0
BRDA:157,11,1,0
BRDA:166,12,0,13
BRDA:166,12,1,0
BRDA:176,13,0,13
BRDA:176,13,1,0
BRDA:190,14,0,13
BRDA:190,14,1,0
BRDA:201,15,0,13
BRDA:201,15,1,0
BRDA:208,16,0,13
BRDA:208,16,1,0
BRDA:220,17,0,0
BRDA:220,17,1,0
BRDA:227,18,0,0
BRDA:227,18,1,0
BRDA:234,19,0,0
BRDA:234,19,1,0
BRDA:241,20,0,0
BRDA:241,20,1,0
BRDA:248,21,0,0
BRDA:248,21,1,0
BRDA:255,22,0,0
BRDA:255,22,1,0
BRDA:260,23,0,0
BRDA:260,23,1,0
BRDA:267,24,0,0
BRDA:267,24,1,0
BRDA:274,25,0,0
BRDA:274,25,1,0
BRDA:281,26,0,0
BRDA:281,26,1,0
BRDA:288,27,0,0
BRDA:288,27,1,0
BRF:56
BRH:6
end_of_record
TN:
SF:../../../app/src/pages/Customize/CustomizeService.js
FN:3,(anonymous_0)
FNF:1
FNH:0
FNDA:0,(anonymous_0)
DA:3,274
DA:4,0
DA:5,0
DA:6,0
DA:8,0
LF:5
LH:1
BRF:0
BRH:0
end_of_record
TN:
SF:../../../app/src/pages/Customize/GetSettingsServce.js
FN:3,(anonymous_0)
FNF:1
FNH:1
FNDA:92,(anonymous_0)
DA:3,274
DA:6,92
DA:7,92
DA:8,92
DA:9,31
DA:10,31
DA:13,46
DA:14,46
DA:16,77
LF:9
LH:9
BRF:0
BRH:0
end_of_record
TN:
SF:../../../app/src/pages/Customize/Body/Body.jsx
FN:5,(anonymous_0)
FN:8,(anonymous_1)
FNF:2
FNH:2
FNDA:13,(anonymous_0)
FNDA:13,(anonymous_1)
DA:5,274
DA:8,13
DA:10,13
LF:3
LH:3
BRF:0
BRH:0
end_of_record
TN:
SF:../../../app/src/pages/Customize/Sidebar/SideBar.jsx
FN:12,(anonymous_0)
FN:15,(anonymous_1)
FN:40,(anonymous_2)
FNF:3
FNH:3
FNDA:26,(anonymous_0)
FNDA:13,(anonymous_1)
FNDA:13,(anonymous_2)
DA:12,274
DA:15,26
DA:36,13
DA:38,13
DA:40,13
DA:42,13
DA:43,13
DA:45,13
DA:46,13
DA:48,13
DA:49,13
DA:50,13
DA:51,13
DA:52,13
DA:54,13
DA:55,13
DA:57,13
DA:58,13
DA:60,13
DA:61,13
DA:63,13
DA:64,13
DA:66,13
DA:67,13
DA:69,13
DA:70,13
DA:71,13
DA:72,13
DA:73,13
DA:74,13
DA:75,13
DA:76,13
DA:77,13
DA:80,13
LF:34
LH:34
BRF:0
BRH:0
end_of_record
TN:
SF:../../../app/src/pages/Dashboard/DashBoardController.js
FN:17,(anonymous_0)
FN:18,(anonymous_1)
FN:38,(anonymous_2)
FN:55,(anonymous_3)
FN:56,(anonymous_4)
FN:58,(anonymous_5)
FN:72,(anonymous_6)
FN:75,(anonymous_7)
FN:82,(anonymous_8)
FN:98,(anonymous_9)
FN:105,(anonymous_10)
FNF:11
FNH:8
FNDA:150,(anonymous_0)
FNDA:1530,(anonymous_1)
FNDA:226,(anonymous_2)
FNDA:44,(anonymous_3)
FNDA:176,(anonymous_4)
FNDA:0,(anonymous_5)
FNDA:0,(anonymous_6)
FNDA:0,(anonymous_7)
FNDA:85,(anonymous_8)
FNDA:2,(anonymous_9)
FNDA:11,(anonymous_10)
DA:17,274
DA:18,150
DA:19,1530
DA:38,274
DA:39,226
DA:40,226
DA:41,226
DA:55,274
DA:56,44
DA:57,176
DA:58,0
DA:72,0
DA:75,0
DA:82,274
DA:83,85
DA:84,85
DA:85,79
DA:86,79
DA:87,74
DA:88,31
DA:90,43
DA:92,74
DA:93,71
DA:94,28
DA:97,71
DA:98,71
DA:99,2
DA:100,2
DA:101,2
DA:103,1
DA:105,71
DA:107,11
DA:109,2
DA:110,2
DA:111,2
DA:112,2
DA:113,1
DA:114,1
DA:115,1
DA:119,71
DA:120,28
DA:121,28
LF:42
LH:39
BRDA:22,0,0,0
BRDA:22,0,1,1530
BRDA:24,1,0,341
BRDA:24,1,1,1189
BRDA:40,2,0,226
BRDA:40,2,1,0
BRDA:60,3,0,0
BRDA:60,3,1,176
BRDA:62,4,0,83
BRDA:62,4,1,93
BRDA:87,5,0,31
BRDA:87,5,1,43
BRDA:93,6,0,28
BRDA:93,6,1,43
BRDA:107,7,0,2
BRDA:107,7,1,9
BRDA:107,8,0,11
BRDA:107,8,1,2
BRDA:119,9,0,28
BRDA:119,9,1,43
BRF:20
BRH:17
end_of_record
TN:
SF:../../../app/src/pages/Dashboard/DashBoardService.js
FN:5,(anonymous_0)
FN:10,(anonymous_1)
FN:44,(anonymous_2)
FN:60,(anonymous_3)
FN:77,(anonymous_4)
FN:88,(anonymous_5)
FN:96,(anonymous_6)
FNF:7
FNH:4
FNDA:40,(anonymous_0)
FNDA:87,(anonymous_1)
FNDA:85,(anonymous_2)
FNDA:79,(anonymous_3)
FNDA:0,(anonymous_4)
FNDA:0,(anonymous_5)
FNDA:0,(anonymous_6)
DA:5,274
DA:6,40
DA:10,274
DA:11,87
DA:12,87
DA:13,87
DA:14,81
DA:15,81
DA:16,0
DA:17,0
DA:19,0
DA:20,0
DA:21,0
DA:24,81
DA:25,41
DA:27,40
DA:28,40
DA:29,40
DA:33,0
DA:35,0
DA:36,0
DA:37,0
DA:39,0
DA:44,274
DA:45,85
DA:46,85
DA:47,79
DA:49,0
DA:51,0
DA:52,0
DA:53,0
DA:55,0
DA:60,274
DA:61,79
DA:62,79
DA:63,39
DA:64,39
DA:66,40
DA:68,40
DA:69,40
DA:70,40
DA:72,0
DA:77,274
DA:78,0
DA:79,0
DA:80,0
DA:81,0
DA:83,0
DA:84,0
DA:88,274
DA:89,0
DA:90,0
DA:91,0
DA:92,0
DA:96,274
DA:97,0
LF:56
LH:29
BRDA:15,0,0,0
BRDA:15,0,1,81
BRDA:16,1,0,0
BRDA:16,1,1,0
BRDA:24,2,0,41
BRDA:24,2,1,40
BRDA:33,3,0,0
BRDA:33,3,1,0
BRDA:49,4,0,0
BRDA:49,4,1,0
BRDA:66,5,0,40
BRDA:66,5,1,0
BRDA:79,6,0,0
BRDA:79,6,1,0
BRDA:91,7,0,0
BRDA:91,7,1,0
BRF:16
BRH:4
end_of_record
TN:
SF:../../../app/src/pages/Dashboard/Dashboard.js
FN:25,(anonymous_0)
FN:30,(anonymous_1)
FN:36,(anonymous_2)
FN:37,(anonymous_3)
FN:45,(anonymous_4)
FN:61,(anonymous_5)
FN:62,(anonymous_6)
FN:68,(anonymous_7)
FN:69,(anonymous_8)
FNF:9
FNH:9
FNDA:503,(anonymous_0)
FNDA:971,(anonymous_1)
FNDA:85,(anonymous_2)
FNDA:85,(anonymous_3)
FNDA:3,(anonymous_4)
FNDA:85,(anonymous_5)
FNDA:85,(anonymous_6)
FNDA:265,(anonymous_7)
FNDA:265,(anonymous_8)
DA:25,274
DA:30,971
DA:31,429
DA:32,429
DA:33,429
DA:36,429
DA:37,429
DA:38,85
DA:39,85
DA:40,85
DA:45,85
DA:46,3
DA:47,3
DA:48,3
DA:49,3
DA:54,3
DA:57,85
DA:61,429
DA:62,85
DA:63,85
DA:65,85
DA:68,429
DA:69,265
DA:70,265
DA:71,106
DA:73,159
DA:76,265
DA:77,169
DA:79,96
DA:82,265
DA:83,36
DA:85,229
DA:88,265
DA:91,429
LF:34
LH:34
BRDA:38,0,0,85
BRDA:38,0,1,0
BRDA:46,1,0,3
BRDA:46,1,1,0
BRDA:47,2,0,3
BRDA:47,2,1,0
BRDA:70,3,0,106
BRDA:70,3,1,159
BRDA:76,4,0,169
BRDA:76,4,1,96
BRDA:82,5,0,36
BRDA:82,5,1,229
BRDA:99,6,0,279
BRDA:99,6,1,150
BRDA:103,7,0,150
BRDA:103,7,1,150
BRDA:105,8,0,150
BRDA:105,8,1,3
BRDA:117,9,0,385
BRDA:117,9,1,44
BRDA:128,10,0,203
BRDA:128,10,1,226
BRDA:134,11,0,429
BRDA:134,11,1,13
BRF:24
BRH:21
end_of_record
TN:
SF:../../../app/src/pages/Explore/Explore.jsx
FN:9,(anonymous_0)
FNF:1
FNH:1
FNDA:12,(anonymous_0)
DA:9,274
DA:10,12
LF:2
LH:2
BRF:0
BRH:0
end_of_record
TN:
SF:../../../app/src/pages/Following/Following.jsx
FN:13,(anonymous_0)
FNF:1
FNH:0
FNDA:0,(anonymous_0)
DA:13,274
DA:14,0
LF:2
LH:1
BRF:0
BRH:0
end_of_record
TN:
SF:../../../app/src/pages/ForgetPassword/ForgetPassowrdController.js
FN:7,(anonymous_0)
FN:11,(anonymous_1)
FNF:2
FNH:0
FNDA:0,(anonymous_0)
FNDA:0,(anonymous_1)
DA:7,274
DA:9,0
DA:11,0
DA:12,0
DA:13,0
DA:15,0
DA:16,0
DA:17,0
DA:18,0
DA:19,0
DA:20,0
DA:22,0
DA:23,0
DA:26,0
DA:30,0
LF:15
LH:1
BRDA:13,0,0,0
BRDA:13,0,1,0
BRDA:13,1,0,0
BRDA:13,1,1,0
BRDA:16,2,0,0
BRDA:16,2,1,0
BRF:6
BRH:0
end_of_record
TN:
SF:../../../app/src/pages/ForgetPassword/ForgetPassword.js
FN:8,ForgetPassword
FN:15,(anonymous_1)
FN:19,(anonymous_2)
FNF:3
FNH:0
FNDA:0,ForgetPassword
FNDA:0,(anonymous_1)
FNDA:0,(anonymous_2)
DA:15,0
DA:17,0
DA:19,0
DA:22,0
LF:4
LH:0
BRDA:26,0,0,0
BRDA:26,0,1,0
BRDA:32,1,0,0
BRDA:32,1,1,0
BRDA:37,2,0,0
BRDA:37,2,1,0
BRDA:49,3,0,0
BRDA:49,3,1,0
BRF:8
BRH:0
end_of_record
TN:
SF:../../../app/src/pages/ForgetPassword/forgetPasswordService.js
FN:3,(anonymous_0)
FNF:1
FNH:0
FNDA:0,(anonymous_0)
DA:3,274
DA:4,0
DA:5,0
DA:7,0
DA:8,0
DA:12,0
LF:6
LH:1
BRF:0
BRH:0
end_of_record
TN:
SF:../../../app/src/pages/Inbox/Inbox.js
FN:3,(anonymous_0)
FNF:1
FNH:0
FNDA:0,(anonymous_0)
DA:3,274
DA:4,0
LF:2
LH:1
BRF:0
BRH:0
end_of_record
TN:
SF:../../../app/src/pages/Likes/Likes.jsx
FN:14,(anonymous_0)
FNF:1
FNH:0
FNDA:0,(anonymous_0)
DA:14,274
DA:15,0
LF:2
LH:1
BRF:0
BRH:0
end_of_record
TN:
SF:../../../app/src/pages/LoginPage/GoogleService.js
FN:7,(anonymous_0)
FN:25,(anonymous_1)
FNF:2
FNH:0
FNDA:0,(anonymous_0)
FNDA:0,(anonymous_1)
DA:7,274
DA:8,0
DA:9,0
DA:10,0
DA:11,0
DA:12,0
DA:13,0
DA:14,0
DA:15,0
DA:16,0
DA:17,0
DA:18,0
DA:19,0
DA:25,274
LF:14
LH:2
BRDA:12,0,0,0
BRDA:12,0,1,0
BRF:2
BRH:0
end_of_record
TN:
SF:../../../app/src/pages/LoginPage/LoginController.js
FN:13,(anonymous_0)
FN:21,(anonymous_1)
FNF:2
FNH:2
FNDA:238,(anonymous_0)
FNDA:127,(anonymous_1)
DA:13,274
DA:14,238
DA:21,238
DA:22,127
DA:23,127
DA:24,127
DA:25,119
DA:26,98
DA:27,86
DA:28,86
DA:29,86
DA:30,86
DA:31,86
DA:32,86
DA:33,86
DA:34,86
DA:35,86
DA:37,12
DA:39,8
DA:40,0
DA:41,8
DA:42,4
DA:44,4
DA:47,0
DA:51,238
LF:25
LH:23
BRDA:24,0,0,119
BRDA:24,0,1,8
BRDA:24,1,0,127
BRDA:24,1,1,127
BRDA:24,1,2,123
BRDA:26,2,0,86
BRDA:26,2,1,12
BRDA:39,3,0,0
BRDA:39,3,1,8
BRDA:39,4,0,8
BRDA:39,4,1,4
BRDA:41,5,0,4
BRDA:41,5,1,4
BRF:13
BRH:12
end_of_record
TN:
SF:../../../app/src/pages/LoginPage/LoginPage.js
FN:12,(anonymous_0)
FN:15,(anonymous_1)
FN:22,(anonymous_2)
FNF:3
FNH:3
FNDA:238,(anonymous_0)
FNDA:430,(anonymous_1)
FNDA:238,(anonymous_2)
DA:12,274
DA:15,430
DA:17,238
DA:19,238
DA:22,238
DA:23,238
DA:26,238
LF:7
LH:7
BRDA:23,0,0,81
BRDA:23,0,1,157
BRDA:28,1,0,238
BRDA:28,1,1,5
BRDA:36,2,0,238
BRDA:36,2,1,0
BRDA:41,3,0,238
BRDA:41,3,1,4
BRDA:46,4,0,238
BRDA:46,4,1,4
BRDA:51,5,0,238
BRDA:51,5,1,12
BRF:12
BRH:11
end_of_record
TN:
SF:../../../app/src/pages/LoginPage/LoginService.js
FN:3,(anonymous_0)
FNF:1
FNH:1
FNDA:119,(anonymous_0)
DA:3,274
DA:4,119
DA:10,119
DA:11,119
DA:15,86
DA:16,86
DA:17,86
DA:18,86
DA:19,86
DA:21,12
DA:22,12
DA:24,98
LF:12
LH:12
BRF:0
BRH:0
end_of_record
TN:
SF:../../../app/src/pages/LoginPage/UserInfoService.js
FN:3,(anonymous_0)
FNF:1
FNH:1
FNDA:160,(anonymous_0)
DA:3,274
DA:4,160
DA:5,160
DA:6,114
DA:7,114
DA:9,43
LF:6
LH:6
BRF:0
BRH:0
end_of_record
TN:
SF:../../../app/src/pages/MainPage/MainPage.js
FN:14,MainPage
FN:15,(anonymous_1)
FN:19,(anonymous_2)
FNF:3
FNH:3
FNDA:92,MainPage
FNDA:95,(anonymous_1)
FNDA:92,(anonymous_2)
DA:15,95
DA:17,92
DA:19,92
DA:20,92
DA:23,92
LF:5
LH:5
BRDA:20,0,0,6
BRDA:20,0,1,86
BRDA:25,1,0,92
BRDA:25,1,1,3
BRF:4
BRH:4
end_of_record
TN:
SF:../../../app/src/pages/New/New.js
FN:33,(anonymous_0)
FN:35,(anonymous_1)
FNF:2
FNH:1
FNDA:15,(anonymous_0)
FNDA:0,(anonymous_1)
DA:33,274
DA:34,15
DA:35,15
DA:36,0
DA:38,15
LF:5
LH:4
BRF:0
BRH:0
end_of_record
TN:
SF:../../../app/src/pages/New/Audio/Audio.js
FN:20,(anonymous_0)
FN:27,(anonymous_1)
FN:31,(anonymous_2)
FN:34,(anonymous_3)
FN:37,(anonymous_4)
FNF:5
FNH:0
FNDA:0,(anonymous_0)
FNDA:0,(anonymous_1)
FNDA:0,(anonymous_2)
FNDA:0,(anonymous_3)
FNDA:0,(anonymous_4)
DA:20,274
DA:21,0
DA:22,0
DA:23,0
DA:25,0
DA:27,0
DA:28,0
DA:29,0
DA:31,0
DA:32,0
DA:34,0
DA:35,0
DA:37,0
DA:38,0
DA:40,0
DA:41,0
DA:42,0
DA:44,0
DA:46,0
DA:47,0
DA:48,0
DA:51,0
DA:52,0
DA:57,0
DA:58,0
DA:60,0
DA:63,0
DA:64,0
DA:66,0
LF:29
LH:1
BRDA:28,0,0,0
BRDA:28,0,1,0
BRDA:28,1,0,0
BRDA:28,1,1,0
BRDA:41,2,0,0
BRDA:41,2,1,0
BRDA:44,3,0,0
BRDA:44,3,1,0
BRDA:57,4,0,0
BRDA:57,4,1,0
BRF:10
BRH:0
end_of_record
TN:
SF:../../../app/src/pages/New/Chat/Chat.js
FN:18,(anonymous_0)
FN:23,(anonymous_1)
FN:27,(anonymous_2)
FN:30,(anonymous_3)
FN:33,(anonymous_4)
FN:36,(anonymous_5)
FNF:6
FNH:0
FNDA:0,(anonymous_0)
FNDA:0,(anonymous_1)
FNDA:0,(anonymous_2)
FNDA:0,(anonymous_3)
FNDA:0,(anonymous_4)
FNDA:0,(anonymous_5)
DA:18,274
DA:19,0
DA:20,0
DA:21,0
DA:22,0
DA:23,0
DA:24,0
DA:25,0
DA:27,0
DA:28,0
DA:30,0
DA:31,0
DA:33,0
DA:34,0
DA:36,0
DA:37,0
DA:38,0
DA:39,0
DA:40,0
DA:46,0
DA:48,0
DA:49,0
DA:51,0
DA:54,0
DA:55,0
DA:56,0
DA:58,0
LF:27
LH:1
BRDA:24,0,0,0
BRDA:24,0,1,0
BRDA:38,1,0,0
BRDA:38,1,1,0
BRDA:48,2,0,0
BRDA:48,2,1,0
BRF:6
BRH:0
end_of_record
TN:
SF:../../../app/src/pages/New/Link/Link.js
FN:18,(anonymous_0)
FN:21,(anonymous_1)
FN:25,(anonymous_2)
FN:28,(anonymous_3)
FNF:4
FNH:0
FNDA:0,(anonymous_0)
FNDA:0,(anonymous_1)
FNDA:0,(anonymous_2)
FNDA:0,(anonymous_3)
DA:18,274
DA:19,0
DA:20,0
DA:21,0
DA:22,0
DA:23,0
DA:25,0
DA:26,0
DA:28,0
DA:29,0
DA:30,0
DA:31,0
DA:32,0
DA:34,0
DA:35,0
DA:37,0
DA:40,0
DA:42,0
LF:18
LH:1
BRDA:22,0,0,0
BRDA:22,0,1,0
BRDA:30,1,0,0
BRDA:30,1,1,0
BRDA:34,2,0,0
BRDA:34,2,1,0
BRF:6
BRH:0
end_of_record
TN:
SF:../../../app/src/pages/New/Photo/Photo.js
FN:21,(anonymous_0)
FN:26,(anonymous_1)
FN:30,(anonymous_2)
FN:33,(anonymous_3)
FN:36,(anonymous_4)
FN:62,(anonymous_5)
FN:63,(anonymous_6)
FNF:7
FNH:0
FNDA:0,(anonymous_0)
FNDA:0,(anonymous_1)
FNDA:0,(anonymous_2)
FNDA:0,(anonymous_3)
FNDA:0,(anonymous_4)
FNDA:0,(anonymous_5)
FNDA:0,(anonymous_6)
DA:21,274
DA:22,0
DA:23,0
DA:24,0
DA:25,0
DA:26,0
DA:27,0
DA:28,0
DA:30,0
DA:31,0
DA:33,0
DA:34,0
DA:36,0
DA:38,0
DA:39,0
DA:40,0
DA:41,0
DA:42,0
DA:43,0
DA:44,0
DA:47,0
DA:48,0
DA:53,0
DA:54,0
DA:56,0
DA:59,0
DA:60,0
DA:62,0
DA:63,0
DA:65,0
DA:95,0
LF:31
LH:1
BRDA:27,0,0,0
BRDA:27,0,1,0
BRDA:27,1,0,0
BRDA:27,1,1,0
BRDA:39,2,0,0
BRDA:39,2,1,0
BRDA:41,3,0,0
BRDA:41,3,1,0
BRDA:53,4,0,0
BRDA:53,4,1,0
BRDA:65,5,0,0
BRDA:65,5,1,0
BRF:12
BRH:0
end_of_record
TN:
SF:../../../app/src/pages/New/Quote/Quote.js
FN:17,(anonymous_0)
FN:22,(anonymous_1)
FN:26,(anonymous_2)
FN:29,(anonymous_3)
FN:32,(anonymous_4)
FN:36,(anonymous_5)
FNF:6
FNH:0
FNDA:0,(anonymous_0)
FNDA:0,(anonymous_1)
FNDA:0,(anonymous_2)
FNDA:0,(anonymous_3)
FNDA:0,(anonymous_4)
FNDA:0,(anonymous_5)
DA:17,274
DA:18,0
DA:19,0
DA:20,0
DA:21,0
DA:22,0
DA:23,0
DA:24,0
DA:26,0
DA:27,0
DA:29,0
DA:30,0
DA:32,0
DA:33,0
DA:36,0
DA:37,0
DA:38,0
DA:39,0
DA:40,0
DA:47,0
DA:48,0
DA:50,0
DA:53,0
DA:54,0
DA:55,0
DA:57,0
LF:26
LH:1
BRDA:23,0,0,0
BRDA:23,0,1,0
BRDA:23,1,0,0
BRDA:23,1,1,0
BRDA:38,2,0,0
BRDA:38,2,1,0
BRDA:47,3,0,0
BRDA:47,3,1,0
BRF:8
BRH:0
end_of_record
TN:
SF:../../../app/src/pages/New/Text/SubmitPostService.js
FN:4,(anonymous_0)
FNF:1
FNH:1
FNDA:1,(anonymous_0)
DA:4,274
DA:5,1
DA:6,1
DA:7,1
DA:8,1
DA:10,1
DA:11,1
DA:13,0
DA:15,1
DA:17,0
LF:10
LH:8
BRDA:6,0,0,0
BRDA:6,0,1,1
BRDA:10,1,0,1
BRDA:10,1,1,0
BRF:4
BRH:2
end_of_record
TN:
SF:../../../app/src/pages/New/Text/Text.js
FN:21,(anonymous_0)
FN:22,(anonymous_1)
FN:29,(anonymous_2)
FN:31,(anonymous_3)
FN:35,(anonymous_4)
FN:37,(anonymous_5)
FN:41,(anonymous_6)
FNF:7
FNH:7
FNDA:505,(anonymous_0)
FNDA:1115,(anonymous_1)
FNDA:1114,(anonymous_2)
FNDA:15,(anonymous_3)
FNDA:15,(anonymous_4)
FNDA:1,(anonymous_5)
FNDA:488,(anonymous_6)
DA:21,274
DA:22,1115
DA:25,505
DA:26,505
DA:29,1114
DA:31,505
DA:32,15
DA:35,505
DA:36,15
DA:37,1
DA:38,1
DA:41,505
DA:42,488
DA:43,485
DA:46,505
LF:15
LH:15
BRDA:36,0,0,1
BRDA:36,0,1,14
BRDA:42,1,0,3
BRDA:42,1,1,485
BRDA:42,2,0,488
BRDA:42,2,1,472
BRDA:42,2,2,399
BRDA:42,2,3,73
BRF:8
BRH:8
end_of_record
TN:
SF:../../../app/src/pages/New/Text/TextController.js
FN:14,(anonymous_0)
FN:18,(anonymous_1)
FN:20,(anonymous_2)
FN:23,(anonymous_3)
FN:27,(anonymous_4)
FN:40,(anonymous_5)
FN:43,(anonymous_6)
FN:46,(anonymous_7)
FN:49,(anonymous_8)
FN:53,(anonymous_9)
FN:103,(anonymous_10)
FN:112,(anonymous_11)
FN:139,objectToFormData
FN:156,(anonymous_13)
FNF:14
FNH:10
FNDA:505,(anonymous_0)
[...]
DA:140,10
DA:141,2
DA:142,2
DA:144,8
DA:145,2
DA:146,7
DA:149,6
DA:152,1
DA:153,1
DA:154,1
DA:155,1
DA:156,1
DA:157,1
DA:158,0
DA:160,1
DA:161,0
DA:162,0
DA:163,0
DA:164,0
DA:165,0
DA:166,0
LF:96
LH:47
BRDA:28,0,0,0
BRDA:28,0,1,116
BRDA:29,1,0,73
BRDA:29,1,1,43
BRDA:50,2,0,0
BRDA:50,2,1,1
BRDA:55,3,0,1
BRDA:55,3,1,0
BRDA:58,4,0,0
BRDA:58,4,1,0
BRDA:62,5,0,0
BRDA:62,5,1,0
BRDA:66,6,0,0
BRDA:66,6,1,0
BRDA:70,7,0,0
BRDA:70,7,1,0
BRDA:74,8,0,0
BRDA:74,8,1,0
BRDA:78,9,0,0
BRDA:78,9,1,0
BRDA:80,10,0,0
BRDA:80,10,1,0
BRDA:94,11,0,0
BRDA:94,11,1,0
BRDA:102,12,0,0
BRDA:102,12,1,1
BRDA:110,13,0,1
BRDA:110,13,1,0
BRDA:111,14,0,1
BRDA:111,14,1,0
BRDA:113,15,0,1
BRDA:113,15,1,0
BRDA:120,16,0,0
BRDA:120,16,1,0
BRDA:140,17,0,2
BRDA:140,17,1,8
BRDA:144,18,0,2
BRDA:144,18,1,6
BRDA:160,19,0,1
BRDA:160,19,1,0
BRF:40
BRH:14
end_of_record
TN:
SF:../../../app/src/pages/New/Video/Video.js
FN:21,(anonymous_0)
FN:26,(anonymous_1)
FN:30,(anonymous_2)
FN:33,(anonymous_3)
FN:36,(anonymous_4)
FN:63,(anonymous_5)
FN:64,(anonymous_6)
FNF:7
FNH:0
FNDA:0,(anonymous_0)
FNDA:0,(anonymous_1)
FNDA:0,(anonymous_2)
FNDA:0,(anonymous_3)
FNDA:0,(anonymous_4)
FNDA:0,(anonymous_5)
FNDA:0,(anonymous_6)
DA:21,274
DA:22,0
DA:23,0
DA:24,0
DA:25,0
DA:26,0
DA:27,0
DA:28,0
DA:30,0
DA:31,0
DA:33,0
DA:34,0
DA:36,0
DA:37,0
DA:39,0
DA:40,0
DA:41,0
DA:42,0
DA:43,0
DA:44,0
DA:45,0
DA:48,0
DA:49,0
DA:54,0
DA:55,0
DA:57,0
DA:60,0
DA:61,0
DA:63,0
DA:64,0
DA:66,0
DA:91,0
LF:32
LH:1
BRDA:27,0,0,0
BRDA:27,0,1,0
BRDA:27,1,0,0
BRDA:27,1,1,0
BRDA:40,2,0,0
BRDA:40,2,1,0
BRDA:42,3,0,0
BRDA:42,3,1,0
BRDA:54,4,0,0
BRDA:54,4,1,0
BRDA:66,5,0,0
BRDA:66,5,1,0
BRF:12
BRH:0
end_of_record
TN:
SF:../../../app/src/pages/NotFound/NotFound.js
FN:4,(anonymous_0)
FNF:1
FNH:0
FNDA:0,(anonymous_0)
DA:4,274
DA:5,0
LF:2
LH:1
BRF:0
BRH:0
end_of_record
TN:
SF:../../../app/src/pages/NotFound/ServerError.js
FN:7,(anonymous_0)
FNF:1
FNH:0
FNDA:0,(anonymous_0)
DA:4,274
DA:7,274
DA:8,0
LF:3
LH:2
BRF:0
BRH:0
end_of_record
TN:
SF:../../../app/src/pages/Register/CheckNonEmptyFieldsService.js
FN:1,(anonymous_0)
FNF:1
FNH:1
FNDA:42,(anonymous_0)
DA:1,274
DA:2,42
DA:3,30
DA:5,12
DA:6,0
DA:7,12
DA:8,4
DA:9,8
DA:10,4
DA:12,4
LF:10
LH:9
BRDA:2,0,0,30
BRDA:2,0,1,12
BRDA:2,1,0,42
BRDA:2,1,1,38
BRDA:2,1,2,34
BRDA:5,2,0,0
BRDA:5,2,1,12
BRDA:5,3,0,12
BRDA:5,3,1,4
BRDA:5,3,2,0
BRDA:7,4,0,4
BRDA:7,4,1,8
BRDA:9,5,0,4
BRDA:9,5,1,4
BRF:14
BRH:12
end_of_record
TN:
SF:../../../app/src/pages/Register/CheckValidBlogName.js
FN:1,(anonymous_0)
FNF:1
FNH:1
FNDA:18,(anonymous_0)
DA:1,274
DA:2,18
DA:3,18
DA:4,18
DA:5,18
DA:6,4
DA:7,14
DA:8,4
DA:9,10
DA:10,4
DA:12,6
LF:11
LH:11
BRDA:5,0,0,4
BRDA:5,0,1,14
BRDA:7,1,0,4
BRDA:7,1,1,10
BRDA:9,2,0,4
BRDA:9,2,1,6
BRF:6
BRH:6
end_of_record
TN:
SF:../../../app/src/pages/Register/CheckValidEmailService.js
FN:1,(anonymous_0)
FNF:1
FNH:1
FNDA:30,(anonymous_0)
DA:1,274
DA:2,30
DA:3,30
LF:3
LH:3
BRF:0
BRH:0
end_of_record
TN:
SF:../../../app/src/pages/Register/CheckValidPasswordService.js
FN:1,(anonymous_0)
FNF:1
FNH:1
FNDA:22,(anonymous_0)
DA:1,274
DA:2,22
DA:3,22
LF:3
LH:3
BRF:0
BRH:0
end_of_record
TN:
SF:../../../app/src/pages/Register/Register.js
FN:16,(anonymous_0)
FN:19,(anonymous_1)
FN:24,(anonymous_2)
FNF:3
FNH:3
FNDA:84,(anonymous_0)
FNDA:126,(anonymous_1)
FNDA:84,(anonymous_2)
DA:16,274
DA:19,126
DA:20,84
DA:22,84
DA:24,84
DA:25,84
DA:28,84
LF:7
LH:7
BRDA:25,0,0,0
BRDA:25,0,1,84
BRDA:30,1,0,84
BRDA:30,1,1,0
BRDA:38,2,0,84
BRDA:38,2,1,42
BRF:6
BRH:4
end_of_record
TN:
SF:../../../app/src/pages/Register/RegisterController.js
FN:14,(anonymous_0)
FN:15,(anonymous_1)
FN:24,(anonymous_2)
FNF:3
FNH:3
FNDA:84,(anonymous_0)
FNDA:126,(anonymous_1)
FNDA:42,(anonymous_2)
DA:14,274
DA:15,126
DA:17,84
DA:24,84
DA:25,42
DA:30,42
DA:31,42
DA:33,42
DA:34,42
DA:35,42
DA:36,42
DA:37,42
DA:38,0
DA:39,42
DA:40,4
DA:41,38
DA:42,4
DA:43,34
DA:44,4
DA:47,30
DA:49,22
DA:50,18
DA:51,18
DA:52,4
DA:53,14
DA:54,4
DA:55,10
DA:56,4
DA:59,6
DA:60,0
DA:61,0
DA:62,0
DA:63,0
DA:64,0
DA:65,0
DA:66,0
DA:67,0
DA:68,0
DA:71,4
DA:74,8
DA:78,0
DA:81,6
DA:82,6
DA:83,6
DA:84,0
DA:85,6
DA:86,0
DA:87,6
DA:88,4
DA:89,2
DA:90,2
DA:97,84
LF:52
LH:39
BRDA:31,0,0,42
BRDA:31,0,1,0
BRDA:31,1,0,42
BRDA:31,1,1,42
BRDA:37,2,0,0
BRDA:37,2,1,42
BRDA:39,3,0,4
BRDA:39,3,1,38
BRDA:41,4,0,4
BRDA:41,4,1,34
BRDA:43,5,0,4
BRDA:43,5,1,30
BRDA:47,6,0,22
BRDA:47,6,1,8
BRDA:49,7,0,18
BRDA:49,7,1,4
BRDA:51,8,0,4
BRDA:51,8,1,14
BRDA:53,9,0,4
BRDA:53,9,1,10
BRDA:55,10,0,4
BRDA:55,10,1,6
BRDA:81,11,0,6
BRDA:81,11,1,0
BRDA:83,12,0,0
BRDA:83,12,1,6
BRDA:85,13,0,0
BRDA:85,13,1,6
BRDA:87,14,0,4
BRDA:87,14,1,2
BRDA:89,15,0,2
BRDA:89,15,1,0
BRF:32
BRH:26
end_of_record
TN:
SF:../../../app/src/pages/Register/RegisterService.js
FN:3,(anonymous_0)
FNF:1
FNH:1
FNDA:6,(anonymous_0)
DA:3,274
DA:10,6
DA:15,0
DA:17,0
DA:18,0
DA:19,0
DA:20,0
DA:21,0
DA:22,0
DA:24,0
DA:26,0
LF:11
LH:2
BRDA:17,0,0,0
BRDA:17,0,1,0
BRF:2
BRH:0
end_of_record
TN:
SF:../../../app/src/pages/Search/Search.jsx
FN:7,Search
FNF:1
FNH:1
FNDA:15,Search
DA:8,15
LF:1
LH:1
BRF:0
BRH:0
end_of_record
TN:
SF:../../../app/src/pages/Settings/Settings.jsx
FN:22,(anonymous_0)
FNF:1
FNH:1
FNDA:28,(anonymous_0)
DA:22,274
DA:23,28
LF:2
LH:2
BRF:0
BRH:0
end_of_record
TN:
SF:../../../app/src/redux/ChatReducer.js
FN:19,(anonymous_0)
FN:26,(anonymous_1)
FN:29,(anonymous_2)
FN:33,(anonymous_3)
FN:36,(anonymous_4)
FN:39,(anonymous_5)
FN:42,(anonymous_6)
FN:45,(anonymous_7)
FN:48,(anonymous_8)
FN:51,(anonymous_9)
FN:54,(anonymous_10)
FNF:11
FNH:5
FNDA:13,(anonymous_0)
FNDA:4,(anonymous_1)
FNDA:3,(anonymous_2)
FNDA:0,(anonymous_3)
FNDA:60,(anonymous_4)
FNDA:0,(anonymous_5)
FNDA:0,(anonymous_6)
FNDA:0,(anonymous_7)
FNDA:0,(anonymous_8)
FNDA:13,(anonymous_9)
FNDA:0,(anonymous_10)
DA:6,274
DA:20,13
DA:21,13
DA:22,13
DA:23,13
DA:24,13
DA:27,4
DA:31,3
DA:34,0
DA:37,60
DA:40,0
DA:43,0
DA:46,0
DA:49,0
DA:52,13
DA:55,0
DA:73,274
LF:17
LH:11
BRF:0
BRH:0
end_of_record
TN:
SF:../../../app/src/redux/Customize.js
FN:40,(anonymous_0)
FN:43,(anonymous_1)
FN:46,(anonymous_2)
FN:49,(anonymous_3)
FN:52,(anonymous_4)
FN:55,(anonymous_5)
FN:58,(anonymous_6)
FN:61,(anonymous_7)
FN:64,(anonymous_8)
FN:67,(anonymous_9)
FN:70,(anonymous_10)
FN:73,(anonymous_11)
FN:76,(anonymous_12)
FN:79,(anonymous_13)
FN:82,(anonymous_14)
FN:85,(anonymous_15)
FN:88,(anonymous_16)
FN:91,(anonymous_17)
FN:94,(anonymous_18)
FN:97,(anonymous_19)
FN:100,(anonymous_20)
FNF:21
FNH:3
FNDA:13,(anonymous_0)
FNDA:13,(anonymous_1)
FNDA:0,(anonymous_2)
FNDA:0,(anonymous_3)
FNDA:13,(anonymous_4)
FNDA:0,(anonymous_5)
FNDA:0,(anonymous_6)
FNDA:0,(anonymous_7)
FNDA:0,(anonymous_8)
FNDA:0,(anonymous_9)
FNDA:0,(anonymous_10)
FNDA:0,(anonymous_11)
FNDA:0,(anonymous_12)
FNDA:0,(anonymous_13)
FNDA:0,(anonymous_14)
FNDA:0,(anonymous_15)
FNDA:0,(anonymous_16)
FNDA:0,(anonymous_17)
FNDA:0,(anonymous_18)
FNDA:0,(anonymous_19)
FNDA:0,(anonymous_20)
DA:4,274
DA:41,13
DA:44,13
DA:47,0
DA:50,0
DA:53,13
DA:56,0
DA:59,0
DA:62,0
DA:65,0
DA:68,0
DA:71,0
DA:74,0
DA:77,0
DA:80,0
DA:83,0
DA:86,0
DA:89,0
DA:92,0
DA:95,0
DA:98,0
DA:101,0
DA:128,274
LF:23
LH:5
BRF:0
BRH:0
end_of_record
TN:
SF:../../../app/src/redux/DashBoardReducer.js
FN:26,(anonymous_0)
FN:29,(anonymous_1)
FN:33,(anonymous_2)
FN:37,(anonymous_3)
FN:40,(anonymous_4)
FN:45,(anonymous_5)
FN:48,(anonymous_6)
FN:51,(anonymous_7)
FN:54,(anonymous_8)
FN:57,(anonymous_9)
FN:61,(anonymous_10)
FN:65,(anonymous_11)
FN:69,(anonymous_12)
FN:72,(anonymous_13)
FN:75,(anonymous_14)
FN:78,(anonymous_15)
FN:81,(anonymous_16)
FN:84,(anonymous_17)
FN:87,(anonymous_18)
FN:90,(anonymous_19)
FN:93,(anonymous_20)
FN:95,(anonymous_21)
FNF:22
FNH:11
FNDA:3,(anonymous_0)
FNDA:13,(anonymous_1)
FNDA:0,(anonymous_2)
FNDA:40,(anonymous_3)
FNDA:41,(anonymous_4)
FNDA:0,(anonymous_5)
FNDA:265,(anonymous_6)
FNDA:265,(anonymous_7)
FNDA:265,(anonymous_8)
FNDA:0,(anonymous_9)
FNDA:0,(anonymous_10)
FNDA:0,(anonymous_11)
FNDA:0,(anonymous_12)
FNDA:0,(anonymous_13)
FNDA:39,(anonymous_14)
FNDA:0,(anonymous_15)
FNDA:40,(anonymous_16)
FNDA:0,(anonymous_17)
FNDA:79,(anonymous_18)
FNDA:0,(anonymous_19)
FNDA:1,(anonymous_20)
FNDA:0,(anonymous_21)
DA:5,274
DA:27,3
DA:30,13
DA:34,0
DA:35,0
DA:38,40
DA:41,41
DA:42,410
DA:46,0
DA:49,265
DA:52,265
DA:55,265
DA:58,0
DA:59,0
DA:62,0
DA:63,0
DA:66,0
DA:67,0
DA:70,0
DA:73,0
DA:76,39
DA:79,0
DA:82,40
DA:85,0
DA:88,79
DA:91,0
DA:94,1
DA:95,1
DA:96,0
DA:108,274
DA:109,274
LF:31
LH:16
BRF:0
BRH:0
end_of_record
TN:
SF:../../../app/src/redux/DropDownInbox.js
FN:12,(anonymous_0)
FN:18,(anonymous_1)
FN:21,(anonymous_2)
FN:24,(anonymous_3)
FN:27,(anonymous_4)
FNF:5
FNH:5
FNDA:13,(anonymous_0)
FNDA:13,(anonymous_1)
FNDA:4,(anonymous_2)
FNDA:4,(anonymous_3)
FNDA:32,(anonymous_4)
DA:3,274
DA:13,13
DA:14,13
DA:15,13
DA:16,13
DA:19,13
DA:22,4
DA:25,4
DA:28,32
DA:33,274
LF:10
LH:10
BRF:0
BRH:0
end_of_record
TN:
SF:../../../app/src/redux/EmailSection.js
FN:14,(anonymous_0)
FN:17,(anonymous_1)
FN:20,(anonymous_2)
FN:23,(anonymous_3)
FN:26,(anonymous_4)
FNF:5
FNH:1
FNDA:0,(anonymous_0)
FNDA:40,(anonymous_1)
FNDA:0,(anonymous_2)
FNDA:0,(anonymous_3)
FNDA:0,(anonymous_4)
DA:4,274
DA:15,0
DA:18,40
DA:21,0
DA:24,0
DA:27,0
DA:39,274
LF:7
LH:3
BRF:0
BRH:0
end_of_record
TN:
SF:../../../app/src/redux/ExploreRecuder.js
FN:24,(anonymous_0)
FN:29,(anonymous_1)
FN:34,(anonymous_2)
FN:39,(anonymous_3)
FN:44,(anonymous_4)
FN:49,(anonymous_5)
FN:53,(anonymous_6)
FN:56,(anonymous_7)
FN:59,(anonymous_8)
FN:64,(anonymous_9)
FN:69,(anonymous_10)
FN:72,(anonymous_11)
FN:75,(anonymous_12)
FN:78,(anonymous_13)
FN:81,(anonymous_14)
FN:84,(anonymous_15)
FN:87,(anonymous_16)
FN:90,(anonymous_17)
FNF:18
FNH:4
FNDA:0,(anonymous_0)
FNDA:8,(anonymous_1)
FNDA:0,(anonymous_2)
FNDA:0,(anonymous_3)
FNDA:0,(anonymous_4)
FNDA:13,(anonymous_5)
FNDA:0,(anonymous_6)
FNDA:0,(anonymous_7)
FNDA:0,(anonymous_8)
FNDA:0,(anonymous_9)
FNDA:16,(anonymous_10)
FNDA:0,(anonymous_11)
FNDA:8,(anonymous_12)
FNDA:0,(anonymous_13)
FNDA:0,(anonymous_14)
FNDA:0,(anonymous_15)
FNDA:0,(anonymous_16)
FNDA:0,(anonymous_17)
DA:3,274
DA:25,0
DA:26,0
DA:30,8
DA:31,70
DA:35,0
DA:36,0
DA:40,0
DA:41,0
DA:45,0
DA:46,0
DA:50,13
DA:51,13
DA:54,0
DA:57,0
DA:60,0
DA:61,0
DA:65,0
DA:66,0
DA:70,16
DA:73,0
DA:76,8
DA:79,0
DA:82,0
DA:85,0
DA:88,0
DA:91,0
DA:115,274
LF:28
LH:8
BRF:0
BRH:0
end_of_record
TN:
SF:../../../app/src/redux/Likes.js
FN:14,(anonymous_0)
FN:17,(anonymous_1)
FN:20,(anonymous_2)
FN:23,(anonymous_3)
FN:26,(anonymous_4)
FN:29,(anonymous_5)
FN:31,(anonymous_6)
FN:34,(anonymous_7)
FNF:8
FNH:0
FNDA:0,(anonymous_0)
FNDA:0,(anonymous_1)
FNDA:0,(anonymous_2)
FNDA:0,(anonymous_3)
FNDA:0,(anonymous_4)
FNDA:0,(anonymous_5)
FNDA:0,(anonymous_6)
FNDA:0,(anonymous_7)
DA:4,274
DA:15,0
DA:18,0
DA:21,0
DA:24,0
DA:27,0
DA:30,0
DA:31,0
DA:32,0
DA:35,0
DA:43,274
LF:11
LH:2
BRF:0
BRH:0
end_of_record
TN:
SF:../../../app/src/redux/NavNotifications.js
FN:10,(anonymous_0)
FN:13,(anonymous_1)
FNF:2
FNH:1
FNDA:0,(anonymous_0)
FNDA:6,(anonymous_1)
DA:4,274
DA:11,0
DA:14,6
DA:21,274
LF:4
LH:3
BRF:0
BRH:0
end_of_record
TN:
SF:../../../app/src/redux/Notifications.js
FN:15,(anonymous_0)
FN:18,(anonymous_1)
FN:21,(anonymous_2)
FN:24,(anonymous_3)
FN:28,(anonymous_4)
FN:31,(anonymous_5)
FNF:6
FNH:0
FNDA:0,(anonymous_0)
FNDA:0,(anonymous_1)
FNDA:0,(anonymous_2)
FNDA:0,(anonymous_3)
FNDA:0,(anonymous_4)
FNDA:0,(anonymous_5)
DA:4,274
DA:16,0
DA:19,0
DA:22,0
DA:25,0
DA:26,0
DA:29,0
DA:32,0
DA:44,274
LF:9
LH:2
BRF:0
BRH:0
end_of_record
TN:
SF:../../../app/src/redux/PasswordSection.js
FN:13,(anonymous_0)
FN:16,(anonymous_1)
FN:19,(anonymous_2)
FN:22,(anonymous_3)
FNF:4
FNH:3
FNDA:0,(anonymous_0)
FNDA:406,(anonymous_1)
FNDA:388,(anonymous_2)
FNDA:490,(anonymous_3)
DA:4,274
DA:14,0
DA:17,406
DA:20,388
DA:23,490
DA:34,274
LF:6
LH:5
BRF:0
BRH:0
end_of_record
TN:
SF:../../../app/src/redux/SearchReducer.js
FN:26,(anonymous_0)
FN:29,(anonymous_1)
FN:32,(anonymous_2)
FN:37,(anonymous_3)
FN:42,(anonymous_4)
FN:47,(anonymous_5)
FN:52,(anonymous_6)
FN:57,(anonymous_7)
FN:61,(anonymous_8)
FN:64,(anonymous_9)
FN:67,(anonymous_10)
FN:72,(anonymous_11)
FN:77,(anonymous_12)
FN:80,(anonymous_13)
FN:83,(anonymous_14)
FN:86,(anonymous_15)
FN:89,(anonymous_16)
FN:92,(anonymous_17)
FN:95,(anonymous_18)
FN:98,(anonymous_19)
FNF:20
FNH:4
FNDA:13,(anonymous_0)
FNDA:21,(anonymous_1)
FNDA:0,(anonymous_2)
FNDA:21,(anonymous_3)
FNDA:0,(anonymous_4)
FNDA:0,(anonymous_5)
FNDA:0,(anonymous_6)
FNDA:0,(anonymous_7)
FNDA:0,(anonymous_8)
FNDA:0,(anonymous_9)
FNDA:0,(anonymous_10)
FNDA:0,(anonymous_11)
FNDA:26,(anonymous_12)
FNDA:0,(anonymous_13)
FNDA:0,(anonymous_14)
FNDA:0,(anonymous_15)
FNDA:0,(anonymous_16)
FNDA:0,(anonymous_17)
FNDA:0,(anonymous_18)
FNDA:0,(anonymous_19)
DA:3,274
DA:27,13
DA:30,21
DA:33,0
DA:34,0
DA:38,21
DA:39,22
DA:43,0
DA:44,0
DA:48,0
DA:49,0
DA:53,0
DA:54,0
DA:58,0
DA:59,0
DA:62,0
DA:65,0
DA:68,0
DA:69,0
DA:73,0
DA:74,0
DA:78,26
DA:81,0
DA:84,0
DA:87,0
DA:90,0
DA:93,0
DA:96,0
DA:99,0
DA:125,274
LF:30
LH:7
BRF:0
BRH:0
end_of_record
TN:
SF:../../../app/src/redux/SecuritySection.js
FN:11,(anonymous_0)
FN:14,(anonymous_1)
FNF:2
FNH:0
FNDA:0,(anonymous_0)
FNDA:0,(anonymous_1)
DA:4,274
DA:12,0
DA:15,0
DA:24,274
LF:4
LH:2
BRF:0
BRH:0
end_of_record
TN:
SF:../../../app/src/redux/UserInfo.js
FN:10,(anonymous_0)
FNF:1
FNH:1
FNDA:86,(anonymous_0)
DA:4,274
DA:11,86
DA:18,274
LF:3
LH:3
BRF:0
BRH:0
end_of_record
TN:
SF:../../../app/src/redux/blog.js
FN:19,(anonymous_0)
FN:22,(anonymous_1)
FN:25,(anonymous_2)
FN:28,(anonymous_3)
FN:31,(anonymous_4)
FN:34,(anonymous_5)
FN:37,(anonymous_6)
FN:40,(anonymous_7)
FN:43,(anonymous_8)
FN:46,(anonymous_9)
FNF:10
FNH:0
FNDA:0,(anonymous_0)
FNDA:0,(anonymous_1)
FNDA:0,(anonymous_2)
FNDA:0,(anonymous_3)
FNDA:0,(anonymous_4)
FNDA:0,(anonymous_5)
FNDA:0,(anonymous_6)
FNDA:0,(anonymous_7)
FNDA:0,(anonymous_8)
FNDA:0,(anonymous_9)
DA:4,274
DA:20,0
DA:23,0
DA:26,0
DA:29,0
DA:32,0
DA:35,0
DA:38,0
DA:41,0
DA:44,0
DA:47,0
DA:55,274
LF:12
LH:2
BRF:0
BRH:0
end_of_record
TN:
SF:../../../app/src/redux/blogDrafts.js
FN:14,(anonymous_0)
FN:17,(anonymous_1)
FN:20,(anonymous_2)
FN:23,(anonymous_3)
FN:26,(anonymous_4)
FN:29,(anonymous_5)
FN:31,(anonymous_6)
FN:34,(anonymous_7)
FNF:8
FNH:0
FNDA:0,(anonymous_0)
FNDA:0,(anonymous_1)
FNDA:0,(anonymous_2)
FNDA:0,(anonymous_3)
FNDA:0,(anonymous_4)
FNDA:0,(anonymous_5)
FNDA:0,(anonymous_6)
FNDA:0,(anonymous_7)
DA:4,274
DA:15,0
DA:18,0
DA:21,0
DA:24,0
DA:27,0
DA:30,0
DA:31,0
DA:32,0
DA:35,0
DA:43,274
DA:44,274
LF:12
LH:3
BRF:0
BRH:0
end_of_record
TN:
SF:../../../app/src/redux/blogFollowers.js
FN:16,(anonymous_0)
FN:19,(anonymous_1)
FN:22,(anonymous_2)
FN:25,(anonymous_3)
FN:28,(anonymous_4)
FN:31,(anonymous_5)
FN:34,(anonymous_6)
FNF:7
FNH:0
FNDA:0,(anonymous_0)
FNDA:0,(anonymous_1)
FNDA:0,(anonymous_2)
FNDA:0,(anonymous_3)
FNDA:0,(anonymous_4)
FNDA:0,(anonymous_5)
FNDA:0,(anonymous_6)
DA:4,274
DA:17,0
DA:20,0
DA:23,0
DA:26,0
DA:29,0
DA:32,0
DA:35,0
DA:43,274
LF:9
LH:2
BRF:0
BRH:0
end_of_record
TN:
SF:../../../app/src/redux/blogPosts.js
FN:14,(anonymous_0)
FN:17,(anonymous_1)
FN:20,(anonymous_2)
FN:23,(anonymous_3)
FN:26,(anonymous_4)
FN:29,(anonymous_5)
FN:31,(anonymous_6)
FN:35,(anonymous_7)
FNF:8
FNH:0
FNDA:0,(anonymous_0)
FNDA:0,(anonymous_1)
FNDA:0,(anonymous_2)
FNDA:0,(anonymous_3)
FNDA:0,(anonymous_4)
FNDA:0,(anonymous_5)
FNDA:0,(anonymous_6)
FNDA:0,(anonymous_7)
DA:4,274
DA:15,0
DA:18,0
DA:21,0
DA:24,0
DA:27,0
DA:30,0
DA:31,0
DA:32,0
DA:33,0
DA:36,0
DA:44,274
DA:45,274
LF:13
LH:3
BRF:0
BRH:0
end_of_record
TN:
SF:../../../app/src/redux/blogview.js
FN:20,(anonymous_0)
FN:23,(anonymous_1)
FN:26,(anonymous_2)
FN:29,(anonymous_3)
FN:32,(anonymous_4)
FN:35,(anonymous_5)
FN:38,(anonymous_6)
FN:41,(anonymous_7)
FN:44,(anonymous_8)
FN:47,(anonymous_9)
FN:50,(anonymous_10)
FN:53,(anonymous_11)
FN:56,(anonymous_12)
FN:58,(anonymous_13)
FNF:14
FNH:0
FNDA:0,(anonymous_0)
FNDA:0,(anonymous_1)
FNDA:0,(anonymous_2)
FNDA:0,(anonymous_3)
FNDA:0,(anonymous_4)
FNDA:0,(anonymous_5)
FNDA:0,(anonymous_6)
FNDA:0,(anonymous_7)
FNDA:0,(anonymous_8)
FNDA:0,(anonymous_9)
FNDA:0,(anonymous_10)
FNDA:0,(anonymous_11)
FNDA:0,(anonymous_12)
FNDA:0,(anonymous_13)
DA:5,274
DA:21,0
DA:24,0
DA:27,0
DA:30,0
DA:33,0
DA:36,0
DA:39,0
DA:42,0
DA:45,0
DA:48,0
DA:51,0
DA:54,0
DA:57,0
DA:58,0
DA:59,0
DA:69,274
DA:70,274
LF:18
LH:3
BRF:0
BRH:0
end_of_record
TN:
SF:../../../app/src/redux/createBlog.js
FN:12,(anonymous_0)
FN:15,(anonymous_1)
FN:18,(anonymous_2)
FN:21,(anonymous_3)
FNF:4
FNH:0
FNDA:0,(anonymous_0)
FNDA:0,(anonymous_1)
FNDA:0,(anonymous_2)
FNDA:0,(anonymous_3)
DA:3,274
DA:13,0
DA:16,0
DA:19,0
DA:22,0
DA:29,274
LF:6
LH:2
BRF:0
BRH:0
end_of_record
TN:
SF:../../../app/src/redux/forgetPassword.js
FN:13,(anonymous_0)
FN:16,(anonymous_1)
FN:19,(anonymous_2)
FN:22,(anonymous_3)
FNF:4
FNH:0
FNDA:0,(anonymous_0)
FNDA:0,(anonymous_1)
FNDA:0,(anonymous_2)
FNDA:0,(anonymous_3)
DA:4,274
DA:14,0
DA:17,0
DA:20,0
DA:23,0
DA:30,274
LF:6
LH:2
BRF:0
BRH:0
end_of_record
TN:
SF:../../../app/src/redux/login.js
FN:14,(anonymous_0)
FN:20,(anonymous_1)
FN:26,(anonymous_2)
FN:32,(anonymous_3)
FN:38,(anonymous_4)
FNF:5
FNH:4
FNDA:0,(anonymous_0)
FNDA:4,(anonymous_1)
FNDA:4,(anonymous_2)
FNDA:12,(anonymous_3)
FNDA:167,(anonymous_4)
DA:4,274
DA:15,0
DA:16,0
DA:17,0
DA:18,0
DA:21,4
DA:22,4
DA:23,4
DA:24,4
DA:27,4
DA:28,4
DA:29,4
DA:30,4
DA:33,12
DA:34,12
DA:35,12
DA:36,12
DA:39,167
DA:46,274
LF:19
LH:15
BRF:0
BRH:0
end_of_record
TN:
SF:../../../app/src/redux/mainPage.js
FN:11,(anonymous_0)
FNF:1
FNH:1
FNDA:6,(anonymous_0)
DA:4,274
DA:12,6
DA:19,274
LF:3
LH:3
BRF:0
BRH:0
end_of_record
TN:
SF:../../../app/src/redux/newTextPost-slice.js
FN:16,(anonymous_0)
FN:19,(anonymous_1)
FN:22,(anonymous_2)
FN:25,(anonymous_3)
FN:28,(anonymous_4)
FN:31,(anonymous_5)
FN:34,(anonymous_6)
FN:37,(anonymous_7)
FN:40,(anonymous_8)
FNF:9
FNH:5
FNDA:357,(anonymous_0)
FNDA:0,(anonymous_1)
FNDA:116,(anonymous_2)
FNDA:116,(anonymous_3)
FNDA:0,(anonymous_4)
FNDA:488,(anonymous_5)
FNDA:0,(anonymous_6)
FNDA:1,(anonymous_7)
FNDA:0,(anonymous_8)
DA:3,274
DA:17,357
DA:20,0
DA:23,116
DA:26,116
DA:29,0
DA:32,488
DA:35,0
DA:38,1
DA:41,0
DA:42,0
DA:47,274
LF:12
LH:7
BRF:0
BRH:0
end_of_record
TN:
SF:../../../app/src/redux/register.js
FN:39,(anonymous_0)
FN:42,(anonymous_1)
FNF:2
FNH:2
FNDA:42,(anonymous_0)
FNDA:6,(anonymous_1)
DA:4,274
DA:40,42
DA:43,6
DA:50,274
LF:4
LH:4
BRF:0
BRH:0
end_of_record
TN:
SF:../../../app/src/redux/store.js
FN:60,(anonymous_0)
FNF:1
FNH:1
FNDA:274,(anonymous_0)
DA:61,274
LF:1
LH:1
BRF:0
BRH:0
end_of_record
TN:
SF:../../../app/src/redux/suggestList.js
FN:12,(anonymous_0)
FN:16,(anonymous_1)
FN:21,(anonymous_2)
FN:24,(anonymous_3)
FNF:4
FNH:3
FNDA:5,(anonymous_0)
FNDA:5,(anonymous_1)
FNDA:4,(anonymous_2)
FNDA:0,(anonymous_3)
DA:4,274
DA:13,5
DA:14,90
DA:17,5
DA:18,5
DA:19,5
DA:22,4
DA:25,0
DA:31,274
LF:9
LH:8
BRF:0
BRH:0
end_of_record
TN:
SF:../../../app/src/redux/userBlogs-actions.js
FN:5,(anonymous_0)
FN:6,(anonymous_1)
FN:10,(anonymous_2)
FNF:3
FNH:3
FNDA:289,(anonymous_0)
FNDA:289,(anonymous_1)
FNDA:52,(anonymous_2)
DA:5,274
DA:6,289
DA:7,289
DA:8,289
DA:10,52
DA:12,16
DA:14,265
DA:15,265
DA:17,0
LF:9
LH:8
BRDA:14,0,0,265
BRDA:14,0,1,0
BRF:2
BRH:1
end_of_record
TN:
SF:../../../app/src/redux/userBlogs-slice.js
FN:7,(anonymous_0)
FN:9,(anonymous_1)
FN:11,(anonymous_2)
FNF:3
FNH:2
FNDA:16,(anonymous_0)
FNDA:16,(anonymous_1)
FNDA:0,(anonymous_2)
DA:3,274
DA:8,16
DA:9,16
DA:12,0
DA:16,274
LF:5
LH:4
BRF:0
BRH:0
end_of_record
TN:
SF:../../../app/src/redux/userFollowing.js
FN:19,(anonymous_0)
FN:22,(anonymous_1)
FN:24,(anonymous_2)
FN:27,(anonymous_3)
FN:30,(anonymous_4)
FN:33,(anonymous_5)
FN:36,(anonymous_6)
FN:39,(anonymous_7)
FN:42,(anonymous_8)
FN:50,(anonymous_9)
FN:53,(anonymous_10)
FN:56,(anonymous_11)
FNF:12
FNH:0
FNDA:0,(anonymous_0)
FNDA:0,(anonymous_1)
FNDA:0,(anonymous_2)
FNDA:0,(anonymous_3)
FNDA:0,(anonymous_4)
FNDA:0,(anonymous_5)
FNDA:0,(anonymous_6)
FNDA:0,(anonymous_7)
FNDA:0,(anonymous_8)
FNDA:0,(anonymous_9)
FNDA:0,(anonymous_10)
FNDA:0,(anonymous_11)
DA:4,274
DA:20,0
DA:23,0
DA:24,0
DA:25,0
DA:28,0
DA:31,0
DA:34,0
DA:37,0
DA:40,0
DA:43,0
DA:44,0
DA:45,0
DA:46,0
DA:51,0
DA:54,0
DA:57,0
DA:66,274
LF:18
LH:2
BRDA:45,0,0,0
BRDA:45,0,1,0
BRF:2
BRH:0
end_of_record
