{
  "stats": {
    "suites": 1,
    "tests": 11,
    "passes": 11,
    "pending": 0,
    "failures": 0,
    "start": "2022-01-01T19:06:50.151Z",
    "end": "2022-01-01T19:08:21.051Z",
    "duration": 90900,
    "testsRegistered": 11,
    "passPercent": 100,
    "pendingPercent": 0,
    "other": 0,
    "hasOther": false,
    "skipped": 0,
    "hasSkipped": false
  },
  "results": [
    {
      "uuid": "6e0e3349-1f23-4008-b373-c9f4cbf76308",
      "title": "",
      "fullFile": "cypress/integration/TumblrX/sign_up.spec.js",
      "file": "cypress/integration/TumblrX/sign_up.spec.js",
      "beforeHooks": [],
      "afterHooks": [],
      "tests": [],
      "suites": [
        {
          "uuid": "928cc97b-6772-497d-8c7b-3c0a850f74c3",
          "title": "Sign Up",
          "fullFile": "",
          "file": "",
          "beforeHooks": [],
          "afterHooks": [],
          "tests": [
            {
              "title": "invalid email sign up",
              "fullTitle": "Sign Up invalid email sign up",
              "timedOut": null,
              "duration": 20718,
              "state": "passed",
              "speed": "slow",
              "pass": true,
              "fail": false,
              "pending": false,
              "context": null,
              "code": "(0, _sign_up_func.invalidEmailSignUp)(\"nadaelsayed163@ex\", 'That\\'s not a valid email address. Please try again.');",
              "err": {},
              "uuid": "50b45336-0a02-43a7-83cf-5c6e1d2da905",
              "parentUUID": "928cc97b-6772-497d-8c7b-3c0a850f74c3",
              "isHook": false,
              "skipped": false
            },
            {
              "title": "empty email sign up",
              "fullTitle": "Sign Up empty email sign up",
              "timedOut": null,
              "duration": 5722,
              "state": "passed",
              "speed": "medium",
              "pass": true,
              "fail": false,
              "pending": false,
              "context": null,
              "code": "(0, _sign_up_func.invalidEmailSignUp)(\"\", 'You forgot to enter your email!');",
              "err": {},
              "uuid": "f6530d2d-eaa1-4aa2-bab1-b77022671395",
              "parentUUID": "928cc97b-6772-497d-8c7b-3c0a850f74c3",
              "isHook": false,
              "skipped": false
            },
            {
              "title": "space in email sign up",
              "fullTitle": "Sign Up space in email sign up",
              "timedOut": null,
              "duration": 5621,
              "state": "passed",
              "speed": "medium",
              "pass": true,
              "fail": false,
              "pending": false,
              "context": null,
              "code": "(0, _sign_up_func.invalidEmailSignUp)(\" \", 'That\\'s not a valid email address. Please try again.');",
              "err": {},
              "uuid": "250418b5-c74e-416a-915f-a6113d34d78a",
              "parentUUID": "928cc97b-6772-497d-8c7b-3c0a850f74c3",
              "isHook": false,
              "skipped": false
            },
            {
              "title": "taken email sign up",
              "fullTitle": "Sign Up taken email sign up",
              "timedOut": null,
              "duration": 5812,
              "state": "passed",
              "speed": "medium",
              "pass": true,
              "fail": false,
              "pending": false,
              "context": null,
              "code": "(0, _sign_up_func.invalidEmailSignUp)(\"test@test.com\", 'This email address is already in use.');",
              "err": {},
              "uuid": "d89af123-46ad-4367-a508-9faca10c2d46",
              "parentUUID": "928cc97b-6772-497d-8c7b-3c0a850f74c3",
              "isHook": false,
              "skipped": false
            },
            {
              "title": "small password sign up",
              "fullTitle": "Sign Up small password sign up",
              "timedOut": null,
              "duration": 4879,
              "state": "passed",
              "speed": "fast",
              "pass": true,
              "fail": false,
              "pending": false,
              "context": null,
              "code": "(0, _sign_up_func.invalidPasswordSignUp)(\"1234\", 'The password must be at least 8 characters.');",
              "err": {},
              "uuid": "ce0f2c80-87ad-498d-8dce-512aa173a0d2",
              "parentUUID": "928cc97b-6772-497d-8c7b-3c0a850f74c3",
              "isHook": false,
              "skipped": false
            },
            {
              "title": "empty password sign up",
              "fullTitle": "Sign Up empty password sign up",
              "timedOut": null,
              "duration": 4796,
              "state": "passed",
              "speed": "fast",
              "pass": true,
              "fail": false,
              "pending": false,
              "context": null,
              "code": "(0, _sign_up_func.invalidPasswordSignUp)(\"\", 'You forgot to enter your password!');",
              "err": {},
              "uuid": "246db8e6-f507-43c4-997d-7c9a790e07a5",
              "parentUUID": "928cc97b-6772-497d-8c7b-3c0a850f74c3",
              "isHook": false,
              "skipped": false
            },
            {
              "title": "big blog-name sign up",
              "fullTitle": "Sign Up big blog-name sign up",
              "timedOut": null,
              "duration": 5561,
              "state": "passed",
              "speed": "medium",
              "pass": true,
              "fail": false,
              "pending": false,
              "context": null,
              "code": "(0, _sign_up_func.invalidBlogNameSignUp)(\"111111111111111111111111111111111\", 'That\\'s not a valid blog name. Username is too long. Please enter 32 or fewer characters.');",
              "err": {},
              "uuid": "c90672e3-a90e-4351-a934-d79bf629adee",
              "parentUUID": "928cc97b-6772-497d-8c7b-3c0a850f74c3",
              "isHook": false,
              "skipped": false
            },
            {
              "title": "empty blog-name sign up",
              "fullTitle": "Sign Up empty blog-name sign up",
              "timedOut": null,
              "duration": 4684,
              "state": "passed",
              "speed": "fast",
              "pass": true,
              "fail": false,
              "pending": false,
              "context": null,
              "code": "(0, _sign_up_func.invalidBlogNameSignUp)(\"\", 'You forgot to enter your blog name!');",
              "err": {},
              "uuid": "b2e741e5-463d-40a5-bcde-acc3f9a46c4f",
              "parentUUID": "928cc97b-6772-497d-8c7b-3c0a850f74c3",
              "isHook": false,
              "skipped": false
            },
            {
              "title": "space blog-name sign up",
              "fullTitle": "Sign Up space blog-name sign up",
              "timedOut": null,
              "duration": 5240,
              "state": "passed",
              "speed": "medium",
              "pass": true,
              "fail": false,
              "pending": false,
              "context": null,
              "code": "(0, _sign_up_func.invalidBlogNameSignUp)(\" \", 'Oops. There was an error. Try again.');",
              "err": {},
              "uuid": "8e38ab1c-eeee-4b4b-b041-88ea8e42d294",
              "parentUUID": "928cc97b-6772-497d-8c7b-3c0a850f74c3",
              "isHook": false,
              "skipped": false
            },
            {
              "title": "char in blog-name sign up",
              "fullTitle": "Sign Up char in blog-name sign up",
              "timedOut": null,
              "duration": 6530,
              "state": "passed",
              "speed": "medium",
              "pass": true,
              "fail": false,
              "pending": false,
              "context": null,
              "code": "(0, _sign_up_func.invalidBlogNameSignUp)(\"Nada Elsayed\", 'That\\'s not a valid blog name. Letters, numbers, and dashes only please.');",
              "err": {},
              "uuid": "c27f9a88-eb92-4234-bda0-229de9936417",
              "parentUUID": "928cc97b-6772-497d-8c7b-3c0a850f74c3",
              "isHook": false,
              "skipped": false
            },
            {
              "title": "taken blog-name sign up",
              "fullTitle": "Sign Up taken blog-name sign up",
              "timedOut": null,
              "duration": 6306,
              "state": "passed",
              "speed": "medium",
              "pass": true,
              "fail": false,
              "pending": false,
              "context": null,
              "code": "(0, _sign_up_func.invalidBlogNameSignUp)(\"Tesing-member\", 'That\\'s a good blog name, but it\\'s taken.');\n/*That\\'s not a valid blog name. Someone beat you to that username. \n                                  * That\\'s not a valid blog name. That\\'s a good one, but it\\'s taken.*/",
              "err": {},
              "uuid": "8acdb5b9-f2d6-4a0d-917b-09fe83b5d50e",
              "parentUUID": "928cc97b-6772-497d-8c7b-3c0a850f74c3",
              "isHook": false,
              "skipped": false
            }
          ],
          "suites": [],
          "passes": [
            "50b45336-0a02-43a7-83cf-5c6e1d2da905",
            "f6530d2d-eaa1-4aa2-bab1-b77022671395",
            "250418b5-c74e-416a-915f-a6113d34d78a",
            "d89af123-46ad-4367-a508-9faca10c2d46",
            "ce0f2c80-87ad-498d-8dce-512aa173a0d2",
            "246db8e6-f507-43c4-997d-7c9a790e07a5",
            "c90672e3-a90e-4351-a934-d79bf629adee",
            "b2e741e5-463d-40a5-bcde-acc3f9a46c4f",
            "8e38ab1c-eeee-4b4b-b041-88ea8e42d294",
            "c27f9a88-eb92-4234-bda0-229de9936417",
            "8acdb5b9-f2d6-4a0d-917b-09fe83b5d50e"
          ],
          "failures": [],
          "pending": [],
          "skipped": [],
          "duration": 75869,
          "root": false,
          "rootEmpty": false,
          "_timeout": 2000
        }
      ],
      "passes": [],
      "failures": [],
      "pending": [],
      "skipped": [],
      "duration": 0,
      "root": true,
      "rootEmpty": true,
      "_timeout": 2000
    }
  ],
  "meta": {
    "mocha": {
      "version": "7.0.1"
    },
    "mochawesome": {
      "options": {
        "quiet": false,
        "reportFilename": "mochawesome",
        "saveHtml": false,
        "saveJson": true,
        "consoleReporter": "spec",
        "useInlineDiffs": false,
        "code": true
      },
      "version": "7.0.1"
    },
    "marge": {
      "options": {
        "id": "default",
        "reportDir": "cypress/reports/mocha",
        "quite": true,
        "overwrite": false,
        "html": false,
        "json": true
      },
      "version": "6.0.1"
    }
  }
}