{
  "stats": {
    "suites": 1,
    "tests": 6,
    "passes": 6,
    "pending": 0,
    "failures": 0,
    "start": "2022-01-01T19:00:35.275Z",
    "end": "2022-01-01T19:01:23.308Z",
    "duration": 48033,
    "testsRegistered": 6,
    "passPercent": 100,
    "pendingPercent": 0,
    "other": 0,
    "hasOther": false,
    "skipped": 0,
    "hasSkipped": false
  },
  "results": [
    {
      "uuid": "10528d45-1948-4627-b579-8ad1934b8de6",
      "title": "",
      "fullFile": "cypress/integration/TumblrX/log_in.spec.js",
      "file": "cypress/integration/TumblrX/log_in.spec.js",
      "beforeHooks": [],
      "afterHooks": [],
      "tests": [],
      "suites": [
        {
          "uuid": "b80b6b9c-7889-409e-855d-1c4a054be9a1",
          "title": "Log In",
          "fullFile": "",
          "file": "",
          "beforeHooks": [],
          "afterHooks": [],
          "tests": [
            {
              "title": "invalid email log in",
              "fullTitle": "Log In invalid email log in",
              "timedOut": null,
              "duration": 14747,
              "state": "passed",
              "speed": "slow",
              "pass": true,
              "fail": false,
              "pending": false,
              "context": null,
              "code": "(0, _log_in_func.invalidEmailLogIn)(\"nadaelsayed163@ex\", 'Your email or password were incorrect.');",
              "err": {},
              "uuid": "6de104b1-1b8e-4277-b602-a89598f63063",
              "parentUUID": "b80b6b9c-7889-409e-855d-1c4a054be9a1",
              "isHook": false,
              "skipped": false
            },
            {
              "title": "empty email log in",
              "fullTitle": "Log In empty email log in",
              "timedOut": null,
              "duration": 4321,
              "state": "passed",
              "speed": "fast",
              "pass": true,
              "fail": false,
              "pending": false,
              "context": null,
              "code": "(0, _log_in_func.invalidEmailLogIn)(\"\", 'You forgot to enter your email!');",
              "err": {},
              "uuid": "08101220-6d73-4b7e-953f-9faaf10f3d18",
              "parentUUID": "b80b6b9c-7889-409e-855d-1c4a054be9a1",
              "isHook": false,
              "skipped": false
            },
            {
              "title": "space in email log in",
              "fullTitle": "Log In space in email log in",
              "timedOut": null,
              "duration": 4180,
              "state": "passed",
              "speed": "fast",
              "pass": true,
              "fail": false,
              "pending": false,
              "context": null,
              "code": "(0, _log_in_func.invalidEmailLogIn)(\" \", 'Your email or password were incorrect.');",
              "err": {},
              "uuid": "a9d6dbbf-24ab-48d7-bb71-861b1bf8a0ce",
              "parentUUID": "b80b6b9c-7889-409e-855d-1c4a054be9a1",
              "isHook": false,
              "skipped": false
            },
            {
              "title": "false password log in",
              "fullTitle": "Log In false password log in",
              "timedOut": null,
              "duration": 4733,
              "state": "passed",
              "speed": "fast",
              "pass": true,
              "fail": false,
              "pending": false,
              "context": null,
              "code": "(0, _log_in_func.invalidPasswordLogIn)(\"1234\", 'Your email or password were incorrect.');",
              "err": {},
              "uuid": "0d3dec9d-2dfc-4297-9264-3bd32a40c288",
              "parentUUID": "b80b6b9c-7889-409e-855d-1c4a054be9a1",
              "isHook": false,
              "skipped": false
            },
            {
              "title": "empty password log in",
              "fullTitle": "Log In empty password log in",
              "timedOut": null,
              "duration": 4625,
              "state": "passed",
              "speed": "fast",
              "pass": true,
              "fail": false,
              "pending": false,
              "context": null,
              "code": "(0, _log_in_func.invalidPasswordLogIn)(\"\", 'You forgot to enter your password!');",
              "err": {},
              "uuid": "94091b3c-3493-4a32-ab35-1eb749db959f",
              "parentUUID": "b80b6b9c-7889-409e-855d-1c4a054be9a1",
              "isHook": false,
              "skipped": false
            },
            {
              "title": "working sign up",
              "fullTitle": "Log In working sign up",
              "timedOut": null,
              "duration": 5309,
              "state": "passed",
              "speed": "medium",
              "pass": true,
              "fail": false,
              "pending": false,
              "context": null,
              "code": "cy.workingLogIn();",
              "err": {},
              "uuid": "c946bda6-e99b-4f28-814d-e1c3e76f5878",
              "parentUUID": "b80b6b9c-7889-409e-855d-1c4a054be9a1",
              "isHook": false,
              "skipped": false
            }
          ],
          "suites": [],
          "passes": [
            "6de104b1-1b8e-4277-b602-a89598f63063",
            "08101220-6d73-4b7e-953f-9faaf10f3d18",
            "a9d6dbbf-24ab-48d7-bb71-861b1bf8a0ce",
            "0d3dec9d-2dfc-4297-9264-3bd32a40c288",
            "94091b3c-3493-4a32-ab35-1eb749db959f",
            "c946bda6-e99b-4f28-814d-e1c3e76f5878"
          ],
          "failures": [],
          "pending": [],
          "skipped": [],
          "duration": 37915,
          "root": false,
          "rootEmpty": false,
          "_timeout": 2000
        }
      ],
      "passes": [],
      "failures": [],
      "pending": [],
      "skipped": [],
      "duration": 0,
      "root": true,
      "rootEmpty": true,
      "_timeout": 2000
    }
  ],
  "meta": {
    "mocha": {
      "version": "7.0.1"
    },
    "mochawesome": {
      "options": {
        "quiet": false,
        "reportFilename": "mochawesome",
        "saveHtml": false,
        "saveJson": true,
        "consoleReporter": "spec",
        "useInlineDiffs": false,
        "code": true
      },
      "version": "7.0.1"
    },
    "marge": {
      "options": {
        "id": "default",
        "reportDir": "cypress/reports/mocha",
        "quite": true,
        "overwrite": false,
        "html": false,
        "json": true
      },
      "version": "6.0.1"
    }
  }
}