{
  "stats": {
    "suites": 1,
    "tests": 8,
    "passes": 8,
    "pending": 0,
    "failures": 0,
    "start": "2022-01-01T19:05:12.125Z",
    "end": "2022-01-01T19:06:31.497Z",
    "duration": 79372,
    "testsRegistered": 8,
    "passPercent": 100,
    "pendingPercent": 0,
    "other": 0,
    "hasOther": false,
    "skipped": 0,
    "hasSkipped": false
  },
  "results": [
    {
      "uuid": "ff4ffc9a-338b-437f-95c1-281130bbf299",
      "title": "",
      "fullFile": "cypress/integration/TumblrX/settings.spec.js",
      "file": "cypress/integration/TumblrX/settings.spec.js",
      "beforeHooks": [],
      "afterHooks": [],
      "tests": [],
      "suites": [
        {
          "uuid": "8715a381-274a-4c8e-a19a-ee5c613d958d",
          "title": "change settings",
          "fullFile": "",
          "file": "",
          "beforeHooks": [],
          "afterHooks": [],
          "tests": [
            {
              "title": "sign in",
              "fullTitle": "change settings sign in",
              "timedOut": null,
              "duration": 18387,
              "state": "passed",
              "speed": "slow",
              "pass": true,
              "fail": false,
              "pending": false,
              "context": null,
              "code": "(0, _settings_func.signIn)(SETTINGS_VARIABLES.oldPassword, SETTINGS_VARIABLES.email, _url.WEB_URL);",
              "err": {},
              "uuid": "78d8643d-cd41-4fb2-9e3e-3c3ada8f9f5a",
              "parentUUID": "8715a381-274a-4c8e-a19a-ee5c613d958d",
              "isHook": false,
              "skipped": false
            },
            {
              "title": "get settings icon clicked",
              "fullTitle": "change settings get settings icon clicked",
              "timedOut": null,
              "duration": 1348,
              "state": "passed",
              "speed": "fast",
              "pass": true,
              "fail": false,
              "pending": false,
              "context": null,
              "code": "(0, _settings_func.settingsIconClicked)();",
              "err": {},
              "uuid": "aa64fb6c-f892-471f-96a9-2ff9000d2ed1",
              "parentUUID": "8715a381-274a-4c8e-a19a-ee5c613d958d",
              "isHook": false,
              "skipped": false
            },
            {
              "title": "Passwords don't match",
              "fullTitle": "change settings Passwords don't match",
              "timedOut": null,
              "duration": 8234,
              "state": "passed",
              "speed": "medium",
              "pass": true,
              "fail": false,
              "pending": false,
              "context": null,
              "code": "(0, _settings_func.doesntMatchPasswords)(SETTINGS_VARIABLES.oldPassword, SETTINGS_VARIABLES.newPassword, SETTINGS_VARIABLES.ALERT_NOMATCH_MESSAGE);",
              "err": {},
              "uuid": "0834e907-85f7-4639-aadd-0a774fa9d48f",
              "parentUUID": "8715a381-274a-4c8e-a19a-ee5c613d958d",
              "isHook": false,
              "skipped": false
            },
            {
              "title": "Empty password and doesn't match",
              "fullTitle": "change settings Empty password and doesn't match",
              "timedOut": null,
              "duration": 7990,
              "state": "passed",
              "speed": "medium",
              "pass": true,
              "fail": false,
              "pending": false,
              "context": null,
              "code": "(0, _settings_func.EmptyPasswordAndNoMatch)(SETTINGS_VARIABLES.newPassword, SETTINGS_VARIABLES.newPassword, SETTINGS_VARIABLES.ALERT_NOMATCH_MESSAGE, SETTINGS_VARIABLES.ALERT_EMPTY_MESSAGE);",
              "err": {},
              "uuid": "b28ccdd1-70c8-49ce-828b-626f00450e98",
              "parentUUID": "8715a381-274a-4c8e-a19a-ee5c613d958d",
              "isHook": false,
              "skipped": false
            },
            {
              "title": "Empty New Password",
              "fullTitle": "change settings Empty New Password",
              "timedOut": null,
              "duration": 8262,
              "state": "passed",
              "speed": "medium",
              "pass": true,
              "fail": false,
              "pending": false,
              "context": null,
              "code": "(0, _settings_func.EmptyNewPassword)(SETTINGS_VARIABLES.oldPassword, SETTINGS_VARIABLES.newPassword, SETTINGS_VARIABLES.ALERT_WEAK_MESSAGE);",
              "err": {},
              "uuid": "24547140-fe13-4709-a5a5-c2f8d034994b",
              "parentUUID": "8715a381-274a-4c8e-a19a-ee5c613d958d",
              "isHook": false,
              "skipped": false
            },
            {
              "title": "Easy to guess passwords",
              "fullTitle": "change settings Easy to guess passwords",
              "timedOut": null,
              "duration": 10226,
              "state": "passed",
              "speed": "slow",
              "pass": true,
              "fail": false,
              "pending": false,
              "context": null,
              "code": "(0, _settings_func.easyGuessed)(SETTINGS_VARIABLES.oldPassword, SETTINGS_VARIABLES.easyPassword, SETTINGS_VARIABLES.ALERT_EASYGUESS_MESSAGE);",
              "err": {},
              "uuid": "5641b0bc-d0c0-4ef8-a0e7-ac84b8d8a0fa",
              "parentUUID": "8715a381-274a-4c8e-a19a-ee5c613d958d",
              "isHook": false,
              "skipped": false
            },
            {
              "title": "Weak password",
              "fullTitle": "change settings Weak password",
              "timedOut": null,
              "duration": 10047,
              "state": "passed",
              "speed": "slow",
              "pass": true,
              "fail": false,
              "pending": false,
              "context": null,
              "code": "(0, _settings_func.weakPassword)(SETTINGS_VARIABLES.oldPassword, SETTINGS_VARIABLES.weakPassword, SETTINGS_VARIABLES.ALERT_WEAK_MESSAGE);",
              "err": {},
              "uuid": "3e028c1c-927b-4ba7-9330-71f70a527099",
              "parentUUID": "8715a381-274a-4c8e-a19a-ee5c613d958d",
              "isHook": false,
              "skipped": false
            },
            {
              "title": "successful change password",
              "fullTitle": "change settings successful change password",
              "timedOut": null,
              "duration": 8351,
              "state": "passed",
              "speed": "medium",
              "pass": true,
              "fail": false,
              "pending": false,
              "context": null,
              "code": "(0, _settings_func.successfulChange)(SETTINGS_VARIABLES.oldPassword, SETTINGS_VARIABLES.newPassword);",
              "err": {},
              "uuid": "13b71808-703a-4161-983e-8ad1187c5524",
              "parentUUID": "8715a381-274a-4c8e-a19a-ee5c613d958d",
              "isHook": false,
              "skipped": false
            }
          ],
          "suites": [],
          "passes": [
            "78d8643d-cd41-4fb2-9e3e-3c3ada8f9f5a",
            "aa64fb6c-f892-471f-96a9-2ff9000d2ed1",
            "0834e907-85f7-4639-aadd-0a774fa9d48f",
            "b28ccdd1-70c8-49ce-828b-626f00450e98",
            "24547140-fe13-4709-a5a5-c2f8d034994b",
            "5641b0bc-d0c0-4ef8-a0e7-ac84b8d8a0fa",
            "3e028c1c-927b-4ba7-9330-71f70a527099",
            "13b71808-703a-4161-983e-8ad1187c5524"
          ],
          "failures": [],
          "pending": [],
          "skipped": [],
          "duration": 72845,
          "root": false,
          "rootEmpty": false,
          "_timeout": 2000
        }
      ],
      "passes": [],
      "failures": [],
      "pending": [],
      "skipped": [],
      "duration": 0,
      "root": true,
      "rootEmpty": true,
      "_timeout": 2000
    }
  ],
  "meta": {
    "mocha": {
      "version": "7.0.1"
    },
    "mochawesome": {
      "options": {
        "quiet": false,
        "reportFilename": "mochawesome",
        "saveHtml": false,
        "saveJson": true,
        "consoleReporter": "spec",
        "useInlineDiffs": false,
        "code": true
      },
      "version": "7.0.1"
    },
    "marge": {
      "options": {
        "id": "default",
        "reportDir": "cypress/reports/mocha",
        "quite": true,
        "overwrite": false,
        "html": false,
        "json": true
      },
      "version": "6.0.1"
    }
  }
}