{
  "stats": {
    "suites": 1,
    "tests": 2,
    "passes": 1,
    "pending": 0,
    "failures": 1,
    "start": "2022-01-01T18:57:27.589Z",
    "end": "2022-01-01T18:57:58.956Z",
    "duration": 31367,
    "testsRegistered": 10,
    "passPercent": 10,
    "pendingPercent": 0,
    "other": 0,
    "hasOther": false,
    "skipped": 8,
    "hasSkipped": true
  },
  "results": [
    {
      "uuid": "1243a960-8deb-4bed-815d-914ecba01329",
      "title": "",
      "fullFile": "cypress/integration/TumblrX/customize.spec.js",
      "file": "cypress/integration/TumblrX/customize.spec.js",
      "beforeHooks": [],
      "afterHooks": [],
      "tests": [],
      "suites": [
        {
          "uuid": "9e7ab2c5-a1d4-4bfb-a227-6ffd0b703b50",
          "title": "Edit appearance",
          "fullFile": "",
          "file": "",
          "beforeHooks": [],
          "afterHooks": [],
          "tests": [
            {
              "title": "sign in",
              "fullTitle": "Edit appearance sign in",
              "timedOut": null,
              "duration": 18929,
              "state": "passed",
              "speed": "slow",
              "pass": true,
              "fail": false,
              "pending": false,
              "context": null,
              "code": "(0, _customize_func.signIn)(CUSTOMIZE_VARIABLES.password, CUSTOMIZE_VARIABLES.email, _url.WEB_URL);",
              "err": {},
              "uuid": "48e6a74b-7a8a-43a6-88c3-1ac515b6ea57",
              "parentUUID": "9e7ab2c5-a1d4-4bfb-a227-6ffd0b703b50",
              "isHook": false,
              "skipped": false
            },
            {
              "title": "get edit appearance icon clicked",
              "fullTitle": "Edit appearance get edit appearance icon clicked",
              "timedOut": null,
              "duration": 724,
              "state": "failed",
              "speed": null,
              "pass": false,
              "fail": true,
              "pending": false,
              "context": null,
              "code": "(0, _customize_func.customizeIconClicked)();",
              "err": {
                "message": "TypeError: The following error originated from your application code, not from Cypress. It was caused by an unhandled promise rejection.\n\n  > Cannot read properties of undefined (reading 'data')\n\nWhen Cypress detects uncaught errors originating from your application it will automatically fail the current test.\n\nThis behavior is configurable, and you can choose to turn this off by listening to the `uncaught:exception` event.\n\nhttps://on.cypress.io/uncaught-exception-from-application\n\nBecause this error occurred during a `after each` hook we are skipping all of the remaining tests.",
                "estack": "TypeError: The following error originated from your application code, not from Cypress. It was caused by an unhandled promise rejection.\n\n  > Cannot read properties of undefined (reading 'data')\n\nWhen Cypress detects uncaught errors originating from your application it will automatically fail the current test.\n\nThis behavior is configurable, and you can choose to turn this off by listening to the `uncaught:exception` event.\n\nhttps://on.cypress.io/uncaught-exception-from-application\n\nBecause this error occurred during a `after each` hook we are skipping all of the remaining tests.\n    at readData (https://tumblrx.me/static/js/main.chunk.js:94157:29)\n    at async x (https://tumblrx.me/static/js/main.chunk.js:90122:7)",
                "diff": null
              },
              "uuid": "a98a5287-1d47-469e-a58d-1e25910b1f21",
              "parentUUID": "9e7ab2c5-a1d4-4bfb-a227-6ffd0b703b50",
              "isHook": false,
              "skipped": false
            },
            {
              "title": "change title",
              "fullTitle": "Edit appearance change title",
              "timedOut": null,
              "duration": 0,
              "state": "skipped",
              "speed": null,
              "pass": false,
              "fail": false,
              "pending": false,
              "context": null,
              "code": "(0, _customize_func.changeTitle)(\"Mennaa\");",
              "err": {},
              "uuid": "55a0418a-53c8-40ee-a7f9-76d6dce2ee98",
              "parentUUID": "9e7ab2c5-a1d4-4bfb-a227-6ffd0b703b50",
              "isHook": false,
              "skipped": true
            },
            {
              "title": "change description ",
              "fullTitle": "Edit appearance change description ",
              "timedOut": null,
              "duration": 0,
              "state": "skipped",
              "speed": null,
              "pass": false,
              "fail": false,
              "pending": false,
              "context": null,
              "code": "(0, _customize_func.changeDescription)(\"BUTTERFLIES IMPACT NEVER LOST!!\");",
              "err": {},
              "uuid": "65a63e1d-2faf-470d-a1c2-a18eca022fb8",
              "parentUUID": "9e7ab2c5-a1d4-4bfb-a227-6ffd0b703b50",
              "isHook": false,
              "skipped": true
            },
            {
              "title": "change header image ",
              "fullTitle": "Edit appearance change header image ",
              "timedOut": null,
              "duration": 0,
              "state": "skipped",
              "speed": null,
              "pass": false,
              "fail": false,
              "pending": false,
              "context": null,
              "code": "(0, _customize_func.changeHeaderImage)();",
              "err": {},
              "uuid": "b6019107-21a0-45a7-8b16-30bbc3c3677f",
              "parentUUID": "9e7ab2c5-a1d4-4bfb-a227-6ffd0b703b50",
              "isHook": false,
              "skipped": true
            },
            {
              "title": "change avatar to square shape ",
              "fullTitle": "Edit appearance change avatar to square shape ",
              "timedOut": null,
              "duration": 0,
              "state": "skipped",
              "speed": null,
              "pass": false,
              "fail": false,
              "pending": false,
              "context": null,
              "code": "(0, _customize_func.changeAvatarSquare)();",
              "err": {},
              "uuid": "75fbca79-e9f0-4818-8a4a-29e9ecea25d8",
              "parentUUID": "9e7ab2c5-a1d4-4bfb-a227-6ffd0b703b50",
              "isHook": false,
              "skipped": true
            },
            {
              "title": "change avatar to circle shape ",
              "fullTitle": "Edit appearance change avatar to circle shape ",
              "timedOut": null,
              "duration": 0,
              "state": "skipped",
              "speed": null,
              "pass": false,
              "fail": false,
              "pending": false,
              "context": null,
              "code": "(0, _customize_func.changeAvatarCircle)();",
              "err": {},
              "uuid": "cb8bc348-539e-4d8f-85db-be34b807a592",
              "parentUUID": "9e7ab2c5-a1d4-4bfb-a227-6ffd0b703b50",
              "isHook": false,
              "skipped": true
            },
            {
              "title": "change background color ",
              "fullTitle": "Edit appearance change background color ",
              "timedOut": null,
              "duration": 0,
              "state": "skipped",
              "speed": null,
              "pass": false,
              "fail": false,
              "pending": false,
              "context": null,
              "code": "(0, _customize_func.changeBackground)();",
              "err": {},
              "uuid": "9ba0ac79-76ab-44a0-ba5d-38b110ffbc59",
              "parentUUID": "9e7ab2c5-a1d4-4bfb-a227-6ffd0b703b50",
              "isHook": false,
              "skipped": true
            },
            {
              "title": "change Title color ",
              "fullTitle": "Edit appearance change Title color ",
              "timedOut": null,
              "duration": 0,
              "state": "skipped",
              "speed": null,
              "pass": false,
              "fail": false,
              "pending": false,
              "context": null,
              "code": "(0, _customize_func.changeTitleColor)();",
              "err": {},
              "uuid": "fe85d3e1-4b2d-440c-9e15-88bd3f271e2f",
              "parentUUID": "9e7ab2c5-a1d4-4bfb-a227-6ffd0b703b50",
              "isHook": false,
              "skipped": true
            },
            {
              "title": "Toggle show image header",
              "fullTitle": "Edit appearance Toggle show image header",
              "timedOut": null,
              "duration": 0,
              "state": "skipped",
              "speed": null,
              "pass": false,
              "fail": false,
              "pending": false,
              "context": null,
              "code": "(0, _customize_func.showImageHeader)();",
              "err": {},
              "uuid": "986b3d47-47c7-4df4-8fc1-bda5f0cf86f2",
              "parentUUID": "9e7ab2c5-a1d4-4bfb-a227-6ffd0b703b50",
              "isHook": false,
              "skipped": true
            }
          ],
          "suites": [],
          "passes": [
            "48e6a74b-7a8a-43a6-88c3-1ac515b6ea57"
          ],
          "failures": [
            "a98a5287-1d47-469e-a58d-1e25910b1f21"
          ],
          "pending": [],
          "skipped": [
            "55a0418a-53c8-40ee-a7f9-76d6dce2ee98",
            "65a63e1d-2faf-470d-a1c2-a18eca022fb8",
            "b6019107-21a0-45a7-8b16-30bbc3c3677f",
            "75fbca79-e9f0-4818-8a4a-29e9ecea25d8",
            "cb8bc348-539e-4d8f-85db-be34b807a592",
            "9ba0ac79-76ab-44a0-ba5d-38b110ffbc59",
            "fe85d3e1-4b2d-440c-9e15-88bd3f271e2f",
            "986b3d47-47c7-4df4-8fc1-bda5f0cf86f2"
          ],
          "duration": 19653,
          "root": false,
          "rootEmpty": false,
          "_timeout": 2000
        }
      ],
      "passes": [],
      "failures": [],
      "pending": [],
      "skipped": [],
      "duration": 0,
      "root": true,
      "rootEmpty": true,
      "_timeout": 2000
    }
  ],
  "meta": {
    "mocha": {
      "version": "7.0.1"
    },
    "mochawesome": {
      "options": {
        "quiet": false,
        "reportFilename": "mochawesome",
        "saveHtml": false,
        "saveJson": true,
        "consoleReporter": "spec",
        "useInlineDiffs": false,
        "code": true
      },
      "version": "7.0.1"
    },
    "marge": {
      "options": {
        "id": "default",
        "reportDir": "cypress/reports/mocha",
        "quite": true,
        "overwrite": false,
        "html": false,
        "json": true
      },
      "version": "6.0.1"
    }
  }
}