{
  "stats": {
    "suites": 1,
    "tests": 6,
    "passes": 6,
    "pending": 0,
    "failures": 0,
    "start": "2021-12-09T20:41:39.338Z",
    "end": "2021-12-09T20:42:32.538Z",
    "duration": 53200,
    "testsRegistered": 6,
    "passPercent": 100,
    "pendingPercent": 0,
    "other": 0,
    "hasOther": false,
    "skipped": 0,
    "hasSkipped": false
  },
  "results": [
    {
      "uuid": "a84477c8-7f02-4ff2-afa3-3fc750db0e09",
      "title": "",
      "fullFile": "cypress/integration/TumblrX/log_in.spec.js",
      "file": "cypress/integration/TumblrX/log_in.spec.js",
      "beforeHooks": [],
      "afterHooks": [],
      "tests": [],
      "suites": [
        {
          "uuid": "767ce9e5-d495-4a2d-91ef-185a36f3ed2f",
          "title": "Log In",
          "fullFile": "",
          "file": "",
          "beforeHooks": [],
          "afterHooks": [],
          "tests": [
            {
              "title": "invalid email log in",
              "fullTitle": "Log In invalid email log in",
              "timedOut": null,
              "duration": 23738,
              "state": "passed",
              "speed": "slow",
              "pass": true,
              "fail": false,
              "pending": false,
              "context": null,
              "code": "(0, _log_in_func.invalidEmailLogIn)(\"nadaelsayed163@ex\", 'Your email or password were incorrect.');",
              "err": {},
              "uuid": "b69d0853-5578-4a53-bf4b-9afb84a20fe5",
              "parentUUID": "767ce9e5-d495-4a2d-91ef-185a36f3ed2f",
              "isHook": false,
              "skipped": false
            },
            {
              "title": "empty email log in",
              "fullTitle": "Log In empty email log in",
              "timedOut": null,
              "duration": 3920,
              "state": "passed",
              "speed": "fast",
              "pass": true,
              "fail": false,
              "pending": false,
              "context": null,
              "code": "(0, _log_in_func.invalidEmailLogIn)(\"\", 'You forgot to enter your email!');",
              "err": {},
              "uuid": "cd072221-fe02-42c9-8cec-893fd076e473",
              "parentUUID": "767ce9e5-d495-4a2d-91ef-185a36f3ed2f",
              "isHook": false,
              "skipped": false
            },
            {
              "title": "space in email log in",
              "fullTitle": "Log In space in email log in",
              "timedOut": null,
              "duration": 4005,
              "state": "passed",
              "speed": "fast",
              "pass": true,
              "fail": false,
              "pending": false,
              "context": null,
              "code": "(0, _log_in_func.invalidEmailLogIn)(\" \", 'Your email or password were incorrect.');",
              "err": {},
              "uuid": "4843da21-024b-46a1-83d8-03d6e48ee0d7",
              "parentUUID": "767ce9e5-d495-4a2d-91ef-185a36f3ed2f",
              "isHook": false,
              "skipped": false
            },
            {
              "title": "false password log in",
              "fullTitle": "Log In false password log in",
              "timedOut": null,
              "duration": 4615,
              "state": "passed",
              "speed": "fast",
              "pass": true,
              "fail": false,
              "pending": false,
              "context": null,
              "code": "(0, _log_in_func.invalidPasswordLogIn)(\"1234\", 'Your email or password were incorrect.');",
              "err": {},
              "uuid": "848dc479-853c-4a97-9bd2-2958b334f223",
              "parentUUID": "767ce9e5-d495-4a2d-91ef-185a36f3ed2f",
              "isHook": false,
              "skipped": false
            },
            {
              "title": "empty password log in",
              "fullTitle": "Log In empty password log in",
              "timedOut": null,
              "duration": 3147,
              "state": "passed",
              "speed": "fast",
              "pass": true,
              "fail": false,
              "pending": false,
              "context": null,
              "code": "(0, _log_in_func.invalidPasswordLogIn)(\"\", 'You forgot to enter your password!');",
              "err": {},
              "uuid": "a2a0261a-a6b1-4c46-98d1-a10d59547e92",
              "parentUUID": "767ce9e5-d495-4a2d-91ef-185a36f3ed2f",
              "isHook": false,
              "skipped": false
            },
            {
              "title": "working sign up",
              "fullTitle": "Log In working sign up",
              "timedOut": null,
              "duration": 5024,
              "state": "passed",
              "speed": "medium",
              "pass": true,
              "fail": false,
              "pending": false,
              "context": null,
              "code": "cy.workingLogIn();",
              "err": {},
              "uuid": "a6a794e0-cd34-4ff3-8568-ff342cda8cd8",
              "parentUUID": "767ce9e5-d495-4a2d-91ef-185a36f3ed2f",
              "isHook": false,
              "skipped": false
            }
          ],
          "suites": [],
          "passes": [
            "b69d0853-5578-4a53-bf4b-9afb84a20fe5",
            "cd072221-fe02-42c9-8cec-893fd076e473",
            "4843da21-024b-46a1-83d8-03d6e48ee0d7",
            "848dc479-853c-4a97-9bd2-2958b334f223",
            "a2a0261a-a6b1-4c46-98d1-a10d59547e92",
            "a6a794e0-cd34-4ff3-8568-ff342cda8cd8"
          ],
          "failures": [],
          "pending": [],
          "skipped": [],
          "duration": 44449,
          "root": false,
          "rootEmpty": false,
          "_timeout": 2000
        }
      ],
      "passes": [],
      "failures": [],
      "pending": [],
      "skipped": [],
      "duration": 0,
      "root": true,
      "rootEmpty": true,
      "_timeout": 2000
    }
  ],
  "meta": {
    "mocha": {
      "version": "7.0.1"
    },
    "mochawesome": {
      "options": {
        "quiet": false,
        "reportFilename": "mochawesome",
        "saveHtml": false,
        "saveJson": true,
        "consoleReporter": "spec",
        "useInlineDiffs": false,
        "code": true
      },
      "version": "7.0.1"
    },
    "marge": {
      "options": {
        "id": "default",
        "reportDir": "cypress/reports/mocha",
        "quite": true,
        "overwrite": false,
        "html": false,
        "json": true
      },
      "version": "6.0.1"
    }
  }
}