{
  "stats": {
    "suites": 1,
    "tests": 14,
    "passes": 7,
    "pending": 0,
    "failures": 7,
    "start": "2021-12-09T10:12:07.557Z",
    "end": "2021-12-09T10:13:26.130Z",
    "duration": 78573,
    "testsRegistered": 14,
    "passPercent": 50,
    "pendingPercent": 0,
    "other": 0,
    "hasOther": false,
    "skipped": 0,
    "hasSkipped": false
  },
  "results": [
    {
      "uuid": "1e54a0c1-f49c-4fa2-8eff-b9a5becafb9b",
      "title": "",
      "fullFile": "cypress/integration/TumblrX/sign_up.spec.js",
      "file": "cypress/integration/TumblrX/sign_up.spec.js",
      "beforeHooks": [],
      "afterHooks": [],
      "tests": [],
      "suites": [
        {
          "uuid": "e43ad360-4ace-42e2-aac7-f6287aa5af1b",
          "title": "Sign Up",
          "fullFile": "",
          "file": "",
          "beforeHooks": [],
          "afterHooks": [],
          "tests": [
            {
              "title": "invalid email sign up",
              "fullTitle": "Sign Up invalid email sign up",
              "timedOut": null,
              "duration": 4479,
              "state": "passed",
              "speed": "fast",
              "pass": true,
              "fail": false,
              "pending": false,
              "context": null,
              "code": "(0, _sign_up_func.invalidEmailSignUp)(\"nadaelsayed163@ex\", 'That\\'s not a valid email address. Please try again.');",
              "err": {},
              "uuid": "8f80b648-b1de-425b-9b97-e09a1e1b1999",
              "parentUUID": "e43ad360-4ace-42e2-aac7-f6287aa5af1b",
              "isHook": false,
              "skipped": false
            },
            {
              "title": "empty email sign up",
              "fullTitle": "Sign Up empty email sign up",
              "timedOut": null,
              "duration": 2678,
              "state": "passed",
              "speed": "fast",
              "pass": true,
              "fail": false,
              "pending": false,
              "context": null,
              "code": "(0, _sign_up_func.invalidEmailSignUp)(\"\", 'You forgot to enter your email!');",
              "err": {},
              "uuid": "7805a456-857f-4664-ab21-96606eff7393",
              "parentUUID": "e43ad360-4ace-42e2-aac7-f6287aa5af1b",
              "isHook": false,
              "skipped": false
            },
            {
              "title": "space in email sign up",
              "fullTitle": "Sign Up space in email sign up",
              "timedOut": null,
              "duration": 2776,
              "state": "passed",
              "speed": "fast",
              "pass": true,
              "fail": false,
              "pending": false,
              "context": null,
              "code": "(0, _sign_up_func.invalidEmailSignUp)(\" \", 'Oops. There was an error. Try again.');",
              "err": {},
              "uuid": "f207d129-165d-49a0-a263-686a518ac36d",
              "parentUUID": "e43ad360-4ace-42e2-aac7-f6287aa5af1b",
              "isHook": false,
              "skipped": false
            },
            {
              "title": "taken email sign up",
              "fullTitle": "Sign Up taken email sign up",
              "timedOut": null,
              "duration": 3736,
              "state": "passed",
              "speed": "fast",
              "pass": true,
              "fail": false,
              "pending": false,
              "context": null,
              "code": "(0, _sign_up_func.invalidEmailSignUp)(\"nada.elsayed01@eng-st.cu.edu.eg\", 'This email address is already in use.');",
              "err": {},
              "uuid": "8c94a21c-c812-4bca-8143-a545f05d5308",
              "parentUUID": "e43ad360-4ace-42e2-aac7-f6287aa5af1b",
              "isHook": false,
              "skipped": false
            },
            {
              "title": "small password sign up",
              "fullTitle": "Sign Up small password sign up",
              "timedOut": null,
              "duration": 7983,
              "state": "failed",
              "speed": null,
              "pass": false,
              "fail": true,
              "pending": false,
              "context": null,
              "code": "(0, _sign_up_func.invalidPasswordSignUp)(\"1234\", 'The password must be at least 8 characters.');",
              "err": {
                "message": "AssertionError: Timed out retrying after 4000ms: Expected to find content: 'The password must be at least 8 characters.' within the element: <div.oFCPF> but never did.",
                "estack": "AssertionError: Timed out retrying after 4000ms: Expected to find content: 'The password must be at least 8 characters.' within the element: <div.oFCPF> but never did.\n    at invalidPasswordSignUp (https://www.tumblr.com/__cypress/tests?p=cypress/integration/TumblrX/sign_up.spec.js:251:58)\n    at Context.eval (https://www.tumblr.com/__cypress/tests?p=cypress/integration/TumblrX/sign_up.spec.js:119:45)",
                "diff": null
              },
              "uuid": "3a430f19-2e5c-42da-9ecf-7ac7706dd7c9",
              "parentUUID": "e43ad360-4ace-42e2-aac7-f6287aa5af1b",
              "isHook": false,
              "skipped": false
            },
            {
              "title": "empty password sign up",
              "fullTitle": "Sign Up empty password sign up",
              "timedOut": null,
              "duration": 2694,
              "state": "passed",
              "speed": "fast",
              "pass": true,
              "fail": false,
              "pending": false,
              "context": null,
              "code": "(0, _sign_up_func.invalidPasswordSignUp)(\"\", 'You forgot to enter your password!');",
              "err": {},
              "uuid": "1d355ad8-ee4f-453f-9680-eb218a251f3b",
              "parentUUID": "e43ad360-4ace-42e2-aac7-f6287aa5af1b",
              "isHook": false,
              "skipped": false
            },
            {
              "title": "working sign up",
              "fullTitle": "Sign Up working sign up",
              "timedOut": null,
              "duration": 7313,
              "state": "failed",
              "speed": null,
              "pass": false,
              "fail": true,
              "pending": false,
              "context": null,
              "code": "cy.workingSignUp();",
              "err": {
                "message": "AssertionError: Timed out retrying after 4000ms: Expected to find element: `input[name=\"age\"]`, but never found it.",
                "estack": "AssertionError: Timed out retrying after 4000ms: Expected to find element: `input[name=\"age\"]`, but never found it.\n    at workingSignUp (https://www.tumblr.com/__cypress/tests?p=cypress/support/index.js:188:6)\n    at Context.eval (https://www.tumblr.com/__cypress/tests?p=cypress/support/index.js:131:35)",
                "diff": null
              },
              "uuid": "099b2740-3c40-4c69-a9a3-902d898d6890",
              "parentUUID": "e43ad360-4ace-42e2-aac7-f6287aa5af1b",
              "isHook": false,
              "skipped": false
            },
            {
              "title": "big blog-name sign up",
              "fullTitle": "Sign Up big blog-name sign up",
              "timedOut": null,
              "duration": 7854,
              "state": "failed",
              "speed": null,
              "pass": false,
              "fail": true,
              "pending": false,
              "context": null,
              "code": "(0, _sign_up_func.invalidBlogNameSignUp)(\"111111111111111111111111111111111\", 'That\\'s not a valid blog name. Username is too long. Please enter 32 or fewer characters.');",
              "err": {
                "message": "AssertionError: Timed out retrying after 4000ms: Expected to find content: 'That's not a valid blog name. Username is too long. Please enter 32 or fewer characters.' within the element: <div.oFCPF> but never did.",
                "estack": "AssertionError: Timed out retrying after 4000ms: Expected to find content: 'That's not a valid blog name. Username is too long. Please enter 32 or fewer characters.' within the element: <div.oFCPF> but never did.\n    at invalidBlogNameSignUp (https://www.tumblr.com/__cypress/tests?p=cypress/integration/TumblrX/sign_up.spec.js:278:58)\n    at Context.eval (https://www.tumblr.com/__cypress/tests?p=cypress/integration/TumblrX/sign_up.spec.js:128:45)",
                "diff": null
              },
              "uuid": "2370dc13-37c5-4a5f-a851-b749abd08536",
              "parentUUID": "e43ad360-4ace-42e2-aac7-f6287aa5af1b",
              "isHook": false,
              "skipped": false
            },
            {
              "title": "empty blog-name sign up",
              "fullTitle": "Sign Up empty blog-name sign up",
              "timedOut": null,
              "duration": 2595,
              "state": "passed",
              "speed": "fast",
              "pass": true,
              "fail": false,
              "pending": false,
              "context": null,
              "code": "(0, _sign_up_func.invalidBlogNameSignUp)(\"\", 'You forgot to enter your blog name!');",
              "err": {},
              "uuid": "17ce4c4e-aa2f-4593-b4ea-ffb8bc9a47ea",
              "parentUUID": "e43ad360-4ace-42e2-aac7-f6287aa5af1b",
              "isHook": false,
              "skipped": false
            },
            {
              "title": "space blog-name sign up",
              "fullTitle": "Sign Up space blog-name sign up",
              "timedOut": null,
              "duration": 2949,
              "state": "passed",
              "speed": "fast",
              "pass": true,
              "fail": false,
              "pending": false,
              "context": null,
              "code": "(0, _sign_up_func.invalidBlogNameSignUp)(\" \", 'Oops. There was an error. Try again.');",
              "err": {},
              "uuid": "b21e155c-a48b-47bb-96e5-2ed3cd1804bf",
              "parentUUID": "e43ad360-4ace-42e2-aac7-f6287aa5af1b",
              "isHook": false,
              "skipped": false
            },
            {
              "title": "char in blog-name sign up",
              "fullTitle": "Sign Up char in blog-name sign up",
              "timedOut": null,
              "duration": 8127,
              "state": "failed",
              "speed": null,
              "pass": false,
              "fail": true,
              "pending": false,
              "context": null,
              "code": "(0, _sign_up_func.invalidBlogNameSignUp)(\"Nada Elsayed\", 'That\\'s not a valid blog name. Letters, numbers, and dashes only please.');",
              "err": {
                "message": "AssertionError: Timed out retrying after 4000ms: Expected to find content: 'That's not a valid blog name. Letters, numbers, and dashes only please.' within the element: <div.oFCPF> but never did.",
                "estack": "AssertionError: Timed out retrying after 4000ms: Expected to find content: 'That's not a valid blog name. Letters, numbers, and dashes only please.' within the element: <div.oFCPF> but never did.\n    at invalidBlogNameSignUp (https://www.tumblr.com/__cypress/tests?p=cypress/integration/TumblrX/sign_up.spec.js:278:58)\n    at Context.eval (https://www.tumblr.com/__cypress/tests?p=cypress/integration/TumblrX/sign_up.spec.js:137:45)",
                "diff": null
              },
              "uuid": "732ea60b-580d-4675-9262-3137edfe1fb8",
              "parentUUID": "e43ad360-4ace-42e2-aac7-f6287aa5af1b",
              "isHook": false,
              "skipped": false
            },
            {
              "title": "taken blog-name sign up",
              "fullTitle": "Sign Up taken blog-name sign up",
              "timedOut": null,
              "duration": 7841,
              "state": "failed",
              "speed": null,
              "pass": false,
              "fail": true,
              "pending": false,
              "context": null,
              "code": "(0, _sign_up_func.invalidBlogNameSignUp)(\"Nada-Elsayed-CMP\", 'That\\'s not a valid blog name. Try something else, that one is spoken for.');\n/*That\\'s not a valid blog name. Someone beat you to that username. \n* That\\'s not a valid blog name. That\\'s a good one, but it\\'s taken.*/",
              "err": {
                "message": "AssertionError: Timed out retrying after 4000ms: Expected to find content: 'That's not a valid blog name. Try something else, that one is spoken for.' within the element: <div.oFCPF> but never did.",
                "estack": "AssertionError: Timed out retrying after 4000ms: Expected to find content: 'That's not a valid blog name. Try something else, that one is spoken for.' within the element: <div.oFCPF> but never did.\n    at invalidBlogNameSignUp (https://www.tumblr.com/__cypress/tests?p=cypress/integration/TumblrX/sign_up.spec.js:278:58)\n    at Context.eval (https://www.tumblr.com/__cypress/tests?p=cypress/integration/TumblrX/sign_up.spec.js:140:45)",
                "diff": null
              },
              "uuid": "9d3f5444-c800-40c2-b102-d99010d41614",
              "parentUUID": "e43ad360-4ace-42e2-aac7-f6287aa5af1b",
              "isHook": false,
              "skipped": false
            },
            {
              "title": "neg age sign up",
              "fullTitle": "Sign Up neg age sign up",
              "timedOut": null,
              "duration": 7483,
              "state": "failed",
              "speed": null,
              "pass": false,
              "fail": true,
              "pending": false,
              "context": null,
              "code": "(0, _sign_up_func.invalidAgeSignUp)(\"-1\", 'That\\'s not a valid age. Please try again.');",
              "err": {
                "message": "AssertionError: Timed out retrying after 4000ms: Expected to find element: `input[name=\"age\"]`, but never found it.",
                "estack": "AssertionError: Timed out retrying after 4000ms: Expected to find element: `input[name=\"age\"]`, but never found it.\n    at invalidAgeSignUp (https://www.tumblr.com/__cypress/tests?p=cypress/integration/TumblrX/sign_up.spec.js:303:8)\n    at Context.eval (https://www.tumblr.com/__cypress/tests?p=cypress/integration/TumblrX/sign_up.spec.js:145:40)",
                "diff": null
              },
              "uuid": "2402aa79-d26a-4bd0-8ed9-2e57e655be47",
              "parentUUID": "e43ad360-4ace-42e2-aac7-f6287aa5af1b",
              "isHook": false,
              "skipped": false
            },
            {
              "title": "empty age sign up",
              "fullTitle": "Sign Up empty age sign up",
              "timedOut": null,
              "duration": 7583,
              "state": "failed",
              "speed": null,
              "pass": false,
              "fail": true,
              "pending": false,
              "context": null,
              "code": "(0, _sign_up_func.invalidAgeSignUp)(\" \", 'You forgot to enter your age!');",
              "err": {
                "message": "AssertionError: Timed out retrying after 4000ms: Expected to find element: `input[name=\"age\"]`, but never found it.",
                "estack": "AssertionError: Timed out retrying after 4000ms: Expected to find element: `input[name=\"age\"]`, but never found it.\n    at invalidAgeSignUp (https://www.tumblr.com/__cypress/tests?p=cypress/integration/TumblrX/sign_up.spec.js:303:8)\n    at Context.eval (https://www.tumblr.com/__cypress/tests?p=cypress/integration/TumblrX/sign_up.spec.js:148:40)",
                "diff": null
              },
              "uuid": "d8339708-efcc-4caf-a130-0dbc051bd3da",
              "parentUUID": "e43ad360-4ace-42e2-aac7-f6287aa5af1b",
              "isHook": false,
              "skipped": false
            }
          ],
          "suites": [],
          "passes": [
            "8f80b648-b1de-425b-9b97-e09a1e1b1999",
            "7805a456-857f-4664-ab21-96606eff7393",
            "f207d129-165d-49a0-a263-686a518ac36d",
            "8c94a21c-c812-4bca-8143-a545f05d5308",
            "1d355ad8-ee4f-453f-9680-eb218a251f3b",
            "17ce4c4e-aa2f-4593-b4ea-ffb8bc9a47ea",
            "b21e155c-a48b-47bb-96e5-2ed3cd1804bf"
          ],
          "failures": [
            "3a430f19-2e5c-42da-9ecf-7ac7706dd7c9",
            "099b2740-3c40-4c69-a9a3-902d898d6890",
            "2370dc13-37c5-4a5f-a851-b749abd08536",
            "732ea60b-580d-4675-9262-3137edfe1fb8",
            "9d3f5444-c800-40c2-b102-d99010d41614",
            "2402aa79-d26a-4bd0-8ed9-2e57e655be47",
            "d8339708-efcc-4caf-a130-0dbc051bd3da"
          ],
          "pending": [],
          "skipped": [],
          "duration": 76091,
          "root": false,
          "rootEmpty": false,
          "_timeout": 2000
        }
      ],
      "passes": [],
      "failures": [],
      "pending": [],
      "skipped": [],
      "duration": 0,
      "root": true,
      "rootEmpty": true,
      "_timeout": 2000
    }
  ],
  "meta": {
    "mocha": {
      "version": "7.0.1"
    },
    "mochawesome": {
      "options": {
        "quiet": false,
        "reportFilename": "mochawesome",
        "saveHtml": false,
        "saveJson": true,
        "consoleReporter": "spec",
        "useInlineDiffs": false,
        "code": true
      },
      "version": "7.0.1"
    },
    "marge": {
      "options": {
        "id": "default",
        "reportDir": "cypress/reports/mocha",
        "quite": true,
        "overwrite": false,
        "html": false,
        "json": true
      },
      "version": "6.0.1"
    }
  }
}