{
  "stats": {
    "suites": 1,
    "tests": 8,
    "passes": 5,
    "pending": 0,
    "failures": 3,
    "start": "2021-11-20T14:42:50.721Z",
    "end": "2021-11-20T14:44:11.374Z",
    "duration": 80653,
    "testsRegistered": 8,
    "passPercent": 62.5,
    "pendingPercent": 0,
    "other": 0,
    "hasOther": false,
    "skipped": 0,
    "hasSkipped": false
  },
  "results": [
    {
      "uuid": "c33e32cb-b30c-4d28-9a58-43febce23b19",
      "title": "",
      "fullFile": "cypress/integration/TumblrX/settings.spec.js",
      "file": "cypress/integration/TumblrX/settings.spec.js",
      "beforeHooks": [],
      "afterHooks": [],
      "tests": [],
      "suites": [
        {
          "uuid": "7df64687-3ae4-457d-bb7e-7a022a3cc865",
          "title": "change settings",
          "fullFile": "",
          "file": "",
          "beforeHooks": [],
          "afterHooks": [],
          "tests": [
            {
              "title": "sign in",
              "fullTitle": "change settings sign in",
              "timedOut": null,
              "duration": 7327,
              "state": "passed",
              "speed": "medium",
              "pass": true,
              "fail": false,
              "pending": false,
              "context": null,
              "code": "(0, _settings_func.signIn)(SETTINGS_VARIABLES.oldPassword, SETTINGS_VARIABLES.email);",
              "err": {},
              "uuid": "0a76b283-bcf1-4912-8c60-016d0b919d03",
              "parentUUID": "7df64687-3ae4-457d-bb7e-7a022a3cc865",
              "isHook": false,
              "skipped": false
            },
            {
              "title": "get settings icon clicked",
              "fullTitle": "change settings get settings icon clicked",
              "timedOut": null,
              "duration": 5665,
              "state": "passed",
              "speed": "medium",
              "pass": true,
              "fail": false,
              "pending": false,
              "context": null,
              "code": "(0, _settings_func.settingsIconClicked)();",
              "err": {},
              "uuid": "b10f1855-849f-4da0-87e3-5639bee076f0",
              "parentUUID": "7df64687-3ae4-457d-bb7e-7a022a3cc865",
              "isHook": false,
              "skipped": false
            },
            {
              "title": "Passwords don't match",
              "fullTitle": "change settings Passwords don't match",
              "timedOut": null,
              "duration": 9440,
              "state": "passed",
              "speed": "medium",
              "pass": true,
              "fail": false,
              "pending": false,
              "context": null,
              "code": "(0, _settings_func.doesntMatchPasswords)(SETTINGS_VARIABLES.oldPassword, SETTINGS_VARIABLES.weakPassword, SETTINGS_VARIABLES.ALERT_NOMATCH_MESSAGE);",
              "err": {},
              "uuid": "dfdb92cc-e275-46dd-8908-b2df841d9b5b",
              "parentUUID": "7df64687-3ae4-457d-bb7e-7a022a3cc865",
              "isHook": false,
              "skipped": false
            },
            {
              "title": "Empty password and doesn't match",
              "fullTitle": "change settings Empty password and doesn't match",
              "timedOut": null,
              "duration": 7822,
              "state": "passed",
              "speed": "medium",
              "pass": true,
              "fail": false,
              "pending": false,
              "context": null,
              "code": "(0, _settings_func.EmptyPasswordAndNoMatch)(SETTINGS_VARIABLES.oldPassword, SETTINGS_VARIABLES.newPassword, SETTINGS_VARIABLES.ALERT_NOMATCH_MESSAGE, SETTINGS_VARIABLES.ALERT_EMPTY_MESSAGE);",
              "err": {},
              "uuid": "28b60047-d3bb-4bbd-9860-7e1971ef9c56",
              "parentUUID": "7df64687-3ae4-457d-bb7e-7a022a3cc865",
              "isHook": false,
              "skipped": false
            },
            {
              "title": "same password",
              "fullTitle": "change settings same password",
              "timedOut": null,
              "duration": 13869,
              "state": "failed",
              "speed": null,
              "pass": false,
              "fail": true,
              "pending": false,
              "context": null,
              "code": "(0, _settings_func.samePassword)(SETTINGS_VARIABLES.oldPassword, SETTINGS_VARIABLES.oldPassword, SETTINGS_VARIABLES.ALERT_SAMEPASSWORD_MESSAGE);",
              "err": {
                "message": "AssertionError: Timed out retrying after 4000ms: Expected to find element: `#root > #base-container > .D5eCV > .gPQR5 > .lSyOz > main:nth-child(1) > div:nth-child(1) > div:nth-child(1) > section:nth-child(4) > div:nth-child(2) > div:nth-child(1) > .QseG4 > form > div:nth-child(2) > .LPUrm`, but never found it.",
                "estack": "AssertionError: Timed out retrying after 4000ms: Expected to find element: `#root > #base-container > .D5eCV > .gPQR5 > .lSyOz > main:nth-child(1) > div:nth-child(1) > div:nth-child(1) > section:nth-child(4) > div:nth-child(2) > div:nth-child(1) > .QseG4 > form > div:nth-child(2) > .LPUrm`, but never found it.\n    at samePassword (https://www.tumblr.com/__cypress/tests?p=cypress/integration/TumblrX/settings.spec.js:257:6)\n    at Context.eval (https://www.tumblr.com/__cypress/tests?p=cypress/integration/TumblrX/settings.spec.js:125:37)",
                "diff": null
              },
              "uuid": "f4e4d107-67eb-43ba-8865-c5b63e5b6b21",
              "parentUUID": "7df64687-3ae4-457d-bb7e-7a022a3cc865",
              "isHook": false,
              "skipped": false
            },
            {
              "title": "Easy to guess passwords",
              "fullTitle": "change settings Easy to guess passwords",
              "timedOut": null,
              "duration": 13808,
              "state": "failed",
              "speed": null,
              "pass": false,
              "fail": true,
              "pending": false,
              "context": null,
              "code": "(0, _settings_func.easyGuessed)(SETTINGS_VARIABLES.oldPassword, SETTINGS_VARIABLES.easyPassword, SETTINGS_VARIABLES.ALERT_EASYGUESS_MESSAGE);",
              "err": {
                "message": "AssertionError: Timed out retrying after 4000ms: Expected to find element: `#root > #base-container > .D5eCV > .gPQR5 > .lSyOz > main:nth-child(1) > div:nth-child(1) > div:nth-child(1) > section:nth-child(4) > div:nth-child(2) > div:nth-child(1) > .QseG4 > form > div:nth-child(2) > .LPUrm`, but never found it.",
                "estack": "AssertionError: Timed out retrying after 4000ms: Expected to find element: `#root > #base-container > .D5eCV > .gPQR5 > .lSyOz > main:nth-child(1) > div:nth-child(1) > div:nth-child(1) > section:nth-child(4) > div:nth-child(2) > div:nth-child(1) > .QseG4 > form > div:nth-child(2) > .LPUrm`, but never found it.\n    at easyGuessed (https://www.tumblr.com/__cypress/tests?p=cypress/integration/TumblrX/settings.spec.js:278:6)\n    at Context.eval (https://www.tumblr.com/__cypress/tests?p=cypress/integration/TumblrX/settings.spec.js:129:36)",
                "diff": null
              },
              "uuid": "58206a3a-54b9-4363-bc9f-300556f6a332",
              "parentUUID": "7df64687-3ae4-457d-bb7e-7a022a3cc865",
              "isHook": false,
              "skipped": false
            },
            {
              "title": "Weak password",
              "fullTitle": "change settings Weak password",
              "timedOut": null,
              "duration": 13638,
              "state": "failed",
              "speed": null,
              "pass": false,
              "fail": true,
              "pending": false,
              "context": null,
              "code": "(0, _settings_func.weakPassword)(SETTINGS_VARIABLES.oldPassword, SETTINGS_VARIABLES.weakPassword, SETTINGS_VARIABLES.ALERT_WEAK_MESSAGE);",
              "err": {
                "message": "AssertionError: Timed out retrying after 4000ms: Expected to find element: `#root > #base-container > .D5eCV > .gPQR5 > .lSyOz > main:nth-child(1) > div:nth-child(1) > div:nth-child(1) > section:nth-child(4) > div:nth-child(2) > div:nth-child(1) > .QseG4 > form > div:nth-child(2) > .LPUrm`, but never found it.",
                "estack": "AssertionError: Timed out retrying after 4000ms: Expected to find element: `#root > #base-container > .D5eCV > .gPQR5 > .lSyOz > main:nth-child(1) > div:nth-child(1) > div:nth-child(1) > section:nth-child(4) > div:nth-child(2) > div:nth-child(1) > .QseG4 > form > div:nth-child(2) > .LPUrm`, but never found it.\n    at weakPassword (https://www.tumblr.com/__cypress/tests?p=cypress/integration/TumblrX/settings.spec.js:299:6)\n    at Context.eval (https://www.tumblr.com/__cypress/tests?p=cypress/integration/TumblrX/settings.spec.js:133:37)",
                "diff": null
              },
              "uuid": "11a5b99d-4304-4feb-90bc-86dcd2da7e26",
              "parentUUID": "7df64687-3ae4-457d-bb7e-7a022a3cc865",
              "isHook": false,
              "skipped": false
            },
            {
              "title": "successful change password",
              "fullTitle": "change settings successful change password",
              "timedOut": null,
              "duration": 7865,
              "state": "passed",
              "speed": "medium",
              "pass": true,
              "fail": false,
              "pending": false,
              "context": null,
              "code": "(0, _settings_func.successfulChange)(SETTINGS_VARIABLES.oldPassword, SETTINGS_VARIABLES.newPassword);",
              "err": {},
              "uuid": "6e785dde-9e2e-4317-a7b3-ea0863e4f055",
              "parentUUID": "7df64687-3ae4-457d-bb7e-7a022a3cc865",
              "isHook": false,
              "skipped": false
            }
          ],
          "suites": [],
          "passes": [
            "0a76b283-bcf1-4912-8c60-016d0b919d03",
            "b10f1855-849f-4da0-87e3-5639bee076f0",
            "dfdb92cc-e275-46dd-8908-b2df841d9b5b",
            "28b60047-d3bb-4bbd-9860-7e1971ef9c56",
            "6e785dde-9e2e-4317-a7b3-ea0863e4f055"
          ],
          "failures": [
            "f4e4d107-67eb-43ba-8865-c5b63e5b6b21",
            "58206a3a-54b9-4363-bc9f-300556f6a332",
            "11a5b99d-4304-4feb-90bc-86dcd2da7e26"
          ],
          "pending": [],
          "skipped": [],
          "duration": 79434,
          "root": false,
          "rootEmpty": false,
          "_timeout": 2000
        }
      ],
      "passes": [],
      "failures": [],
      "pending": [],
      "skipped": [],
      "duration": 0,
      "root": true,
      "rootEmpty": true,
      "_timeout": 2000
    }
  ],
  "meta": {
    "mocha": {
      "version": "7.0.1"
    },
    "mochawesome": {
      "options": {
        "quiet": false,
        "reportFilename": "mochawesome",
        "saveHtml": false,
        "saveJson": true,
        "consoleReporter": "spec",
        "useInlineDiffs": false,
        "code": true
      },
      "version": "7.0.1"
    },
    "marge": {
      "options": {
        "id": "default",
        "reportDir": "cypress/reports/mocha",
        "quite": true,
        "overwrite": false,
        "html": false,
        "json": true
      },
      "version": "6.0.1"
    }
  }
}